

================================================================
== Vivado HLS Report for 'Conv_2'
================================================================
* Date:           Wed Jun 12 19:04:09 2019

* Version:        2018.2 (Build 2258646 on Thu Jun 14 20:25:20 MDT 2018)
* Project:        ULTRA_HLS
* Solution:       solution1
* Product family: zynq
* Target device:  xc7z020clg400-1


================================================================
== Performance Estimates
================================================================
+ Timing (ns): 
    * Summary: 
    +--------+-------+----------+------------+
    |  Clock | Target| Estimated| Uncertainty|
    +--------+-------+----------+------------+
    |ap_clk  |   5.00|     5.417|        0.63|
    +--------+-------+----------+------------+

+ Latency (clock cycles): 
    * Summary: 
    +-----+---------+-----+---------+---------+
    |    Latency    |    Interval   | Pipeline|
    | min |   max   | min |   max   |   Type  |
    +-----+---------+-----+---------+---------+
    |  433|  1276232|  433|  1276232|   none  |
    +-----+---------+-----+---------+---------+

    + Detail: 
        * Instance: 
        N/A

        * Loop: 
        +-------------+-------+---------+----------+-----------+-----------+-------------+----------+
        |             |     Latency     | Iteration|  Initiation Interval  |     Trip    |          |
        |  Loop Name  |  min  |   max   |  Latency |  achieved |   target  |    Count    | Pipelined|
        +-------------+-------+---------+----------+-----------+-----------+-------------+----------+
        |- Loop 1     |   4612|     4612|         6|          1|          1|         4608|    yes   |
        |- Loop 2     |     17|       17|         3|          1|          1|           16|    yes   |
        |- Loop 3     |  10049|  1276223|     10049|          -|          -|   1 ~ 127   |    no    |
        | + Loop 3.1  |    802|      802|         4|          1|          1|          800|    yes   |
        | + Loop 3.2  |   9242|     9242|        29|          2|          1|         4608|    yes   |
        |- Loop 4     |    416|    18560|         2|          1|          1| 416 ~ 18560 |    yes   |
        +-------------+-------+---------+----------+-----------+-----------+-------------+----------+



================================================================
== Utilization Estimates
================================================================
* Summary: 
+-----------------+---------+-------+--------+-------+
|       Name      | BRAM_18K| DSP48E|   FF   |  LUT  |
+-----------------+---------+-------+--------+-------+
|DSP              |        -|     12|       -|      -|
|Expression       |        -|      -|       0|   1687|
|FIFO             |        -|      -|       -|      -|
|Instance         |        -|      8|     491|     41|
|Memory           |       11|      -|      12|      3|
|Multiplexer      |        -|      -|       -|   1111|
|Register         |        0|      -|    2939|    288|
+-----------------+---------+-------+--------+-------+
|Total            |       11|     20|    3442|   3130|
+-----------------+---------+-------+--------+-------+
|Available        |      280|    220|  106400|  53200|
+-----------------+---------+-------+--------+-------+
|Utilization (%)  |        3|      9|       3|      5|
+-----------------+---------+-------+--------+-------+

+ Detail: 
    * Instance: 
    +---------------------------+----------------------+---------+-------+-----+----+
    |          Instance         |        Module        | BRAM_18K| DSP48E|  FF | LUT|
    +---------------------------+----------------------+---------+-------+-----+----+
    |ultra_mul_32s_32sbkb_U115  |ultra_mul_32s_32sbkb  |        0|      4|  215|   1|
    |ultra_mul_35ns_33dEe_U116  |ultra_mul_35ns_33dEe  |        0|      4|  276|  40|
    +---------------------------+----------------------+---------+-------+-----+----+
    |Total                      |                      |        0|      8|  491|  41|
    +---------------------------+----------------------+---------+-------+-----+----+

    * DSP48: 
    +---------------------------+----------------------+--------------+
    |          Instance         |        Module        |  Expression  |
    +---------------------------+----------------------+--------------+
    |ultra_mac_muladd_fYi_U127  |ultra_mac_muladd_fYi  | i0 + i1 * i2 |
    |ultra_mul_mul_12seOg_U119  |ultra_mul_mul_12seOg  |    i0 * i1   |
    |ultra_mul_mul_12seOg_U120  |ultra_mul_mul_12seOg  |    i0 * i1   |
    |ultra_mul_mul_12seOg_U121  |ultra_mul_mul_12seOg  |    i0 * i1   |
    |ultra_mul_mul_12seOg_U122  |ultra_mul_mul_12seOg  |    i0 * i1   |
    |ultra_mul_mul_12seOg_U123  |ultra_mul_mul_12seOg  |    i0 * i1   |
    |ultra_mul_mul_12seOg_U124  |ultra_mul_mul_12seOg  |    i0 * i1   |
    |ultra_mul_mul_12seOg_U125  |ultra_mul_mul_12seOg  |    i0 * i1   |
    |ultra_mul_mul_12seOg_U126  |ultra_mul_mul_12seOg  |    i0 * i1   |
    |ultra_mul_mul_12sg8j_U128  |ultra_mul_mul_12sg8j  |    i0 * i1   |
    |ultra_mul_mul_16scud_U117  |ultra_mul_mul_16scud  |    i0 * i0   |
    |ultra_mul_mul_16scud_U118  |ultra_mul_mul_16scud  |    i0 * i1   |
    +---------------------------+----------------------+--------------+

    * Memory: 
    +------------+-----------------+---------+----+----+------+-----+------+-------------+
    |   Memory   |      Module     | BRAM_18K| FF | LUT| Words| Bits| Banks| W*Bits*Banks|
    +------------+-----------------+---------+----+----+------+-----+------+-------------+
    |A_V_1_2_U   |Conv_2_A_V_1_2   |        1|   0|   0|   160|   12|     1|         1920|
    |A_V_1_3_U   |Conv_2_A_V_1_2   |        1|   0|   0|   160|   12|     1|         1920|
    |A_V_1_4_U   |Conv_2_A_V_1_2   |        1|   0|   0|   160|   12|     1|         1920|
    |A_V_1_1_U   |Conv_2_A_V_1_2   |        1|   0|   0|   160|   12|     1|         1920|
    |A_V_1_0_U   |Conv_2_A_V_1_2   |        1|   0|   0|   160|   12|     1|         1920|
    |B_V_1_0_U   |Conv_2_B_V_1_0   |        2|   0|   0|  1536|   12|     1|        18432|
    |B_V_1_1_U   |Conv_2_B_V_1_0   |        2|   0|   0|  1536|   12|     1|        18432|
    |B_V_1_2_U   |Conv_2_B_V_1_0   |        2|   0|   0|  1536|   12|     1|        18432|
    |bias_V_9_U  |Conv_S_bias_V_6  |        0|  12|   3|    16|   12|     1|          192|
    +------------+-----------------+---------+----+----+------+-----+------+-------------+
    |Total       |                 |       11|  12|   3|  5424|  108|     9|        65088|
    +------------+-----------------+---------+----+----+------+-----+------+-------------+

    * FIFO: 
    N/A

    * Expression: 
    +------------------------------------+----------+-------+---+----+------------+------------+
    |            Variable Name           | Operation| DSP48E| FF| LUT| Bitwidth P0| Bitwidth P1|
    +------------------------------------+----------+-------+---+----+------------+------------+
    |KER_bound_fu_1042_p2                |     +    |      0|  0|  39|          32|          32|
    |buf_V_7_2_2_fu_1726_p2              |     +    |      0|  0|  39|          32|          32|
    |i_21_fu_2157_p2                     |     +    |      0|  0|  15|           5|           1|
    |i_22_fu_2080_p2                     |     +    |      0|  0|  15|           5|           1|
    |i_23_fu_1346_p2                     |     +    |      0|  0|  15|           1|           5|
    |i_3_fu_1172_p2                      |     +    |      0|  0|  15|           6|           1|
    |i_fu_1055_p2                        |     +    |      0|  0|  38|          31|           1|
    |ia_2_fu_1225_p2                     |     +    |      0|  0|  12|           3|           1|
    |ia_3_mid1_fu_1401_p2                |     +    |      0|  0|  12|           2|           3|
    |ib_2_fu_1323_p2                     |     +    |      0|  0|  12|           1|           3|
    |indvar_flatten13_op_fu_1915_p2      |     +    |      0|  0|  12|          12|           1|
    |indvar_flatten44_op_fu_1094_p2      |     +    |      0|  0|  15|           9|           1|
    |indvar_flatten63_op_fu_1305_p2      |     +    |      0|  0|  13|          11|           1|
    |indvar_flatten78_op_fu_1311_p2      |     +    |      0|  0|  12|          12|           1|
    |indvar_flatten_next1_6_fu_1903_p2   |     +    |      0|  0|  17|          13|           1|
    |indvar_flatten_next1_8_fu_1082_p2   |     +    |      0|  0|  14|          10|           1|
    |indvar_flatten_next2_1_fu_1237_p2   |     +    |      0|  0|  17|          13|           1|
    |indvar_flatten_op_fu_1995_p2        |     +    |      0|  0|  13|          11|           1|
    |j_11_fu_2048_p2                     |     +    |      0|  0|  15|           1|           6|
    |j_1_fu_1108_p2                      |     +    |      0|  0|  12|           1|           3|
    |j_2_fu_1369_p2                      |     +    |      0|  0|  15|           6|           1|
    |k_5_fu_1145_p2                      |     +    |      0|  0|  12|           1|           3|
    |ka_4_fu_2001_p2                     |     +    |      0|  0|  12|           2|           3|
    |kb_3_fu_1964_p2                     |     +    |      0|  0|  12|           2|           3|
    |num_img_7_fu_1070_p2                |     +    |      0|  0|  21|          15|           1|
    |r_V_fu_1734_p2                      |     +    |      0|  0|  39|          32|          32|
    |tmp1_fu_1671_p2                     |     +    |      0|  0|  33|          26|          26|
    |tmp2_fu_1644_p2                     |     +    |      0|  0|  32|          25|          25|
    |tmp3_fu_1650_p2                     |     +    |      0|  0|  32|          25|          25|
    |tmp4_fu_1694_p2                     |     +    |      0|  0|  33|          26|          26|
    |tmp5_fu_1677_p2                     |     +    |      0|  0|  32|          25|          25|
    |tmp6_fu_1683_p2                     |     +    |      0|  0|  32|          25|          25|
    |tmp_166_fu_1219_p2                  |     +    |      0|  0|  12|           3|           2|
    |tmp_173_fu_2106_p2                  |     +    |      0|  0|  13|          11|          11|
    |tmp_180_fu_2135_p2                  |     +    |      0|  0|  12|          12|          12|
    |tmp_187_fu_1717_p2                  |     +    |      0|  0|  34|          27|          27|
    |tmp_190_fu_1195_p2                  |     +    |      0|  0|  12|           9|           9|
    |tmp_191_fu_1201_p2                  |     +    |      0|  0|  12|           9|           9|
    |tmp_199_fu_1451_p2                  |     +    |      0|  0|  15|           9|           9|
    |tmp_200_fu_1457_p2                  |     +    |      0|  0|  15|           9|           9|
    |tmp_201_fu_1463_p2                  |     +    |      0|  0|  15|           9|           9|
    |tmp_202_fu_1469_p2                  |     +    |      0|  0|  15|           9|           9|
    |tmp_203_fu_1475_p2                  |     +    |      0|  0|  71|          64|          64|
    |tmp_207_fu_1525_p2                  |     +    |      0|  0|  12|           1|          12|
    |tmp_208_fu_1531_p2                  |     +    |      0|  0|  12|           2|          12|
    |neg_mul_fu_1836_p2                  |     -    |      0|  0|  74|           1|          67|
    |neg_ti_fu_1864_p2                   |     -    |      0|  0|  40|           1|          33|
    |p_neg_fu_1757_p2                    |     -    |      0|  0|  39|           1|          32|
    |p_neg_t_fu_1779_p2                  |     -    |      0|  0|  29|           1|          22|
    |tmp_175_fu_2129_p2                  |     -    |      0|  0|  12|          12|          12|
    |tmp_206_fu_1520_p2                  |     -    |      0|  0|  12|          12|          12|
    |ap_block_pp0_stage0_01001           |    and   |      0|  0|   2|           1|           1|
    |ap_block_pp1_stage0_11001           |    and   |      0|  0|   2|           1|           1|
    |ap_block_pp2_stage0_01001           |    and   |      0|  0|   2|           1|           1|
    |ap_block_pp3_stage0_01001           |    and   |      0|  0|   2|           1|           1|
    |ap_block_pp4_stage0_01001           |    and   |      0|  0|   2|           1|           1|
    |ap_block_state23_pp1_stage0_iter2   |    and   |      0|  0|   2|           1|           1|
    |ap_block_state54_pp2_stage0_iter14  |    and   |      0|  0|   2|           1|           1|
    |ap_condition_456                    |    and   |      0|  0|   2|           1|           1|
    |ap_condition_472                    |    and   |      0|  0|   2|           1|           1|
    |exitcond10_mid1_fu_1299_p2          |    and   |      0|  0|   2|           1|           1|
    |exitcond10_mid_fu_1269_p2           |    and   |      0|  0|   2|           1|           1|
    |exitcond6_mid1_fu_2042_p2           |    and   |      0|  0|   2|           1|           1|
    |exitcond6_mid_fu_2020_p2            |    and   |      0|  0|   2|           1|           1|
    |exitcond8_mid_fu_1139_p2            |    and   |      0|  0|   2|           1|           1|
    |exitcond_flatten65_m_fu_1281_p2     |    and   |      0|  0|   2|           1|           1|
    |exitcond_flatten_mid_fu_1958_p2     |    and   |      0|  0|   2|           1|           1|
    |exitcond12_fu_2014_p2               |   icmp   |      0|  0|  11|           5|           6|
    |exitcond13_fu_1133_p2               |   icmp   |      0|  0|  11|           6|           7|
    |exitcond14_fu_1263_p2               |   icmp   |      0|  0|  11|           6|           7|
    |exitcond_flatten14_fu_1909_p2       |   icmp   |      0|  0|  13|          12|          11|
    |exitcond_flatten15_fu_1952_p2       |   icmp   |      0|  0|  13|          11|          10|
    |exitcond_flatten16_fu_1076_p2       |   icmp   |      0|  0|  13|          10|           9|
    |exitcond_flatten17_fu_1088_p2       |   icmp   |      0|  0|  13|           9|           8|
    |exitcond_flatten18_fu_1231_p2       |   icmp   |      0|  0|  13|          13|          13|
    |exitcond_flatten19_fu_1243_p2       |   icmp   |      0|  0|  13|          12|          11|
    |exitcond_flatten20_fu_1275_p2       |   icmp   |      0|  0|  13|          11|          10|
    |exitcond_flatten_fu_1897_p2         |   icmp   |      0|  0|  13|          13|          13|
    |exitcond_fu_2151_p2                 |   icmp   |      0|  0|  11|           5|           6|
    |ifzero_fu_1537_p2                   |   icmp   |      0|  0|  11|           6|           7|
    |tmp_153_fu_1014_p2                  |   icmp   |      0|  0|  13|          16|           1|
    |tmp_157_fu_1065_p2                  |   icmp   |      0|  0|  13|          16|          16|
    |tmp_158_fu_1050_p2                  |   icmp   |      0|  0|  18|          32|          32|
    |tmp_s_fu_1009_p2                    |   icmp   |      0|  0|  13|          16|           3|
    |ap_block_state1                     |    or    |      0|  0|   2|           1|           1|
    |ap_block_state18_pp0_stage0_iter1   |    or    |      0|  0|   2|           1|           1|
    |ap_block_state2                     |    or    |      0|  0|   2|           1|           1|
    |ap_block_state60_pp3_stage0_iter4   |    or    |      0|  0|   2|           1|           1|
    |ap_block_state64_pp4_stage0_iter1   |    or    |      0|  0|   2|           1|           1|
    |not_exitcond_flatten_4_fu_1293_p2   |    or    |      0|  0|   2|           1|           1|
    |not_exitcond_flatten_5_fu_2037_p2   |    or    |      0|  0|   2|           1|           1|
    |tmp_163_fu_1970_p2                  |    or    |      0|  0|   2|           1|           1|
    |tmp_164_fu_2054_p2                  |    or    |      0|  0|   2|           1|           1|
    |tmp_172_fu_2059_p2                  |    or    |      0|  0|   2|           1|           1|
    |tmp_188_fu_1151_p2                  |    or    |      0|  0|   2|           1|           1|
    |tmp_193_fu_1328_p2                  |    or    |      0|  0|   2|           1|           1|
    |tmp_194_fu_1352_p2                  |    or    |      0|  0|   2|           1|           1|
    |tmp_195_fu_1356_p2                  |    or    |      0|  0|   2|           1|           1|
    |Outbuf_V_fu_1889_p3                 |  select  |      0|  0|  16|           1|           1|
    |i28_mid2_fu_2064_p3                 |  select  |      0|  0|   5|           1|           1|
    |i3_mid2_fu_1156_p3                  |  select  |      0|  0|   6|           1|           1|
    |i4_mid_fu_1332_p3                   |  select  |      0|  0|   5|           1|           1|
    |ib_mid2_fu_1340_p3                  |  select  |      0|  0|   3|           1|           3|
    |ib_mid_fu_1249_p3                   |  select  |      0|  0|   3|           1|           1|
    |indvar_flatten_next1_7_fu_1100_p3   |  select  |      0|  0|   9|           1|           1|
    |indvar_flatten_next1_9_fu_1375_p3   |  select  |      0|  0|  11|           1|           1|
    |indvar_flatten_next1_fu_1921_p3     |  select  |      0|  0|  12|           1|           1|
    |indvar_flatten_next2_fu_1382_p3     |  select  |      0|  0|  12|           1|           1|
    |indvar_flatten_next_fu_2086_p3      |  select  |      0|  0|  11|           1|           1|
    |j5_mid2_fu_1361_p3                  |  select  |      0|  0|   6|           1|           1|
    |j_mid_fu_2025_p3                    |  select  |      0|  0|   6|           1|           1|
    |k_mid2_fu_1164_p3                   |  select  |      0|  0|   3|           1|           3|
    |k_mid_fu_1114_p3                    |  select  |      0|  0|   3|           1|           1|
    |kb_mid2_fu_1987_p3                  |  select  |      0|  0|   3|           1|           3|
    |kb_mid_fu_1929_p3                   |  select  |      0|  0|   3|           1|           2|
    |kb_t_mid2_fu_1979_p3                |  select  |      0|  0|   2|           1|           2|
    |kb_t_mid_fu_1940_p3                 |  select  |      0|  0|   3|           1|           3|
    |p_7_mid2_fu_1700_p3                 |  select  |      0|  0|  32|           1|           1|
    |tmp_156_mid2_v_v_fu_2007_p3         |  select  |      0|  0|   3|           1|           3|
    |tmp_164_mid2_v_fu_1121_p3           |  select  |      0|  0|   3|           1|           3|
    |tmp_165_mid2_fu_2072_p3             |  select  |      0|  0|   6|           1|           6|
    |tmp_167_mid2_fu_1388_p3             |  select  |      0|  0|   3|           1|           3|
    |tmp_174_mid2_fu_1417_p3             |  select  |      0|  0|   5|           1|           5|
    |tmp_176_fu_1792_p3                  |  select  |      0|  0|  22|           1|          22|
    |tmp_177_fu_1870_p3                  |  select  |      0|  0|  33|           1|          33|
    |tmp_215_fu_1857_p3                  |  select  |      0|  0|  33|           1|          33|
    |tmp_230_1_mid2_fu_1317_p3           |  select  |      0|  0|   3|           1|           3|
    |tmp_230_2_mid2_fu_1407_p3           |  select  |      0|  0|   3|           1|           3|
    |ap_enable_pp0                       |    xor   |      0|  0|   2|           1|           2|
    |ap_enable_pp1                       |    xor   |      0|  0|   2|           1|           2|
    |ap_enable_pp2                       |    xor   |      0|  0|   2|           1|           2|
    |ap_enable_pp3                       |    xor   |      0|  0|   2|           1|           2|
    |ap_enable_pp4                       |    xor   |      0|  0|   2|           1|           2|
    |ap_enable_reg_pp0_iter1             |    xor   |      0|  0|   2|           2|           1|
    |ap_enable_reg_pp1_iter1             |    xor   |      0|  0|   2|           2|           1|
    |ap_enable_reg_pp2_iter1             |    xor   |      0|  0|   2|           2|           1|
    |ap_enable_reg_pp3_iter1             |    xor   |      0|  0|   2|           2|           1|
    |ap_enable_reg_pp4_iter1             |    xor   |      0|  0|   2|           2|           1|
    |exitcond_flatten65_n_fu_1287_p2     |    xor   |      0|  0|   2|           1|           2|
    |exitcond_flatten_not_fu_2032_p2     |    xor   |      0|  0|   2|           1|           2|
    |not_exitcond_flatten_2_fu_1128_p2   |    xor   |      0|  0|   2|           1|           2|
    |not_exitcond_flatten_3_fu_1257_p2   |    xor   |      0|  0|   2|           1|           2|
    |not_exitcond_flatten_fu_1947_p2     |    xor   |      0|  0|   2|           1|           2|
    +------------------------------------+----------+-------+---+----+------------+------------+
    |Total                               |          |      0|  0|1687|         902|        1033|
    +------------------------------------+----------+-------+---+----+------------+------------+

    * Multiplexer: 
    +-------------------------------------------------+-----+-----------+-----+-----------+
    |                       Name                      | LUT | Input Size| Bits| Total Bits|
    +-------------------------------------------------+-----+-----------+-----+-----------+
    |A_V_1_0_address0                                 |   15|          3|    8|         24|
    |A_V_1_0_address1                                 |   15|          3|    8|         24|
    |A_V_1_1_address0                                 |   21|          4|    8|         32|
    |A_V_1_1_address1                                 |   21|          4|    8|         32|
    |A_V_1_2_address0                                 |   21|          4|    8|         32|
    |A_V_1_2_address1                                 |   21|          4|    8|         32|
    |A_V_1_3_address0                                 |   21|          4|    8|         32|
    |A_V_1_3_address1                                 |   21|          4|    8|         32|
    |A_V_1_4_address0                                 |   15|          3|    8|         24|
    |A_V_1_4_address1                                 |   15|          3|    8|         24|
    |B_V_1_0_address0                                 |   15|          3|   11|         33|
    |B_V_1_0_address1                                 |   15|          3|   11|         33|
    |B_V_1_1_address0                                 |   15|          3|   11|         33|
    |B_V_1_1_address1                                 |   15|          3|   11|         33|
    |B_V_1_2_address0                                 |   15|          3|   11|         33|
    |B_V_1_2_address1                                 |   15|          3|   11|         33|
    |ap_NS_fsm                                        |  133|         29|    1|         29|
    |ap_done                                          |    9|          2|    1|          2|
    |ap_enable_reg_pp0_iter1                          |   15|          3|    1|          3|
    |ap_enable_reg_pp1_iter1                          |    9|          2|    1|          2|
    |ap_enable_reg_pp1_iter3                          |    9|          2|    1|          2|
    |ap_enable_reg_pp2_iter1                          |    9|          2|    1|          2|
    |ap_enable_reg_pp2_iter14                         |    9|          2|    1|          2|
    |ap_enable_reg_pp3_iter1                          |    9|          2|    1|          2|
    |ap_enable_reg_pp3_iter5                          |    9|          2|    1|          2|
    |ap_enable_reg_pp4_iter1                          |    9|          2|    1|          2|
    |ap_enable_reg_pp4_iter2                          |    9|          2|    1|          2|
    |ap_phi_mux_i1_phi_fu_932_p4                      |    9|          2|    5|         10|
    |ap_phi_mux_i20_phi_fu_920_p4                     |    9|          2|    5|         10|
    |ap_phi_mux_i3_phi_fu_646_p4                      |    9|          2|    6|         12|
    |ap_phi_mux_i4_phi_fu_714_p4                      |    9|          2|    5|         10|
    |ap_phi_mux_ia_phi_fu_669_p4                      |    9|          2|    3|          6|
    |ap_phi_mux_ib_phi_fu_692_p4                      |    9|          2|    3|          6|
    |ap_phi_mux_indvar_flatten11_phi_fu_658_p4        |    9|          2|   13|         26|
    |ap_phi_mux_indvar_flatten12_phi_fu_681_p4        |    9|          2|   12|         24|
    |ap_phi_mux_indvar_flatten13_phi_fu_703_p4        |    9|          2|   11|         22|
    |ap_phi_mux_indvar_flatten_phi_fu_896_p4          |    9|          2|   11|         22|
    |ap_phi_mux_j2_phi_fu_611_p4                      |    9|          2|    3|          6|
    |ap_phi_mux_j5_phi_fu_738_p4                      |    9|          2|    6|         12|
    |ap_phi_mux_j_phi_fu_908_p4                       |    9|          2|    6|         12|
    |ap_phi_mux_k_phi_fu_634_p4                       |    9|          2|    3|          6|
    |ap_phi_mux_ka_phi_fu_861_p4                      |    9|          2|    3|          6|
    |ap_phi_mux_kb_phi_fu_884_p4                      |    9|          2|    3|          6|
    |ap_phi_mux_p_7_phi_fu_726_p4                     |    9|          2|   32|         64|
    |ap_phi_reg_pp2_iter3_A_V_1_load_0_0_phi_reg_746  |   21|          4|   12|         48|
    |ap_phi_reg_pp2_iter3_A_V_1_load_0_1_phi_reg_757  |   21|          4|   12|         48|
    |ap_phi_reg_pp2_iter3_A_V_1_load_0_2_phi_reg_768  |   21|          4|   12|         48|
    |ap_phi_reg_pp2_iter3_A_V_1_load_1_0_phi_reg_779  |   21|          4|   12|         48|
    |ap_phi_reg_pp2_iter3_A_V_1_load_1_1_phi_reg_813  |   21|          4|   12|         48|
    |ap_phi_reg_pp2_iter3_A_V_1_load_1_2_phi_reg_790  |   21|          4|   12|         48|
    |ap_phi_reg_pp2_iter3_A_V_1_load_2_0_phi_reg_824  |   21|          4|   12|         48|
    |ap_phi_reg_pp2_iter3_A_V_1_load_2_1_phi_reg_802  |   21|          4|   12|         48|
    |ap_phi_reg_pp2_iter3_A_V_1_load_2_2_phi_reg_835  |   21|          4|   12|         48|
    |bias_V_9_address0                                |   15|          3|    4|         12|
    |i1_reg_928                                       |    9|          2|    5|         10|
    |i20_reg_916                                      |    9|          2|    5|         10|
    |i3_reg_642                                       |    9|          2|    6|         12|
    |i4_reg_710                                       |    9|          2|    5|         10|
    |i8_reg_574                                       |    9|          2|   31|         62|
    |ia_reg_665                                       |    9|          2|    3|          6|
    |ib_reg_688                                       |    9|          2|    3|          6|
    |indvar_flatten10_reg_619                         |    9|          2|    9|         18|
    |indvar_flatten11_reg_654                         |    9|          2|   13|         26|
    |indvar_flatten12_reg_677                         |    9|          2|   12|         24|
    |indvar_flatten13_reg_699                         |    9|          2|   11|         22|
    |indvar_flatten7_reg_846                          |    9|          2|   13|         26|
    |indvar_flatten8_reg_869                          |    9|          2|   12|         24|
    |indvar_flatten9_reg_596                          |    9|          2|   10|         20|
    |indvar_flatten_reg_892                           |    9|          2|   11|         22|
    |j2_reg_607                                       |    9|          2|    3|          6|
    |j5_reg_734                                       |    9|          2|    6|         12|
    |j_reg_904                                        |    9|          2|    6|         12|
    |k_reg_630                                        |    9|          2|    3|          6|
    |ka_reg_857                                       |    9|          2|    3|          6|
    |kb_reg_880                                       |    9|          2|    3|          6|
    |num_img_reg_585                                  |    9|          2|   15|         30|
    |p_7_reg_722                                      |    9|          2|   32|         64|
    |real_start                                       |    9|          2|    1|          2|
    |stream_in_V_V_blk_n                              |    9|          2|    1|          2|
    |stream_out_V_V_blk_n                             |    9|          2|    1|          2|
    |stream_out_V_V_din                               |   15|          3|   16|         48|
    +-------------------------------------------------+-----+-----------+-----+-----------+
    |Total                                            | 1111|        232|  638|       1734|
    +-------------------------------------------------+-----+-----------+-----+-----------+

    * Register: 
    +-------------------------------------------------+----+----+-----+-----------+
    |                       Name                      | FF | LUT| Bits| Const Bits|
    +-------------------------------------------------+----+----+-----+-----------+
    |A_V_1_0_addr_3_reg_2543                          |   8|   0|    8|          0|
    |A_V_1_0_load_1_reg_2688                          |  12|   0|   12|          0|
    |A_V_1_0_load_2_reg_2708                          |  12|   0|   12|          0|
    |A_V_1_0_load_reg_2678                            |  12|   0|   12|          0|
    |A_V_1_1_addr_2_reg_2553                          |   8|   0|    8|          0|
    |A_V_1_1_addr_3_reg_2559                          |   8|   0|    8|          0|
    |A_V_1_2_addr_2_reg_2570                          |   8|   0|    8|          0|
    |A_V_1_2_addr_3_reg_2576                          |   8|   0|    8|          0|
    |A_V_1_3_addr_2_reg_2587                          |   8|   0|    8|          0|
    |A_V_1_3_addr_3_reg_2593                          |   8|   0|    8|          0|
    |A_V_1_4_addr_3_reg_2609                          |   8|   0|    8|          0|
    |A_V_1_4_load_1_reg_2693                          |  12|   0|   12|          0|
    |A_V_1_4_load_2_reg_2718                          |  12|   0|   12|          0|
    |A_V_1_4_load_reg_2683                            |  12|   0|   12|          0|
    |A_V_1_load_1_2_phi_reg_790                       |  12|   0|   12|          0|
    |B_V_1_0_addr_3_reg_2643                          |  11|   0|   11|          0|
    |B_V_1_0_load_1_reg_2698                          |  12|   0|   12|          0|
    |B_V_1_1_addr_2_reg_2653                          |  11|   0|   11|          0|
    |B_V_1_1_load_2_reg_2713                          |  12|   0|   12|          0|
    |B_V_1_2_addr_3_reg_2673                          |  11|   0|   11|          0|
    |B_V_1_2_load_1_reg_2703                          |  12|   0|   12|          0|
    |KER_bound_reg_2313                               |  32|   0|   32|          0|
    |Outbuf_V_reg_2980                                |  16|   0|   16|          0|
    |ap_CS_fsm                                        |  28|   0|   28|          0|
    |ap_done_reg                                      |   1|   0|    1|          0|
    |ap_enable_reg_pp0_iter0                          |   1|   0|    1|          0|
    |ap_enable_reg_pp0_iter1                          |   1|   0|    1|          0|
    |ap_enable_reg_pp1_iter0                          |   1|   0|    1|          0|
    |ap_enable_reg_pp1_iter1                          |   1|   0|    1|          0|
    |ap_enable_reg_pp1_iter2                          |   1|   0|    1|          0|
    |ap_enable_reg_pp1_iter3                          |   1|   0|    1|          0|
    |ap_enable_reg_pp2_iter0                          |   1|   0|    1|          0|
    |ap_enable_reg_pp2_iter1                          |   1|   0|    1|          0|
    |ap_enable_reg_pp2_iter10                         |   1|   0|    1|          0|
    |ap_enable_reg_pp2_iter11                         |   1|   0|    1|          0|
    |ap_enable_reg_pp2_iter12                         |   1|   0|    1|          0|
    |ap_enable_reg_pp2_iter13                         |   1|   0|    1|          0|
    |ap_enable_reg_pp2_iter14                         |   1|   0|    1|          0|
    |ap_enable_reg_pp2_iter2                          |   1|   0|    1|          0|
    |ap_enable_reg_pp2_iter3                          |   1|   0|    1|          0|
    |ap_enable_reg_pp2_iter4                          |   1|   0|    1|          0|
    |ap_enable_reg_pp2_iter5                          |   1|   0|    1|          0|
    |ap_enable_reg_pp2_iter6                          |   1|   0|    1|          0|
    |ap_enable_reg_pp2_iter7                          |   1|   0|    1|          0|
    |ap_enable_reg_pp2_iter8                          |   1|   0|    1|          0|
    |ap_enable_reg_pp2_iter9                          |   1|   0|    1|          0|
    |ap_enable_reg_pp3_iter0                          |   1|   0|    1|          0|
    |ap_enable_reg_pp3_iter1                          |   1|   0|    1|          0|
    |ap_enable_reg_pp3_iter2                          |   1|   0|    1|          0|
    |ap_enable_reg_pp3_iter3                          |   1|   0|    1|          0|
    |ap_enable_reg_pp3_iter4                          |   1|   0|    1|          0|
    |ap_enable_reg_pp3_iter5                          |   1|   0|    1|          0|
    |ap_enable_reg_pp4_iter0                          |   1|   0|    1|          0|
    |ap_enable_reg_pp4_iter1                          |   1|   0|    1|          0|
    |ap_enable_reg_pp4_iter2                          |   1|   0|    1|          0|
    |ap_phi_reg_pp2_iter1_A_V_1_load_0_0_phi_reg_746  |  12|   0|   12|          0|
    |ap_phi_reg_pp2_iter1_A_V_1_load_0_1_phi_reg_757  |  12|   0|   12|          0|
    |ap_phi_reg_pp2_iter1_A_V_1_load_0_2_phi_reg_768  |  12|   0|   12|          0|
    |ap_phi_reg_pp2_iter1_A_V_1_load_1_0_phi_reg_779  |  12|   0|   12|          0|
    |ap_phi_reg_pp2_iter1_A_V_1_load_1_1_phi_reg_813  |  12|   0|   12|          0|
    |ap_phi_reg_pp2_iter1_A_V_1_load_1_2_phi_reg_790  |  12|   0|   12|          0|
    |ap_phi_reg_pp2_iter1_A_V_1_load_2_0_phi_reg_824  |  12|   0|   12|          0|
    |ap_phi_reg_pp2_iter1_A_V_1_load_2_1_phi_reg_802  |  12|   0|   12|          0|
    |ap_phi_reg_pp2_iter1_A_V_1_load_2_2_phi_reg_835  |  12|   0|   12|          0|
    |ap_phi_reg_pp2_iter2_A_V_1_load_0_0_phi_reg_746  |  12|   0|   12|          0|
    |ap_phi_reg_pp2_iter2_A_V_1_load_0_1_phi_reg_757  |  12|   0|   12|          0|
    |ap_phi_reg_pp2_iter2_A_V_1_load_0_2_phi_reg_768  |  12|   0|   12|          0|
    |ap_phi_reg_pp2_iter2_A_V_1_load_1_0_phi_reg_779  |  12|   0|   12|          0|
    |ap_phi_reg_pp2_iter2_A_V_1_load_1_1_phi_reg_813  |  12|   0|   12|          0|
    |ap_phi_reg_pp2_iter2_A_V_1_load_1_2_phi_reg_790  |  12|   0|   12|          0|
    |ap_phi_reg_pp2_iter2_A_V_1_load_2_0_phi_reg_824  |  12|   0|   12|          0|
    |ap_phi_reg_pp2_iter2_A_V_1_load_2_1_phi_reg_802  |  12|   0|   12|          0|
    |ap_phi_reg_pp2_iter2_A_V_1_load_2_2_phi_reg_835  |  12|   0|   12|          0|
    |ap_phi_reg_pp2_iter3_A_V_1_load_0_0_phi_reg_746  |  12|   0|   12|          0|
    |ap_phi_reg_pp2_iter3_A_V_1_load_0_1_phi_reg_757  |  12|   0|   12|          0|
    |ap_phi_reg_pp2_iter3_A_V_1_load_0_2_phi_reg_768  |  12|   0|   12|          0|
    |ap_phi_reg_pp2_iter3_A_V_1_load_1_0_phi_reg_779  |  12|   0|   12|          0|
    |ap_phi_reg_pp2_iter3_A_V_1_load_1_1_phi_reg_813  |  12|   0|   12|          0|
    |ap_phi_reg_pp2_iter3_A_V_1_load_1_2_phi_reg_790  |  12|   0|   12|          0|
    |ap_phi_reg_pp2_iter3_A_V_1_load_2_0_phi_reg_824  |  12|   0|   12|          0|
    |ap_phi_reg_pp2_iter3_A_V_1_load_2_1_phi_reg_802  |  12|   0|   12|          0|
    |ap_phi_reg_pp2_iter3_A_V_1_load_2_2_phi_reg_835  |  12|   0|   12|          0|
    |bias_V_9_load_reg_2909                           |  12|   0|   12|          0|
    |buf_V_7_2_2_reg_2903                             |  32|   0|   32|          0|
    |exitcond10_mid1_reg_2437                         |   1|   0|    1|          0|
    |exitcond_flatten14_reg_2994                      |   1|   0|    1|          0|
    |exitcond_flatten14_reg_2994_pp3_iter1_reg        |   1|   0|    1|          0|
    |exitcond_flatten15_reg_3015                      |   1|   0|    1|          0|
    |exitcond_flatten16_reg_2336                      |   1|   0|    1|          0|
    |exitcond_flatten17_reg_2345                      |   1|   0|    1|          0|
    |exitcond_flatten18_reg_2405                      |   1|   0|    1|          0|
    |exitcond_flatten19_reg_2414                      |   1|   0|    1|          0|
    |exitcond_flatten65_m_reg_2430                    |   1|   0|    1|          0|
    |exitcond_flatten_mid_reg_3020                    |   1|   0|    1|          0|
    |exitcond_flatten_reg_2985                        |   1|   0|    1|          0|
    |exitcond_reg_3094                                |   1|   0|    1|          0|
    |exitcond_reg_3094_pp4_iter1_reg                  |   1|   0|    1|          0|
    |i1_reg_928                                       |   5|   0|    5|          0|
    |i1_reg_928_pp4_iter1_reg                         |   5|   0|    5|          0|
    |i20_reg_916                                      |   5|   0|    5|          0|
    |i28_mid2_reg_3051                                |   5|   0|    5|          0|
    |i3_mid2_reg_2364                                 |   6|   0|    6|          0|
    |i3_reg_642                                       |   6|   0|    6|          0|
    |i4_mid_reg_2459                                  |   5|   0|    5|          0|
    |i4_reg_710                                       |   5|   0|    5|          0|
    |i8_reg_574                                       |  31|   0|   31|          0|
    |i_21_reg_3098                                    |   5|   0|    5|          0|
    |i_22_reg_3062                                    |   5|   0|    5|          0|
    |i_23_reg_2469                                    |   5|   0|    5|          0|
    |i_3_reg_2375                                     |   6|   0|    6|          0|
    |ia_2_reg_2399                                    |   3|   0|    3|          0|
    |ia_reg_665                                       |   3|   0|    3|          0|
    |ib_mid2_reg_2464                                 |   3|   0|    3|          0|
    |ib_mid_reg_2424                                  |   3|   0|    3|          0|
    |ib_reg_688                                       |   3|   0|    3|          0|
    |ifzero_reg_2629                                  |   1|   0|    1|          0|
    |indvar_flatten10_reg_619                         |   9|   0|    9|          0|
    |indvar_flatten11_reg_654                         |  13|   0|   13|          0|
    |indvar_flatten12_reg_677                         |  12|   0|   12|          0|
    |indvar_flatten13_reg_699                         |  11|   0|   11|          0|
    |indvar_flatten63_op_reg_2443                     |  11|   0|   11|          0|
    |indvar_flatten78_op_reg_2448                     |  12|   0|   12|          0|
    |indvar_flatten7_reg_846                          |  13|   0|   13|          0|
    |indvar_flatten8_reg_869                          |  12|   0|   12|          0|
    |indvar_flatten9_reg_596                          |  10|   0|   10|          0|
    |indvar_flatten_next1_9_reg_2492                  |  11|   0|   11|          0|
    |indvar_flatten_next2_1_reg_2409                  |  13|   0|   13|          0|
    |indvar_flatten_next2_reg_2497                    |  12|   0|   12|          0|
    |indvar_flatten_op_reg_3040                       |  11|   0|   11|          0|
    |indvar_flatten_reg_892                           |  11|   0|   11|          0|
    |j2_reg_607                                       |   3|   0|    3|          0|
    |j5_mid2_reg_2479                                 |   6|   0|    6|          0|
    |j5_reg_734                                       |   6|   0|    6|          0|
    |j_2_reg_2486                                     |   6|   0|    6|          0|
    |j_reg_904                                        |   6|   0|    6|          0|
    |k_mid2_reg_2370                                  |   3|   0|    3|          0|
    |k_mid2_reg_2370_pp1_iter2_reg                    |   3|   0|    3|          0|
    |k_reg_630                                        |   3|   0|    3|          0|
    |ka_reg_857                                       |   3|   0|    3|          0|
    |kb_mid2_reg_3035                                 |   3|   0|    3|          0|
    |kb_reg_880                                       |   3|   0|    3|          0|
    |kb_t_mid2_reg_3031                               |   2|   0|    2|          0|
    |lhs_V_reg_2281                                   |  32|   0|   32|          0|
    |mul_reg_2965                                     |  67|   0|   67|          0|
    |multiple_V_9                                     |  12|   0|   12|          0|
    |neg_mul_reg_2975                                 |  67|   0|   67|          0|
    |not_exitcond_flatten_reg_3010                    |   1|   0|    1|          0|
    |num_img_7_reg_2331                               |  15|   0|   15|          0|
    |num_img_reg_585                                  |  15|   0|   15|          0|
    |p_7_mid2_reg_2888                                |  32|   0|   32|          0|
    |p_7_reg_722                                      |  32|   0|   32|          0|
    |p_s_reg_2308                                     |  32|   0|   32|          0|
    |r_V_18_0_1_reg_2818                              |  24|   0|   24|          0|
    |r_V_18_0_2_reg_2823                              |  24|   0|   24|          0|
    |r_V_18_1_1_reg_2838                              |  24|   0|   24|          0|
    |r_V_18_1_2_reg_2843                              |  24|   0|   24|          0|
    |r_V_18_1_reg_2828                                |  24|   0|   24|          0|
    |r_V_18_2_1_reg_2833                              |  24|   0|   24|          0|
    |r_V_18_2_reg_2848                                |  24|   0|   24|          0|
    |r_V_3_reg_2813                                   |  24|   0|   24|          0|
    |r_V_reg_2914                                     |  32|   0|   32|          0|
    |r_V_s_reg_2949                                   |  33|   0|   33|          0|
    |reg_1003                                         |  12|   0|   12|          0|
    |reg_940                                          |  12|   0|   12|          0|
    |reg_946                                          |  12|   0|   12|          0|
    |reg_953                                          |  12|   0|   12|          0|
    |reg_959                                          |  12|   0|   12|          0|
    |reg_965                                          |  12|   0|   12|          0|
    |reg_972                                          |  12|   0|   12|          0|
    |reg_978                                          |  12|   0|   12|          0|
    |reg_982                                          |  12|   0|   12|          0|
    |reg_986                                          |  12|   0|   12|          0|
    |reg_990                                          |  12|   0|   12|          0|
    |reg_997                                          |  12|   0|   12|          0|
    |start_once_reg                                   |   1|   0|    1|          0|
    |tmp1_reg_2868                                    |  26|   0|   26|          0|
    |tmp2_reg_2853                                    |  25|   0|   25|          0|
    |tmp3_reg_2858                                    |  25|   0|   25|          0|
    |tmp4_reg_2883                                    |  26|   0|   26|          0|
    |tmp5_reg_2873                                    |  25|   0|   25|          0|
    |tmp6_reg_2878                                    |  25|   0|   25|          0|
    |tmp7_reg_2863                                    |  25|   0|   25|          0|
    |tmp8_reg_2298                                    |  32|   0|   32|          0|
    |tmp9_reg_2303                                    |  32|   0|   32|          0|
    |tmp_156_mid2_v_v_reg_3045                        |   3|   0|    3|          0|
    |tmp_156_mid2_v_v_reg_3045_pp3_iter3_reg          |   3|   0|    3|          0|
    |tmp_158_reg_2318                                 |   1|   0|    1|          0|
    |tmp_163_reg_3025                                 |   1|   0|    1|          0|
    |tmp_164_mid2_v_reg_2358                          |   3|   0|    3|          0|
    |tmp_165_mid2_reg_3056                            |   6|   0|    6|          0|
    |tmp_166_reg_2394                                 |   3|   0|    3|          0|
    |tmp_173_reg_3072                                 |  11|   0|   11|          0|
    |tmp_174_mid2_reg_2502                            |   5|   0|    5|          0|
    |tmp_174_reg_3077                                 |  10|   0|   10|          0|
    |tmp_176_reg_2934                                 |  22|   0|   22|          0|
    |tmp_180_reg_3082                                 |  12|   0|   12|          0|
    |tmp_181_reg_3087                                 |  12|   0|   12|          0|
    |tmp_182_reg_2929                                 |  20|   0|   20|          0|
    |tmp_184_reg_3103                                 |  12|   0|   12|          0|
    |tmp_185_reg_2924                                 |  20|   0|   20|          0|
    |tmp_187_reg_2893                                 |  27|   0|   27|          0|
    |tmp_191_reg_2380                                 |   9|   0|    9|          0|
    |tmp_192_reg_2385                                 |  12|   0|   12|          0|
    |tmp_195_reg_2474                                 |   1|   0|    1|          0|
    |tmp_200_reg_2508                                 |   9|   0|    9|          0|
    |tmp_201_reg_2513                                 |   9|   0|    9|          0|
    |tmp_202_reg_2518                                 |   9|   0|    9|          0|
    |tmp_204_reg_2523                                 |  12|   0|   12|          0|
    |tmp_205_reg_2528                                 |  10|   0|   10|          0|
    |tmp_206_reg_2614                                 |  12|   0|   12|          0|
    |tmp_207_reg_2619                                 |  12|   0|   12|          0|
    |tmp_208_reg_2624                                 |  12|   0|   12|          0|
    |tmp_209_reg_2919                                 |   1|   0|    1|          0|
    |tmp_210_reg_2954                                 |   1|   0|    1|          0|
    |tmp_213_reg_2970                                 |  29|   0|   29|          0|
    |tmp_230_1_mid2_reg_2453                          |   3|   0|    3|          0|
    |tmp_V_113_reg_2253                               |  16|   0|   16|          0|
    |tmp_V_115_reg_2258                               |  16|   0|   16|          0|
    |tmp_V_117_reg_2263                               |  16|   0|   16|          0|
    |tmp_V_121_reg_2268                               |  16|   0|   16|          0|
    |tmp_V_reg_2247                                   |  16|   0|   16|          0|
    |exitcond_flatten16_reg_2336                      |  64|  32|    1|          0|
    |exitcond_flatten18_reg_2405                      |  64|  32|    1|          0|
    |exitcond_flatten_reg_2985                        |  64|  32|    1|          0|
    |ib_mid2_reg_2464                                 |  64|  32|    3|          0|
    |ifzero_reg_2629                                  |  64|  32|    1|          0|
    |kb_t_mid2_reg_3031                               |  64|  32|    2|          0|
    |tmp_174_mid2_reg_2502                            |  64|  32|    5|          0|
    |tmp_195_reg_2474                                 |  64|  32|    1|          0|
    |tmp_210_reg_2954                                 |  64|  32|    1|          0|
    +-------------------------------------------------+----+----+-----+-----------+
    |Total                                            |2939| 288| 2379|          0|
    +-------------------------------------------------+----+----+-----+-----------+



================================================================
== Interface
================================================================
* Summary: 
+-----------------------+-----+-----+------------+----------------+--------------+
|       RTL Ports       | Dir | Bits|  Protocol  |  Source Object |    C Type    |
+-----------------------+-----+-----+------------+----------------+--------------+
|ap_clk                 |  in |    1| ap_ctrl_hs |     Conv.2     | return value |
|ap_rst                 |  in |    1| ap_ctrl_hs |     Conv.2     | return value |
|ap_start               |  in |    1| ap_ctrl_hs |     Conv.2     | return value |
|start_full_n           |  in |    1| ap_ctrl_hs |     Conv.2     | return value |
|ap_done                | out |    1| ap_ctrl_hs |     Conv.2     | return value |
|ap_continue            |  in |    1| ap_ctrl_hs |     Conv.2     | return value |
|ap_idle                | out |    1| ap_ctrl_hs |     Conv.2     | return value |
|ap_ready               | out |    1| ap_ctrl_hs |     Conv.2     | return value |
|start_out              | out |    1| ap_ctrl_hs |     Conv.2     | return value |
|start_write            | out |    1| ap_ctrl_hs |     Conv.2     | return value |
|stream_in_V_V_dout     |  in |   16|   ap_fifo  |  stream_in_V_V |    pointer   |
|stream_in_V_V_empty_n  |  in |    1|   ap_fifo  |  stream_in_V_V |    pointer   |
|stream_in_V_V_read     | out |    1|   ap_fifo  |  stream_in_V_V |    pointer   |
|stream_out_V_V_din     | out |   16|   ap_fifo  | stream_out_V_V |    pointer   |
|stream_out_V_V_full_n  |  in |    1|   ap_fifo  | stream_out_V_V |    pointer   |
|stream_out_V_V_write   | out |    1|   ap_fifo  | stream_out_V_V |    pointer   |
+-----------------------+-----+-----+------------+----------------+--------------+

