

================================================================
== Vivado HLS Report for 'Conv_1'
================================================================
* Date:           Wed Jun 12 19:04:01 2019

* Version:        2018.2 (Build 2258646 on Thu Jun 14 20:25:20 MDT 2018)
* Project:        ULTRA_HLS
* Solution:       solution1
* Product family: zynq
* Target device:  xc7z020clg400-1


================================================================
== Performance Estimates
================================================================
+ Timing (ns): 
    * Summary: 
    +--------+-------+----------+------------+
    |  Clock | Target| Estimated| Uncertainty|
    +--------+-------+----------+------------+
    |ap_clk  |   5.00|     5.417|        0.63|
    +--------+-------+----------+------------+

+ Latency (clock cycles): 
    * Summary: 
    +-----+----------+-----+----------+---------+
    |     Latency    |    Interval    | Pipeline|
    | min |    max   | min |    max   |   Type  |
    +-----+----------+-----+----------+---------+
    |  433|  25822792|  433|  25822792|   none  |
    +-----+----------+-----+----------+---------+

    + Detail: 
        * Instance: 
        N/A

        * Loop: 
        +-------------+--------+----------+----------+-----------+-----------+-------------+----------+
        |             |      Latency      | Iteration|  Initiation Interval  |     Trip    |          |
        |  Loop Name  |   min  |    max   |  Latency |  achieved |   target  |    Count    | Pipelined|
        +-------------+--------+----------+----------+-----------+-----------+-------------+----------+
        |- Loop 1     |   18436|     18436|         6|          1|          1|        18432|    yes   |
        |- Loop 2     |      65|        65|         3|          1|          1|           64|    yes   |
        |- Loop 3     |  203329|  25822783|    203329|          -|          -|   1 ~ 127   |    no    |
        | + Loop 3.1  |    2594|      2594|         4|          1|          1|         2592|    yes   |
        | + Loop 3.2  |  200730|    200730|        29|          2|          1|       100352|    yes   |
        |- Loop 4     |     416|     18560|         2|          1|          1| 416 ~ 18560 |    yes   |
        +-------------+--------+----------+----------+-----------+-----------+-------------+----------+



================================================================
== Utilization Estimates
================================================================
* Summary: 
+-----------------+---------+-------+--------+-------+
|       Name      | BRAM_18K| DSP48E|   FF   |  LUT  |
+-----------------+---------+-------+--------+-------+
|DSP              |        -|     12|       -|      -|
|Expression       |        -|      -|       0|   1775|
|FIFO             |        -|      -|       -|      -|
|Instance         |        -|      8|     491|     41|
|Memory           |       27|      -|      12|     12|
|Multiplexer      |        -|      -|       -|   1459|
|Register         |        0|      -|    3227|    288|
+-----------------+---------+-------+--------+-------+
|Total            |       27|     20|    3730|   3575|
+-----------------+---------+-------+--------+-------+
|Available        |      280|    220|  106400|  53200|
+-----------------+---------+-------+--------+-------+
|Utilization (%)  |        9|      9|       3|      6|
+-----------------+---------+-------+--------+-------+

+ Detail: 
    * Instance: 
    +--------------------------+----------------------+---------+-------+-----+----+
    |         Instance         |        Module        | BRAM_18K| DSP48E|  FF | LUT|
    +--------------------------+----------------------+---------+-------+-----+----+
    |ultra_mul_32s_32sbkb_U79  |ultra_mul_32s_32sbkb  |        0|      4|  215|   1|
    |ultra_mul_35ns_33dEe_U80  |ultra_mul_35ns_33dEe  |        0|      4|  276|  40|
    +--------------------------+----------------------+---------+-------+-----+----+
    |Total                     |                      |        0|      8|  491|  41|
    +--------------------------+----------------------+---------+-------+-----+----+

    * DSP48: 
    +--------------------------+----------------------+--------------+
    |         Instance         |        Module        |  Expression  |
    +--------------------------+----------------------+--------------+
    |ultra_mac_muladd_fYi_U91  |ultra_mac_muladd_fYi  | i0 + i1 * i2 |
    |ultra_mul_mul_12seOg_U83  |ultra_mul_mul_12seOg  |    i0 * i1   |
    |ultra_mul_mul_12seOg_U84  |ultra_mul_mul_12seOg  |    i0 * i1   |
    |ultra_mul_mul_12seOg_U85  |ultra_mul_mul_12seOg  |    i0 * i1   |
    |ultra_mul_mul_12seOg_U86  |ultra_mul_mul_12seOg  |    i0 * i1   |
    |ultra_mul_mul_12seOg_U87  |ultra_mul_mul_12seOg  |    i0 * i1   |
    |ultra_mul_mul_12seOg_U88  |ultra_mul_mul_12seOg  |    i0 * i1   |
    |ultra_mul_mul_12seOg_U89  |ultra_mul_mul_12seOg  |    i0 * i1   |
    |ultra_mul_mul_12seOg_U90  |ultra_mul_mul_12seOg  |    i0 * i1   |
    |ultra_mul_mul_12sg8j_U92  |ultra_mul_mul_12sg8j  |    i0 * i1   |
    |ultra_mul_mul_16scud_U81  |ultra_mul_mul_16scud  |    i0 * i0   |
    |ultra_mul_mul_16scud_U82  |ultra_mul_mul_16scud  |    i0 * i1   |
    +--------------------------+----------------------+--------------+

    * Memory: 
    +------------+-----------------+---------+----+----+------+-----+------+-------------+
    |   Memory   |      Module     | BRAM_18K| FF | LUT| Words| Bits| Banks| W*Bits*Banks|
    +------------+-----------------+---------+----+----+------+-----+------+-------------+
    |A_V_2_2_U   |Conv_1_A_V_2_2   |        1|   0|   0|   288|   12|     1|         3456|
    |A_V_2_3_U   |Conv_1_A_V_2_2   |        1|   0|   0|   288|   12|     1|         3456|
    |A_V_2_4_U   |Conv_1_A_V_2_2   |        1|   0|   0|   288|   12|     1|         3456|
    |A_V_2_5_U   |Conv_1_A_V_2_2   |        1|   0|   0|   288|   12|     1|         3456|
    |A_V_2_6_U   |Conv_1_A_V_2_2   |        1|   0|   0|   288|   12|     1|         3456|
    |A_V_2_7_U   |Conv_1_A_V_2_2   |        1|   0|   0|   288|   12|     1|         3456|
    |A_V_2_8_U   |Conv_1_A_V_2_2   |        1|   0|   0|   288|   12|     1|         3456|
    |A_V_2_1_U   |Conv_1_A_V_2_2   |        1|   0|   0|   288|   12|     1|         3456|
    |A_V_2_0_U   |Conv_1_A_V_2_2   |        1|   0|   0|   288|   12|     1|         3456|
    |B_V_2_0_U   |Conv_1_B_V_2_0   |        6|   0|   0|  6144|   12|     1|        73728|
    |B_V_2_1_U   |Conv_1_B_V_2_0   |        6|   0|   0|  6144|   12|     1|        73728|
    |B_V_2_2_U   |Conv_1_B_V_2_0   |        6|   0|   0|  6144|   12|     1|        73728|
    |bias_V_8_U  |Conv_1_bias_V_8  |        0|  12|  12|    64|   12|     1|          768|
    +------------+-----------------+---------+----+----+------+-----+------+-------------+
    |Total       |                 |       27|  12|  12| 21088|  156|    13|       253056|
    +------------+-----------------+---------+----+----+------+-----+------+-------------+

    * FIFO: 
    N/A

    * Expression: 
    +------------------------------------+----------+-------+---+----+------------+------------+
    |            Variable Name           | Operation| DSP48E| FF| LUT| Bitwidth P0| Bitwidth P1|
    +------------------------------------+----------+-------+---+----+------------+------------+
    |KER_bound_fu_1380_p2                |     +    |      0|  0|  39|          32|          32|
    |buf_V_6_2_2_fu_2075_p2              |     +    |      0|  0|  39|          32|          32|
    |i_24_fu_2508_p2                     |     +    |      0|  0|  15|           7|           1|
    |i_25_fu_2437_p2                     |     +    |      0|  0|  15|           7|           1|
    |i_26_fu_1688_p2                     |     +    |      0|  0|  15|           1|           7|
    |i_4_fu_1510_p2                      |     +    |      0|  0|  15|           6|           1|
    |i_fu_1393_p2                        |     +    |      0|  0|  38|          31|           1|
    |ia_2_fu_1567_p2                     |     +    |      0|  0|  13|           4|           1|
    |ia_2_mid1_fu_1743_p2                |     +    |      0|  0|  13|           2|           4|
    |ib_2_fu_1665_p2                     |     +    |      0|  0|  13|           1|           4|
    |indvar_flatten13_op_fu_2264_p2      |     +    |      0|  0|  19|          14|           1|
    |indvar_flatten44_op_fu_1432_p2      |     +    |      0|  0|  14|          10|           1|
    |indvar_flatten63_op_fu_1647_p2      |     +    |      0|  0|  17|          13|           1|
    |indvar_flatten78_op_fu_1653_p2      |     +    |      0|  0|  21|          15|           1|
    |indvar_flatten_next2_3_fu_1420_p2   |     +    |      0|  0|  12|          12|           1|
    |indvar_flatten_next2_6_fu_1579_p2   |     +    |      0|  0|  24|          17|           1|
    |indvar_flatten_next2_fu_2252_p2     |     +    |      0|  0|  21|          15|           1|
    |indvar_flatten_op_fu_2344_p2        |     +    |      0|  0|  17|          13|           1|
    |j_13_fu_2405_p2                     |     +    |      0|  0|  15|           1|           6|
    |j_3_fu_1446_p2                      |     +    |      0|  0|  13|           1|           4|
    |j_4_fu_1711_p2                      |     +    |      0|  0|  15|           6|           1|
    |k_5_fu_1483_p2                      |     +    |      0|  0|  13|           1|           4|
    |ka_4_fu_2358_p2                     |     +    |      0|  0|  12|           2|           3|
    |kb_3_fu_2313_p2                     |     +    |      0|  0|  12|           2|           3|
    |num_img_6_fu_1408_p2                |     +    |      0|  0|  21|          15|           1|
    |r_V_fu_2083_p2                      |     +    |      0|  0|  39|          32|          32|
    |tmp1_fu_2020_p2                     |     +    |      0|  0|  33|          26|          26|
    |tmp2_fu_1993_p2                     |     +    |      0|  0|  32|          25|          25|
    |tmp3_fu_1999_p2                     |     +    |      0|  0|  32|          25|          25|
    |tmp4_fu_2043_p2                     |     +    |      0|  0|  33|          26|          26|
    |tmp5_fu_2026_p2                     |     +    |      0|  0|  32|          25|          25|
    |tmp6_fu_2032_p2                     |     +    |      0|  0|  32|          25|          25|
    |tmp_136_fu_1561_p2                  |     +    |      0|  0|  13|           4|           2|
    |tmp_157_fu_2066_p2                  |     +    |      0|  0|  34|          27|          27|
    |tmp_220_fu_2457_p2                  |     +    |      0|  0|  17|          13|          13|
    |tmp_224_fu_2486_p2                  |     +    |      0|  0|  12|          14|          14|
    |tmp_228_fu_1533_p2                  |     +    |      0|  0|  12|          10|          10|
    |tmp_229_fu_1539_p2                  |     +    |      0|  0|  12|          10|          10|
    |tmp_237_fu_1793_p2                  |     +    |      0|  0|  14|          10|          10|
    |tmp_238_fu_1799_p2                  |     +    |      0|  0|  14|          10|          10|
    |tmp_239_fu_1805_p2                  |     +    |      0|  0|  14|          10|          10|
    |tmp_240_fu_1811_p2                  |     +    |      0|  0|  14|          10|          10|
    |tmp_241_fu_1817_p2                  |     +    |      0|  0|  71|          64|          64|
    |tmp_244_fu_1887_p2                  |     +    |      0|  0|  19|           1|          14|
    |tmp_245_fu_1892_p2                  |     +    |      0|  0|  19|           2|          14|
    |neg_mul_fu_2185_p2                  |     -    |      0|  0|  74|           1|          67|
    |neg_ti_fu_2213_p2                   |     -    |      0|  0|  40|           1|          33|
    |p_neg_fu_2106_p2                    |     -    |      0|  0|  39|           1|          32|
    |p_neg_t_fu_2128_p2                  |     -    |      0|  0|  29|           1|          22|
    |tmp_222_fu_2480_p2                  |     -    |      0|  0|  12|          14|          14|
    |tmp_242_fu_1839_p2                  |     -    |      0|  0|  19|          14|          14|
    |ap_block_pp0_stage0_01001           |    and   |      0|  0|   2|           1|           1|
    |ap_block_pp1_stage0_11001           |    and   |      0|  0|   2|           1|           1|
    |ap_block_pp2_stage0_01001           |    and   |      0|  0|   2|           1|           1|
    |ap_block_pp3_stage0_01001           |    and   |      0|  0|   2|           1|           1|
    |ap_block_pp4_stage0_01001           |    and   |      0|  0|   2|           1|           1|
    |ap_block_state23_pp1_stage0_iter2   |    and   |      0|  0|   2|           1|           1|
    |ap_block_state54_pp2_stage0_iter14  |    and   |      0|  0|   2|           1|           1|
    |ap_condition_548                    |    and   |      0|  0|   2|           1|           1|
    |ap_condition_558                    |    and   |      0|  0|   2|           1|           1|
    |exitcond1_mid2_fu_1641_p2           |    and   |      0|  0|   2|           1|           1|
    |exitcond1_mid_fu_1611_p2            |    and   |      0|  0|   2|           1|           1|
    |exitcond6_mid2_fu_2399_p2           |    and   |      0|  0|   2|           1|           1|
    |exitcond6_mid_fu_2377_p2            |    and   |      0|  0|   2|           1|           1|
    |exitcond8_mid_fu_1477_p2            |    and   |      0|  0|   2|           1|           1|
    |exitcond_flatten65_m_fu_1623_p2     |    and   |      0|  0|   2|           1|           1|
    |exitcond_flatten_mid_fu_2307_p2     |    and   |      0|  0|   2|           1|           1|
    |exitcond15_fu_2371_p2               |   icmp   |      0|  0|  11|           7|           8|
    |exitcond16_fu_1471_p2               |   icmp   |      0|  0|  11|           6|           7|
    |exitcond17_fu_1605_p2               |   icmp   |      0|  0|  11|           6|           7|
    |exitcond_flatten21_fu_2258_p2       |   icmp   |      0|  0|  13|          14|          13|
    |exitcond_flatten22_fu_2301_p2       |   icmp   |      0|  0|  13|          13|          12|
    |exitcond_flatten23_fu_1414_p2       |   icmp   |      0|  0|  13|          12|          12|
    |exitcond_flatten24_fu_1426_p2       |   icmp   |      0|  0|  13|          10|           9|
    |exitcond_flatten25_fu_1573_p2       |   icmp   |      0|  0|  18|          17|          16|
    |exitcond_flatten26_fu_1585_p2       |   icmp   |      0|  0|  13|          15|          14|
    |exitcond_flatten27_fu_1617_p2       |   icmp   |      0|  0|  13|          13|          12|
    |exitcond_flatten_fu_2246_p2         |   icmp   |      0|  0|  13|          15|          15|
    |exitcond_fu_2502_p2                 |   icmp   |      0|  0|  11|           7|           8|
    |ifzero_fu_1897_p2                   |   icmp   |      0|  0|  11|           6|           7|
    |tmp_123_fu_1352_p2                  |   icmp   |      0|  0|  13|          16|           1|
    |tmp_127_fu_1403_p2                  |   icmp   |      0|  0|  13|          16|          16|
    |tmp_128_fu_1388_p2                  |   icmp   |      0|  0|  18|          32|          32|
    |tmp_s_fu_1347_p2                    |   icmp   |      0|  0|  13|          16|           2|
    |ap_block_state1                     |    or    |      0|  0|   2|           1|           1|
    |ap_block_state18_pp0_stage0_iter1   |    or    |      0|  0|   2|           1|           1|
    |ap_block_state2                     |    or    |      0|  0|   2|           1|           1|
    |ap_block_state60_pp3_stage0_iter4   |    or    |      0|  0|   2|           1|           1|
    |ap_block_state64_pp4_stage0_iter1   |    or    |      0|  0|   2|           1|           1|
    |not_exitcond_flatten_5_fu_2394_p2   |    or    |      0|  0|   2|           1|           1|
    |not_exitcond_flatten_7_fu_1635_p2   |    or    |      0|  0|   2|           1|           1|
    |tmp_216_fu_2319_p2                  |    or    |      0|  0|   2|           1|           1|
    |tmp_217_fu_2411_p2                  |    or    |      0|  0|   2|           1|           1|
    |tmp_225_fu_1489_p2                  |    or    |      0|  0|   2|           1|           1|
    |tmp_226_fu_2416_p2                  |    or    |      0|  0|   2|           1|           1|
    |tmp_230_fu_1670_p2                  |    or    |      0|  0|   2|           1|           1|
    |tmp_231_fu_1694_p2                  |    or    |      0|  0|   2|           1|           1|
    |tmp_250_fu_1698_p2                  |    or    |      0|  0|   2|           1|           1|
    |Outbuf_V_fu_2238_p3                 |  select  |      0|  0|  16|           1|           1|
    |i23_mid2_fu_2421_p3                 |  select  |      0|  0|   7|           1|           1|
    |i3_mid2_fu_1494_p3                  |  select  |      0|  0|   6|           1|           1|
    |i4_mid_fu_1674_p3                   |  select  |      0|  0|   7|           1|           1|
    |ib_mid2_fu_1682_p3                  |  select  |      0|  0|   4|           1|           4|
    |ib_mid_fu_1591_p3                   |  select  |      0|  0|   4|           1|           1|
    |indvar_flatten_next1_fu_2270_p3     |  select  |      0|  0|  14|           1|           1|
    |indvar_flatten_next2_2_fu_1438_p3   |  select  |      0|  0|  10|           1|           1|
    |indvar_flatten_next2_4_fu_1717_p3   |  select  |      0|  0|  13|           1|           1|
    |indvar_flatten_next2_5_fu_1724_p3   |  select  |      0|  0|  15|           1|           1|
    |indvar_flatten_next_fu_2350_p3      |  select  |      0|  0|  13|           1|           1|
    |j5_mid2_fu_1703_p3                  |  select  |      0|  0|   6|           1|           1|
    |j_mid_fu_2382_p3                    |  select  |      0|  0|   6|           1|           1|
    |k_mid2_fu_1502_p3                   |  select  |      0|  0|   4|           1|           4|
    |k_mid_fu_1452_p3                    |  select  |      0|  0|   4|           1|           1|
    |kb_mid2_fu_2336_p3                  |  select  |      0|  0|   3|           1|           3|
    |kb_mid_fu_2278_p3                   |  select  |      0|  0|   3|           1|           2|
    |kb_t_mid2_fu_2328_p3                |  select  |      0|  0|   2|           1|           2|
    |kb_t_mid_fu_2289_p3                 |  select  |      0|  0|   3|           1|           3|
    |p_6_mid2_fu_2049_p3                 |  select  |      0|  0|  32|           1|           1|
    |tmp_126_mid2_v_v_fu_2364_p3         |  select  |      0|  0|   3|           1|           3|
    |tmp_134_mid2_v_fu_1459_p3           |  select  |      0|  0|   4|           1|           4|
    |tmp_135_mid2_fu_2429_p3             |  select  |      0|  0|   6|           1|           6|
    |tmp_137_mid2_fu_1730_p3             |  select  |      0|  0|   4|           1|           4|
    |tmp_144_mid2_fu_1759_p3             |  select  |      0|  0|   7|           1|           7|
    |tmp_148_fu_2141_p3                  |  select  |      0|  0|  22|           1|          22|
    |tmp_149_fu_2219_p3                  |  select  |      0|  0|  33|           1|          33|
    |tmp_190_1_mid2_fu_1659_p3           |  select  |      0|  0|   4|           1|           4|
    |tmp_190_2_mid2_fu_1749_p3           |  select  |      0|  0|   4|           1|           4|
    |tmp_248_fu_2206_p3                  |  select  |      0|  0|  33|           1|          33|
    |ap_enable_pp0                       |    xor   |      0|  0|   2|           1|           2|
    |ap_enable_pp1                       |    xor   |      0|  0|   2|           1|           2|
    |ap_enable_pp2                       |    xor   |      0|  0|   2|           1|           2|
    |ap_enable_pp3                       |    xor   |      0|  0|   2|           1|           2|
    |ap_enable_pp4                       |    xor   |      0|  0|   2|           1|           2|
    |ap_enable_reg_pp0_iter1             |    xor   |      0|  0|   2|           2|           1|
    |ap_enable_reg_pp1_iter1             |    xor   |      0|  0|   2|           2|           1|
    |ap_enable_reg_pp2_iter1             |    xor   |      0|  0|   2|           2|           1|
    |ap_enable_reg_pp3_iter1             |    xor   |      0|  0|   2|           2|           1|
    |ap_enable_reg_pp4_iter1             |    xor   |      0|  0|   2|           2|           1|
    |exitcond_flatten65_n_fu_1629_p2     |    xor   |      0|  0|   2|           1|           2|
    |exitcond_flatten_not_fu_2389_p2     |    xor   |      0|  0|   2|           1|           2|
    |not_exitcond_flatten_6_fu_1599_p2   |    xor   |      0|  0|   2|           1|           2|
    |not_exitcond_flatten_8_fu_2296_p2   |    xor   |      0|  0|   2|           1|           2|
    |not_exitcond_flatten_fu_1466_p2     |    xor   |      0|  0|   2|           1|           2|
    +------------------------------------+----------+-------+---+----+------------+------------+
    |Total                               |          |      0|  0|1775|         962|        1086|
    +------------------------------------+----------+-------+---+----+------------+------------+

    * Multiplexer: 
    +--------------------------------------------------+-----+-----------+-----+-----------+
    |                       Name                       | LUT | Input Size| Bits| Total Bits|
    +--------------------------------------------------+-----+-----------+-----+-----------+
    |A_V_2_0_address0                                  |   15|          3|    9|         27|
    |A_V_2_0_address1                                  |   15|          3|    9|         27|
    |A_V_2_1_address0                                  |   21|          4|    9|         36|
    |A_V_2_1_address1                                  |   21|          4|    9|         36|
    |A_V_2_2_address0                                  |   21|          4|    9|         36|
    |A_V_2_2_address1                                  |   21|          4|    9|         36|
    |A_V_2_3_address0                                  |   21|          4|    9|         36|
    |A_V_2_3_address1                                  |   21|          4|    9|         36|
    |A_V_2_4_address0                                  |   21|          4|    9|         36|
    |A_V_2_4_address1                                  |   21|          4|    9|         36|
    |A_V_2_5_address0                                  |   21|          4|    9|         36|
    |A_V_2_5_address1                                  |   21|          4|    9|         36|
    |A_V_2_6_address0                                  |   21|          4|    9|         36|
    |A_V_2_6_address1                                  |   21|          4|    9|         36|
    |A_V_2_7_address0                                  |   21|          4|    9|         36|
    |A_V_2_7_address1                                  |   21|          4|    9|         36|
    |A_V_2_8_address0                                  |   15|          3|    9|         27|
    |A_V_2_8_address1                                  |   15|          3|    9|         27|
    |B_V_2_0_address0                                  |   15|          3|   13|         39|
    |B_V_2_0_address1                                  |   15|          3|   13|         39|
    |B_V_2_1_address0                                  |   15|          3|   13|         39|
    |B_V_2_1_address1                                  |   15|          3|   13|         39|
    |B_V_2_2_address0                                  |   15|          3|   13|         39|
    |B_V_2_2_address1                                  |   15|          3|   13|         39|
    |ap_NS_fsm                                         |  133|         29|    1|         29|
    |ap_done                                           |    9|          2|    1|          2|
    |ap_enable_reg_pp0_iter1                           |   15|          3|    1|          3|
    |ap_enable_reg_pp1_iter1                           |    9|          2|    1|          2|
    |ap_enable_reg_pp1_iter3                           |    9|          2|    1|          2|
    |ap_enable_reg_pp2_iter1                           |    9|          2|    1|          2|
    |ap_enable_reg_pp2_iter14                          |    9|          2|    1|          2|
    |ap_enable_reg_pp3_iter1                           |    9|          2|    1|          2|
    |ap_enable_reg_pp3_iter5                           |    9|          2|    1|          2|
    |ap_enable_reg_pp4_iter1                           |    9|          2|    1|          2|
    |ap_enable_reg_pp4_iter2                           |    9|          2|    1|          2|
    |ap_phi_mux_i1_phi_fu_1198_p4                      |    9|          2|    7|         14|
    |ap_phi_mux_i23_phi_fu_1186_p4                     |    9|          2|    7|         14|
    |ap_phi_mux_i3_phi_fu_840_p4                       |    9|          2|    6|         12|
    |ap_phi_mux_i4_phi_fu_908_p4                       |    9|          2|    7|         14|
    |ap_phi_mux_ia_phi_fu_863_p4                       |    9|          2|    4|          8|
    |ap_phi_mux_ib_phi_fu_886_p4                       |    9|          2|    4|          8|
    |ap_phi_mux_indvar_flatten17_phi_fu_852_p4         |    9|          2|   17|         34|
    |ap_phi_mux_indvar_flatten18_phi_fu_875_p4         |    9|          2|   15|         30|
    |ap_phi_mux_indvar_flatten19_phi_fu_897_p4         |    9|          2|   13|         26|
    |ap_phi_mux_indvar_flatten_phi_fu_1162_p4          |    9|          2|   13|         26|
    |ap_phi_mux_j2_phi_fu_805_p4                       |    9|          2|    4|          8|
    |ap_phi_mux_j5_phi_fu_932_p4                       |    9|          2|    6|         12|
    |ap_phi_mux_j_phi_fu_1174_p4                       |    9|          2|    6|         12|
    |ap_phi_mux_k_phi_fu_828_p4                        |    9|          2|    4|          8|
    |ap_phi_mux_ka_phi_fu_1127_p4                      |    9|          2|    3|          6|
    |ap_phi_mux_kb_phi_fu_1150_p4                      |    9|          2|    3|          6|
    |ap_phi_mux_p_6_phi_fu_920_p4                      |    9|          2|   32|         64|
    |ap_phi_reg_pp2_iter3_A_V_2_load_0_0_phi_reg_940   |   41|          8|   12|         96|
    |ap_phi_reg_pp2_iter3_A_V_2_load_0_1_phi_reg_959   |   41|          8|   12|         96|
    |ap_phi_reg_pp2_iter3_A_V_2_load_0_2_phi_reg_978   |   41|          8|   12|         96|
    |ap_phi_reg_pp2_iter3_A_V_2_load_1_0_phi_reg_997   |   41|          8|   12|         96|
    |ap_phi_reg_pp2_iter3_A_V_2_load_1_1_phi_reg_1055  |   41|          8|   12|         96|
    |ap_phi_reg_pp2_iter3_A_V_2_load_1_2_phi_reg_1016  |   41|          8|   12|         96|
    |ap_phi_reg_pp2_iter3_A_V_2_load_2_0_phi_reg_1074  |   41|          8|   12|         96|
    |ap_phi_reg_pp2_iter3_A_V_2_load_2_1_phi_reg_1036  |   41|          8|   12|         96|
    |ap_phi_reg_pp2_iter3_A_V_2_load_2_2_phi_reg_1093  |   41|          8|   12|         96|
    |bias_V_8_address0                                 |   15|          3|    6|         18|
    |i1_reg_1194                                       |    9|          2|    7|         14|
    |i23_reg_1182                                      |    9|          2|    7|         14|
    |i3_reg_836                                        |    9|          2|    6|         12|
    |i4_reg_904                                        |    9|          2|    7|         14|
    |i8_reg_768                                        |    9|          2|   31|         62|
    |ia_reg_859                                        |    9|          2|    4|          8|
    |ib_reg_882                                        |    9|          2|    4|          8|
    |indvar_flatten13_reg_1135                         |    9|          2|   14|         28|
    |indvar_flatten14_reg_1112                         |    9|          2|   15|         30|
    |indvar_flatten15_reg_790                          |    9|          2|   12|         24|
    |indvar_flatten16_reg_813                          |    9|          2|   10|         20|
    |indvar_flatten17_reg_848                          |    9|          2|   17|         34|
    |indvar_flatten18_reg_871                          |    9|          2|   15|         30|
    |indvar_flatten19_reg_893                          |    9|          2|   13|         26|
    |indvar_flatten_reg_1158                           |    9|          2|   13|         26|
    |j2_reg_801                                        |    9|          2|    4|          8|
    |j5_reg_928                                        |    9|          2|    6|         12|
    |j_reg_1170                                        |    9|          2|    6|         12|
    |k_reg_824                                         |    9|          2|    4|          8|
    |ka_reg_1123                                       |    9|          2|    3|          6|
    |kb_reg_1146                                       |    9|          2|    3|          6|
    |num_img_reg_779                                   |    9|          2|   15|         30|
    |p_6_reg_916                                       |    9|          2|   32|         64|
    |real_start                                        |    9|          2|    1|          2|
    |stream_in_V_V_blk_n                               |    9|          2|    1|          2|
    |stream_out_V_V_blk_n                              |    9|          2|    1|          2|
    |stream_out_V_V_din                                |   15|          3|   16|         48|
    +--------------------------------------------------+-----+-----------+-----+-----------+
    |Total                                             | 1459|        300|  783|       2630|
    +--------------------------------------------------+-----+-----------+-----+-----------+

    * Register: 
    +--------------------------------------------------+----+----+-----+-----------+
    |                       Name                       | FF | LUT| Bits| Const Bits|
    +--------------------------------------------------+----+----+-----+-----------+
    |A_V_2_0_addr_3_reg_2895                           |   9|   0|    9|          0|
    |A_V_2_0_load_1_reg_3118                           |  12|   0|   12|          0|
    |A_V_2_0_load_2_reg_3143                           |  12|   0|   12|          0|
    |A_V_2_0_load_reg_3093                             |  12|   0|   12|          0|
    |A_V_2_1_addr_2_reg_2905                           |   9|   0|    9|          0|
    |A_V_2_1_addr_3_reg_2911                           |   9|   0|    9|          0|
    |A_V_2_2_addr_2_reg_2922                           |   9|   0|    9|          0|
    |A_V_2_2_addr_3_reg_2928                           |   9|   0|    9|          0|
    |A_V_2_3_addr_2_reg_2939                           |   9|   0|    9|          0|
    |A_V_2_3_addr_3_reg_2945                           |   9|   0|    9|          0|
    |A_V_2_4_addr_2_reg_2956                           |   9|   0|    9|          0|
    |A_V_2_4_addr_3_reg_2962                           |   9|   0|    9|          0|
    |A_V_2_5_addr_2_reg_2973                           |   9|   0|    9|          0|
    |A_V_2_5_addr_3_reg_2979                           |   9|   0|    9|          0|
    |A_V_2_6_addr_2_reg_2990                           |   9|   0|    9|          0|
    |A_V_2_6_addr_3_reg_2996                           |   9|   0|    9|          0|
    |A_V_2_7_addr_2_reg_3007                           |   9|   0|    9|          0|
    |A_V_2_7_addr_3_reg_3013                           |   9|   0|    9|          0|
    |A_V_2_8_addr_3_reg_3029                           |   9|   0|    9|          0|
    |A_V_2_8_load_1_reg_3123                           |  12|   0|   12|          0|
    |A_V_2_8_load_2_reg_3158                           |  12|   0|   12|          0|
    |A_V_2_8_load_reg_3108                             |  12|   0|   12|          0|
    |A_V_2_load_1_2_phi_reg_1016                       |  12|   0|   12|          0|
    |B_V_2_0_load_1_reg_3128                           |  12|   0|   12|          0|
    |B_V_2_0_load_2_reg_3148                           |  12|   0|   12|          0|
    |B_V_2_0_load_reg_3098                             |  12|   0|   12|          0|
    |B_V_2_1_load_1_reg_3133                           |  12|   0|   12|          0|
    |B_V_2_1_load_2_reg_3153                           |  12|   0|   12|          0|
    |B_V_2_1_load_reg_3103                             |  12|   0|   12|          0|
    |B_V_2_2_addr_3_reg_3088                           |  13|   0|   13|          0|
    |B_V_2_2_load_1_reg_3138                           |  12|   0|   12|          0|
    |B_V_2_2_load_reg_3113                             |  12|   0|   12|          0|
    |KER_bound_reg_2664                                |  32|   0|   32|          0|
    |Outbuf_V_reg_3420                                 |  16|   0|   16|          0|
    |ap_CS_fsm                                         |  28|   0|   28|          0|
    |ap_done_reg                                       |   1|   0|    1|          0|
    |ap_enable_reg_pp0_iter0                           |   1|   0|    1|          0|
    |ap_enable_reg_pp0_iter1                           |   1|   0|    1|          0|
    |ap_enable_reg_pp1_iter0                           |   1|   0|    1|          0|
    |ap_enable_reg_pp1_iter1                           |   1|   0|    1|          0|
    |ap_enable_reg_pp1_iter2                           |   1|   0|    1|          0|
    |ap_enable_reg_pp1_iter3                           |   1|   0|    1|          0|
    |ap_enable_reg_pp2_iter0                           |   1|   0|    1|          0|
    |ap_enable_reg_pp2_iter1                           |   1|   0|    1|          0|
    |ap_enable_reg_pp2_iter10                          |   1|   0|    1|          0|
    |ap_enable_reg_pp2_iter11                          |   1|   0|    1|          0|
    |ap_enable_reg_pp2_iter12                          |   1|   0|    1|          0|
    |ap_enable_reg_pp2_iter13                          |   1|   0|    1|          0|
    |ap_enable_reg_pp2_iter14                          |   1|   0|    1|          0|
    |ap_enable_reg_pp2_iter2                           |   1|   0|    1|          0|
    |ap_enable_reg_pp2_iter3                           |   1|   0|    1|          0|
    |ap_enable_reg_pp2_iter4                           |   1|   0|    1|          0|
    |ap_enable_reg_pp2_iter5                           |   1|   0|    1|          0|
    |ap_enable_reg_pp2_iter6                           |   1|   0|    1|          0|
    |ap_enable_reg_pp2_iter7                           |   1|   0|    1|          0|
    |ap_enable_reg_pp2_iter8                           |   1|   0|    1|          0|
    |ap_enable_reg_pp2_iter9                           |   1|   0|    1|          0|
    |ap_enable_reg_pp3_iter0                           |   1|   0|    1|          0|
    |ap_enable_reg_pp3_iter1                           |   1|   0|    1|          0|
    |ap_enable_reg_pp3_iter2                           |   1|   0|    1|          0|
    |ap_enable_reg_pp3_iter3                           |   1|   0|    1|          0|
    |ap_enable_reg_pp3_iter4                           |   1|   0|    1|          0|
    |ap_enable_reg_pp3_iter5                           |   1|   0|    1|          0|
    |ap_enable_reg_pp4_iter0                           |   1|   0|    1|          0|
    |ap_enable_reg_pp4_iter1                           |   1|   0|    1|          0|
    |ap_enable_reg_pp4_iter2                           |   1|   0|    1|          0|
    |ap_phi_reg_pp2_iter1_A_V_2_load_0_0_phi_reg_940   |  12|   0|   12|          0|
    |ap_phi_reg_pp2_iter1_A_V_2_load_0_1_phi_reg_959   |  12|   0|   12|          0|
    |ap_phi_reg_pp2_iter1_A_V_2_load_0_2_phi_reg_978   |  12|   0|   12|          0|
    |ap_phi_reg_pp2_iter1_A_V_2_load_1_0_phi_reg_997   |  12|   0|   12|          0|
    |ap_phi_reg_pp2_iter1_A_V_2_load_1_1_phi_reg_1055  |  12|   0|   12|          0|
    |ap_phi_reg_pp2_iter1_A_V_2_load_1_2_phi_reg_1016  |  12|   0|   12|          0|
    |ap_phi_reg_pp2_iter1_A_V_2_load_2_0_phi_reg_1074  |  12|   0|   12|          0|
    |ap_phi_reg_pp2_iter1_A_V_2_load_2_1_phi_reg_1036  |  12|   0|   12|          0|
    |ap_phi_reg_pp2_iter1_A_V_2_load_2_2_phi_reg_1093  |  12|   0|   12|          0|
    |ap_phi_reg_pp2_iter2_A_V_2_load_0_0_phi_reg_940   |  12|   0|   12|          0|
    |ap_phi_reg_pp2_iter2_A_V_2_load_0_1_phi_reg_959   |  12|   0|   12|          0|
    |ap_phi_reg_pp2_iter2_A_V_2_load_0_2_phi_reg_978   |  12|   0|   12|          0|
    |ap_phi_reg_pp2_iter2_A_V_2_load_1_0_phi_reg_997   |  12|   0|   12|          0|
    |ap_phi_reg_pp2_iter2_A_V_2_load_1_1_phi_reg_1055  |  12|   0|   12|          0|
    |ap_phi_reg_pp2_iter2_A_V_2_load_1_2_phi_reg_1016  |  12|   0|   12|          0|
    |ap_phi_reg_pp2_iter2_A_V_2_load_2_0_phi_reg_1074  |  12|   0|   12|          0|
    |ap_phi_reg_pp2_iter2_A_V_2_load_2_1_phi_reg_1036  |  12|   0|   12|          0|
    |ap_phi_reg_pp2_iter2_A_V_2_load_2_2_phi_reg_1093  |  12|   0|   12|          0|
    |ap_phi_reg_pp2_iter3_A_V_2_load_0_0_phi_reg_940   |  12|   0|   12|          0|
    |ap_phi_reg_pp2_iter3_A_V_2_load_0_1_phi_reg_959   |  12|   0|   12|          0|
    |ap_phi_reg_pp2_iter3_A_V_2_load_0_2_phi_reg_978   |  12|   0|   12|          0|
    |ap_phi_reg_pp2_iter3_A_V_2_load_1_0_phi_reg_997   |  12|   0|   12|          0|
    |ap_phi_reg_pp2_iter3_A_V_2_load_1_1_phi_reg_1055  |  12|   0|   12|          0|
    |ap_phi_reg_pp2_iter3_A_V_2_load_1_2_phi_reg_1016  |  12|   0|   12|          0|
    |ap_phi_reg_pp2_iter3_A_V_2_load_2_0_phi_reg_1074  |  12|   0|   12|          0|
    |ap_phi_reg_pp2_iter3_A_V_2_load_2_1_phi_reg_1036  |  12|   0|   12|          0|
    |ap_phi_reg_pp2_iter3_A_V_2_load_2_2_phi_reg_1093  |  12|   0|   12|          0|
    |bias_V_8_load_reg_3349                            |  12|   0|   12|          0|
    |buf_V_6_2_2_reg_3343                              |  32|   0|   32|          0|
    |exitcond1_mid2_reg_2792                           |   1|   0|    1|          0|
    |exitcond_flatten21_reg_3434                       |   1|   0|    1|          0|
    |exitcond_flatten21_reg_3434_pp3_iter1_reg         |   1|   0|    1|          0|
    |exitcond_flatten22_reg_3455                       |   1|   0|    1|          0|
    |exitcond_flatten23_reg_2687                       |   1|   0|    1|          0|
    |exitcond_flatten24_reg_2696                       |   1|   0|    1|          0|
    |exitcond_flatten25_reg_2760                       |   1|   0|    1|          0|
    |exitcond_flatten26_reg_2769                       |   1|   0|    1|          0|
    |exitcond_flatten65_m_reg_2785                     |   1|   0|    1|          0|
    |exitcond_flatten_mid_reg_3460                     |   1|   0|    1|          0|
    |exitcond_flatten_reg_3425                         |   1|   0|    1|          0|
    |exitcond_reg_3528                                 |   1|   0|    1|          0|
    |exitcond_reg_3528_pp4_iter1_reg                   |   1|   0|    1|          0|
    |i1_reg_1194                                       |   7|   0|    7|          0|
    |i1_reg_1194_pp4_iter1_reg                         |   7|   0|    7|          0|
    |i23_mid2_reg_3490                                 |   7|   0|    7|          0|
    |i23_reg_1182                                      |   7|   0|    7|          0|
    |i3_mid2_reg_2715                                  |   6|   0|    6|          0|
    |i3_reg_836                                        |   6|   0|    6|          0|
    |i4_mid_reg_2814                                   |   7|   0|    7|          0|
    |i4_reg_904                                        |   7|   0|    7|          0|
    |i8_reg_768                                        |  31|   0|   31|          0|
    |i_24_reg_3532                                     |   7|   0|    7|          0|
    |i_25_reg_3501                                     |   7|   0|    7|          0|
    |i_26_reg_2824                                     |   7|   0|    7|          0|
    |i_4_reg_2726                                      |   6|   0|    6|          0|
    |ia_2_reg_2754                                     |   4|   0|    4|          0|
    |ia_reg_859                                        |   4|   0|    4|          0|
    |ib_mid2_reg_2819                                  |   4|   0|    4|          0|
    |ib_mid_reg_2779                                   |   4|   0|    4|          0|
    |ib_reg_882                                        |   4|   0|    4|          0|
    |ifzero_reg_3059                                   |   1|   0|    1|          0|
    |indvar_flatten13_reg_1135                         |  14|   0|   14|          0|
    |indvar_flatten14_reg_1112                         |  15|   0|   15|          0|
    |indvar_flatten15_reg_790                          |  12|   0|   12|          0|
    |indvar_flatten16_reg_813                          |  10|   0|   10|          0|
    |indvar_flatten17_reg_848                          |  17|   0|   17|          0|
    |indvar_flatten18_reg_871                          |  15|   0|   15|          0|
    |indvar_flatten19_reg_893                          |  13|   0|   13|          0|
    |indvar_flatten63_op_reg_2798                      |  13|   0|   13|          0|
    |indvar_flatten78_op_reg_2803                      |  15|   0|   15|          0|
    |indvar_flatten_next2_4_reg_2847                   |  13|   0|   13|          0|
    |indvar_flatten_next2_5_reg_2852                   |  15|   0|   15|          0|
    |indvar_flatten_next2_6_reg_2764                   |  17|   0|   17|          0|
    |indvar_flatten_next_reg_3479                      |  13|   0|   13|          0|
    |indvar_flatten_reg_1158                           |  13|   0|   13|          0|
    |j2_reg_801                                        |   4|   0|    4|          0|
    |j5_mid2_reg_2834                                  |   6|   0|    6|          0|
    |j5_reg_928                                        |   6|   0|    6|          0|
    |j_4_reg_2841                                      |   6|   0|    6|          0|
    |j_reg_1170                                        |   6|   0|    6|          0|
    |k_mid2_reg_2721                                   |   4|   0|    4|          0|
    |k_mid2_reg_2721_pp1_iter2_reg                     |   4|   0|    4|          0|
    |k_reg_824                                         |   4|   0|    4|          0|
    |ka_reg_1123                                       |   3|   0|    3|          0|
    |kb_mid2_reg_3474                                  |   3|   0|    3|          0|
    |kb_reg_1146                                       |   3|   0|    3|          0|
    |kb_t_mid2_reg_3470                                |   2|   0|    2|          0|
    |lhs_V_reg_2632                                    |  32|   0|   32|          0|
    |mul_reg_3405                                      |  67|   0|   67|          0|
    |multiple_V_8                                      |  12|   0|   12|          0|
    |neg_mul_reg_3415                                  |  67|   0|   67|          0|
    |not_exitcond_flatten_8_reg_3450                   |   1|   0|    1|          0|
    |num_img_6_reg_2682                                |  15|   0|   15|          0|
    |num_img_reg_779                                   |  15|   0|   15|          0|
    |p_6_mid2_reg_3328                                 |  32|   0|   32|          0|
    |p_6_reg_916                                       |  32|   0|   32|          0|
    |p_s_reg_2659                                      |  32|   0|   32|          0|
    |r_V_15_0_1_reg_3258                               |  24|   0|   24|          0|
    |r_V_15_0_2_reg_3263                               |  24|   0|   24|          0|
    |r_V_15_1_1_reg_3278                               |  24|   0|   24|          0|
    |r_V_15_1_2_reg_3283                               |  24|   0|   24|          0|
    |r_V_15_1_reg_3268                                 |  24|   0|   24|          0|
    |r_V_15_2_1_reg_3273                               |  24|   0|   24|          0|
    |r_V_15_2_reg_3288                                 |  24|   0|   24|          0|
    |r_V_2_reg_3253                                    |  24|   0|   24|          0|
    |r_V_reg_3354                                      |  32|   0|   32|          0|
    |r_V_s_reg_3389                                    |  33|   0|   33|          0|
    |reg_1206                                          |  12|   0|   12|          0|
    |reg_1213                                          |  12|   0|   12|          0|
    |reg_1220                                          |  12|   0|   12|          0|
    |reg_1227                                          |  12|   0|   12|          0|
    |reg_1234                                          |  12|   0|   12|          0|
    |reg_1240                                          |  12|   0|   12|          0|
    |reg_1247                                          |  12|   0|   12|          0|
    |reg_1253                                          |  12|   0|   12|          0|
    |reg_1260                                          |  12|   0|   12|          0|
    |reg_1267                                          |  12|   0|   12|          0|
    |reg_1274                                          |  12|   0|   12|          0|
    |reg_1281                                          |  12|   0|   12|          0|
    |reg_1287                                          |  12|   0|   12|          0|
    |reg_1294                                          |  12|   0|   12|          0|
    |reg_1300                                          |  12|   0|   12|          0|
    |reg_1307                                          |  12|   0|   12|          0|
    |reg_1314                                          |  12|   0|   12|          0|
    |reg_1321                                          |  12|   0|   12|          0|
    |reg_1328                                          |  12|   0|   12|          0|
    |reg_1335                                          |  12|   0|   12|          0|
    |reg_1341                                          |  12|   0|   12|          0|
    |start_once_reg                                    |   1|   0|    1|          0|
    |tmp1_reg_3308                                     |  26|   0|   26|          0|
    |tmp2_reg_3293                                     |  25|   0|   25|          0|
    |tmp3_reg_3298                                     |  25|   0|   25|          0|
    |tmp4_reg_3323                                     |  26|   0|   26|          0|
    |tmp5_reg_3313                                     |  25|   0|   25|          0|
    |tmp6_reg_3318                                     |  25|   0|   25|          0|
    |tmp7_reg_3303                                     |  25|   0|   25|          0|
    |tmp8_reg_2649                                     |  32|   0|   32|          0|
    |tmp9_reg_2654                                     |  32|   0|   32|          0|
    |tmp_126_mid2_v_v_reg_3484                         |   3|   0|    3|          0|
    |tmp_126_mid2_v_v_reg_3484_pp3_iter3_reg           |   3|   0|    3|          0|
    |tmp_128_reg_2669                                  |   1|   0|    1|          0|
    |tmp_134_mid2_v_reg_2709                           |   4|   0|    4|          0|
    |tmp_135_mid2_reg_3495                             |   6|   0|    6|          0|
    |tmp_136_reg_2749                                  |   4|   0|    4|          0|
    |tmp_144_mid2_reg_2857                             |   7|   0|    7|          0|
    |tmp_148_reg_3374                                  |  22|   0|   22|          0|
    |tmp_152_reg_3369                                  |  20|   0|   20|          0|
    |tmp_155_reg_3364                                  |  20|   0|   20|          0|
    |tmp_157_reg_3333                                  |  27|   0|   27|          0|
    |tmp_190_1_mid2_reg_2808                           |   4|   0|    4|          0|
    |tmp_216_reg_3465                                  |   1|   0|    1|          0|
    |tmp_220_reg_3506                                  |  13|   0|   13|          0|
    |tmp_224_reg_3516                                  |  14|   0|   14|          0|
    |tmp_229_reg_2731                                  |  10|   0|   10|          0|
    |tmp_232_reg_3511                                  |  12|   0|   12|          0|
    |tmp_234_reg_3521                                  |  12|   0|   12|          0|
    |tmp_235_reg_3537                                  |  12|   0|   12|          0|
    |tmp_238_reg_2863                                  |  10|   0|   10|          0|
    |tmp_239_reg_2868                                  |  10|   0|   10|          0|
    |tmp_240_reg_2873                                  |  10|   0|   10|          0|
    |tmp_242_reg_2878                                  |  14|   0|   14|          0|
    |tmp_243_reg_2736                                  |  12|   0|   12|          0|
    |tmp_244_reg_3039                                  |  14|   0|   14|          0|
    |tmp_245_reg_3044                                  |  14|   0|   14|          0|
    |tmp_250_reg_2829                                  |   1|   0|    1|          0|
    |tmp_254_reg_3359                                  |   1|   0|    1|          0|
    |tmp_255_reg_3394                                  |   1|   0|    1|          0|
    |tmp_257_reg_3410                                  |  29|   0|   29|          0|
    |tmp_V_136_reg_2604                                |  16|   0|   16|          0|
    |tmp_V_138_reg_2609                                |  16|   0|   16|          0|
    |tmp_V_140_reg_2614                                |  16|   0|   16|          0|
    |tmp_V_144_reg_2619                                |  16|   0|   16|          0|
    |tmp_V_reg_2598                                    |  16|   0|   16|          0|
    |exitcond_flatten23_reg_2687                       |  64|  32|    1|          0|
    |exitcond_flatten25_reg_2760                       |  64|  32|    1|          0|
    |exitcond_flatten_reg_3425                         |  64|  32|    1|          0|
    |ib_mid2_reg_2819                                  |  64|  32|    4|          0|
    |ifzero_reg_3059                                   |  64|  32|    1|          0|
    |kb_t_mid2_reg_3470                                |  64|  32|    2|          0|
    |tmp_144_mid2_reg_2857                             |  64|  32|    7|          0|
    |tmp_250_reg_2829                                  |  64|  32|    1|          0|
    |tmp_255_reg_3394                                  |  64|  32|    1|          0|
    +--------------------------------------------------+----+----+-----+-----------+
    |Total                                             |3227| 288| 2670|          0|
    +--------------------------------------------------+----+----+-----+-----------+



================================================================
== Interface
================================================================
* Summary: 
+-----------------------+-----+-----+------------+----------------+--------------+
|       RTL Ports       | Dir | Bits|  Protocol  |  Source Object |    C Type    |
+-----------------------+-----+-----+------------+----------------+--------------+
|ap_clk                 |  in |    1| ap_ctrl_hs |     Conv.1     | return value |
|ap_rst                 |  in |    1| ap_ctrl_hs |     Conv.1     | return value |
|ap_start               |  in |    1| ap_ctrl_hs |     Conv.1     | return value |
|start_full_n           |  in |    1| ap_ctrl_hs |     Conv.1     | return value |
|ap_done                | out |    1| ap_ctrl_hs |     Conv.1     | return value |
|ap_continue            |  in |    1| ap_ctrl_hs |     Conv.1     | return value |
|ap_idle                | out |    1| ap_ctrl_hs |     Conv.1     | return value |
|ap_ready               | out |    1| ap_ctrl_hs |     Conv.1     | return value |
|start_out              | out |    1| ap_ctrl_hs |     Conv.1     | return value |
|start_write            | out |    1| ap_ctrl_hs |     Conv.1     | return value |
|stream_in_V_V_dout     |  in |   16|   ap_fifo  |  stream_in_V_V |    pointer   |
|stream_in_V_V_empty_n  |  in |    1|   ap_fifo  |  stream_in_V_V |    pointer   |
|stream_in_V_V_read     | out |    1|   ap_fifo  |  stream_in_V_V |    pointer   |
|stream_out_V_V_din     | out |   16|   ap_fifo  | stream_out_V_V |    pointer   |
|stream_out_V_V_full_n  |  in |    1|   ap_fifo  | stream_out_V_V |    pointer   |
|stream_out_V_V_write   | out |    1|   ap_fifo  | stream_out_V_V |    pointer   |
+-----------------------+-----+-----+------------+----------------+--------------+

