

================================================================
== Vivado HLS Report for 'Conv'
================================================================
* Date:           Wed Jun 12 19:04:05 2019

* Version:        2018.2 (Build 2258646 on Thu Jun 14 20:25:20 MDT 2018)
* Project:        ULTRA_HLS
* Solution:       solution1
* Product family: zynq
* Target device:  xc7z020clg400-1


================================================================
== Performance Estimates
================================================================
+ Timing (ns): 
    * Summary: 
    +--------+-------+----------+------------+
    |  Clock | Target| Estimated| Uncertainty|
    +--------+-------+----------+------------+
    |ap_clk  |   5.00|     5.417|        0.63|
    +--------+-------+----------+------------+

+ Latency (clock cycles): 
    * Summary: 
    +-----+----------+-----+----------+---------+
    |     Latency    |    Interval    | Pipeline|
    | min |    max   | min |    max   |   Type  |
    +-----+----------+-----+----------+---------+
    |  433|  13407272|  433|  13407272|   none  |
    +-----+----------+-----+----------+---------+

    + Detail: 
        * Instance: 
        N/A

        * Loop: 
        +-------------+--------+----------+----------+-----------+-----------+-------------+----------+
        |             |      Latency      | Iteration|  Initiation Interval  |     Trip    |          |
        |  Loop Name  |   min  |    max   |  Latency |  achieved |   target  |    Count    | Pipelined|
        +-------------+--------+----------+----------+-----------+-----------+-------------+----------+
        |- Loop 1     |   18436|     18436|         6|          1|          1|        18432|    yes   |
        |- Loop 2     |      33|        33|         3|          1|          1|           32|    yes   |
        |- Loop 3     |  105569|  13407263|    105569|          -|          -|   1 ~ 127   |    no    |
        | + Loop 3.1  |    3138|      3138|         4|          1|          1|         3136|    yes   |
        | + Loop 3.2  |  102426|    102426|        29|          2|          1|        51200|    yes   |
        |- Loop 4     |     416|     18560|         2|          1|          1| 416 ~ 18560 |    yes   |
        +-------------+--------+----------+----------+-----------+-----------+-------------+----------+



================================================================
== Utilization Estimates
================================================================
* Summary: 
+-----------------+---------+-------+--------+-------+
|       Name      | BRAM_18K| DSP48E|   FF   |  LUT  |
+-----------------+---------+-------+--------+-------+
|DSP              |        -|     12|       -|      -|
|Expression       |        -|      -|       0|   1758|
|FIFO             |        -|      -|       -|      -|
|Instance         |        -|      8|     491|     41|
|Memory           |       25|      -|      12|      6|
|Multiplexer      |        -|      -|       -|   1303|
|Register         |        0|      -|    3134|    288|
+-----------------+---------+-------+--------+-------+
|Total            |       25|     20|    3637|   3396|
+-----------------+---------+-------+--------+-------+
|Available        |      280|    220|  106400|  53200|
+-----------------+---------+-------+--------+-------+
|Utilization (%)  |        8|      9|       3|      6|
+-----------------+---------+-------+--------+-------+

+ Detail: 
    * Instance: 
    +--------------------------+----------------------+---------+-------+-----+----+
    |         Instance         |        Module        | BRAM_18K| DSP48E|  FF | LUT|
    +--------------------------+----------------------+---------+-------+-----+----+
    |ultra_mul_32s_32sbkb_U98  |ultra_mul_32s_32sbkb  |        0|      4|  215|   1|
    |ultra_mul_35ns_33dEe_U99  |ultra_mul_35ns_33dEe  |        0|      4|  276|  40|
    +--------------------------+----------------------+---------+-------+-----+----+
    |Total                     |                      |        0|      8|  491|  41|
    +--------------------------+----------------------+---------+-------+-----+----+

    * DSP48: 
    +---------------------------+----------------------+--------------+
    |          Instance         |        Module        |  Expression  |
    +---------------------------+----------------------+--------------+
    |ultra_mac_muladd_fYi_U110  |ultra_mac_muladd_fYi  | i0 + i1 * i2 |
    |ultra_mul_mul_12seOg_U102  |ultra_mul_mul_12seOg  |    i0 * i1   |
    |ultra_mul_mul_12seOg_U103  |ultra_mul_mul_12seOg  |    i0 * i1   |
    |ultra_mul_mul_12seOg_U104  |ultra_mul_mul_12seOg  |    i0 * i1   |
    |ultra_mul_mul_12seOg_U105  |ultra_mul_mul_12seOg  |    i0 * i1   |
    |ultra_mul_mul_12seOg_U106  |ultra_mul_mul_12seOg  |    i0 * i1   |
    |ultra_mul_mul_12seOg_U107  |ultra_mul_mul_12seOg  |    i0 * i1   |
    |ultra_mul_mul_12seOg_U108  |ultra_mul_mul_12seOg  |    i0 * i1   |
    |ultra_mul_mul_12seOg_U109  |ultra_mul_mul_12seOg  |    i0 * i1   |
    |ultra_mul_mul_12sg8j_U111  |ultra_mul_mul_12sg8j  |    i0 * i1   |
    |ultra_mul_mul_16scud_U100  |ultra_mul_mul_16scud  |    i0 * i0   |
    |ultra_mul_mul_16scud_U101  |ultra_mul_mul_16scud  |    i0 * i1   |
    +---------------------------+----------------------+--------------+

    * Memory: 
    +------------+----------------+---------+----+----+------+-----+------+-------------+
    |   Memory   |     Module     | BRAM_18K| FF | LUT| Words| Bits| Banks| W*Bits*Banks|
    +------------+----------------+---------+----+----+------+-----+------+-------------+
    |B_V_3_0_U   |Conv_1_B_V_2_0  |        6|   0|   0|  6144|   12|     1|        73728|
    |B_V_3_1_U   |Conv_1_B_V_2_0  |        6|   0|   0|  6144|   12|     1|        73728|
    |B_V_3_2_U   |Conv_1_B_V_2_0  |        6|   0|   0|  6144|   12|     1|        73728|
    |bias_V_7_U  |Conv_3_bias_V   |        0|  12|   6|    32|   12|     1|          384|
    |A_V_3_2_U   |Conv_A_V_3_2    |        1|   0|   0|   448|   12|     1|         5376|
    |A_V_3_3_U   |Conv_A_V_3_2    |        1|   0|   0|   448|   12|     1|         5376|
    |A_V_3_4_U   |Conv_A_V_3_2    |        1|   0|   0|   448|   12|     1|         5376|
    |A_V_3_5_U   |Conv_A_V_3_2    |        1|   0|   0|   448|   12|     1|         5376|
    |A_V_3_6_U   |Conv_A_V_3_2    |        1|   0|   0|   448|   12|     1|         5376|
    |A_V_3_1_U   |Conv_A_V_3_2    |        1|   0|   0|   448|   12|     1|         5376|
    |A_V_3_0_U   |Conv_A_V_3_2    |        1|   0|   0|   448|   12|     1|         5376|
    +------------+----------------+---------+----+----+------+-----+------+-------------+
    |Total       |                |       25|  12|   6| 21600|  132|    11|       259200|
    +------------+----------------+---------+----+----+------+-----+------+-------------+

    * FIFO: 
    N/A

    * Expression: 
    +------------------------------------+----------+-------+---+----+------------+------------+
    |            Variable Name           | Operation| DSP48E| FF| LUT| Bitwidth P0| Bitwidth P1|
    +------------------------------------+----------+-------+---+----+------------+------------+
    |KER_bound_fu_1208_p2                |     +    |      0|  0|  39|          32|          32|
    |buf_V_5_2_2_fu_1892_p2              |     +    |      0|  0|  39|          32|          32|
    |i_27_fu_2321_p2                     |     +    |      0|  0|  15|           6|           1|
    |i_28_fu_2250_p2                     |     +    |      0|  0|  15|           6|           1|
    |i_29_fu_1510_p2                     |     +    |      0|  0|  15|           1|           6|
    |i_5_fu_1338_p2                      |     +    |      0|  0|  15|           7|           1|
    |i_fu_1221_p2                        |     +    |      0|  0|  38|          31|           1|
    |ia_1_fu_1389_p2                     |     +    |      0|  0|  12|           3|           1|
    |ia_1_mid1_fu_1565_p2                |     +    |      0|  0|  12|           2|           3|
    |ib_1_fu_1487_p2                     |     +    |      0|  0|  12|           1|           3|
    |indvar_flatten13_op_fu_2077_p2      |     +    |      0|  0|  19|          14|           1|
    |indvar_flatten44_op_fu_1260_p2      |     +    |      0|  0|  14|          10|           1|
    |indvar_flatten63_op_fu_1469_p2      |     +    |      0|  0|  17|          13|           1|
    |indvar_flatten78_op_fu_1475_p2      |     +    |      0|  0|  21|          15|           1|
    |indvar_flatten_next2_fu_2065_p2     |     +    |      0|  0|  21|          15|           1|
    |indvar_flatten_next3_3_fu_1401_p2   |     +    |      0|  0|  23|          16|           1|
    |indvar_flatten_next3_fu_1248_p2     |     +    |      0|  0|  12|          12|           1|
    |indvar_flatten_op_fu_2157_p2        |     +    |      0|  0|  17|          13|           1|
    |j_7_fu_1274_p2                      |     +    |      0|  0|  12|           1|           3|
    |j_8_fu_2218_p2                      |     +    |      0|  0|  15|           1|           7|
    |j_9_fu_1533_p2                      |     +    |      0|  0|  15|           7|           1|
    |k_4_fu_1311_p2                      |     +    |      0|  0|  12|           1|           3|
    |ka_3_fu_2171_p2                     |     +    |      0|  0|  12|           2|           3|
    |kb_2_fu_2126_p2                     |     +    |      0|  0|  12|           2|           3|
    |num_img_5_fu_1236_p2                |     +    |      0|  0|  21|          15|           1|
    |r_V_fu_1903_p2                      |     +    |      0|  0|  40|          33|          33|
    |tmp1_fu_1837_p2                     |     +    |      0|  0|  33|          26|          26|
    |tmp2_fu_1810_p2                     |     +    |      0|  0|  32|          25|          25|
    |tmp3_fu_1816_p2                     |     +    |      0|  0|  32|          25|          25|
    |tmp4_fu_1860_p2                     |     +    |      0|  0|  33|          26|          26|
    |tmp5_fu_1843_p2                     |     +    |      0|  0|  32|          25|          25|
    |tmp6_fu_1849_p2                     |     +    |      0|  0|  32|          25|          25|
    |tmp_109_fu_1383_p2                  |     +    |      0|  0|  12|           3|           2|
    |tmp_122_fu_1883_p2                  |     +    |      0|  0|  34|          27|          27|
    |tmp_252_fu_2270_p2                  |     +    |      0|  0|  17|          13|          13|
    |tmp_254_fu_2299_p2                  |     +    |      0|  0|  12|          14|          14|
    |tmp_258_fu_1363_p2                  |     +    |      0|  0|  12|          10|          10|
    |tmp_265_fu_1617_p2                  |     +    |      0|  0|  14|          10|          10|
    |tmp_267_fu_1623_p2                  |     +    |      0|  0|  14|          10|          10|
    |tmp_270_fu_1629_p2                  |     +    |      0|  0|  14|          10|          10|
    |tmp_271_fu_1635_p2                  |     +    |      0|  0|  71|          64|          64|
    |tmp_273_fu_1691_p2                  |     +    |      0|  0|  19|           1|          14|
    |tmp_274_fu_1697_p2                  |     +    |      0|  0|  19|           2|          14|
    |neg_mul_fu_1998_p2                  |     -    |      0|  0|  74|           1|          67|
    |neg_ti_fu_2026_p2                   |     -    |      0|  0|  40|           1|          33|
    |p_neg_fu_1927_p2                    |     -    |      0|  0|  40|           1|          33|
    |p_neg_t_fu_1945_p2                  |     -    |      0|  0|  29|           1|          22|
    |tmp_253_fu_2293_p2                  |     -    |      0|  0|  12|          14|          14|
    |tmp_257_fu_1357_p2                  |     -    |      0|  0|  12|          10|          10|
    |tmp_264_fu_1611_p2                  |     -    |      0|  0|  14|          10|          10|
    |tmp_272_fu_1686_p2                  |     -    |      0|  0|  19|          14|          14|
    |ap_block_pp0_stage0_01001           |    and   |      0|  0|   2|           1|           1|
    |ap_block_pp1_stage0_11001           |    and   |      0|  0|   2|           1|           1|
    |ap_block_pp2_stage0_01001           |    and   |      0|  0|   2|           1|           1|
    |ap_block_pp3_stage0_01001           |    and   |      0|  0|   2|           1|           1|
    |ap_block_pp4_stage0_01001           |    and   |      0|  0|   2|           1|           1|
    |ap_block_state23_pp1_stage0_iter2   |    and   |      0|  0|   2|           1|           1|
    |ap_block_state54_pp2_stage0_iter14  |    and   |      0|  0|   2|           1|           1|
    |ap_condition_502                    |    and   |      0|  0|   2|           1|           1|
    |ap_condition_520                    |    and   |      0|  0|   2|           1|           1|
    |exitcond1_mid3_fu_1463_p2           |    and   |      0|  0|   2|           1|           1|
    |exitcond1_mid_fu_1433_p2            |    and   |      0|  0|   2|           1|           1|
    |exitcond5_mid1_fu_2212_p2           |    and   |      0|  0|   2|           1|           1|
    |exitcond5_mid_fu_2190_p2            |    and   |      0|  0|   2|           1|           1|
    |exitcond9_mid_fu_1305_p2            |    and   |      0|  0|   2|           1|           1|
    |exitcond_flatten65_m_fu_1445_p2     |    and   |      0|  0|   2|           1|           1|
    |exitcond_flatten_mid_fu_2120_p2     |    and   |      0|  0|   2|           1|           1|
    |exitcond18_fu_2184_p2               |   icmp   |      0|  0|  11|           6|           7|
    |exitcond19_fu_1299_p2               |   icmp   |      0|  0|  11|           7|           8|
    |exitcond20_fu_1427_p2               |   icmp   |      0|  0|  11|           7|           8|
    |exitcond_flatten28_fu_2071_p2       |   icmp   |      0|  0|  13|          14|          13|
    |exitcond_flatten29_fu_2114_p2       |   icmp   |      0|  0|  13|          13|          12|
    |exitcond_flatten30_fu_1242_p2       |   icmp   |      0|  0|  13|          12|          11|
    |exitcond_flatten31_fu_1254_p2       |   icmp   |      0|  0|  13|          10|           9|
    |exitcond_flatten32_fu_1395_p2       |   icmp   |      0|  0|  13|          16|          15|
    |exitcond_flatten33_fu_1407_p2       |   icmp   |      0|  0|  13|          15|          14|
    |exitcond_flatten34_fu_1439_p2       |   icmp   |      0|  0|  13|          13|          12|
    |exitcond_flatten_fu_2059_p2         |   icmp   |      0|  0|  13|          15|          15|
    |exitcond_fu_2315_p2                 |   icmp   |      0|  0|  11|           6|           7|
    |ifzero_fu_1703_p2                   |   icmp   |      0|  0|  11|           7|           8|
    |tmp_100_fu_1231_p2                  |   icmp   |      0|  0|  13|          16|          16|
    |tmp_101_fu_1216_p2                  |   icmp   |      0|  0|  18|          32|          32|
    |tmp_96_fu_1180_p2                   |   icmp   |      0|  0|  13|          16|           1|
    |tmp_s_fu_1175_p2                    |   icmp   |      0|  0|  13|          16|           3|
    |ap_block_state1                     |    or    |      0|  0|   2|           1|           1|
    |ap_block_state18_pp0_stage0_iter1   |    or    |      0|  0|   2|           1|           1|
    |ap_block_state2                     |    or    |      0|  0|   2|           1|           1|
    |ap_block_state60_pp3_stage0_iter4   |    or    |      0|  0|   2|           1|           1|
    |ap_block_state64_pp4_stage0_iter1   |    or    |      0|  0|   2|           1|           1|
    |not_exitcond_flatten_10_fu_1457_p2  |    or    |      0|  0|   2|           1|           1|
    |not_exitcond_flatten_8_fu_2207_p2   |    or    |      0|  0|   2|           1|           1|
    |tmp_249_fu_2132_p2                  |    or    |      0|  0|   2|           1|           1|
    |tmp_250_fu_2224_p2                  |    or    |      0|  0|   2|           1|           1|
    |tmp_255_fu_1317_p2                  |    or    |      0|  0|   2|           1|           1|
    |tmp_259_fu_1492_p2                  |    or    |      0|  0|   2|           1|           1|
    |tmp_261_fu_1516_p2                  |    or    |      0|  0|   2|           1|           1|
    |tmp_269_fu_2229_p2                  |    or    |      0|  0|   2|           1|           1|
    |tmp_289_fu_1520_p2                  |    or    |      0|  0|   2|           1|           1|
    |Outbuf_V_fu_2051_p3                 |  select  |      0|  0|  16|           1|           1|
    |i18_mid2_fu_2234_p3                 |  select  |      0|  0|   6|           1|           1|
    |i3_mid2_fu_1322_p3                  |  select  |      0|  0|   7|           1|           1|
    |i4_mid_fu_1496_p3                   |  select  |      0|  0|   6|           1|           1|
    |ib_mid2_fu_1504_p3                  |  select  |      0|  0|   3|           1|           3|
    |ib_mid_fu_1413_p3                   |  select  |      0|  0|   3|           1|           1|
    |indvar_flatten_next1_fu_2083_p3     |  select  |      0|  0|  14|           1|           1|
    |indvar_flatten_next2_7_fu_1266_p3   |  select  |      0|  0|  10|           1|           1|
    |indvar_flatten_next3_1_fu_1539_p3   |  select  |      0|  0|  13|           1|           1|
    |indvar_flatten_next3_2_fu_1546_p3   |  select  |      0|  0|  15|           1|           1|
    |indvar_flatten_next_fu_2163_p3      |  select  |      0|  0|  13|           1|           1|
    |j5_mid2_fu_1525_p3                  |  select  |      0|  0|   7|           1|           1|
    |j_mid_fu_2195_p3                    |  select  |      0|  0|   7|           1|           1|
    |k_mid2_fu_1330_p3                   |  select  |      0|  0|   3|           1|           3|
    |k_mid_fu_1280_p3                    |  select  |      0|  0|   3|           1|           1|
    |kb_mid2_fu_2149_p3                  |  select  |      0|  0|   3|           1|           3|
    |kb_mid_fu_2091_p3                   |  select  |      0|  0|   3|           1|           2|
    |kb_t_mid2_fu_2141_p3                |  select  |      0|  0|   2|           1|           2|
    |kb_t_mid_fu_2102_p3                 |  select  |      0|  0|   3|           1|           3|
    |p_5_mid2_fu_1866_p3                 |  select  |      0|  0|  32|           1|           1|
    |tmp_107_mid2_v_fu_1287_p3           |  select  |      0|  0|   3|           1|           3|
    |tmp_108_mid2_fu_2242_p3             |  select  |      0|  0|   7|           1|           7|
    |tmp_110_mid2_fu_1552_p3             |  select  |      0|  0|   3|           1|           3|
    |tmp_117_mid2_fu_1581_p3             |  select  |      0|  0|   6|           1|           6|
    |tmp_118_fu_1954_p3                  |  select  |      0|  0|  22|           1|          22|
    |tmp_119_fu_2032_p3                  |  select  |      0|  0|  33|           1|          33|
    |tmp_150_1_mid2_fu_1481_p3           |  select  |      0|  0|   3|           1|           3|
    |tmp_150_2_mid2_fu_1571_p3           |  select  |      0|  0|   3|           1|           3|
    |tmp_280_fu_2019_p3                  |  select  |      0|  0|  33|           1|          33|
    |tmp_99_mid2_v_v_fu_2177_p3          |  select  |      0|  0|   3|           1|           3|
    |ap_enable_pp0                       |    xor   |      0|  0|   2|           1|           2|
    |ap_enable_pp1                       |    xor   |      0|  0|   2|           1|           2|
    |ap_enable_pp2                       |    xor   |      0|  0|   2|           1|           2|
    |ap_enable_pp3                       |    xor   |      0|  0|   2|           1|           2|
    |ap_enable_pp4                       |    xor   |      0|  0|   2|           1|           2|
    |ap_enable_reg_pp0_iter1             |    xor   |      0|  0|   2|           2|           1|
    |ap_enable_reg_pp1_iter1             |    xor   |      0|  0|   2|           2|           1|
    |ap_enable_reg_pp2_iter1             |    xor   |      0|  0|   2|           2|           1|
    |ap_enable_reg_pp3_iter1             |    xor   |      0|  0|   2|           2|           1|
    |ap_enable_reg_pp4_iter1             |    xor   |      0|  0|   2|           2|           1|
    |exitcond_flatten65_n_fu_1451_p2     |    xor   |      0|  0|   2|           1|           2|
    |exitcond_flatten_not_fu_2202_p2     |    xor   |      0|  0|   2|           1|           2|
    |not_exitcond_flatten_11_fu_2109_p2  |    xor   |      0|  0|   2|           1|           2|
    |not_exitcond_flatten_9_fu_1421_p2   |    xor   |      0|  0|   2|           1|           2|
    |not_exitcond_flatten_fu_1294_p2     |    xor   |      0|  0|   2|           1|           2|
    +------------------------------------+----------+-------+---+----+------------+------------+
    |Total                               |          |      0|  0|1758|         960|        1078|
    +------------------------------------+----------+-------+---+----+------------+------------+

    * Multiplexer: 
    +-------------------------------------------------+-----+-----------+-----+-----------+
    |                       Name                      | LUT | Input Size| Bits| Total Bits|
    +-------------------------------------------------+-----+-----------+-----+-----------+
    |A_V_3_0_address0                                 |   15|          3|    9|         27|
    |A_V_3_0_address1                                 |   15|          3|    9|         27|
    |A_V_3_1_address0                                 |   21|          4|    9|         36|
    |A_V_3_1_address1                                 |   21|          4|    9|         36|
    |A_V_3_2_address0                                 |   21|          4|    9|         36|
    |A_V_3_2_address1                                 |   21|          4|    9|         36|
    |A_V_3_3_address0                                 |   21|          4|    9|         36|
    |A_V_3_3_address1                                 |   21|          4|    9|         36|
    |A_V_3_4_address0                                 |   21|          4|    9|         36|
    |A_V_3_4_address1                                 |   21|          4|    9|         36|
    |A_V_3_5_address0                                 |   21|          4|    9|         36|
    |A_V_3_5_address1                                 |   21|          4|    9|         36|
    |A_V_3_6_address0                                 |   15|          3|    9|         27|
    |A_V_3_6_address1                                 |   15|          3|    9|         27|
    |B_V_3_0_address0                                 |   15|          3|   13|         39|
    |B_V_3_0_address1                                 |   15|          3|   13|         39|
    |B_V_3_1_address0                                 |   15|          3|   13|         39|
    |B_V_3_1_address1                                 |   15|          3|   13|         39|
    |B_V_3_2_address0                                 |   15|          3|   13|         39|
    |B_V_3_2_address1                                 |   15|          3|   13|         39|
    |ap_NS_fsm                                        |  133|         29|    1|         29|
    |ap_done                                          |    9|          2|    1|          2|
    |ap_enable_reg_pp0_iter1                          |   15|          3|    1|          3|
    |ap_enable_reg_pp1_iter1                          |    9|          2|    1|          2|
    |ap_enable_reg_pp1_iter3                          |    9|          2|    1|          2|
    |ap_enable_reg_pp2_iter1                          |    9|          2|    1|          2|
    |ap_enable_reg_pp2_iter14                         |    9|          2|    1|          2|
    |ap_enable_reg_pp3_iter1                          |    9|          2|    1|          2|
    |ap_enable_reg_pp3_iter5                          |    9|          2|    1|          2|
    |ap_enable_reg_pp4_iter1                          |    9|          2|    1|          2|
    |ap_enable_reg_pp4_iter2                          |    9|          2|    1|          2|
    |ap_phi_mux_i18_phi_fu_1044_p4                    |    9|          2|    6|         12|
    |ap_phi_mux_i1_phi_fu_1056_p4                     |    9|          2|    6|         12|
    |ap_phi_mux_i3_phi_fu_734_p4                      |    9|          2|    7|         14|
    |ap_phi_mux_i4_phi_fu_802_p4                      |    9|          2|    6|         12|
    |ap_phi_mux_ia_phi_fu_757_p4                      |    9|          2|    3|          6|
    |ap_phi_mux_ib_phi_fu_780_p4                      |    9|          2|    3|          6|
    |ap_phi_mux_indvar_flatten23_phi_fu_746_p4        |    9|          2|   16|         32|
    |ap_phi_mux_indvar_flatten24_phi_fu_769_p4        |    9|          2|   15|         30|
    |ap_phi_mux_indvar_flatten25_phi_fu_791_p4        |    9|          2|   13|         26|
    |ap_phi_mux_indvar_flatten_phi_fu_1020_p4         |    9|          2|   13|         26|
    |ap_phi_mux_j2_phi_fu_699_p4                      |    9|          2|    3|          6|
    |ap_phi_mux_j5_phi_fu_826_p4                      |    9|          2|    7|         14|
    |ap_phi_mux_j_phi_fu_1032_p4                      |    9|          2|    7|         14|
    |ap_phi_mux_k_phi_fu_722_p4                       |    9|          2|    3|          6|
    |ap_phi_mux_ka_phi_fu_985_p4                      |    9|          2|    3|          6|
    |ap_phi_mux_kb_phi_fu_1008_p4                     |    9|          2|    3|          6|
    |ap_phi_mux_p_5_phi_fu_814_p4                     |    9|          2|   32|         64|
    |ap_phi_reg_pp2_iter3_A_V_3_load_0_0_phi_reg_834  |   33|          6|   12|         72|
    |ap_phi_reg_pp2_iter3_A_V_3_load_0_1_phi_reg_849  |   33|          6|   12|         72|
    |ap_phi_reg_pp2_iter3_A_V_3_load_0_2_phi_reg_864  |   33|          6|   12|         72|
    |ap_phi_reg_pp2_iter3_A_V_3_load_1_0_phi_reg_879  |   33|          6|   12|         72|
    |ap_phi_reg_pp2_iter3_A_V_3_load_1_1_phi_reg_925  |   33|          6|   12|         72|
    |ap_phi_reg_pp2_iter3_A_V_3_load_1_2_phi_reg_894  |   33|          6|   12|         72|
    |ap_phi_reg_pp2_iter3_A_V_3_load_2_0_phi_reg_940  |   33|          6|   12|         72|
    |ap_phi_reg_pp2_iter3_A_V_3_load_2_1_phi_reg_910  |   33|          6|   12|         72|
    |ap_phi_reg_pp2_iter3_A_V_3_load_2_2_phi_reg_955  |   33|          6|   12|         72|
    |bias_V_7_address0                                |   15|          3|    5|         15|
    |i18_reg_1040                                     |    9|          2|    6|         12|
    |i1_reg_1052                                      |    9|          2|    6|         12|
    |i3_reg_730                                       |    9|          2|    7|         14|
    |i4_reg_798                                       |    9|          2|    6|         12|
    |i8_reg_662                                       |    9|          2|   31|         62|
    |ia_reg_753                                       |    9|          2|    3|          6|
    |ib_reg_776                                       |    9|          2|    3|          6|
    |indvar_flatten13_reg_993                         |    9|          2|   14|         28|
    |indvar_flatten20_reg_970                         |    9|          2|   15|         30|
    |indvar_flatten21_reg_684                         |    9|          2|   12|         24|
    |indvar_flatten22_reg_707                         |    9|          2|   10|         20|
    |indvar_flatten23_reg_742                         |    9|          2|   16|         32|
    |indvar_flatten24_reg_765                         |    9|          2|   15|         30|
    |indvar_flatten25_reg_787                         |    9|          2|   13|         26|
    |indvar_flatten_reg_1016                          |    9|          2|   13|         26|
    |j2_reg_695                                       |    9|          2|    3|          6|
    |j5_reg_822                                       |    9|          2|    7|         14|
    |j_reg_1028                                       |    9|          2|    7|         14|
    |k_reg_718                                        |    9|          2|    3|          6|
    |ka_reg_981                                       |    9|          2|    3|          6|
    |kb_reg_1004                                      |    9|          2|    3|          6|
    |num_img_reg_673                                  |    9|          2|   15|         30|
    |p_5_reg_810                                      |    9|          2|   32|         64|
    |real_start                                       |    9|          2|    1|          2|
    |stream_in_V_V_blk_n                              |    9|          2|    1|          2|
    |stream_out_V_V_blk_n                             |    9|          2|    1|          2|
    |stream_out_V_V_din                               |   15|          3|   16|         48|
    +-------------------------------------------------+-----+-----------+-----+-----------+
    |Total                                            | 1303|        266|  736|       2247|
    +-------------------------------------------------+-----+-----------+-----+-----------+

    * Register: 
    +-------------------------------------------------+----+----+-----+-----------+
    |                       Name                      | FF | LUT| Bits| Const Bits|
    +-------------------------------------------------+----+----+-----+-----------+
    |A_V_3_0_addr_3_reg_2709                          |   9|   0|    9|          0|
    |A_V_3_0_load_1_reg_2888                          |  12|   0|   12|          0|
    |A_V_3_0_load_2_reg_2908                          |  12|   0|   12|          0|
    |A_V_3_0_load_reg_2878                            |  12|   0|   12|          0|
    |A_V_3_1_addr_2_reg_2719                          |   9|   0|    9|          0|
    |A_V_3_1_addr_3_reg_2725                          |   9|   0|    9|          0|
    |A_V_3_2_addr_2_reg_2736                          |   9|   0|    9|          0|
    |A_V_3_2_addr_3_reg_2742                          |   9|   0|    9|          0|
    |A_V_3_3_addr_2_reg_2753                          |   9|   0|    9|          0|
    |A_V_3_3_addr_3_reg_2759                          |   9|   0|    9|          0|
    |A_V_3_4_addr_2_reg_2770                          |   9|   0|    9|          0|
    |A_V_3_4_addr_3_reg_2776                          |   9|   0|    9|          0|
    |A_V_3_5_addr_2_reg_2787                          |   9|   0|    9|          0|
    |A_V_3_5_addr_3_reg_2793                          |   9|   0|    9|          0|
    |A_V_3_6_addr_3_reg_2809                          |   9|   0|    9|          0|
    |A_V_3_6_load_1_reg_2893                          |  12|   0|   12|          0|
    |A_V_3_6_load_2_reg_2918                          |  12|   0|   12|          0|
    |A_V_3_6_load_reg_2883                            |  12|   0|   12|          0|
    |A_V_3_load_1_2_phi_reg_894                       |  12|   0|   12|          0|
    |B_V_3_0_addr_3_reg_2843                          |  13|   0|   13|          0|
    |B_V_3_0_load_1_reg_2898                          |  12|   0|   12|          0|
    |B_V_3_1_addr_2_reg_2853                          |  13|   0|   13|          0|
    |B_V_3_1_load_2_reg_2913                          |  12|   0|   12|          0|
    |B_V_3_2_addr_3_reg_2873                          |  13|   0|   13|          0|
    |B_V_3_2_load_1_reg_2903                          |  12|   0|   12|          0|
    |KER_bound_reg_2477                               |  32|   0|   32|          0|
    |Outbuf_V_reg_3180                                |  16|   0|   16|          0|
    |ap_CS_fsm                                        |  28|   0|   28|          0|
    |ap_done_reg                                      |   1|   0|    1|          0|
    |ap_enable_reg_pp0_iter0                          |   1|   0|    1|          0|
    |ap_enable_reg_pp0_iter1                          |   1|   0|    1|          0|
    |ap_enable_reg_pp1_iter0                          |   1|   0|    1|          0|
    |ap_enable_reg_pp1_iter1                          |   1|   0|    1|          0|
    |ap_enable_reg_pp1_iter2                          |   1|   0|    1|          0|
    |ap_enable_reg_pp1_iter3                          |   1|   0|    1|          0|
    |ap_enable_reg_pp2_iter0                          |   1|   0|    1|          0|
    |ap_enable_reg_pp2_iter1                          |   1|   0|    1|          0|
    |ap_enable_reg_pp2_iter10                         |   1|   0|    1|          0|
    |ap_enable_reg_pp2_iter11                         |   1|   0|    1|          0|
    |ap_enable_reg_pp2_iter12                         |   1|   0|    1|          0|
    |ap_enable_reg_pp2_iter13                         |   1|   0|    1|          0|
    |ap_enable_reg_pp2_iter14                         |   1|   0|    1|          0|
    |ap_enable_reg_pp2_iter2                          |   1|   0|    1|          0|
    |ap_enable_reg_pp2_iter3                          |   1|   0|    1|          0|
    |ap_enable_reg_pp2_iter4                          |   1|   0|    1|          0|
    |ap_enable_reg_pp2_iter5                          |   1|   0|    1|          0|
    |ap_enable_reg_pp2_iter6                          |   1|   0|    1|          0|
    |ap_enable_reg_pp2_iter7                          |   1|   0|    1|          0|
    |ap_enable_reg_pp2_iter8                          |   1|   0|    1|          0|
    |ap_enable_reg_pp2_iter9                          |   1|   0|    1|          0|
    |ap_enable_reg_pp3_iter0                          |   1|   0|    1|          0|
    |ap_enable_reg_pp3_iter1                          |   1|   0|    1|          0|
    |ap_enable_reg_pp3_iter2                          |   1|   0|    1|          0|
    |ap_enable_reg_pp3_iter3                          |   1|   0|    1|          0|
    |ap_enable_reg_pp3_iter4                          |   1|   0|    1|          0|
    |ap_enable_reg_pp3_iter5                          |   1|   0|    1|          0|
    |ap_enable_reg_pp4_iter0                          |   1|   0|    1|          0|
    |ap_enable_reg_pp4_iter1                          |   1|   0|    1|          0|
    |ap_enable_reg_pp4_iter2                          |   1|   0|    1|          0|
    |ap_phi_reg_pp2_iter1_A_V_3_load_0_0_phi_reg_834  |  12|   0|   12|          0|
    |ap_phi_reg_pp2_iter1_A_V_3_load_0_1_phi_reg_849  |  12|   0|   12|          0|
    |ap_phi_reg_pp2_iter1_A_V_3_load_0_2_phi_reg_864  |  12|   0|   12|          0|
    |ap_phi_reg_pp2_iter1_A_V_3_load_1_0_phi_reg_879  |  12|   0|   12|          0|
    |ap_phi_reg_pp2_iter1_A_V_3_load_1_1_phi_reg_925  |  12|   0|   12|          0|
    |ap_phi_reg_pp2_iter1_A_V_3_load_1_2_phi_reg_894  |  12|   0|   12|          0|
    |ap_phi_reg_pp2_iter1_A_V_3_load_2_0_phi_reg_940  |  12|   0|   12|          0|
    |ap_phi_reg_pp2_iter1_A_V_3_load_2_1_phi_reg_910  |  12|   0|   12|          0|
    |ap_phi_reg_pp2_iter1_A_V_3_load_2_2_phi_reg_955  |  12|   0|   12|          0|
    |ap_phi_reg_pp2_iter2_A_V_3_load_0_0_phi_reg_834  |  12|   0|   12|          0|
    |ap_phi_reg_pp2_iter2_A_V_3_load_0_1_phi_reg_849  |  12|   0|   12|          0|
    |ap_phi_reg_pp2_iter2_A_V_3_load_0_2_phi_reg_864  |  12|   0|   12|          0|
    |ap_phi_reg_pp2_iter2_A_V_3_load_1_0_phi_reg_879  |  12|   0|   12|          0|
    |ap_phi_reg_pp2_iter2_A_V_3_load_1_1_phi_reg_925  |  12|   0|   12|          0|
    |ap_phi_reg_pp2_iter2_A_V_3_load_1_2_phi_reg_894  |  12|   0|   12|          0|
    |ap_phi_reg_pp2_iter2_A_V_3_load_2_0_phi_reg_940  |  12|   0|   12|          0|
    |ap_phi_reg_pp2_iter2_A_V_3_load_2_1_phi_reg_910  |  12|   0|   12|          0|
    |ap_phi_reg_pp2_iter2_A_V_3_load_2_2_phi_reg_955  |  12|   0|   12|          0|
    |ap_phi_reg_pp2_iter3_A_V_3_load_0_0_phi_reg_834  |  12|   0|   12|          0|
    |ap_phi_reg_pp2_iter3_A_V_3_load_0_1_phi_reg_849  |  12|   0|   12|          0|
    |ap_phi_reg_pp2_iter3_A_V_3_load_0_2_phi_reg_864  |  12|   0|   12|          0|
    |ap_phi_reg_pp2_iter3_A_V_3_load_1_0_phi_reg_879  |  12|   0|   12|          0|
    |ap_phi_reg_pp2_iter3_A_V_3_load_1_1_phi_reg_925  |  12|   0|   12|          0|
    |ap_phi_reg_pp2_iter3_A_V_3_load_1_2_phi_reg_894  |  12|   0|   12|          0|
    |ap_phi_reg_pp2_iter3_A_V_3_load_2_0_phi_reg_940  |  12|   0|   12|          0|
    |ap_phi_reg_pp2_iter3_A_V_3_load_2_1_phi_reg_910  |  12|   0|   12|          0|
    |ap_phi_reg_pp2_iter3_A_V_3_load_2_2_phi_reg_955  |  12|   0|   12|          0|
    |bias_V_7_load_reg_3109                           |  12|   0|   12|          0|
    |buf_V_5_2_2_reg_3103                             |  32|   0|   32|          0|
    |exitcond1_mid3_reg_2603                          |   1|   0|    1|          0|
    |exitcond_flatten28_reg_3194                      |   1|   0|    1|          0|
    |exitcond_flatten28_reg_3194_pp3_iter1_reg        |   1|   0|    1|          0|
    |exitcond_flatten29_reg_3215                      |   1|   0|    1|          0|
    |exitcond_flatten30_reg_2500                      |   1|   0|    1|          0|
    |exitcond_flatten31_reg_2509                      |   1|   0|    1|          0|
    |exitcond_flatten32_reg_2571                      |   1|   0|    1|          0|
    |exitcond_flatten33_reg_2580                      |   1|   0|    1|          0|
    |exitcond_flatten65_m_reg_2596                    |   1|   0|    1|          0|
    |exitcond_flatten_mid_reg_3220                    |   1|   0|    1|          0|
    |exitcond_flatten_reg_3185                        |   1|   0|    1|          0|
    |exitcond_reg_3288                                |   1|   0|    1|          0|
    |exitcond_reg_3288_pp4_iter1_reg                  |   1|   0|    1|          0|
    |i18_mid2_reg_3250                                |   6|   0|    6|          0|
    |i18_reg_1040                                     |   6|   0|    6|          0|
    |i1_reg_1052                                      |   6|   0|    6|          0|
    |i1_reg_1052_pp4_iter1_reg                        |   6|   0|    6|          0|
    |i3_mid2_reg_2528                                 |   7|   0|    7|          0|
    |i3_reg_730                                       |   7|   0|    7|          0|
    |i4_mid_reg_2625                                  |   6|   0|    6|          0|
    |i4_reg_798                                       |   6|   0|    6|          0|
    |i8_reg_662                                       |  31|   0|   31|          0|
    |i_27_reg_3292                                    |   6|   0|    6|          0|
    |i_28_reg_3261                                    |   6|   0|    6|          0|
    |i_29_reg_2635                                    |   6|   0|    6|          0|
    |i_5_reg_2539                                     |   7|   0|    7|          0|
    |ia_1_reg_2565                                    |   3|   0|    3|          0|
    |ia_reg_753                                       |   3|   0|    3|          0|
    |ib_mid2_reg_2630                                 |   3|   0|    3|          0|
    |ib_mid_reg_2590                                  |   3|   0|    3|          0|
    |ib_reg_776                                       |   3|   0|    3|          0|
    |ifzero_reg_2829                                  |   1|   0|    1|          0|
    |indvar_flatten13_reg_993                         |  14|   0|   14|          0|
    |indvar_flatten20_reg_970                         |  15|   0|   15|          0|
    |indvar_flatten21_reg_684                         |  12|   0|   12|          0|
    |indvar_flatten22_reg_707                         |  10|   0|   10|          0|
    |indvar_flatten23_reg_742                         |  16|   0|   16|          0|
    |indvar_flatten24_reg_765                         |  15|   0|   15|          0|
    |indvar_flatten25_reg_787                         |  13|   0|   13|          0|
    |indvar_flatten63_op_reg_2609                     |  13|   0|   13|          0|
    |indvar_flatten78_op_reg_2614                     |  15|   0|   15|          0|
    |indvar_flatten_next3_1_reg_2658                  |  13|   0|   13|          0|
    |indvar_flatten_next3_2_reg_2663                  |  15|   0|   15|          0|
    |indvar_flatten_next3_3_reg_2575                  |  16|   0|   16|          0|
    |indvar_flatten_next_reg_3239                     |  13|   0|   13|          0|
    |indvar_flatten_reg_1016                          |  13|   0|   13|          0|
    |j2_reg_695                                       |   3|   0|    3|          0|
    |j5_mid2_reg_2645                                 |   7|   0|    7|          0|
    |j5_reg_822                                       |   7|   0|    7|          0|
    |j_9_reg_2652                                     |   7|   0|    7|          0|
    |j_reg_1028                                       |   7|   0|    7|          0|
    |k_mid2_reg_2534                                  |   3|   0|    3|          0|
    |k_mid2_reg_2534_pp1_iter2_reg                    |   3|   0|    3|          0|
    |k_reg_718                                        |   3|   0|    3|          0|
    |ka_reg_981                                       |   3|   0|    3|          0|
    |kb_mid2_reg_3234                                 |   3|   0|    3|          0|
    |kb_reg_1004                                      |   3|   0|    3|          0|
    |kb_t_mid2_reg_3230                               |   2|   0|    2|          0|
    |lhs_V_reg_2445                                   |  32|   0|   32|          0|
    |mul_reg_3165                                     |  67|   0|   67|          0|
    |multiple_V_7                                     |  12|   0|   12|          0|
    |neg_mul_reg_3175                                 |  67|   0|   67|          0|
    |not_exitcond_flatten_11_reg_3210                 |   1|   0|    1|          0|
    |num_img_5_reg_2495                               |  15|   0|   15|          0|
    |num_img_reg_673                                  |  15|   0|   15|          0|
    |p_5_mid2_reg_3088                                |  32|   0|   32|          0|
    |p_5_reg_810                                      |  32|   0|   32|          0|
    |p_s_reg_2472                                     |  32|   0|   32|          0|
    |r_V_12_0_1_reg_3018                              |  24|   0|   24|          0|
    |r_V_12_0_2_reg_3023                              |  24|   0|   24|          0|
    |r_V_12_1_1_reg_3038                              |  24|   0|   24|          0|
    |r_V_12_1_2_reg_3043                              |  24|   0|   24|          0|
    |r_V_12_1_reg_3028                                |  24|   0|   24|          0|
    |r_V_12_2_1_reg_3033                              |  24|   0|   24|          0|
    |r_V_12_2_reg_3048                                |  24|   0|   24|          0|
    |r_V_1_reg_3013                                   |  24|   0|   24|          0|
    |r_V_reg_3114                                     |  33|   0|   33|          0|
    |r_V_s_reg_3149                                   |  33|   0|   33|          0|
    |reg_1064                                         |  12|   0|   12|          0|
    |reg_1071                                         |  12|   0|   12|          0|
    |reg_1078                                         |  12|   0|   12|          0|
    |reg_1084                                         |  12|   0|   12|          0|
    |reg_1091                                         |  12|   0|   12|          0|
    |reg_1097                                         |  12|   0|   12|          0|
    |reg_1104                                         |  12|   0|   12|          0|
    |reg_1111                                         |  12|   0|   12|          0|
    |reg_1117                                         |  12|   0|   12|          0|
    |reg_1124                                         |  12|   0|   12|          0|
    |reg_1130                                         |  12|   0|   12|          0|
    |reg_1134                                         |  12|   0|   12|          0|
    |reg_1138                                         |  12|   0|   12|          0|
    |reg_1142                                         |  12|   0|   12|          0|
    |reg_1149                                         |  12|   0|   12|          0|
    |reg_1156                                         |  12|   0|   12|          0|
    |reg_1163                                         |  12|   0|   12|          0|
    |reg_1169                                         |  12|   0|   12|          0|
    |start_once_reg                                   |   1|   0|    1|          0|
    |tmp1_reg_3068                                    |  26|   0|   26|          0|
    |tmp2_reg_3053                                    |  25|   0|   25|          0|
    |tmp3_reg_3058                                    |  25|   0|   25|          0|
    |tmp4_reg_3083                                    |  26|   0|   26|          0|
    |tmp5_reg_3073                                    |  25|   0|   25|          0|
    |tmp6_reg_3078                                    |  25|   0|   25|          0|
    |tmp7_reg_3063                                    |  25|   0|   25|          0|
    |tmp8_reg_2462                                    |  32|   0|   32|          0|
    |tmp9_reg_2467                                    |  32|   0|   32|          0|
    |tmp_101_reg_2482                                 |   1|   0|    1|          0|
    |tmp_107_mid2_v_reg_2522                          |   3|   0|    3|          0|
    |tmp_108_mid2_reg_3255                            |   7|   0|    7|          0|
    |tmp_109_reg_2560                                 |   3|   0|    3|          0|
    |tmp_117_mid2_reg_2668                            |   6|   0|    6|          0|
    |tmp_118_reg_3134                                 |  22|   0|   22|          0|
    |tmp_122_reg_3093                                 |  27|   0|   27|          0|
    |tmp_150_1_mid2_reg_2619                          |   3|   0|    3|          0|
    |tmp_249_reg_3225                                 |   1|   0|    1|          0|
    |tmp_252_reg_3266                                 |  13|   0|   13|          0|
    |tmp_254_reg_3276                                 |  14|   0|   14|          0|
    |tmp_258_reg_2544                                 |  10|   0|   10|          0|
    |tmp_265_reg_2674                                 |  10|   0|   10|          0|
    |tmp_267_reg_2679                                 |  10|   0|   10|          0|
    |tmp_270_reg_2684                                 |  10|   0|   10|          0|
    |tmp_272_reg_2814                                 |  14|   0|   14|          0|
    |tmp_273_reg_2819                                 |  14|   0|   14|          0|
    |tmp_274_reg_2824                                 |  14|   0|   14|          0|
    |tmp_275_reg_3129                                 |  21|   0|   21|          0|
    |tmp_276_reg_3124                                 |  21|   0|   21|          0|
    |tmp_277_reg_3271                                 |  12|   0|   12|          0|
    |tmp_286_reg_3281                                 |  12|   0|   12|          0|
    |tmp_287_reg_3297                                 |  12|   0|   12|          0|
    |tmp_288_reg_2549                                 |  12|   0|   12|          0|
    |tmp_289_reg_2640                                 |   1|   0|    1|          0|
    |tmp_291_reg_2689                                 |  14|   0|   14|          0|
    |tmp_292_reg_2694                                 |  12|   0|   12|          0|
    |tmp_293_reg_3119                                 |   1|   0|    1|          0|
    |tmp_294_reg_3154                                 |   1|   0|    1|          0|
    |tmp_296_reg_3170                                 |  29|   0|   29|          0|
    |tmp_99_mid2_v_v_reg_3244                         |   3|   0|    3|          0|
    |tmp_99_mid2_v_v_reg_3244_pp3_iter3_reg           |   3|   0|    3|          0|
    |tmp_V_159_reg_2417                               |  16|   0|   16|          0|
    |tmp_V_161_reg_2422                               |  16|   0|   16|          0|
    |tmp_V_163_reg_2427                               |  16|   0|   16|          0|
    |tmp_V_167_reg_2432                               |  16|   0|   16|          0|
    |tmp_V_reg_2411                                   |  16|   0|   16|          0|
    |exitcond_flatten30_reg_2500                      |  64|  32|    1|          0|
    |exitcond_flatten32_reg_2571                      |  64|  32|    1|          0|
    |exitcond_flatten_reg_3185                        |  64|  32|    1|          0|
    |ib_mid2_reg_2630                                 |  64|  32|    3|          0|
    |ifzero_reg_2829                                  |  64|  32|    1|          0|
    |kb_t_mid2_reg_3230                               |  64|  32|    2|          0|
    |tmp_117_mid2_reg_2668                            |  64|  32|    6|          0|
    |tmp_289_reg_2640                                 |  64|  32|    1|          0|
    |tmp_294_reg_3154                                 |  64|  32|    1|          0|
    +-------------------------------------------------+----+----+-----+-----------+
    |Total                                            |3134| 288| 2575|          0|
    +-------------------------------------------------+----+----+-----+-----------+



================================================================
== Interface
================================================================
* Summary: 
+-----------------------+-----+-----+------------+----------------+--------------+
|       RTL Ports       | Dir | Bits|  Protocol  |  Source Object |    C Type    |
+-----------------------+-----+-----+------------+----------------+--------------+
|ap_clk                 |  in |    1| ap_ctrl_hs |      Conv      | return value |
|ap_rst                 |  in |    1| ap_ctrl_hs |      Conv      | return value |
|ap_start               |  in |    1| ap_ctrl_hs |      Conv      | return value |
|start_full_n           |  in |    1| ap_ctrl_hs |      Conv      | return value |
|ap_done                | out |    1| ap_ctrl_hs |      Conv      | return value |
|ap_continue            |  in |    1| ap_ctrl_hs |      Conv      | return value |
|ap_idle                | out |    1| ap_ctrl_hs |      Conv      | return value |
|ap_ready               | out |    1| ap_ctrl_hs |      Conv      | return value |
|start_out              | out |    1| ap_ctrl_hs |      Conv      | return value |
|start_write            | out |    1| ap_ctrl_hs |      Conv      | return value |
|stream_in_V_V_dout     |  in |   16|   ap_fifo  |  stream_in_V_V |    pointer   |
|stream_in_V_V_empty_n  |  in |    1|   ap_fifo  |  stream_in_V_V |    pointer   |
|stream_in_V_V_read     | out |    1|   ap_fifo  |  stream_in_V_V |    pointer   |
|stream_out_V_V_din     | out |   16|   ap_fifo  | stream_out_V_V |    pointer   |
|stream_out_V_V_full_n  |  in |    1|   ap_fifo  | stream_out_V_V |    pointer   |
|stream_out_V_V_write   | out |    1|   ap_fifo  | stream_out_V_V |    pointer   |
+-----------------------+-----+-----+------------+----------------+--------------+

