

================================================================
== Vivado HLS Report for 'Conv_3'
================================================================
* Date:           Wed Jun 12 19:03:55 2019

* Version:        2018.2 (Build 2258646 on Thu Jun 14 20:25:20 MDT 2018)
* Project:        ULTRA_HLS
* Solution:       solution1
* Product family: zynq
* Target device:  xc7z020clg400-1


================================================================
== Performance Estimates
================================================================
+ Timing (ns): 
    * Summary: 
    +--------+-------+----------+------------+
    |  Clock | Target| Estimated| Uncertainty|
    +--------+-------+----------+------------+
    |ap_clk  |   5.00|     5.417|        0.63|
    +--------+-------+----------+------------+

+ Latency (clock cycles): 
    * Summary: 
    +-----+----------+-----+----------+---------+
    |     Latency    |    Interval    | Pipeline|
    | min |    max   | min |    max   |   Type  |
    +-----+----------+-----+----------+---------+
    |  433|  27235921|  433|  27235921|   none  |
    +-----+----------+-----+----------+---------+

    + Detail: 
        * Instance: 
        N/A

        * Loop: 
        +-------------+--------+----------+----------+-----------+-----------+-------------+----------+
        |             |      Latency      | Iteration|  Initiation Interval  |     Trip    |          |
        |  Loop Name  |   min  |    max   |  Latency |  achieved |   target  |    Count    | Pipelined|
        +-------------+--------+----------+----------+-----------+-----------+-------------+----------+
        |- Loop 1     |   12804|     12804|         6|          1|          1|        12800|    yes   |
        |- Loop 2     |      33|        33|         3|          1|          1|           32|    yes   |
        |- Loop 3     |  214456|  27235912|    214456|          -|          -|   1 ~ 127   |    no    |
        | + Loop 3.1  |    7060|      7060|         6|          1|          1|         7056|    yes   |
        | + Loop 3.2  |  207391|    207391|        37|          5|          1|        41472|    yes   |
        |- Loop 4     |     416|     18560|         2|          1|          1| 416 ~ 18560 |    yes   |
        +-------------+--------+----------+----------+-----------+-----------+-------------+----------+



================================================================
== Utilization Estimates
================================================================
* Summary: 
+-----------------+---------+-------+--------+-------+
|       Name      | BRAM_18K| DSP48E|   FF   |  LUT  |
+-----------------+---------+-------+--------+-------+
|DSP              |        -|     29|       -|      -|
|Expression       |        -|      0|       0|   2085|
|FIFO             |        -|      -|       -|      -|
|Instance         |        -|      8|     491|     41|
|Memory           |       36|      -|      12|      6|
|Multiplexer      |        -|      -|       -|   3342|
|Register         |        0|      -|    5447|    352|
+-----------------+---------+-------+--------+-------+
|Total            |       36|     37|    5950|   5826|
+-----------------+---------+-------+--------+-------+
|Available        |      280|    220|  106400|  53200|
+-----------------+---------+-------+--------+-------+
|Utilization (%)  |       12|     16|       5|     10|
+-----------------+---------+-------+--------+-------+

+ Detail: 
    * Instance: 
    +--------------------------+----------------------+---------+-------+-----+----+
    |         Instance         |        Module        | BRAM_18K| DSP48E|  FF | LUT|
    +--------------------------+----------------------+---------+-------+-----+----+
    |ultra_mul_32s_32sbkb_U42  |ultra_mul_32s_32sbkb  |        0|      4|  215|   1|
    |ultra_mul_35ns_33dEe_U43  |ultra_mul_35ns_33dEe  |        0|      4|  276|  40|
    +--------------------------+----------------------+---------+-------+-----+----+
    |Total                     |                      |        0|      8|  491|  41|
    +--------------------------+----------------------+---------+-------+-----+----+

    * DSP48: 
    +--------------------------+----------------------+--------------+
    |         Instance         |        Module        |  Expression  |
    +--------------------------+----------------------+--------------+
    |ultra_mac_muladd_fYi_U71  |ultra_mac_muladd_fYi  | i0 + i1 * i2 |
    |ultra_mac_muladd_zec_U46  |ultra_mac_muladd_zec  | i0 * i1 + i2 |
    |ultra_mul_mul_12seOg_U47  |ultra_mul_mul_12seOg  |    i0 * i1   |
    |ultra_mul_mul_12seOg_U48  |ultra_mul_mul_12seOg  |    i0 * i1   |
    |ultra_mul_mul_12seOg_U49  |ultra_mul_mul_12seOg  |    i0 * i1   |
    |ultra_mul_mul_12seOg_U50  |ultra_mul_mul_12seOg  |    i0 * i1   |
    |ultra_mul_mul_12seOg_U51  |ultra_mul_mul_12seOg  |    i0 * i1   |
    |ultra_mul_mul_12seOg_U52  |ultra_mul_mul_12seOg  |    i0 * i1   |
    |ultra_mul_mul_12seOg_U53  |ultra_mul_mul_12seOg  |    i0 * i1   |
    |ultra_mul_mul_12seOg_U54  |ultra_mul_mul_12seOg  |    i0 * i1   |
    |ultra_mul_mul_12seOg_U55  |ultra_mul_mul_12seOg  |    i0 * i1   |
    |ultra_mul_mul_12seOg_U56  |ultra_mul_mul_12seOg  |    i0 * i1   |
    |ultra_mul_mul_12seOg_U57  |ultra_mul_mul_12seOg  |    i0 * i1   |
    |ultra_mul_mul_12seOg_U58  |ultra_mul_mul_12seOg  |    i0 * i1   |
    |ultra_mul_mul_12seOg_U59  |ultra_mul_mul_12seOg  |    i0 * i1   |
    |ultra_mul_mul_12seOg_U60  |ultra_mul_mul_12seOg  |    i0 * i1   |
    |ultra_mul_mul_12seOg_U61  |ultra_mul_mul_12seOg  |    i0 * i1   |
    |ultra_mul_mul_12seOg_U62  |ultra_mul_mul_12seOg  |    i0 * i1   |
    |ultra_mul_mul_12seOg_U63  |ultra_mul_mul_12seOg  |    i0 * i1   |
    |ultra_mul_mul_12seOg_U64  |ultra_mul_mul_12seOg  |    i0 * i1   |
    |ultra_mul_mul_12seOg_U65  |ultra_mul_mul_12seOg  |    i0 * i1   |
    |ultra_mul_mul_12seOg_U66  |ultra_mul_mul_12seOg  |    i0 * i1   |
    |ultra_mul_mul_12seOg_U67  |ultra_mul_mul_12seOg  |    i0 * i1   |
    |ultra_mul_mul_12seOg_U68  |ultra_mul_mul_12seOg  |    i0 * i1   |
    |ultra_mul_mul_12seOg_U69  |ultra_mul_mul_12seOg  |    i0 * i1   |
    |ultra_mul_mul_12seOg_U70  |ultra_mul_mul_12seOg  |    i0 * i1   |
    |ultra_mul_mul_12sg8j_U72  |ultra_mul_mul_12sg8j  |    i0 * i1   |
    |ultra_mul_mul_16scud_U44  |ultra_mul_mul_16scud  |    i0 * i0   |
    |ultra_mul_mul_16scud_U45  |ultra_mul_mul_16scud  |    i0 * i1   |
    +--------------------------+----------------------+--------------+

    * Memory: 
    +------------+-----------------+---------+----+----+------+-----+------+-------------+
    |   Memory   |      Module     | BRAM_18K| FF | LUT| Words| Bits| Banks| W*Bits*Banks|
    +------------+-----------------+---------+----+----+------+-----+------+-------------+
    |A_V_4167_U  |Conv_3_A_V_4167  |        1|   0|   0|   336|   12|     1|         4032|
    |A_V_6169_U  |Conv_3_A_V_4167  |        1|   0|   0|   336|   12|     1|         4032|
    |A_V_8_U     |Conv_3_A_V_4167  |        1|   0|   0|   336|   12|     1|         4032|
    |A_V_10_U    |Conv_3_A_V_4167  |        1|   0|   0|   336|   12|     1|         4032|
    |A_V_12_U    |Conv_3_A_V_4167  |        1|   0|   0|   336|   12|     1|         4032|
    |A_V_14_U    |Conv_3_A_V_4167  |        1|   0|   0|   336|   12|     1|         4032|
    |A_V_16_U    |Conv_3_A_V_4167  |        1|   0|   0|   336|   12|     1|         4032|
    |A_V_18_U    |Conv_3_A_V_4167  |        1|   0|   0|   336|   12|     1|         4032|
    |A_V_20_U    |Conv_3_A_V_4167  |        1|   0|   0|   336|   12|     1|         4032|
    |A_V_1164_U  |Conv_3_A_V_4167  |        1|   0|   0|   336|   12|     1|         4032|
    |A_V_3166_U  |Conv_3_A_V_4167  |        1|   0|   0|   336|   12|     1|         4032|
    |A_V_5168_U  |Conv_3_A_V_4167  |        1|   0|   0|   336|   12|     1|         4032|
    |A_V_7170_U  |Conv_3_A_V_4167  |        1|   0|   0|   336|   12|     1|         4032|
    |A_V_9_U     |Conv_3_A_V_4167  |        1|   0|   0|   336|   12|     1|         4032|
    |A_V_11_U    |Conv_3_A_V_4167  |        1|   0|   0|   336|   12|     1|         4032|
    |A_V_13_U    |Conv_3_A_V_4167  |        1|   0|   0|   336|   12|     1|         4032|
    |A_V_15_U    |Conv_3_A_V_4167  |        1|   0|   0|   336|   12|     1|         4032|
    |A_V_17_U    |Conv_3_A_V_4167  |        1|   0|   0|   336|   12|     1|         4032|
    |A_V_19_U    |Conv_3_A_V_4167  |        1|   0|   0|   336|   12|     1|         4032|
    |A_V_2165_U  |Conv_3_A_V_4167  |        1|   0|   0|   336|   12|     1|         4032|
    |A_V_0_U     |Conv_3_A_V_4167  |        1|   0|   0|   336|   12|     1|         4032|
    |B_V_0_U     |Conv_3_B_V_0     |        3|   0|   0|  2560|   12|     1|        30720|
    |B_V_1171_U  |Conv_3_B_V_0     |        3|   0|   0|  2560|   12|     1|        30720|
    |B_V_2172_U  |Conv_3_B_V_0     |        3|   0|   0|  2560|   12|     1|        30720|
    |B_V_3173_U  |Conv_3_B_V_0     |        3|   0|   0|  2560|   12|     1|        30720|
    |B_V_4174_U  |Conv_3_B_V_0     |        3|   0|   0|  2560|   12|     1|        30720|
    |bias_V_U    |Conv_3_bias_V    |        0|  12|   6|    32|   12|     1|          384|
    +------------+-----------------+---------+----+----+------+-----+------+-------------+
    |Total       |                 |       36|  12|   6| 19888|  324|    27|       238656|
    +------------+-----------------+---------+----+----+------+-----+------+-------------+

    * FIFO: 
    N/A

    * Expression: 
    +-----------------------------------+----------+-------+---+----+------------+------------+
    |           Variable Name           | Operation| DSP48E| FF| LUT| Bitwidth P0| Bitwidth P1|
    +-----------------------------------+----------+-------+---+----+------------+------------+
    |tmp_135_fu_3594_p2                 |     *    |      0|  0|  17|           5|           5|
    |KER_bound_fu_3215_p2               |     +    |      0|  0|  39|          32|          32|
    |buf_V_8_4_4_fu_4316_p2             |     +    |      0|  0|  39|          32|          32|
    |i_17_fu_4745_p2                    |     +    |      0|  0|  15|           6|           1|
    |i_18_fu_4670_p2                    |     +    |      0|  0|  15|           6|           1|
    |i_19_fu_3541_p2                    |     +    |      0|  0|  15|           1|           6|
    |i_2_fu_3345_p2                     |     +    |      0|  0|  15|           5|           1|
    |i_fu_3228_p2                       |     +    |      0|  0|  38|          31|           1|
    |ia_1_fu_3391_p2                    |     +    |      0|  0|  15|           5|           2|
    |ia_4_mid1_fu_3647_p2               |     +    |      0|  0|  15|           3|           5|
    |ib_1_fu_3503_p2                    |     +    |      0|  0|  15|           2|           5|
    |indvar_flatten13_op_fu_4505_p2     |     +    |      0|  0|  17|          13|           1|
    |indvar_flatten44_op_fu_3267_p2     |     +    |      0|  0|  14|          10|           1|
    |indvar_flatten63_op_fu_3463_p2     |     +    |      0|  0|  13|          11|           1|
    |indvar_flatten78_op_fu_3469_p2     |     +    |      0|  0|  19|          14|           1|
    |indvar_flatten_next1_2_fu_3255_p2  |     +    |      0|  0|  17|          13|           1|
    |indvar_flatten_next1_5_fu_3403_p2  |     +    |      0|  0|  23|          16|           1|
    |indvar_flatten_next1_fu_4493_p2    |     +    |      0|  0|  19|          14|           1|
    |indvar_flatten_op_fu_4585_p2       |     +    |      0|  0|  13|          11|           1|
    |j_7_fu_4638_p2                     |     +    |      0|  0|  15|           1|           5|
    |j_8_fu_3281_p2                     |     +    |      0|  0|  15|           1|           5|
    |j_9_fu_3783_p2                     |     +    |      0|  0|  15|           5|           1|
    |k_4_fu_3318_p2                     |     +    |      0|  0|  15|           1|           5|
    |ka_3_fu_4591_p2                    |     +    |      0|  0|  13|           2|           4|
    |kb_2_fu_4554_p2                    |     +    |      0|  0|  13|           2|           4|
    |num_img_8_fu_3243_p2               |     +    |      0|  0|  21|          15|           1|
    |r_V_fu_4324_p2                     |     +    |      0|  0|  39|          32|          32|
    |tmp10_fu_4138_p2                   |     +    |      0|  0|  12|          25|          25|
    |tmp11_fu_4132_p2                   |     +    |      0|  0|  12|          25|          25|
    |tmp12_fu_4291_p2                   |     +    |      0|  0|  34|          27|          27|
    |tmp13_fu_4242_p2                   |     +    |      0|  0|  33|          26|          26|
    |tmp14_fu_4150_p2                   |     +    |      0|  0|  12|          25|          25|
    |tmp15_fu_4144_p2                   |     +    |      0|  0|  12|          25|          25|
    |tmp16_fu_4200_p2                   |     +    |      0|  0|  12|          25|          25|
    |tmp17_fu_4194_p2                   |     +    |      0|  0|  12|          25|          25|
    |tmp18_fu_4279_p2                   |     +    |      0|  0|  12|          26|          26|
    |tmp19_fu_4212_p2                   |     +    |      0|  0|  12|          25|          25|
    |tmp1_fu_4230_p2                    |     +    |      0|  0|  34|          27|          27|
    |tmp20_fu_4206_p2                   |     +    |      0|  0|  12|          25|          25|
    |tmp21_fu_4273_p2                   |     +    |      0|  0|  12|          26|          26|
    |tmp22_fu_4248_p2                   |     +    |      0|  0|  32|          25|          25|
    |tmp2_fu_4096_p2                    |     +    |      0|  0|  33|          26|          26|
    |tmp3_fu_4049_p2                    |     +    |      0|  0|  12|          25|          25|
    |tmp4_fu_4043_p2                    |     +    |      0|  0|  12|          25|          25|
    |tmp5_fu_4061_p2                    |     +    |      0|  0|  12|          25|          25|
    |tmp6_fu_4055_p2                    |     +    |      0|  0|  12|          25|          25|
    |tmp7_fu_4188_p2                    |     +    |      0|  0|  33|          26|          26|
    |tmp8_fu_4108_p2                    |     +    |      0|  0|  12|          25|          25|
    |tmp9_fu_4102_p2                    |     +    |      0|  0|  12|          25|          25|
    |tmp_110_fu_4696_p2                 |     +    |      0|  0|  13|          11|          11|
    |tmp_111_fu_4715_p2                 |     +    |      0|  0|  12|          13|          13|
    |tmp_112_fu_4721_p2                 |     +    |      0|  0|  12|          13|          13|
    |tmp_122_fu_3385_p2                 |     +    |      0|  0|  15|           5|           3|
    |tmp_136_fu_3663_p2                 |     +    |      0|  0|  14|          10|          10|
    |tmp_137_fu_3668_p2                 |     +    |      0|  0|  14|          10|          10|
    |tmp_138_fu_3747_p2                 |     +    |      0|  0|  14|          10|          10|
    |tmp_139_fu_3752_p2                 |     +    |      0|  0|  14|          10|          10|
    |tmp_140_fu_3673_p2                 |     +    |      0|  0|  14|          10|          10|
    |tmp_141_fu_3600_p2                 |     +    |      0|  0|  71|          64|          64|
    |tmp_144_fu_3685_p2                 |     +    |      0|  0|  17|          13|          13|
    |tmp_145_fu_3690_p2                 |     +    |      0|  0|  17|           1|          13|
    |tmp_146_fu_3773_p2                 |     +    |      0|  0|  17|           2|          13|
    |tmp_147_fu_3778_p2                 |     +    |      0|  0|  17|           2|          13|
    |tmp_148_fu_3834_p2                 |     +    |      0|  0|  17|           3|          13|
    |tmp_149_fu_4307_p2                 |     +    |      0|  0|  35|          28|          28|
    |tmp_272_1_mid2_v_fu_3631_p2        |     +    |      0|  0|  15|           5|           5|
    |neg_mul_fu_4426_p2                 |     -    |      0|  0|  74|           1|          67|
    |neg_ti_fu_4454_p2                  |     -    |      0|  0|  40|           1|          33|
    |p_neg_fu_4347_p2                   |     -    |      0|  0|  39|           1|          32|
    |p_neg_t_fu_4369_p2                 |     -    |      0|  0|  29|           1|          22|
    |ap_block_pp0_stage0_01001          |    and   |      0|  0|   2|           1|           1|
    |ap_block_pp1_stage0_11001          |    and   |      0|  0|   2|           1|           1|
    |ap_block_pp2_stage1_01001          |    and   |      0|  0|   2|           1|           1|
    |ap_block_pp3_stage0_01001          |    and   |      0|  0|   2|           1|           1|
    |ap_block_pp4_stage0_01001          |    and   |      0|  0|   2|           1|           1|
    |ap_block_state25_pp1_stage0_iter4  |    and   |      0|  0|   2|           1|           1|
    |ap_block_state64_pp2_stage1_iter7  |    and   |      0|  0|   2|           1|           1|
    |ap_condition_1005                  |    and   |      0|  0|   2|           1|           1|
    |ap_condition_4233                  |    and   |      0|  0|   2|           1|           1|
    |ap_condition_4240                  |    and   |      0|  0|   2|           1|           1|
    |ap_condition_4249                  |    and   |      0|  0|   2|           1|           1|
    |ap_condition_4253                  |    and   |      0|  0|   2|           1|           1|
    |ap_condition_4256                  |    and   |      0|  0|   2|           1|           1|
    |ap_condition_4260                  |    and   |      0|  0|   2|           1|           1|
    |ap_condition_4263                  |    and   |      0|  0|   2|           1|           1|
    |ap_condition_4267                  |    and   |      0|  0|   2|           1|           1|
    |ap_condition_4270                  |    and   |      0|  0|   2|           1|           1|
    |ap_condition_4274                  |    and   |      0|  0|   2|           1|           1|
    |ap_condition_4277                  |    and   |      0|  0|   2|           1|           1|
    |ap_condition_4281                  |    and   |      0|  0|   2|           1|           1|
    |ap_condition_4284                  |    and   |      0|  0|   2|           1|           1|
    |ap_condition_4288                  |    and   |      0|  0|   2|           1|           1|
    |ap_condition_4291                  |    and   |      0|  0|   2|           1|           1|
    |ap_condition_4295                  |    and   |      0|  0|   2|           1|           1|
    |ap_condition_4298                  |    and   |      0|  0|   2|           1|           1|
    |ap_condition_4302                  |    and   |      0|  0|   2|           1|           1|
    |ap_condition_4305                  |    and   |      0|  0|   2|           1|           1|
    |ap_condition_4309                  |    and   |      0|  0|   2|           1|           1|
    |ap_condition_801                   |    and   |      0|  0|   2|           1|           1|
    |exitcond14_mid1_fu_4632_p2         |    and   |      0|  0|   2|           1|           1|
    |exitcond14_mid_fu_4610_p2          |    and   |      0|  0|   2|           1|           1|
    |exitcond15_mid_fu_3312_p2          |    and   |      0|  0|   2|           1|           1|
    |exitcond17_mid1_fu_3457_p2         |    and   |      0|  0|   2|           1|           1|
    |exitcond17_mid_fu_3427_p2          |    and   |      0|  0|   2|           1|           1|
    |exitcond_flatten65_m_fu_3439_p2    |    and   |      0|  0|   2|           1|           1|
    |exitcond_flatten_mid_fu_4548_p2    |    and   |      0|  0|   2|           1|           1|
    |exitcond10_fu_3306_p2              |   icmp   |      0|  0|  11|           5|           6|
    |exitcond11_fu_3421_p2              |   icmp   |      0|  0|  11|           5|           6|
    |exitcond9_fu_4604_p2               |   icmp   |      0|  0|  11|           6|           7|
    |exitcond_flatten10_fu_3261_p2      |   icmp   |      0|  0|  13|          10|           9|
    |exitcond_flatten11_fu_3397_p2      |   icmp   |      0|  0|  13|          16|          16|
    |exitcond_flatten12_fu_3409_p2      |   icmp   |      0|  0|  13|          14|          13|
    |exitcond_flatten13_fu_3433_p2      |   icmp   |      0|  0|  13|          11|          10|
    |exitcond_flatten7_fu_4499_p2       |   icmp   |      0|  0|  13|          13|          12|
    |exitcond_flatten8_fu_4542_p2       |   icmp   |      0|  0|  13|          11|          10|
    |exitcond_flatten9_fu_3249_p2       |   icmp   |      0|  0|  13|          13|          12|
    |exitcond_flatten_fu_4487_p2        |   icmp   |      0|  0|  13|          14|          13|
    |exitcond_fu_4739_p2                |   icmp   |      0|  0|  11|           6|           7|
    |ifzero_fu_3861_p2                  |   icmp   |      0|  0|  11|           5|           6|
    |tmp_101_fu_3187_p2                 |   icmp   |      0|  0|  13|          16|           1|
    |tmp_106_fu_3238_p2                 |   icmp   |      0|  0|  13|          16|          16|
    |tmp_107_fu_3223_p2                 |   icmp   |      0|  0|  18|          32|          32|
    |tmp_s_fu_3182_p2                   |   icmp   |      0|  0|  13|          16|           2|
    |ap_block_state1                    |    or    |      0|  0|   2|           1|           1|
    |ap_block_state18_pp0_stage0_iter1  |    or    |      0|  0|   2|           1|           1|
    |ap_block_state2                    |    or    |      0|  0|   2|           1|           1|
    |ap_block_state70_pp3_stage0_iter4  |    or    |      0|  0|   2|           1|           1|
    |ap_block_state74_pp4_stage0_iter1  |    or    |      0|  0|   2|           1|           1|
    |not_exitcond_flatten_1_fu_3451_p2  |    or    |      0|  0|   2|           1|           1|
    |not_exitcond_flatten_8_fu_4627_p2  |    or    |      0|  0|   2|           1|           1|
    |tmp_105_fu_4560_p2                 |    or    |      0|  0|   2|           1|           1|
    |tmp_108_fu_4644_p2                 |    or    |      0|  0|   2|           1|           1|
    |tmp_116_fu_3324_p2                 |    or    |      0|  0|   2|           1|           1|
    |tmp_123_fu_3509_p2                 |    or    |      0|  0|   2|           1|           1|
    |tmp_125_fu_3547_p2                 |    or    |      0|  0|   2|           1|           1|
    |tmp_127_fu_4649_p2                 |    or    |      0|  0|   2|           1|           1|
    |tmp_133_fu_3551_p2                 |    or    |      0|  0|   2|           1|           1|
    |tmp_272_3_mid2_v_fu_3699_p2        |    or    |      0|  0|   5|           5|           1|
    |tmp_275_0_35_t_fu_3490_p2          |    or    |      0|  0|   5|           5|           1|
    |tmp_275_0_35_t_mid1_fu_3521_p2     |    or    |      0|  0|   5|           5|           1|
    |Outbuf_V_fu_4479_p3                |  select  |      0|  0|  16|           1|           1|
    |i33_mid2_fu_4654_p3                |  select  |      0|  0|   6|           1|           1|
    |i3_mid2_fu_3329_p3                 |  select  |      0|  0|   5|           1|           1|
    |i4_mid_fu_3513_p3                  |  select  |      0|  0|   6|           1|           1|
    |ib_mid2_fu_3534_p3                 |  select  |      0|  0|   5|           1|           5|
    |ib_mid_fu_3483_p3                  |  select  |      0|  0|   5|           1|           2|
    |indvar_flatten_next1_1_fu_3273_p3  |  select  |      0|  0|  10|           1|           1|
    |indvar_flatten_next1_3_fu_3564_p3  |  select  |      0|  0|  11|           1|           1|
    |indvar_flatten_next1_4_fu_3475_p3  |  select  |      0|  0|  14|           1|           1|
    |indvar_flatten_next9_fu_4511_p3    |  select  |      0|  0|  13|           1|           1|
    |indvar_flatten_next_fu_4676_p3     |  select  |      0|  0|  11|           1|           1|
    |j5_mid2_fu_3556_p3                 |  select  |      0|  0|   5|           1|           1|
    |j_mid_fu_4615_p3                   |  select  |      0|  0|   5|           1|           1|
    |k_mid2_fu_3337_p3                  |  select  |      0|  0|   5|           1|           5|
    |k_mid_fu_3287_p3                   |  select  |      0|  0|   5|           1|           1|
    |kb_mid2_fu_4577_p3                 |  select  |      0|  0|   4|           1|           4|
    |kb_mid_fu_4519_p3                  |  select  |      0|  0|   4|           1|           3|
    |kb_t_mid2_fu_4569_p3               |  select  |      0|  0|   3|           1|           3|
    |kb_t_mid_fu_4530_p3                |  select  |      0|  0|   4|           1|           4|
    |p_8_mid2_fu_4254_p3                |  select  |      0|  0|  32|           1|           1|
    |tmp_155_fu_4382_p3                 |  select  |      0|  0|  22|           1|          22|
    |tmp_161_fu_4447_p3                 |  select  |      0|  0|  33|           1|          33|
    |tmp_162_fu_4460_p3                 |  select  |      0|  0|  33|           1|          33|
    |tmp_184_mid2_v_v_fu_4597_p3        |  select  |      0|  0|   4|           1|           4|
    |tmp_192_mid2_v_fu_3294_p3          |  select  |      0|  0|   5|           1|           5|
    |tmp_193_mid2_fu_4662_p3            |  select  |      0|  0|   5|           1|           5|
    |tmp_196_mid2_fu_3614_p3            |  select  |      0|  0|   5|           1|           5|
    |tmp_204_mid2_fu_3571_p3            |  select  |      0|  0|   6|           1|           6|
    |tmp_272_1_mid2_v_v_c_fu_3624_p3    |  select  |      0|  0|   2|           1|           1|
    |tmp_272_2_mid2_fu_3641_p3          |  select  |      0|  0|   5|           1|           5|
    |tmp_272_4_mid2_fu_3653_p3          |  select  |      0|  0|   5|           1|           5|
    |tmp_275_0_35_t_mid2_fu_3527_p3     |  select  |      0|  0|   5|           1|           5|
    |tmp_275_0_35_t_mid_fu_3496_p3      |  select  |      0|  0|   5|           1|           2|
    |ap_enable_pp0                      |    xor   |      0|  0|   2|           1|           2|
    |ap_enable_pp1                      |    xor   |      0|  0|   2|           1|           2|
    |ap_enable_pp2                      |    xor   |      0|  0|   2|           1|           2|
    |ap_enable_pp3                      |    xor   |      0|  0|   2|           1|           2|
    |ap_enable_pp4                      |    xor   |      0|  0|   2|           1|           2|
    |ap_enable_reg_pp0_iter1            |    xor   |      0|  0|   2|           2|           1|
    |ap_enable_reg_pp1_iter1            |    xor   |      0|  0|   2|           2|           1|
    |ap_enable_reg_pp2_iter1            |    xor   |      0|  0|   2|           2|           1|
    |ap_enable_reg_pp3_iter1            |    xor   |      0|  0|   2|           2|           1|
    |ap_enable_reg_pp4_iter1            |    xor   |      0|  0|   2|           2|           1|
    |exitcond_flatten65_n_fu_3445_p2    |    xor   |      0|  0|   2|           1|           2|
    |exitcond_flatten_not_fu_4622_p2    |    xor   |      0|  0|   2|           1|           2|
    |not_exitcond_flatten_2_fu_3415_p2  |    xor   |      0|  0|   2|           1|           2|
    |not_exitcond_flatten_9_fu_3301_p2  |    xor   |      0|  0|   2|           1|           2|
    |not_exitcond_flatten_fu_4537_p2    |    xor   |      0|  0|   2|           1|           2|
    +-----------------------------------+----------+-------+---+----+------------+------------+
    |Total                              |          |      0|  0|2085|        1389|        1547|
    +-----------------------------------+----------+-------+---+----+------------+------------+

    * Multiplexer: 
    +------------------------------------------------+-----+-----------+-----+-----------+
    |                      Name                      | LUT | Input Size| Bits| Total Bits|
    +------------------------------------------------+-----+-----------+-----+-----------+
    |A_V_0_address0                                  |   21|          4|    9|         36|
    |A_V_0_address1                                  |   21|          4|    9|         36|
    |A_V_10_address0                                 |   21|          4|    9|         36|
    |A_V_10_address1                                 |   27|          5|    9|         45|
    |A_V_1164_address0                               |   33|          6|    9|         54|
    |A_V_1164_address1                               |   38|          7|    9|         63|
    |A_V_11_address0                                 |   33|          6|    9|         54|
    |A_V_11_address1                                 |   38|          7|    9|         63|
    |A_V_12_address0                                 |   21|          4|    9|         36|
    |A_V_12_address1                                 |   27|          5|    9|         45|
    |A_V_13_address0                                 |   33|          6|    9|         54|
    |A_V_13_address1                                 |   38|          7|    9|         63|
    |A_V_14_address0                                 |   21|          4|    9|         36|
    |A_V_14_address1                                 |   27|          5|    9|         45|
    |A_V_15_address0                                 |   33|          6|    9|         54|
    |A_V_15_address1                                 |   38|          7|    9|         63|
    |A_V_16_address0                                 |   21|          4|    9|         36|
    |A_V_16_address1                                 |   27|          5|    9|         45|
    |A_V_17_address0                                 |   33|          6|    9|         54|
    |A_V_17_address1                                 |   38|          7|    9|         63|
    |A_V_18_address0                                 |   21|          4|    9|         36|
    |A_V_18_address1                                 |   27|          5|    9|         45|
    |A_V_19_address0                                 |   21|          4|    9|         36|
    |A_V_19_address1                                 |   21|          4|    9|         36|
    |A_V_20_address0                                 |   21|          4|    9|         36|
    |A_V_20_address1                                 |   21|          4|    9|         36|
    |A_V_2165_address0                               |   21|          4|    9|         36|
    |A_V_2165_address1                               |   21|          4|    9|         36|
    |A_V_3166_address0                               |   33|          6|    9|         54|
    |A_V_3166_address1                               |   38|          7|    9|         63|
    |A_V_4167_address0                               |   21|          4|    9|         36|
    |A_V_4167_address1                               |   27|          5|    9|         45|
    |A_V_5168_address0                               |   33|          6|    9|         54|
    |A_V_5168_address1                               |   38|          7|    9|         63|
    |A_V_6169_address0                               |   21|          4|    9|         36|
    |A_V_6169_address1                               |   27|          5|    9|         45|
    |A_V_7170_address0                               |   33|          6|    9|         54|
    |A_V_7170_address1                               |   38|          7|    9|         63|
    |A_V_8_address0                                  |   21|          4|    9|         36|
    |A_V_8_address1                                  |   27|          5|    9|         45|
    |A_V_9_address0                                  |   33|          6|    9|         54|
    |A_V_9_address1                                  |   38|          7|    9|         63|
    |B_V_0_address0                                  |   21|          4|   12|         48|
    |B_V_0_address1                                  |   21|          4|   12|         48|
    |B_V_1171_address0                               |   21|          4|   12|         48|
    |B_V_1171_address1                               |   21|          4|   12|         48|
    |B_V_2172_address0                               |   21|          4|   12|         48|
    |B_V_2172_address1                               |   21|          4|   12|         48|
    |B_V_3173_address0                               |   21|          4|   12|         48|
    |B_V_3173_address1                               |   21|          4|   12|         48|
    |B_V_4174_address0                               |   21|          4|   12|         48|
    |B_V_4174_address1                               |   21|          4|   12|         48|
    |ap_NS_fsm                                       |  145|         32|    1|         32|
    |ap_done                                         |    9|          2|    1|          2|
    |ap_enable_reg_pp0_iter1                         |   15|          3|    1|          3|
    |ap_enable_reg_pp1_iter1                         |    9|          2|    1|          2|
    |ap_enable_reg_pp1_iter5                         |    9|          2|    1|          2|
    |ap_enable_reg_pp2_iter1                         |    9|          2|    1|          2|
    |ap_enable_reg_pp2_iter7                         |    9|          2|    1|          2|
    |ap_enable_reg_pp3_iter1                         |    9|          2|    1|          2|
    |ap_enable_reg_pp3_iter5                         |    9|          2|    1|          2|
    |ap_enable_reg_pp4_iter1                         |    9|          2|    1|          2|
    |ap_enable_reg_pp4_iter2                         |    9|          2|    1|          2|
    |ap_phi_mux_A_V_load_4_4_phi_phi_fu_2604_p18     |   47|         10|   12|        120|
    |ap_phi_mux_i16_phi_fu_2698_p4                   |    9|          2|    6|         12|
    |ap_phi_mux_i1_phi_fu_2710_p4                    |    9|          2|    6|         12|
    |ap_phi_mux_i3_phi_fu_1930_p4                    |    9|          2|    5|         10|
    |ap_phi_mux_i4_phi_fu_1999_p4                    |    9|          2|    6|         12|
    |ap_phi_mux_ia_phi_fu_1953_p4                    |    9|          2|    5|         10|
    |ap_phi_mux_ib_phi_fu_1976_p4                    |    9|          2|    5|         10|
    |ap_phi_mux_indvar_flatten4_phi_fu_1942_p4       |    9|          2|   16|         32|
    |ap_phi_mux_indvar_flatten5_phi_fu_1965_p4       |    9|          2|   14|         28|
    |ap_phi_mux_indvar_flatten6_phi_fu_1988_p4       |    9|          2|   11|         22|
    |ap_phi_mux_indvar_flatten_phi_fu_2674_p4        |    9|          2|   11|         22|
    |ap_phi_mux_j2_phi_fu_1895_p4                    |    9|          2|    5|         10|
    |ap_phi_mux_j5_phi_fu_2023_p4                    |    9|          2|    5|         10|
    |ap_phi_mux_j_phi_fu_2686_p4                     |    9|          2|    5|         10|
    |ap_phi_mux_k_phi_fu_1918_p4                     |    9|          2|    5|         10|
    |ap_phi_mux_ka_phi_fu_2639_p4                    |    9|          2|    4|          8|
    |ap_phi_mux_kb_phi_fu_2662_p4                    |    9|          2|    4|          8|
    |ap_phi_mux_p_8_phi_fu_2011_p4                   |    9|          2|   32|         64|
    |ap_phi_reg_pp2_iter1_A_V_load_0_0_phi_reg_2031  |   47|         10|   12|        120|
    |ap_phi_reg_pp2_iter1_A_V_load_0_1_phi_reg_2054  |   47|         10|   12|        120|
    |ap_phi_reg_pp2_iter1_A_V_load_0_2_phi_reg_2077  |   47|         10|   12|        120|
    |ap_phi_reg_pp2_iter1_A_V_load_0_3_phi_reg_2100  |   50|         11|   12|        132|
    |ap_phi_reg_pp2_iter1_A_V_load_0_4_phi_reg_2125  |   47|         10|   12|        120|
    |ap_phi_reg_pp2_iter1_A_V_load_1_0_phi_reg_2148  |   47|         10|   12|        120|
    |ap_phi_reg_pp2_iter1_A_V_load_1_1_phi_reg_2219  |   47|         10|   12|        120|
    |ap_phi_reg_pp2_iter1_A_V_load_1_2_phi_reg_2171  |   47|         10|   12|        120|
    |ap_phi_reg_pp2_iter1_A_V_load_1_3_phi_reg_2242  |   50|         11|   12|        132|
    |ap_phi_reg_pp2_iter1_A_V_load_1_4_phi_reg_2195  |   47|         10|   12|        120|
    |ap_phi_reg_pp2_iter1_A_V_load_2_0_phi_reg_2267  |   47|         10|   12|        120|
    |ap_phi_reg_pp2_iter1_A_V_load_2_1_phi_reg_2409  |   47|         10|   12|        120|
    |ap_phi_reg_pp2_iter1_A_V_load_2_2_phi_reg_2290  |   47|         10|   12|        120|
    |ap_phi_reg_pp2_iter1_A_V_load_2_3_phi_reg_2432  |   50|         11|   12|        132|
    |ap_phi_reg_pp2_iter1_A_V_load_2_4_phi_reg_2313  |   47|         10|   12|        120|
    |ap_phi_reg_pp2_iter1_A_V_load_3_0_phi_reg_2337  |   47|         10|   12|        120|
    |ap_phi_reg_pp2_iter1_A_V_load_3_2_phi_reg_2361  |   47|         10|   12|        120|
    |ap_phi_reg_pp2_iter1_A_V_load_3_3_phi_reg_2528  |    9|          2|   12|         24|
    |ap_phi_reg_pp2_iter1_A_V_load_3_4_phi_reg_2385  |   47|         10|   12|        120|
    |ap_phi_reg_pp2_iter1_A_V_load_4_0_phi_reg_2457  |   47|         10|   12|        120|
    |ap_phi_reg_pp2_iter1_A_V_load_4_2_phi_reg_2481  |   47|         10|   12|        120|
    |ap_phi_reg_pp2_iter1_A_V_load_4_3_phi_reg_2576  |    9|          2|   12|         24|
    |ap_phi_reg_pp2_iter2_A_V_load_3_1_phi_reg_2505  |   47|         10|   12|        120|
    |ap_phi_reg_pp2_iter2_A_V_load_3_3_phi_reg_2528  |   47|         10|   12|        120|
    |ap_phi_reg_pp2_iter2_A_V_load_4_1_phi_reg_2553  |   47|         10|   12|        120|
    |ap_phi_reg_pp2_iter2_A_V_load_4_3_phi_reg_2576  |   47|         10|   12|        120|
    |bias_V_address0                                 |   15|          3|    5|         15|
    |i16_reg_2694                                    |    9|          2|    6|         12|
    |i1_reg_2706                                     |    9|          2|    6|         12|
    |i3_reg_1926                                     |    9|          2|    5|         10|
    |i4_reg_1995                                     |    9|          2|    6|         12|
    |i8_reg_1858                                     |    9|          2|   31|         62|
    |ia_reg_1949                                     |    9|          2|    5|         10|
    |ib_reg_1972                                     |    9|          2|    5|         10|
    |indvar_flatten1_reg_2647                        |    9|          2|   13|         26|
    |indvar_flatten2_reg_1880                        |    9|          2|   13|         26|
    |indvar_flatten3_reg_1903                        |    9|          2|   10|         20|
    |indvar_flatten4_reg_1938                        |    9|          2|   16|         32|
    |indvar_flatten5_reg_1961                        |    9|          2|   14|         28|
    |indvar_flatten6_reg_1984                        |    9|          2|   11|         22|
    |indvar_flatten9_reg_2624                        |    9|          2|   14|         28|
    |indvar_flatten_reg_2670                         |    9|          2|   11|         22|
    |j2_reg_1891                                     |    9|          2|    5|         10|
    |j5_reg_2019                                     |    9|          2|    5|         10|
    |j_reg_2682                                      |    9|          2|    5|         10|
    |k_reg_1914                                      |    9|          2|    5|         10|
    |ka_reg_2635                                     |    9|          2|    4|          8|
    |kb_reg_2658                                     |    9|          2|    4|          8|
    |num_img_reg_1869                                |    9|          2|   15|         30|
    |p_8_reg_2007                                    |    9|          2|   32|         64|
    |real_start                                      |    9|          2|    1|          2|
    |reg_2864                                        |    9|          2|   12|         24|
    |reg_2871                                        |    9|          2|   12|         24|
    |reg_2878                                        |    9|          2|   12|         24|
    |reg_2885                                        |    9|          2|   12|         24|
    |reg_2892                                        |    9|          2|   12|         24|
    |reg_2899                                        |    9|          2|   12|         24|
    |reg_2906                                        |    9|          2|   12|         24|
    |reg_2913                                        |    9|          2|   12|         24|
    |reg_2920                                        |    9|          2|   12|         24|
    |stream_in_V_V_blk_n                             |    9|          2|    1|          2|
    |stream_out_V_V_blk_n                            |    9|          2|    1|          2|
    |stream_out_V_V_din                              |   15|          3|   16|         48|
    +------------------------------------------------+-----+-----------+-----+-----------+
    |Total                                           | 3342|        681| 1351|       6663|
    +------------------------------------------------+-----+-----------+-----+-----------+

    * Register: 
    +------------------------------------------------+----+----+-----+-----------+
    |                      Name                      | FF | LUT| Bits| Const Bits|
    +------------------------------------------------+----+----+-----+-----------+
    |A_V_0_load_1_reg_5791                           |  12|   0|   12|          0|
    |A_V_0_load_2_reg_6032                           |  12|   0|   12|          0|
    |A_V_0_load_3_reg_6072                           |  12|   0|   12|          0|
    |A_V_10_addr_5_reg_5850                          |   9|   0|    9|          0|
    |A_V_1164_load_3_reg_6027                        |  12|   0|   12|          0|
    |A_V_1164_load_5_reg_6270                        |  12|   0|   12|          0|
    |A_V_1164_load_7_reg_6449                        |  12|   0|   12|          0|
    |A_V_1164_load_9_reg_6584                        |  12|   0|   12|          0|
    |A_V_11_load_3_reg_6002                          |  12|   0|   12|          0|
    |A_V_11_load_5_reg_6245                          |  12|   0|   12|          0|
    |A_V_11_load_7_reg_6424                          |  12|   0|   12|          0|
    |A_V_11_load_9_reg_6559                          |  12|   0|   12|          0|
    |A_V_12_addr_5_reg_5868                          |   9|   0|    9|          0|
    |A_V_13_load_3_reg_5997                          |  12|   0|   12|          0|
    |A_V_13_load_5_reg_6240                          |  12|   0|   12|          0|
    |A_V_13_load_7_reg_6419                          |  12|   0|   12|          0|
    |A_V_13_load_9_reg_6554                          |  12|   0|   12|          0|
    |A_V_14_addr_5_reg_5880                          |   9|   0|    9|          0|
    |A_V_15_load_3_reg_5992                          |  12|   0|   12|          0|
    |A_V_15_load_5_reg_6235                          |  12|   0|   12|          0|
    |A_V_15_load_7_reg_6414                          |  12|   0|   12|          0|
    |A_V_15_load_9_reg_6549                          |  12|   0|   12|          0|
    |A_V_16_addr_5_reg_5892                          |   9|   0|    9|          0|
    |A_V_17_load_3_reg_5987                          |  12|   0|   12|          0|
    |A_V_17_load_5_reg_6230                          |  12|   0|   12|          0|
    |A_V_17_load_7_reg_6409                          |  12|   0|   12|          0|
    |A_V_17_load_9_reg_6544                          |  12|   0|   12|          0|
    |A_V_18_addr_5_reg_5904                          |   9|   0|    9|          0|
    |A_V_19_load_1_reg_5811                          |  12|   0|   12|          0|
    |A_V_19_load_2_reg_6052                          |  12|   0|   12|          0|
    |A_V_19_load_3_reg_6092                          |  12|   0|   12|          0|
    |A_V_19_load_4_reg_6280                          |  12|   0|   12|          0|
    |A_V_19_load_reg_5781                            |  12|   0|   12|          0|
    |A_V_20_addr_5_reg_6320                          |   9|   0|    9|          0|
    |A_V_20_load_1_reg_5821                          |  12|   0|   12|          0|
    |A_V_20_load_2_reg_6062                          |  12|   0|   12|          0|
    |A_V_20_load_3_reg_6102                          |  12|   0|   12|          0|
    |A_V_3166_load_3_reg_6022                        |  12|   0|   12|          0|
    |A_V_3166_load_5_reg_6265                        |  12|   0|   12|          0|
    |A_V_3166_load_7_reg_6444                        |  12|   0|   12|          0|
    |A_V_3166_load_9_reg_6579                        |  12|   0|   12|          0|
    |A_V_4167_addr_5_reg_5926                        |   9|   0|    9|          0|
    |A_V_5168_load_3_reg_6017                        |  12|   0|   12|          0|
    |A_V_5168_load_5_reg_6260                        |  12|   0|   12|          0|
    |A_V_5168_load_7_reg_6439                        |  12|   0|   12|          0|
    |A_V_5168_load_9_reg_6574                        |  12|   0|   12|          0|
    |A_V_6169_addr_5_reg_5938                        |   9|   0|    9|          0|
    |A_V_7170_load_3_reg_6012                        |  12|   0|   12|          0|
    |A_V_7170_load_5_reg_6255                        |  12|   0|   12|          0|
    |A_V_7170_load_7_reg_6434                        |  12|   0|   12|          0|
    |A_V_7170_load_9_reg_6569                        |  12|   0|   12|          0|
    |A_V_8_addr_5_reg_5950                           |   9|   0|    9|          0|
    |A_V_9_load_3_reg_6007                           |  12|   0|   12|          0|
    |A_V_9_load_5_reg_6250                           |  12|   0|   12|          0|
    |A_V_9_load_7_reg_6429                           |  12|   0|   12|          0|
    |A_V_9_load_9_reg_6564                           |  12|   0|   12|          0|
    |A_V_load_1_2_phi_reg_2171                       |  12|   0|   12|          0|
    |A_V_load_1_4_phi_reg_2195                       |  12|   0|   12|          0|
    |A_V_load_2_4_phi_reg_2313                       |  12|   0|   12|          0|
    |A_V_load_3_0_phi_reg_2337                       |  12|   0|   12|          0|
    |A_V_load_3_2_phi_reg_2361                       |  12|   0|   12|          0|
    |A_V_load_3_4_phi_reg_2385                       |  12|   0|   12|          0|
    |A_V_load_4_0_phi_reg_2457                       |  12|   0|   12|          0|
    |A_V_load_4_2_phi_reg_2481                       |  12|   0|   12|          0|
    |B_V_0_load_1_reg_5796                           |  12|   0|   12|          0|
    |B_V_0_load_2_reg_6037                           |  12|   0|   12|          0|
    |B_V_0_load_3_reg_6077                           |  12|   0|   12|          0|
    |B_V_1171_load_1_reg_5801                        |  12|   0|   12|          0|
    |B_V_1171_load_2_reg_6042                        |  12|   0|   12|          0|
    |B_V_1171_load_3_reg_6082                        |  12|   0|   12|          0|
    |B_V_1171_load_4_reg_6275                        |  12|   0|   12|          0|
    |B_V_1171_load_reg_5776                          |  12|   0|   12|          0|
    |B_V_2172_load_1_reg_5806                        |  12|   0|   12|          0|
    |B_V_2172_load_2_reg_6047                        |  12|   0|   12|          0|
    |B_V_2172_load_3_reg_6087                        |  12|   0|   12|          0|
    |B_V_3173_load_1_reg_5816                        |  12|   0|   12|          0|
    |B_V_3173_load_2_reg_6057                        |  12|   0|   12|          0|
    |B_V_3173_load_3_reg_6097                        |  12|   0|   12|          0|
    |B_V_3173_load_4_reg_6285                        |  12|   0|   12|          0|
    |B_V_3173_load_reg_5786                          |  12|   0|   12|          0|
    |B_V_4174_addr_5_reg_5982                        |  12|   0|   12|          0|
    |B_V_4174_load_1_reg_5826                        |  12|   0|   12|          0|
    |B_V_4174_load_2_reg_6067                        |  12|   0|   12|          0|
    |B_V_4174_load_3_reg_6107                        |  12|   0|   12|          0|
    |KER_bound_reg_5005                              |  32|   0|   32|          0|
    |Outbuf_V_reg_6916                               |  16|   0|   16|          0|
    |ap_CS_fsm                                       |  31|   0|   31|          0|
    |ap_done_reg                                     |   1|   0|    1|          0|
    |ap_enable_reg_pp0_iter0                         |   1|   0|    1|          0|
    |ap_enable_reg_pp0_iter1                         |   1|   0|    1|          0|
    |ap_enable_reg_pp1_iter0                         |   1|   0|    1|          0|
    |ap_enable_reg_pp1_iter1                         |   1|   0|    1|          0|
    |ap_enable_reg_pp1_iter2                         |   1|   0|    1|          0|
    |ap_enable_reg_pp1_iter3                         |   1|   0|    1|          0|
    |ap_enable_reg_pp1_iter4                         |   1|   0|    1|          0|
    |ap_enable_reg_pp1_iter5                         |   1|   0|    1|          0|
    |ap_enable_reg_pp2_iter0                         |   1|   0|    1|          0|
    |ap_enable_reg_pp2_iter1                         |   1|   0|    1|          0|
    |ap_enable_reg_pp2_iter2                         |   1|   0|    1|          0|
    |ap_enable_reg_pp2_iter3                         |   1|   0|    1|          0|
    |ap_enable_reg_pp2_iter4                         |   1|   0|    1|          0|
    |ap_enable_reg_pp2_iter5                         |   1|   0|    1|          0|
    |ap_enable_reg_pp2_iter6                         |   1|   0|    1|          0|
    |ap_enable_reg_pp2_iter7                         |   1|   0|    1|          0|
    |ap_enable_reg_pp3_iter0                         |   1|   0|    1|          0|
    |ap_enable_reg_pp3_iter1                         |   1|   0|    1|          0|
    |ap_enable_reg_pp3_iter2                         |   1|   0|    1|          0|
    |ap_enable_reg_pp3_iter3                         |   1|   0|    1|          0|
    |ap_enable_reg_pp3_iter4                         |   1|   0|    1|          0|
    |ap_enable_reg_pp3_iter5                         |   1|   0|    1|          0|
    |ap_enable_reg_pp4_iter0                         |   1|   0|    1|          0|
    |ap_enable_reg_pp4_iter1                         |   1|   0|    1|          0|
    |ap_enable_reg_pp4_iter2                         |   1|   0|    1|          0|
    |ap_phi_reg_pp2_iter1_A_V_load_0_0_phi_reg_2031  |  12|   0|   12|          0|
    |ap_phi_reg_pp2_iter1_A_V_load_0_1_phi_reg_2054  |  12|   0|   12|          0|
    |ap_phi_reg_pp2_iter1_A_V_load_0_2_phi_reg_2077  |  12|   0|   12|          0|
    |ap_phi_reg_pp2_iter1_A_V_load_0_3_phi_reg_2100  |  12|   0|   12|          0|
    |ap_phi_reg_pp2_iter1_A_V_load_0_4_phi_reg_2125  |  12|   0|   12|          0|
    |ap_phi_reg_pp2_iter1_A_V_load_1_0_phi_reg_2148  |  12|   0|   12|          0|
    |ap_phi_reg_pp2_iter1_A_V_load_1_1_phi_reg_2219  |  12|   0|   12|          0|
    |ap_phi_reg_pp2_iter1_A_V_load_1_2_phi_reg_2171  |  12|   0|   12|          0|
    |ap_phi_reg_pp2_iter1_A_V_load_1_3_phi_reg_2242  |  12|   0|   12|          0|
    |ap_phi_reg_pp2_iter1_A_V_load_1_4_phi_reg_2195  |  12|   0|   12|          0|
    |ap_phi_reg_pp2_iter1_A_V_load_2_0_phi_reg_2267  |  12|   0|   12|          0|
    |ap_phi_reg_pp2_iter1_A_V_load_2_1_phi_reg_2409  |  12|   0|   12|          0|
    |ap_phi_reg_pp2_iter1_A_V_load_2_2_phi_reg_2290  |  12|   0|   12|          0|
    |ap_phi_reg_pp2_iter1_A_V_load_2_3_phi_reg_2432  |  12|   0|   12|          0|
    |ap_phi_reg_pp2_iter1_A_V_load_2_4_phi_reg_2313  |  12|   0|   12|          0|
    |ap_phi_reg_pp2_iter1_A_V_load_3_0_phi_reg_2337  |  12|   0|   12|          0|
    |ap_phi_reg_pp2_iter1_A_V_load_3_1_phi_reg_2505  |  12|   0|   12|          0|
    |ap_phi_reg_pp2_iter1_A_V_load_3_2_phi_reg_2361  |  12|   0|   12|          0|
    |ap_phi_reg_pp2_iter1_A_V_load_3_3_phi_reg_2528  |  12|   0|   12|          0|
    |ap_phi_reg_pp2_iter1_A_V_load_3_4_phi_reg_2385  |  12|   0|   12|          0|
    |ap_phi_reg_pp2_iter1_A_V_load_4_0_phi_reg_2457  |  12|   0|   12|          0|
    |ap_phi_reg_pp2_iter1_A_V_load_4_1_phi_reg_2553  |  12|   0|   12|          0|
    |ap_phi_reg_pp2_iter1_A_V_load_4_2_phi_reg_2481  |  12|   0|   12|          0|
    |ap_phi_reg_pp2_iter1_A_V_load_4_3_phi_reg_2576  |  12|   0|   12|          0|
    |ap_phi_reg_pp2_iter2_A_V_load_3_1_phi_reg_2505  |  12|   0|   12|          0|
    |ap_phi_reg_pp2_iter2_A_V_load_3_3_phi_reg_2528  |  12|   0|   12|          0|
    |ap_phi_reg_pp2_iter2_A_V_load_4_1_phi_reg_2553  |  12|   0|   12|          0|
    |ap_phi_reg_pp2_iter2_A_V_load_4_3_phi_reg_2576  |  12|   0|   12|          0|
    |bias_V_load_reg_6845                            |  12|   0|   12|          0|
    |buf_V_8_4_4_reg_6839                            |  32|   0|   32|          0|
    |exitcond17_mid1_reg_5146                        |   1|   0|    1|          0|
    |exitcond_flatten10_reg_5037                     |   1|   0|    1|          0|
    |exitcond_flatten11_reg_5117                     |   1|   0|    1|          0|
    |exitcond_flatten12_reg_5126                     |   1|   0|    1|          0|
    |exitcond_flatten65_m_reg_5138                   |   1|   0|    1|          0|
    |exitcond_flatten7_reg_6930                      |   1|   0|    1|          0|
    |exitcond_flatten7_reg_6930_pp3_iter1_reg        |   1|   0|    1|          0|
    |exitcond_flatten8_reg_6951                      |   1|   0|    1|          0|
    |exitcond_flatten9_reg_5028                      |   1|   0|    1|          0|
    |exitcond_flatten_mid_reg_6956                   |   1|   0|    1|          0|
    |exitcond_flatten_reg_6921                       |   1|   0|    1|          0|
    |exitcond_reg_7028                               |   1|   0|    1|          0|
    |exitcond_reg_7028_pp4_iter1_reg                 |   1|   0|    1|          0|
    |i16_reg_2694                                    |   6|   0|    6|          0|
    |i1_reg_2706                                     |   6|   0|    6|          0|
    |i1_reg_2706_pp4_iter1_reg                       |   6|   0|    6|          0|
    |i33_mid2_reg_6987                               |   6|   0|    6|          0|
    |i3_mid2_reg_5056                                |   5|   0|    5|          0|
    |i3_reg_1926                                     |   5|   0|    5|          0|
    |i4_mid_reg_5162                                 |   6|   0|    6|          0|
    |i4_reg_1995                                     |   6|   0|    6|          0|
    |i8_reg_1858                                     |  31|   0|   31|          0|
    |i_17_reg_7032                                   |   6|   0|    6|          0|
    |i_18_reg_6998                                   |   6|   0|    6|          0|
    |i_19_reg_5176                                   |   6|   0|    6|          0|
    |i_2_reg_5066                                    |   5|   0|    5|          0|
    |ia_1_reg_5111                                   |   5|   0|    5|          0|
    |ia_reg_1949                                     |   5|   0|    5|          0|
    |ib_mid2_reg_5171                                |   5|   0|    5|          0|
    |ib_reg_1972                                     |   5|   0|    5|          0|
    |ifzero_reg_6112                                 |   1|   0|    1|          0|
    |indvar_flatten1_reg_2647                        |  13|   0|   13|          0|
    |indvar_flatten2_reg_1880                        |  13|   0|   13|          0|
    |indvar_flatten3_reg_1903                        |  10|   0|   10|          0|
    |indvar_flatten4_reg_1938                        |  16|   0|   16|          0|
    |indvar_flatten5_reg_1961                        |  14|   0|   14|          0|
    |indvar_flatten63_op_reg_5152                    |  11|   0|   11|          0|
    |indvar_flatten6_reg_1984                        |  11|   0|   11|          0|
    |indvar_flatten9_reg_2624                        |  14|   0|   14|          0|
    |indvar_flatten_next1_3_reg_5193                 |  11|   0|   11|          0|
    |indvar_flatten_next1_4_reg_5157                 |  14|   0|   14|          0|
    |indvar_flatten_next1_5_reg_5121                 |  16|   0|   16|          0|
    |indvar_flatten_op_reg_6976                      |  11|   0|   11|          0|
    |indvar_flatten_reg_2670                         |  11|   0|   11|          0|
    |j2_reg_1891                                     |   5|   0|    5|          0|
    |j5_mid2_reg_5186                                |   5|   0|    5|          0|
    |j5_reg_2019                                     |   5|   0|    5|          0|
    |j_9_reg_5515                                    |   5|   0|    5|          0|
    |j_reg_2682                                      |   5|   0|    5|          0|
    |k_mid2_reg_5061                                 |   5|   0|    5|          0|
    |k_reg_1914                                      |   5|   0|    5|          0|
    |ka_reg_2635                                     |   4|   0|    4|          0|
    |kb_mid2_reg_6971                                |   4|   0|    4|          0|
    |kb_reg_2658                                     |   4|   0|    4|          0|
    |kb_t_mid2_reg_6967                              |   3|   0|    3|          0|
    |lhs_V_reg_4973                                  |  32|   0|   32|          0|
    |mul_reg_6901                                    |  67|   0|   67|          0|
    |multiple_V                                      |  12|   0|   12|          0|
    |neg_mul_reg_6911                                |  67|   0|   67|          0|
    |not_exitcond_flatten_reg_6946                   |   1|   0|    1|          0|
    |num_img_8_reg_5023                              |  15|   0|   15|          0|
    |num_img_reg_1869                                |  15|   0|   15|          0|
    |p_8_mid2_reg_6809                               |  32|   0|   32|          0|
    |p_8_reg_2007                                    |  32|   0|   32|          0|
    |p_s_reg_5000                                    |  32|   0|   32|          0|
    |r_V_21_0_1_reg_6459                             |  24|   0|   24|          0|
    |r_V_21_0_2_reg_6464                             |  24|   0|   24|          0|
    |r_V_21_0_3_reg_6469                             |  24|   0|   24|          0|
    |r_V_21_0_4_reg_6474                             |  24|   0|   24|          0|
    |r_V_21_1_1_reg_6589                             |  24|   0|   24|          0|
    |r_V_21_1_2_reg_6594                             |  24|   0|   24|          0|
    |r_V_21_1_3_reg_6599                             |  24|   0|   24|          0|
    |r_V_21_1_4_reg_6604                             |  24|   0|   24|          0|
    |r_V_21_1_reg_6479                               |  24|   0|   24|          0|
    |r_V_21_2_1_reg_6669                             |  24|   0|   24|          0|
    |r_V_21_2_2_reg_6614                             |  24|   0|   24|          0|
    |r_V_21_2_3_reg_6674                             |  24|   0|   24|          0|
    |r_V_21_2_4_reg_6679                             |  24|   0|   24|          0|
    |r_V_21_2_reg_6609                               |  24|   0|   24|          0|
    |r_V_21_3_1_reg_6729                             |  24|   0|   24|          0|
    |r_V_21_3_2_reg_6689                             |  24|   0|   24|          0|
    |r_V_21_3_3_reg_6734                             |  24|   0|   24|          0|
    |r_V_21_3_4_reg_6694                             |  24|   0|   24|          0|
    |r_V_21_3_reg_6684                               |  24|   0|   24|          0|
    |r_V_21_4_1_reg_6759                             |  24|   0|   24|          0|
    |r_V_21_4_2_reg_6744                             |  24|   0|   24|          0|
    |r_V_21_4_3_reg_6764                             |  24|   0|   24|          0|
    |r_V_21_4_reg_6739                               |  24|   0|   24|          0|
    |r_V_4_reg_6454                                  |  24|   0|   24|          0|
    |r_V_reg_6850                                    |  32|   0|   32|          0|
    |r_V_s_reg_6885                                  |  33|   0|   33|          0|
    |reg_2718                                        |  12|   0|   12|          0|
    |reg_2727                                        |  12|   0|   12|          0|
    |reg_2736                                        |  12|   0|   12|          0|
    |reg_2745                                        |  12|   0|   12|          0|
    |reg_2754                                        |  12|   0|   12|          0|
    |reg_2763                                        |  12|   0|   12|          0|
    |reg_2772                                        |  12|   0|   12|          0|
    |reg_2780                                        |  12|   0|   12|          0|
    |reg_2786                                        |  12|   0|   12|          0|
    |reg_2795                                        |  12|   0|   12|          0|
    |reg_2799                                        |  12|   0|   12|          0|
    |reg_2805                                        |  12|   0|   12|          0|
    |reg_2811                                        |  12|   0|   12|          0|
    |reg_2817                                        |  12|   0|   12|          0|
    |reg_2823                                        |  12|   0|   12|          0|
    |reg_2829                                        |  12|   0|   12|          0|
    |reg_2835                                        |  12|   0|   12|          0|
    |reg_2841                                        |  12|   0|   12|          0|
    |reg_2847                                        |  12|   0|   12|          0|
    |reg_2853                                        |  12|   0|   12|          0|
    |reg_2860                                        |  12|   0|   12|          0|
    |reg_2864                                        |  12|   0|   12|          0|
    |reg_2871                                        |  12|   0|   12|          0|
    |reg_2878                                        |  12|   0|   12|          0|
    |reg_2885                                        |  12|   0|   12|          0|
    |reg_2892                                        |  12|   0|   12|          0|
    |reg_2899                                        |  12|   0|   12|          0|
    |reg_2906                                        |  12|   0|   12|          0|
    |reg_2913                                        |  12|   0|   12|          0|
    |reg_2920                                        |  12|   0|   12|          0|
    |reg_2927                                        |  12|   0|   12|          0|
    |reg_2933                                        |  12|   0|   12|          0|
    |reg_2937                                        |  12|   0|   12|          0|
    |reg_2945                                        |  12|   0|   12|          0|
    |reg_2953                                        |  12|   0|   12|          0|
    |reg_2961                                        |  12|   0|   12|          0|
    |reg_2969                                        |  12|   0|   12|          0|
    |reg_2977                                        |  12|   0|   12|          0|
    |reg_2985                                        |  12|   0|   12|          0|
    |reg_2991                                        |  12|   0|   12|          0|
    |reg_2999                                        |  12|   0|   12|          0|
    |reg_3006                                        |  12|   0|   12|          0|
    |reg_3012                                        |  12|   0|   12|          0|
    |reg_3018                                        |  12|   0|   12|          0|
    |reg_3024                                        |  12|   0|   12|          0|
    |reg_3030                                        |  12|   0|   12|          0|
    |reg_3036                                        |  12|   0|   12|          0|
    |reg_3042                                        |  12|   0|   12|          0|
    |reg_3048                                        |  12|   0|   12|          0|
    |reg_3054                                        |  12|   0|   12|          0|
    |reg_3060                                        |  12|   0|   12|          0|
    |reg_3067                                        |  12|   0|   12|          0|
    |reg_3074                                        |  12|   0|   12|          0|
    |reg_3081                                        |  12|   0|   12|          0|
    |reg_3088                                        |  12|   0|   12|          0|
    |reg_3095                                        |  12|   0|   12|          0|
    |reg_3102                                        |  12|   0|   12|          0|
    |reg_3108                                        |  12|   0|   12|          0|
    |reg_3115                                        |  12|   0|   12|          0|
    |reg_3121                                        |  12|   0|   12|          0|
    |reg_3128                                        |  12|   0|   12|          0|
    |reg_3135                                        |  12|   0|   12|          0|
    |reg_3142                                        |  12|   0|   12|          0|
    |reg_3149                                        |  12|   0|   12|          0|
    |reg_3156                                        |  12|   0|   12|          0|
    |reg_3163                                        |  12|   0|   12|          0|
    |reg_3169                                        |  12|   0|   12|          0|
    |reg_3176                                        |  12|   0|   12|          0|
    |start_once_reg                                  |   1|   0|    1|          0|
    |tmp10_reg_6749                                  |  25|   0|   25|          0|
    |tmp12_reg_6824                                  |  27|   0|   27|          0|
    |tmp13_reg_6799                                  |  26|   0|   26|          0|
    |tmp14_reg_6754                                  |  25|   0|   25|          0|
    |tmp16_reg_6784                                  |  25|   0|   25|          0|
    |tmp18_reg_6819                                  |  26|   0|   26|          0|
    |tmp19_reg_6789                                  |  25|   0|   25|          0|
    |tmp1_reg_6794                                   |  27|   0|   27|          0|
    |tmp22_reg_6804                                  |  25|   0|   25|          0|
    |tmp23_reg_6814                                  |  25|   0|   25|          0|
    |tmp24_reg_4990                                  |  32|   0|   32|          0|
    |tmp25_reg_4995                                  |  32|   0|   32|          0|
    |tmp2_reg_6719                                   |  26|   0|   26|          0|
    |tmp3_reg_6659                                   |  25|   0|   25|          0|
    |tmp5_reg_6664                                   |  25|   0|   25|          0|
    |tmp7_reg_6779                                   |  26|   0|   26|          0|
    |tmp8_reg_6724                                   |  25|   0|   25|          0|
    |tmp_105_reg_6961                                |   1|   0|    1|          0|
    |tmp_107_reg_5010                                |   1|   0|    1|          0|
    |tmp_110_reg_7008                                |  11|   0|   11|          0|
    |tmp_112_reg_7014                                |  13|   0|   13|          0|
    |tmp_119_reg_5076                                |  10|   0|   10|          0|
    |tmp_122_reg_5106                                |   5|   0|    5|          0|
    |tmp_129_reg_7019                                |  12|   0|   12|          0|
    |tmp_130_reg_7037                                |  12|   0|   12|          0|
    |tmp_132_reg_5081                                |  12|   0|   12|          0|
    |tmp_133_reg_5181                                |   1|   0|    1|          0|
    |tmp_135_reg_5204                                |  10|   0|   10|          0|
    |tmp_136_reg_5230                                |  10|   0|   10|          0|
    |tmp_137_reg_5235                                |  10|   0|   10|          0|
    |tmp_138_reg_5281                                |  10|   0|   10|          0|
    |tmp_139_reg_5286                                |  10|   0|   10|          0|
    |tmp_140_reg_5240                                |  10|   0|   10|          0|
    |tmp_141_cast_reg_5263                           |  64|   0|   64|          0|
    |tmp_142_cast_reg_5521                           |  64|   0|   64|          0|
    |tmp_142_reg_5213                                |  13|   0|   13|          0|
    |tmp_143_cast_reg_5539                           |  64|   0|   64|          0|
    |tmp_143_reg_5218                                |  11|   0|   11|          0|
    |tmp_144_cast_reg_5831                           |  64|   0|   64|          0|
    |tmp_144_reg_5245                                |  13|   0|   13|          0|
    |tmp_145_reg_5253                                |  13|   0|   13|          0|
    |tmp_146_reg_5465                                |  13|   0|   13|          0|
    |tmp_147_reg_5470                                |  13|   0|   13|          0|
    |tmp_148_reg_5731                                |  13|   0|   13|          0|
    |tmp_149_reg_6829                                |  28|   0|   28|          0|
    |tmp_150_reg_6855                                |   1|   0|    1|          0|
    |tmp_151_reg_6865                                |  20|   0|   20|          0|
    |tmp_153_reg_6860                                |  20|   0|   20|          0|
    |tmp_155_reg_6870                                |  22|   0|   22|          0|
    |tmp_156_reg_6890                                |   1|   0|    1|          0|
    |tmp_156_reg_6890_pp2_iter6_reg                  |   1|   0|    1|          0|
    |tmp_159_reg_6906                                |  29|   0|   29|          0|
    |tmp_184_mid2_v_v_reg_6981                       |   4|   0|    4|          0|
    |tmp_184_mid2_v_v_reg_6981_pp3_iter3_reg         |   4|   0|    4|          0|
    |tmp_192_mid2_v_reg_5050                         |   5|   0|    5|          0|
    |tmp_193_mid2_reg_6992                           |   5|   0|    5|          0|
    |tmp_204_mid2_reg_5198                           |   6|   0|    6|          0|
    |tmp_272_2_mid2_reg_5223                         |   5|   0|    5|          0|
    |tmp_275_0_35_t_mid2_reg_5167                    |   4|   0|    5|          1|
    |tmp_V_90_reg_4945                               |  16|   0|   16|          0|
    |tmp_V_92_reg_4950                               |  16|   0|   16|          0|
    |tmp_V_94_reg_4955                               |  16|   0|   16|          0|
    |tmp_V_98_reg_4960                               |  16|   0|   16|          0|
    |tmp_V_reg_4939                                  |  16|   0|   16|          0|
    |exitcond_flatten11_reg_5117                     |  64|  32|    1|          0|
    |exitcond_flatten9_reg_5028                      |  64|  32|    1|          0|
    |exitcond_flatten_reg_6921                       |  64|  32|    1|          0|
    |ib_mid2_reg_5171                                |  64|  32|    5|          0|
    |ifzero_reg_6112                                 |  64|  32|    1|          0|
    |k_mid2_reg_5061                                 |  64|  32|    5|          0|
    |kb_t_mid2_reg_6967                              |  64|  32|    3|          0|
    |tmp_133_reg_5181                                |  64|  32|    1|          0|
    |tmp_192_mid2_v_reg_5050                         |  64|  32|    5|          0|
    |tmp_204_mid2_reg_5198                           |  64|  32|    6|          0|
    |tmp_275_0_35_t_mid2_reg_5167                    |  64|  32|    5|          1|
    +------------------------------------------------+----+----+-----+-----------+
    |Total                                           |5447| 352| 4778|          2|
    +------------------------------------------------+----+----+-----+-----------+



================================================================
== Interface
================================================================
* Summary: 
+-----------------------+-----+-----+------------+----------------+--------------+
|       RTL Ports       | Dir | Bits|  Protocol  |  Source Object |    C Type    |
+-----------------------+-----+-----+------------+----------------+--------------+
|ap_clk                 |  in |    1| ap_ctrl_hs |     Conv.3     | return value |
|ap_rst                 |  in |    1| ap_ctrl_hs |     Conv.3     | return value |
|ap_start               |  in |    1| ap_ctrl_hs |     Conv.3     | return value |
|start_full_n           |  in |    1| ap_ctrl_hs |     Conv.3     | return value |
|ap_done                | out |    1| ap_ctrl_hs |     Conv.3     | return value |
|ap_continue            |  in |    1| ap_ctrl_hs |     Conv.3     | return value |
|ap_idle                | out |    1| ap_ctrl_hs |     Conv.3     | return value |
|ap_ready               | out |    1| ap_ctrl_hs |     Conv.3     | return value |
|start_out              | out |    1| ap_ctrl_hs |     Conv.3     | return value |
|start_write            | out |    1| ap_ctrl_hs |     Conv.3     | return value |
|stream_in_V_V_dout     |  in |   16|   ap_fifo  |  stream_in_V_V |    pointer   |
|stream_in_V_V_empty_n  |  in |    1|   ap_fifo  |  stream_in_V_V |    pointer   |
|stream_in_V_V_read     | out |    1|   ap_fifo  |  stream_in_V_V |    pointer   |
|stream_out_V_V_din     | out |   16|   ap_fifo  | stream_out_V_V |    pointer   |
|stream_out_V_V_full_n  |  in |    1|   ap_fifo  | stream_out_V_V |    pointer   |
|stream_out_V_V_write   | out |    1|   ap_fifo  | stream_out_V_V |    pointer   |
+-----------------------+-----+-----+------------+----------------+--------------+

