INFO: [SIM 2] *************** CSIM start ***************
INFO: [SIM 4] CSIM will launch GCC as the compiler.
   Compiling ../../../main.cpp in debug mode
   Compiling ../../../ultra.cpp in debug mode
   Generating csim.exe
status is 1 
batch_size is 0 
Ker_DIM is 5 
In_CH is 1 
In_DIM is 0 
Out_CH is 16 
Out_DIM is 0 
Mul is 30 
416 results received 
status is 2 
batch_size is 0 
Ker_DIM is 5 
In_CH is 16 
In_DIM is 0 
Out_CH is 32 
Out_DIM is 0 
Mul is 30 
12832 results received 
status is 3 
batch_size is 0 
Ker_DIM is 3 
In_CH is 32 
In_DIM is 0 
Out_CH is 64 
Out_DIM is 0 
Mul is 30 
18496 results received 
status is 4 
batch_size is 0 
Ker_DIM is 3 
In_CH is 64 
In_DIM is 0 
Out_CH is 32 
Out_DIM is 0 
Mul is 30 
18464 results received 
status is 5 
batch_size is 0 
Ker_DIM is 3 
In_CH is 32 
In_DIM is 0 
Out_CH is 16 
Out_DIM is 0 
Mul is 30 
4624 results received 
status is 6 
batch_size is 0 
Ker_DIM is 1 
In_CH is 144 
In_DIM is 0 
Out_CH is 128 
Out_DIM is 0 
Mul is 30 
18560 results received 
status is 7 
batch_size is 0 
Ker_DIM is 1 
In_CH is 128 
In_DIM is 0 
Out_CH is 8 
Out_DIM is 0 
Mul is 30 
1032 results received 
status is 0 
batch_size is 5 
Ker_DIM is 0 
In_CH is 1 
In_DIM is 256 
Out_CH is 8 
Out_DIM is 1 
Mul is 30 
result is 0, last signal is 0 
result is 0, last signal is 0 
result is 0, last signal is 0 
result is 0, last signal is 0 
result is 0, last signal is 0 
result is 0, last signal is 0 
result is 0, last signal is 0 
result is 0, last signal is 0 
result is 0, last signal is 0 
result is 0, last signal is 0 
result is 0, last signal is 0 
result is 0, last signal is 0 
result is 0, last signal is 0 
result is 0, last signal is 0 
result is 0, last signal is 0 
result is 0, last signal is 0 
result is 0, last signal is 0 
result is 0, last signal is 0 
result is 0, last signal is 0 
result is 0, last signal is 0 
result is 0, last signal is 0 
result is 0, last signal is 0 
result is 0, last signal is 0 
result is 0, last signal is 0 
result is 0, last signal is 0 
result is 0, last signal is 0 
result is 0, last signal is 0 
result is 0, last signal is 0 
result is 0, last signal is 0 
result is 0, last signal is 0 
result is 0, last signal is 0 
result is 0, last signal is 0 
result is 0, last signal is 0 
result is 0, last signal is 0 
result is 0, last signal is 0 
result is 0, last signal is 0 
result is 0, last signal is 0 
result is 0, last signal is 0 
result is 0, last signal is 0 
result is 0, last signal is 1 
40 results received 
INFO: [SIM 1] CSim done with 0 errors.
INFO: [SIM 3] *************** CSIM finish ***************
