

================================================================
== Vivado HLS Report for 'AXI_DMA_MASTER'
================================================================
* Date:           Thu May  9 12:58:34 2019

* Version:        2018.2 (Build 2258646 on Thu Jun 14 20:25:20 MDT 2018)
* Project:        CNN_HLS
* Solution:       solution1
* Product family: zynq
* Target device:  xc7z020clg400-1


================================================================
== Performance Estimates
================================================================
+ Timing (ns): 
    * Summary: 
    +--------+-------+----------+------------+
    |  Clock | Target| Estimated| Uncertainty|
    +--------+-------+----------+------------+
    |ap_clk  |   5.00|     3.950|        0.63|
    +--------+-------+----------+------------+

+ Latency (clock cycles): 
    * Summary: 
    +-----+--------+-----+--------+---------+
    |    Latency   |   Interval   | Pipeline|
    | min |   max  | min |   max  |   Type  |
    +-----+--------+-----+--------+---------+
    |   28|  147474|   28|  147474|   none  |
    +-----+--------+-----+--------+---------+

    + Detail: 
        * Instance: 
        N/A

        * Loop: 
        +----------+-----+--------+----------+-----------+-----------+--------------+----------+
        |          |    Latency   | Iteration|  Initiation Interval  |     Trip     |          |
        | Loop Name| min |   max  |  Latency |  achieved |   target  |     Count    | Pipelined|
        +----------+-----+--------+----------+-----------+-----------+--------------+----------+
        |- Loop 1  |   11|    1271|         3|          1|          1|   10 ~ 1270  |    yes   |
        |- Loop 2  |  145|  147457|         3|          1|          1| 144 ~ 147456 |    yes   |
        +----------+-----+--------+----------+-----------+-----------+--------------+----------+



================================================================
== Utilization Estimates
================================================================
* Summary: 
+-----------------+---------+-------+--------+-------+
|       Name      | BRAM_18K| DSP48E|   FF   |  LUT  |
+-----------------+---------+-------+--------+-------+
|DSP              |        -|      4|       -|      -|
|Expression       |        -|      -|       0|    295|
|FIFO             |        -|      -|       -|      -|
|Instance         |        -|      8|     430|      2|
|Memory           |        -|      -|       -|      -|
|Multiplexer      |        -|      -|       -|    279|
|Register         |        -|      -|     481|      -|
+-----------------+---------+-------+--------+-------+
|Total            |        0|     12|     911|    576|
+-----------------+---------+-------+--------+-------+
|Available        |      280|    220|  106400|  53200|
+-----------------+---------+-------+--------+-------+
|Utilization (%)  |        0|      5|   ~0   |      1|
+-----------------+---------+-------+--------+-------+

+ Detail: 
    * Instance: 
    +--------------------------+----------------------+---------+-------+-----+----+
    |         Instance         |        Module        | BRAM_18K| DSP48E|  FF | LUT|
    +--------------------------+----------------------+---------+-------+-----+----+
    |cnn_mul_32s_32s_3bkb_U59  |cnn_mul_32s_32s_3bkb  |        0|      4|  215|   1|
    |cnn_mul_32s_32s_3bkb_U60  |cnn_mul_32s_32s_3bkb  |        0|      4|  215|   1|
    +--------------------------+----------------------+---------+-------+-----+----+
    |Total                     |                      |        0|      8|  430|   2|
    +--------------------------+----------------------+---------+-------+-----+----+

    * DSP48: 
    +--------------------------+----------------------+-----------+
    |         Instance         |        Module        | Expression|
    +--------------------------+----------------------+-----------+
    |cnn_mul_mul_16s_1cud_U61  |cnn_mul_mul_16s_1cud  |  i0 * i1  |
    |cnn_mul_mul_16s_1cud_U62  |cnn_mul_mul_16s_1cud  |  i0 * i1  |
    |cnn_mul_mul_16s_1cud_U63  |cnn_mul_mul_16s_1cud  |  i0 * i1  |
    |cnn_mul_mul_16s_1cud_U64  |cnn_mul_mul_16s_1cud  |  i0 * i1  |
    +--------------------------+----------------------+-----------+

    * Memory: 
    N/A

    * FIFO: 
    N/A

    * Expression: 
    +--------------------------------------+----------+-------+---+----+------------+------------+
    |             Variable Name            | Operation| DSP48E| FF| LUT| Bitwidth P0| Bitwidth P1|
    +--------------------------------------+----------+-------+---+----+------------+------------+
    |i_13_fu_194_p2                        |     +    |      0|  0|  38|          31|           1|
    |i_5_fu_165_p2                         |     +    |      0|  0|  38|          31|           1|
    |tmp_77_fu_180_p2                      |     +    |      0|  0|  39|          32|           2|
    |tmp_80_fu_151_p2                      |     +    |      0|  0|  39|          32|           2|
    |ap_block_pp0_stage0_01001             |    and   |      0|  0|   2|           1|           1|
    |ap_block_pp1_stage0_01001             |    and   |      0|  0|   2|           1|           1|
    |ap_block_state18_io                   |    and   |      0|  0|   2|           1|           1|
    |ap_block_state18_pp0_stage0_iter1     |    and   |      0|  0|   2|           1|           1|
    |ap_block_state19_io                   |    and   |      0|  0|   2|           1|           1|
    |ap_block_state30_io                   |    and   |      0|  0|   2|           1|           1|
    |ap_block_state30_pp1_stage0_iter1     |    and   |      0|  0|   2|           1|           1|
    |ap_block_state31_io                   |    and   |      0|  0|   2|           1|           1|
    |stream_out_V_data_V_1_load_A          |    and   |      0|  0|   2|           1|           1|
    |stream_out_V_data_V_1_load_B          |    and   |      0|  0|   2|           1|           1|
    |stream_out_V_last_1_load_A            |    and   |      0|  0|   2|           1|           1|
    |stream_out_V_last_1_load_B            |    and   |      0|  0|   2|           1|           1|
    |stream_out_V_data_V_1_state_cmp_full  |   icmp   |      0|  0|   8|           2|           1|
    |stream_out_V_last_1_state_cmp_full    |   icmp   |      0|  0|   8|           2|           1|
    |tmp_81_fu_189_p2                      |   icmp   |      0|  0|  18|          32|          32|
    |tmp_82_fu_160_p2                      |   icmp   |      0|  0|  18|          32|          32|
    |tmp_last_1_fu_171_p2                  |   icmp   |      0|  0|  18|          32|          32|
    |tmp_last_fu_200_p2                    |   icmp   |      0|  0|  18|          32|          32|
    |tmp_s_fu_124_p2                       |   icmp   |      0|  0|  13|          16|           1|
    |ap_block_pp0_stage0_11001             |    or    |      0|  0|   2|           1|           1|
    |ap_block_pp1_stage0_11001             |    or    |      0|  0|   2|           1|           1|
    |ap_block_state1                       |    or    |      0|  0|   2|           1|           1|
    |ap_block_state20                      |    or    |      0|  0|   2|           1|           1|
    |ap_enable_pp0                         |    xor   |      0|  0|   2|           1|           2|
    |ap_enable_pp1                         |    xor   |      0|  0|   2|           1|           2|
    |ap_enable_reg_pp0_iter1               |    xor   |      0|  0|   2|           2|           1|
    |ap_enable_reg_pp1_iter1               |    xor   |      0|  0|   2|           2|           1|
    +--------------------------------------+----------+-------+---+----+------------+------------+
    |Total                                 |          |      0|  0| 295|         296|         159|
    +--------------------------------------+----------+-------+---+----+------------+------------+

    * Multiplexer: 
    +--------------------------------+-----+-----------+-----+-----------+
    |              Name              | LUT | Input Size| Bits| Total Bits|
    +--------------------------------+-----+-----------+-----+-----------+
    |ap_NS_fsm                       |  129|         28|    1|         28|
    |ap_done                         |    9|          2|    1|          2|
    |ap_enable_reg_pp0_iter1         |    9|          2|    1|          2|
    |ap_enable_reg_pp0_iter2         |    9|          2|    1|          2|
    |ap_enable_reg_pp1_iter1         |    9|          2|    1|          2|
    |ap_enable_reg_pp1_iter2         |    9|          2|    1|          2|
    |i1_reg_92                       |    9|          2|   31|         62|
    |i_reg_103                       |    9|          2|   31|         62|
    |stream_in_V_V_blk_n             |    9|          2|    1|          2|
    |stream_out_TDATA_blk_n          |    9|          2|    1|          2|
    |stream_out_V_data_V_1_data_out  |    9|          2|   16|         32|
    |stream_out_V_data_V_1_state     |   15|          3|    2|          6|
    |stream_out_V_last_1_data_in     |   21|          4|    1|          4|
    |stream_out_V_last_1_data_out    |    9|          2|    1|          2|
    |stream_out_V_last_1_state       |   15|          3|    2|          6|
    +--------------------------------+-----+-----------+-----+-----------+
    |Total                           |  279|         60|   92|        216|
    +--------------------------------+-----+-----------+-----+-----------+

    * Register: 
    +---------------------------------+----+----+-----+-----------+
    |               Name              | FF | LUT| Bits| Const Bits|
    +---------------------------------+----+----+-----+-----------+
    |KER_bound_reg_289                |  32|   0|   32|          0|
    |OFM_bound_reg_324                |  32|   0|   32|          0|
    |ap_CS_fsm                        |  27|   0|   27|          0|
    |ap_done_reg                      |   1|   0|    1|          0|
    |ap_enable_reg_pp0_iter0          |   1|   0|    1|          0|
    |ap_enable_reg_pp0_iter1          |   1|   0|    1|          0|
    |ap_enable_reg_pp0_iter2          |   1|   0|    1|          0|
    |ap_enable_reg_pp1_iter0          |   1|   0|    1|          0|
    |ap_enable_reg_pp1_iter1          |   1|   0|    1|          0|
    |ap_enable_reg_pp1_iter2          |   1|   0|    1|          0|
    |i1_reg_92                        |  31|   0|   31|          0|
    |i_reg_103                        |  31|   0|   31|          0|
    |reg_114                          |  16|   0|   16|          0|
    |reg_119                          |  16|   0|   16|          0|
    |stream_out_V_data_V_1_payload_A  |  16|   0|   16|          0|
    |stream_out_V_data_V_1_payload_B  |  16|   0|   16|          0|
    |stream_out_V_data_V_1_sel_rd     |   1|   0|    1|          0|
    |stream_out_V_data_V_1_sel_wr     |   1|   0|    1|          0|
    |stream_out_V_data_V_1_state      |   2|   0|    2|          0|
    |stream_out_V_last_1_payload_A    |   1|   0|    1|          0|
    |stream_out_V_last_1_payload_B    |   1|   0|    1|          0|
    |stream_out_V_last_1_sel_rd       |   1|   0|    1|          0|
    |stream_out_V_last_1_sel_wr       |   1|   0|    1|          0|
    |stream_out_V_last_1_state        |   2|   0|    2|          0|
    |tmp2_reg_314                     |  32|   0|   32|          0|
    |tmp3_reg_319                     |  32|   0|   32|          0|
    |tmp5_reg_279                     |  32|   0|   32|          0|
    |tmp6_reg_284                     |  32|   0|   32|          0|
    |tmp_77_reg_330                   |  32|   0|   32|          0|
    |tmp_80_reg_295                   |  32|   0|   32|          0|
    |tmp_81_reg_335                   |   1|   0|    1|          0|
    |tmp_81_reg_335_pp1_iter1_reg     |   1|   0|    1|          0|
    |tmp_82_reg_300                   |   1|   0|    1|          0|
    |tmp_82_reg_300_pp0_iter1_reg     |   1|   0|    1|          0|
    |tmp_V_101_reg_233                |  16|   0|   16|          0|
    |tmp_V_102_reg_239                |  16|   0|   16|          0|
    |tmp_V_105_reg_245                |  16|   0|   16|          0|
    |tmp_last_1_reg_309               |   1|   0|    1|          0|
    |tmp_last_reg_344                 |   1|   0|    1|          0|
    |tmp_s_reg_229                    |   1|   0|    1|          0|
    +---------------------------------+----+----+-----+-----------+
    |Total                            | 481|   0|  481|          0|
    +---------------------------------+----+----+-----+-----------+



================================================================
== Interface
================================================================
* Summary: 
+-----------------------+-----+-----+------------+---------------------+--------------+
|       RTL Ports       | Dir | Bits|  Protocol  |    Source Object    |    C Type    |
+-----------------------+-----+-----+------------+---------------------+--------------+
|ap_clk                 |  in |    1| ap_ctrl_hs |    AXI_DMA_MASTER   | return value |
|ap_rst                 |  in |    1| ap_ctrl_hs |    AXI_DMA_MASTER   | return value |
|ap_start               |  in |    1| ap_ctrl_hs |    AXI_DMA_MASTER   | return value |
|ap_done                | out |    1| ap_ctrl_hs |    AXI_DMA_MASTER   | return value |
|ap_continue            |  in |    1| ap_ctrl_hs |    AXI_DMA_MASTER   | return value |
|ap_idle                | out |    1| ap_ctrl_hs |    AXI_DMA_MASTER   | return value |
|ap_ready               | out |    1| ap_ctrl_hs |    AXI_DMA_MASTER   | return value |
|stream_in_V_V_dout     |  in |   16|   ap_fifo  |    stream_in_V_V    |    pointer   |
|stream_in_V_V_empty_n  |  in |    1|   ap_fifo  |    stream_in_V_V    |    pointer   |
|stream_in_V_V_read     | out |    1|   ap_fifo  |    stream_in_V_V    |    pointer   |
|stream_out_TDATA       | out |   16|    axis    | stream_out_V_data_V |    pointer   |
|stream_out_TVALID      | out |    1|    axis    |  stream_out_V_last  |    pointer   |
|stream_out_TREADY      |  in |    1|    axis    |  stream_out_V_last  |    pointer   |
|stream_out_TLAST       | out |    1|    axis    |  stream_out_V_last  |    pointer   |
+-----------------------+-----+-----+------------+---------------------+--------------+

