

================================================================
== Vivado HLS Report for 'Conv_16_26_32_3_s'
================================================================
* Date:           Thu May  9 12:58:18 2019

* Version:        2018.2 (Build 2258646 on Thu Jun 14 20:25:20 MDT 2018)
* Project:        CNN_HLS
* Solution:       solution1
* Product family: zynq
* Target device:  xc7z020clg400-1


================================================================
== Performance Estimates
================================================================
+ Timing (ns): 
    * Summary: 
    +--------+-------+----------+------------+
    |  Clock | Target| Estimated| Uncertainty|
    +--------+-------+----------+------------+
    |ap_clk  |   5.00|     5.337|        0.63|
    +--------+-------+----------+------------+

+ Latency (clock cycles): 
    * Summary: 
    +-----+----------+-----+----------+---------+
    |     Latency    |    Interval    | Pipeline|
    | min |    max   | min |    max   |   Type  |
    +-----+----------+-----+----------+---------+
    |  159|  76283701|  159|  76283701|   none  |
    +-----+----------+-----+----------+---------+

    + Detail: 
        * Instance: 
        N/A

        * Loop: 
        +-------------+--------+----------+----------+-----------+-----------+--------------+----------+
        |             |      Latency      | Iteration|  Initiation Interval  |     Trip     |          |
        |  Loop Name  |   min  |    max   |  Latency |  achieved |   target  |     Count    | Pipelined|
        +-------------+--------+----------+----------+-----------+-----------+--------------+----------+
        |- Loop 1     |    4611|      4611|         5|          1|          1|          4608|    yes   |
        |- Loop 2     |  600659|  76283693|    600659|          -|          -|    1 ~ 127   |    no    |
        | + Loop 2.1  |   10820|     10820|         6|          1|          1|         10816|    yes   |
        | + Loop 2.2  |  589834|    589834|        13|          2|          1|        294912|    yes   |
        |- Loop 3     |     144|    147456|         2|          1|          1| 144 ~ 147456 |    yes   |
        +-------------+--------+----------+----------+-----------+-----------+--------------+----------+



================================================================
== Utilization Estimates
================================================================
* Summary: 
+-----------------+---------+-------+--------+-------+
|       Name      | BRAM_18K| DSP48E|   FF   |  LUT  |
+-----------------+---------+-------+--------+-------+
|DSP              |        -|      3|       -|      -|
|Expression       |        -|      0|       0|   1914|
|FIFO             |        -|      -|       -|      -|
|Instance         |        -|      4|     215|      1|
|Memory           |        -|      -|     464|   1928|
|Multiplexer      |        -|      -|       -|   2520|
|Register         |        0|      -|    2601|    256|
+-----------------+---------+-------+--------+-------+
|Total            |        0|      7|    3280|   6619|
+-----------------+---------+-------+--------+-------+
|Available        |      280|    220|  106400|  53200|
+-----------------+---------+-------+--------+-------+
|Utilization (%)  |        0|      3|       3|     12|
+-----------------+---------+-------+--------+-------+

+ Detail: 
    * Instance: 
    +--------------------------+----------------------+---------+-------+-----+----+
    |         Instance         |        Module        | BRAM_18K| DSP48E|  FF | LUT|
    +--------------------------+----------------------+---------+-------+-----+----+
    |cnn_mul_32s_32s_3bkb_U23  |cnn_mul_32s_32s_3bkb  |        0|      4|  215|   1|
    +--------------------------+----------------------+---------+-------+-----+----+
    |Total                     |                      |        0|      4|  215|   1|
    +--------------------------+----------------------+---------+-------+-----+----+

    * DSP48: 
    +--------------------------+----------------------+--------------+
    |         Instance         |        Module        |  Expression  |
    +--------------------------+----------------------+--------------+
    |cnn_mac_muladd_6nbbk_U26  |cnn_mac_muladd_6nbbk  | i0 * i1 + i2 |
    |cnn_mul_mul_16s_1cud_U24  |cnn_mul_mul_16s_1cud  |    i0 * i0   |
    |cnn_mul_mul_16s_1cud_U25  |cnn_mul_mul_16s_1cud  |    i0 * i1   |
    +--------------------------+----------------------+--------------+

    * Memory: 
    +------------+----------------------+---------+----+-----+------+-----+------+-------------+
    |   Memory   |        Module        | BRAM_18K| FF | LUT | Words| Bits| Banks| W*Bits*Banks|
    +------------+----------------------+---------+----+-----+------+-----+------+-------------+
    |B_V_1_0_U   |Conv_16_26_32_3_sIfE  |        0|  16|  192|  1536|    8|     1|        12288|
    |B_V_1_1_U   |Conv_16_26_32_3_sIfE  |        0|  16|  192|  1536|    8|     1|        12288|
    |B_V_1_2_U   |Conv_16_26_32_3_sIfE  |        0|  16|  192|  1536|    8|     1|        12288|
    |A_V_1_2_U   |Conv_16_26_32_3_sLf8  |        0|  16|   52|   416|    8|     1|         3328|
    |A_V_1_3_U   |Conv_16_26_32_3_sLf8  |        0|  16|   52|   416|    8|     1|         3328|
    |A_V_1_4_U   |Conv_16_26_32_3_sLf8  |        0|  16|   52|   416|    8|     1|         3328|
    |A_V_1_5_U   |Conv_16_26_32_3_sLf8  |        0|  16|   52|   416|    8|     1|         3328|
    |A_V_1_6_U   |Conv_16_26_32_3_sLf8  |        0|  16|   52|   416|    8|     1|         3328|
    |A_V_1_7_U   |Conv_16_26_32_3_sLf8  |        0|  16|   52|   416|    8|     1|         3328|
    |A_V_1_8_U   |Conv_16_26_32_3_sLf8  |        0|  16|   52|   416|    8|     1|         3328|
    |A_V_1_9_U   |Conv_16_26_32_3_sLf8  |        0|  16|   52|   416|    8|     1|         3328|
    |A_V_1_10_U  |Conv_16_26_32_3_sLf8  |        0|  16|   52|   416|    8|     1|         3328|
    |A_V_1_11_U  |Conv_16_26_32_3_sLf8  |        0|  16|   52|   416|    8|     1|         3328|
    |A_V_1_12_U  |Conv_16_26_32_3_sLf8  |        0|  16|   52|   416|    8|     1|         3328|
    |A_V_1_13_U  |Conv_16_26_32_3_sLf8  |        0|  16|   52|   416|    8|     1|         3328|
    |A_V_1_14_U  |Conv_16_26_32_3_sLf8  |        0|  16|   52|   416|    8|     1|         3328|
    |A_V_1_15_U  |Conv_16_26_32_3_sLf8  |        0|  16|   52|   416|    8|     1|         3328|
    |A_V_1_16_U  |Conv_16_26_32_3_sLf8  |        0|  16|   52|   416|    8|     1|         3328|
    |A_V_1_17_U  |Conv_16_26_32_3_sLf8  |        0|  16|   52|   416|    8|     1|         3328|
    |A_V_1_18_U  |Conv_16_26_32_3_sLf8  |        0|  16|   52|   416|    8|     1|         3328|
    |A_V_1_19_U  |Conv_16_26_32_3_sLf8  |        0|  16|   52|   416|    8|     1|         3328|
    |A_V_1_20_U  |Conv_16_26_32_3_sLf8  |        0|  16|   52|   416|    8|     1|         3328|
    |A_V_1_21_U  |Conv_16_26_32_3_sLf8  |        0|  16|   52|   416|    8|     1|         3328|
    |A_V_1_22_U  |Conv_16_26_32_3_sLf8  |        0|  16|   52|   416|    8|     1|         3328|
    |A_V_1_23_U  |Conv_16_26_32_3_sLf8  |        0|  16|   52|   416|    8|     1|         3328|
    |A_V_1_24_U  |Conv_16_26_32_3_sLf8  |        0|  16|   52|   416|    8|     1|         3328|
    |A_V_1_25_U  |Conv_16_26_32_3_sLf8  |        0|  16|   52|   416|    8|     1|         3328|
    |A_V_1_1_U   |Conv_16_26_32_3_sLf8  |        0|  16|   52|   416|    8|     1|         3328|
    |A_V_1_0_U   |Conv_16_26_32_3_sLf8  |        0|  16|   52|   416|    8|     1|         3328|
    +------------+----------------------+---------+----+-----+------+-----+------+-------------+
    |Total       |                      |        0| 464| 1928| 15424|  232|    29|       123392|
    +------------+----------------------+---------+----+-----+------+-----+------+-------------+

    * FIFO: 
    N/A

    * Expression: 
    +-----------------------------------+----------+-------+---+----+------------+------------+
    |           Variable Name           | Operation| DSP48E| FF| LUT| Bitwidth P0| Bitwidth P1|
    +-----------------------------------+----------+-------+---+----+------------+------------+
    |r_V_3_0_1_fu_3480_p2               |     *    |      0|  0|  41|           8|           8|
    |r_V_3_0_2_fu_3512_p2               |     *    |      0|  0|  41|           8|           8|
    |r_V_3_1_1_fu_3574_p2               |     *    |      0|  0|  41|           8|           8|
    |r_V_3_1_2_fu_3605_p2               |     *    |      0|  0|  41|           8|           8|
    |r_V_3_1_fu_3543_p2                 |     *    |      0|  0|  41|           8|           8|
    |r_V_3_2_1_fu_3397_p2               |     *    |      0|  0|  41|           8|           8|
    |r_V_3_2_2_fu_3429_p2               |     *    |      0|  0|  41|           8|           8|
    |r_V_3_2_fu_3365_p2                 |     *    |      0|  0|  41|           8|           8|
    |r_V_3_fu_3334_p2                   |     *    |      0|  0|  41|           8|           8|
    |tmp_99_fu_3132_p2                  |     *    |      0|  0|  17|           5|           5|
    |buf_V_2_2_fu_3924_p2               |     +    |      0|  0|  11|           8|           8|
    |i_1_fu_3061_p2                     |     +    |      0|  0|  15|           1|           6|
    |i_2_fu_2889_p2                     |     +    |      0|  0|  15|           5|           1|
    |i_3_fu_3984_p2                     |     +    |      0|  0|  15|           1|           6|
    |i_s_fu_2772_p2                     |     +    |      0|  0|  38|          31|           1|
    |ia_2_fu_2940_p2                    |     +    |      0|  0|  15|           5|           1|
    |ia_2_mid1_fu_3103_p2               |     +    |      0|  0|  15|           2|           5|
    |ib_2_fu_3038_p2                    |     +    |      0|  0|  15|           1|           5|
    |indvar_flatten13_op_fu_3970_p2     |     +    |      0|  0|  15|           9|           1|
    |indvar_flatten44_op_fu_2811_p2     |     +    |      0|  0|  14|          10|           1|
    |indvar_flatten63_op_fu_3020_p2     |     +    |      0|  0|  13|          11|           1|
    |indvar_flatten78_op_fu_3026_p2     |     +    |      0|  0|  21|          15|           1|
    |indvar_flatten_next1_fu_2952_p2    |     +    |      0|  0|  26|          19|           1|
    |indvar_flatten_next5_fu_3958_p2    |     +    |      0|  0|  17|          13|           1|
    |indvar_flatten_next7_fu_2799_p2    |     +    |      0|  0|  19|          14|           1|
    |indvar_flatten_op_fu_4040_p2       |     +    |      0|  0|  13|           4|           1|
    |j_6_fu_4021_p2                     |     +    |      0|  0|  15|           1|           5|
    |j_7_fu_2825_p2                     |     +    |      0|  0|  15|           1|           5|
    |j_8_fu_3084_p2                     |     +    |      0|  0|  15|           5|           1|
    |k_3_fu_2862_p2                     |     +    |      0|  0|  15|           1|           5|
    |ka_1_fu_4127_p2                    |     +    |      0|  0|  12|           2|           3|
    |kb_1_fu_4161_p2                    |     +    |      0|  0|  12|           3|           2|
    |num_img_4_fu_2787_p2               |     +    |      0|  0|  21|          15|           1|
    |tmp1_fu_3906_p2                    |     +    |      0|  0|  11|           8|           8|
    |tmp2_fu_3902_p2                    |     +    |      0|  0|  11|           8|           8|
    |tmp3_fu_3880_p2                    |     +    |      0|  0|  15|           8|           8|
    |tmp4_fu_3915_p2                    |     +    |      0|  0|  11|           8|           8|
    |tmp5_fu_3911_p2                    |     +    |      0|  0|  11|           8|           8|
    |tmp6_fu_3890_p2                    |     +    |      0|  0|  11|           8|           8|
    |tmp7_fu_3886_p2                    |     +    |      0|  0|  11|           8|           8|
    |tmp_102_fu_3171_p2                 |     +    |      0|  0|  14|          10|          10|
    |tmp_104_fu_3268_p2                 |     +    |      0|  0|  14|          10|          10|
    |tmp_106_fu_3206_p2                 |     +    |      0|  0|  14|          10|          10|
    |tmp_109_fu_3138_p2                 |     +    |      0|  0|  71|          64|          64|
    |tmp_118_fu_3303_p2                 |     +    |      0|  0|  12|           1|          12|
    |tmp_120_fu_3315_p2                 |     +    |      0|  0|  12|           2|          12|
    |tmp_30_fu_3920_p2                  |     +    |      0|  0|  11|           8|           8|
    |tmp_57_fu_4101_p2                  |     +    |      0|  0|  13|          11|          11|
    |tmp_58_fu_2934_p2                  |     +    |      0|  0|  15|           5|           2|
    |tmp_70_fu_4186_p2                  |     +    |      0|  0|  11|          12|          12|
    |p_neg_0_1_fu_3700_p2               |     -    |      0|  0|  24|           1|          17|
    |p_neg_0_2_fu_3719_p2               |     -    |      0|  0|  24|           1|          17|
    |p_neg_1_1_fu_3769_p2               |     -    |      0|  0|  24|           1|          17|
    |p_neg_1_2_fu_3788_p2               |     -    |      0|  0|  24|           1|          17|
    |p_neg_1_fu_3744_p2                 |     -    |      0|  0|  24|           1|          17|
    |p_neg_2_1_fu_3651_p2               |     -    |      0|  0|  24|           1|          17|
    |p_neg_2_2_fu_3670_p2               |     -    |      0|  0|  24|           1|          17|
    |p_neg_2_fu_3632_p2                 |     -    |      0|  0|  24|           1|          17|
    |p_neg_fu_3456_p2                   |     -    |      0|  0|  24|           1|          17|
    |tmp_100_fu_3869_p2                 |     -    |      0|  0|  15|           1|           8|
    |tmp_107_fu_3804_p2                 |     -    |      0|  0|  15|           1|           8|
    |tmp_114_fu_3815_p2                 |     -    |      0|  0|  15|           1|           8|
    |tmp_116_fu_3248_p2                 |     -    |      0|  0|  12|          12|          12|
    |tmp_121_fu_3826_p2                 |     -    |      0|  0|  15|           1|           8|
    |tmp_59_fu_4177_p2                  |     -    |      0|  0|  11|          12|          12|
    |tmp_65_fu_3686_p2                  |     -    |      0|  0|  15|           1|           8|
    |tmp_72_fu_3837_p2                  |     -    |      0|  0|  15|           1|           8|
    |tmp_79_fu_3735_p2                  |     -    |      0|  0|  15|           1|           8|
    |tmp_86_fu_3760_p2                  |     -    |      0|  0|  15|           1|           8|
    |tmp_93_fu_3858_p2                  |     -    |      0|  0|  15|           1|           8|
    |ap_block_pp0_stage0_01001          |    and   |      0|  0|   2|           1|           1|
    |ap_block_pp1_stage0_11001          |    and   |      0|  0|   2|           1|           1|
    |ap_block_pp2_stage0_01001          |    and   |      0|  0|   2|           1|           1|
    |ap_block_pp3_stage0_01001          |    and   |      0|  0|   2|           1|           1|
    |ap_block_state23_pp1_stage0_iter4  |    and   |      0|  0|   2|           1|           1|
    |ap_block_state38_pp2_stage0_iter6  |    and   |      0|  0|   2|           1|           1|
    |ap_condition_851                   |    and   |      0|  0|   2|           1|           1|
    |ap_condition_987                   |    and   |      0|  0|   2|           1|           1|
    |ap_condition_997                   |    and   |      0|  0|   2|           1|           1|
    |exitcond1_mid_fu_2856_p2           |    and   |      0|  0|   2|           1|           1|
    |exitcond2_mid1_fu_3014_p2          |    and   |      0|  0|   2|           1|           1|
    |exitcond2_mid_fu_2984_p2           |    and   |      0|  0|   2|           1|           1|
    |exitcond_flatten65_m_fu_2996_p2    |    and   |      0|  0|   2|           1|           1|
    |exitcond_flatten_mid_fu_4015_p2    |    and   |      0|  0|   2|           1|           1|
    |exitcond5_fu_2978_p2               |   icmp   |      0|  0|  11|           5|           6|
    |exitcond_flatten3_fu_4009_p2       |   icmp   |      0|  0|   9|           4|           4|
    |exitcond_flatten4_fu_2805_p2       |   icmp   |      0|  0|  13|          10|           9|
    |exitcond_flatten5_fu_3952_p2       |   icmp   |      0|  0|  13|          13|          13|
    |exitcond_flatten6_fu_2946_p2       |   icmp   |      0|  0|  18|          19|          19|
    |exitcond_flatten7_fu_2793_p2       |   icmp   |      0|  0|  13|          14|          14|
    |exitcond_flatten8_fu_2958_p2       |   icmp   |      0|  0|  13|          15|          14|
    |exitcond_flatten9_fu_2990_p2       |   icmp   |      0|  0|  13|          11|          10|
    |exitcond_flatten_fu_3964_p2        |   icmp   |      0|  0|  13|           9|           8|
    |exitcond_fu_2850_p2                |   icmp   |      0|  0|  11|           5|           6|
    |ifzero_fu_3260_p2                  |   icmp   |      0|  0|  11|           5|           6|
    |tmp_43_fu_2745_p2                  |   icmp   |      0|  0|  13|          16|           1|
    |tmp_48_fu_2782_p2                  |   icmp   |      0|  0|  13|          16|          16|
    |tmp_49_fu_2767_p2                  |   icmp   |      0|  0|  18|          32|          32|
    |tmp_s_fu_2740_p2                   |   icmp   |      0|  0|  13|          16|           2|
    |ap_block_state1                    |    or    |      0|  0|   2|           1|           1|
    |ap_block_state16_pp0_stage0_iter1  |    or    |      0|  0|   2|           1|           1|
    |ap_block_state2                    |    or    |      0|  0|   2|           1|           1|
    |ap_block_state43_pp3_stage0_iter3  |    or    |      0|  0|   2|           1|           1|
    |not_exitcond_flatten_7_fu_3008_p2  |    or    |      0|  0|   2|           1|           1|
    |tmp_52_mid1_fu_4122_p2             |    or    |      0|  0|   2|           1|           1|
    |tmp_52_mid_fu_4079_p2              |    or    |      0|  0|   2|           1|           1|
    |tmp_55_fu_4027_p2                  |    or    |      0|  0|   2|           1|           1|
    |tmp_76_fu_2868_p2                  |    or    |      0|  0|   2|           1|           1|
    |tmp_85_fu_3043_p2                  |    or    |      0|  0|   2|           1|           1|
    |tmp_88_fu_3067_p2                  |    or    |      0|  0|   2|           1|           1|
    |tmp_90_fu_3071_p2                  |    or    |      0|  0|   2|           1|           1|
    |i2_mid2_fu_2873_p3                 |  select  |      0|  0|   5|           1|           1|
    |i3_mid_fu_3047_p3                  |  select  |      0|  0|   6|           1|           1|
    |ib_mid2_fu_3055_p3                 |  select  |      0|  0|   5|           1|           5|
    |ib_mid_fu_2964_p3                  |  select  |      0|  0|   5|           1|           1|
    |indvar_flatten_next4_fu_3976_p3    |  select  |      0|  0|   9|           1|           1|
    |indvar_flatten_next6_fu_2817_p3    |  select  |      0|  0|  10|           1|           1|
    |indvar_flatten_next8_fu_3090_p3    |  select  |      0|  0|  11|           1|           1|
    |indvar_flatten_next9_fu_3097_p3    |  select  |      0|  0|  15|           1|           1|
    |indvar_flatten_next_fu_4046_p3     |  select  |      0|  0|   4|           1|           1|
    |j4_mid2_fu_3076_p3                 |  select  |      0|  0|   5|           1|           1|
    |j_mid_fu_3990_p3                   |  select  |      0|  0|   5|           1|           1|
    |k_mid2_fu_2881_p3                  |  select  |      0|  0|   5|           1|           5|
    |k_mid_fu_2831_p3                   |  select  |      0|  0|   5|           1|           1|
    |ka_mid2_fu_4153_p3                 |  select  |      0|  0|   3|           1|           3|
    |ka_mid_fu_4084_p3                  |  select  |      0|  0|   3|           1|           2|
    |ka_t_mid2_fu_4145_p3               |  select  |      0|  0|   2|           1|           2|
    |ka_t_mid_fu_4115_p3                |  select  |      0|  0|   3|           1|           3|
    |kb_mid2_fu_4133_p3                 |  select  |      0|  0|   3|           1|           3|
    |kb_mid_fu_4091_p3                  |  select  |      0|  0|   3|           1|           2|
    |p_0_mid2_fu_3895_p3                |  select  |      0|  0|   8|           1|           1|
    |tmp_103_fu_3874_p3                 |  select  |      0|  0|   8|           1|           8|
    |tmp_110_fu_3809_p3                 |  select  |      0|  0|   8|           1|           8|
    |tmp_117_fu_3820_p3                 |  select  |      0|  0|   8|           1|           8|
    |tmp_124_fu_3831_p3                 |  select  |      0|  0|   8|           1|           8|
    |tmp_44_mid2_v_fu_3997_p3           |  select  |      0|  0|   6|           1|           6|
    |tmp_50_mid2_fu_4032_p3             |  select  |      0|  0|   5|           1|           5|
    |tmp_53_mid2_v_fu_2838_p3           |  select  |      0|  0|   5|           1|           5|
    |tmp_68_fu_3691_p3                  |  select  |      0|  0|   8|           1|           8|
    |tmp_75_fu_3842_p3                  |  select  |      0|  0|   8|           1|           8|
    |tmp_77_mid2_fu_3152_p3             |  select  |      0|  0|   5|           1|           5|
    |tmp_82_fu_3848_p3                  |  select  |      0|  0|   8|           1|           8|
    |tmp_84_1_mid2_fu_3032_p3           |  select  |      0|  0|   5|           1|           5|
    |tmp_84_2_mid2_fu_3162_p3           |  select  |      0|  0|   5|           1|           5|
    |tmp_89_fu_3853_p3                  |  select  |      0|  0|   8|           1|           8|
    |tmp_92_fu_3109_p3                  |  select  |      0|  0|   6|           1|           6|
    |tmp_96_fu_3863_p3                  |  select  |      0|  0|   8|           1|           8|
    |x_V_y_V_i_fu_3939_p3               |  select  |      0|  0|   7|           1|           1|
    |ap_enable_pp0                      |    xor   |      0|  0|   2|           1|           2|
    |ap_enable_pp1                      |    xor   |      0|  0|   2|           1|           2|
    |ap_enable_pp2                      |    xor   |      0|  0|   2|           1|           2|
    |ap_enable_pp3                      |    xor   |      0|  0|   2|           1|           2|
    |ap_enable_reg_pp0_iter1            |    xor   |      0|  0|   2|           2|           1|
    |ap_enable_reg_pp1_iter1            |    xor   |      0|  0|   2|           2|           1|
    |ap_enable_reg_pp2_iter1            |    xor   |      0|  0|   2|           2|           1|
    |ap_enable_reg_pp3_iter1            |    xor   |      0|  0|   2|           2|           1|
    |exitcond_flatten65_n_fu_3002_p2    |    xor   |      0|  0|   2|           1|           2|
    |not_exitcond_flatten_5_fu_2845_p2  |    xor   |      0|  0|   2|           1|           2|
    |not_exitcond_flatten_6_fu_2972_p2  |    xor   |      0|  0|   2|           1|           2|
    |not_exitcond_flatten_fu_4004_p2    |    xor   |      0|  0|   2|           1|           2|
    |rev_fu_4073_p2                     |    xor   |      0|  0|   2|           1|           2|
    +-----------------------------------+----------+-------+---+----+------------+------------+
    |Total                              |          |      0|  0|1914|         755|         951|
    +-----------------------------------+----------+-------+---+----+------------+------------+

    * Multiplexer: 
    +--------------------------------------------------+-----+-----------+-----+-----------+
    |                       Name                       | LUT | Input Size| Bits| Total Bits|
    +--------------------------------------------------+-----+-----------+-----+-----------+
    |A_V_1_0_address0                                  |   15|          3|    9|         27|
    |A_V_1_0_address1                                  |   15|          3|    9|         27|
    |A_V_1_10_address0                                 |   15|          3|    9|         27|
    |A_V_1_10_address1                                 |   15|          3|    9|         27|
    |A_V_1_11_address0                                 |   15|          3|    9|         27|
    |A_V_1_11_address1                                 |   15|          3|    9|         27|
    |A_V_1_12_address0                                 |   15|          3|    9|         27|
    |A_V_1_12_address1                                 |   15|          3|    9|         27|
    |A_V_1_13_address0                                 |   15|          3|    9|         27|
    |A_V_1_13_address1                                 |   15|          3|    9|         27|
    |A_V_1_14_address0                                 |   15|          3|    9|         27|
    |A_V_1_14_address1                                 |   15|          3|    9|         27|
    |A_V_1_15_address0                                 |   15|          3|    9|         27|
    |A_V_1_15_address1                                 |   15|          3|    9|         27|
    |A_V_1_16_address0                                 |   15|          3|    9|         27|
    |A_V_1_16_address1                                 |   15|          3|    9|         27|
    |A_V_1_17_address0                                 |   15|          3|    9|         27|
    |A_V_1_17_address1                                 |   15|          3|    9|         27|
    |A_V_1_18_address0                                 |   15|          3|    9|         27|
    |A_V_1_18_address1                                 |   15|          3|    9|         27|
    |A_V_1_19_address0                                 |   15|          3|    9|         27|
    |A_V_1_19_address1                                 |   15|          3|    9|         27|
    |A_V_1_1_address0                                  |   15|          3|    9|         27|
    |A_V_1_1_address1                                  |   15|          3|    9|         27|
    |A_V_1_20_address0                                 |   15|          3|    9|         27|
    |A_V_1_20_address1                                 |   15|          3|    9|         27|
    |A_V_1_21_address0                                 |   15|          3|    9|         27|
    |A_V_1_21_address1                                 |   15|          3|    9|         27|
    |A_V_1_22_address0                                 |   15|          3|    9|         27|
    |A_V_1_22_address1                                 |   15|          3|    9|         27|
    |A_V_1_23_address0                                 |   15|          3|    9|         27|
    |A_V_1_23_address1                                 |   15|          3|    9|         27|
    |A_V_1_24_address0                                 |   15|          3|    9|         27|
    |A_V_1_24_address1                                 |   15|          3|    9|         27|
    |A_V_1_25_address0                                 |   15|          3|    9|         27|
    |A_V_1_25_address1                                 |   15|          3|    9|         27|
    |A_V_1_2_address0                                  |   15|          3|    9|         27|
    |A_V_1_2_address1                                  |   15|          3|    9|         27|
    |A_V_1_3_address0                                  |   15|          3|    9|         27|
    |A_V_1_3_address1                                  |   15|          3|    9|         27|
    |A_V_1_4_address0                                  |   15|          3|    9|         27|
    |A_V_1_4_address1                                  |   15|          3|    9|         27|
    |A_V_1_5_address0                                  |   15|          3|    9|         27|
    |A_V_1_5_address1                                  |   15|          3|    9|         27|
    |A_V_1_6_address0                                  |   15|          3|    9|         27|
    |A_V_1_6_address1                                  |   15|          3|    9|         27|
    |A_V_1_7_address0                                  |   15|          3|    9|         27|
    |A_V_1_7_address1                                  |   15|          3|    9|         27|
    |A_V_1_8_address0                                  |   15|          3|    9|         27|
    |A_V_1_8_address1                                  |   15|          3|    9|         27|
    |A_V_1_9_address0                                  |   15|          3|    9|         27|
    |A_V_1_9_address1                                  |   15|          3|    9|         27|
    |B_V_1_0_address0                                  |   15|          3|   11|         33|
    |B_V_1_0_address1                                  |   15|          3|   11|         33|
    |B_V_1_1_address0                                  |   15|          3|   11|         33|
    |B_V_1_1_address1                                  |   15|          3|   11|         33|
    |B_V_1_2_address0                                  |   15|          3|   11|         33|
    |B_V_1_2_address1                                  |   15|          3|   11|         33|
    |ap_NS_fsm                                         |  117|         25|    1|         25|
    |ap_done                                           |    9|          2|    1|          2|
    |ap_enable_reg_pp0_iter1                           |   15|          3|    1|          3|
    |ap_enable_reg_pp1_iter1                           |    9|          2|    1|          2|
    |ap_enable_reg_pp1_iter5                           |    9|          2|    1|          2|
    |ap_enable_reg_pp2_iter1                           |    9|          2|    1|          2|
    |ap_enable_reg_pp2_iter6                           |    9|          2|    1|          2|
    |ap_enable_reg_pp3_iter1                           |    9|          2|    1|          2|
    |ap_enable_reg_pp3_iter4                           |    9|          2|    1|          2|
    |ap_phi_mux_i2_phi_fu_1571_p4                      |    9|          2|    5|         10|
    |ap_phi_mux_i3_phi_fu_1639_p4                      |    9|          2|    6|         12|
    |ap_phi_mux_i_phi_fu_2165_p4                       |    9|          2|    6|         12|
    |ap_phi_mux_ia_phi_fu_1594_p4                      |    9|          2|    5|         10|
    |ap_phi_mux_ib_phi_fu_1617_p4                      |    9|          2|    5|         10|
    |ap_phi_mux_indvar_flatten1_phi_fu_1628_p4         |    9|          2|   11|         22|
    |ap_phi_mux_indvar_flatten8_phi_fu_1583_p4         |    9|          2|   19|         38|
    |ap_phi_mux_indvar_flatten9_phi_fu_1606_p4         |    9|          2|   15|         30|
    |ap_phi_mux_indvar_flatten_phi_fu_2200_p4          |    9|          2|    4|          8|
    |ap_phi_mux_j1_phi_fu_1536_p4                      |    9|          2|    5|         10|
    |ap_phi_mux_j4_phi_fu_1663_p4                      |    9|          2|    5|         10|
    |ap_phi_mux_j_phi_fu_2188_p4                       |    9|          2|    5|         10|
    |ap_phi_mux_k_phi_fu_1559_p4                       |    9|          2|    5|         10|
    |ap_phi_mux_ka_phi_fu_2212_p4                      |    9|          2|    3|          6|
    |ap_phi_mux_kb_phi_fu_2224_p4                      |    9|          2|    3|          6|
    |ap_phi_mux_p_0_phi_fu_1651_p4                     |    9|          2|    8|         16|
    |ap_phi_reg_pp2_iter3_A_V_1_load_0_0_phi_reg_1671  |  117|         25|    8|        200|
    |ap_phi_reg_pp2_iter3_A_V_1_load_0_1_phi_reg_1724  |  117|         25|    8|        200|
    |ap_phi_reg_pp2_iter3_A_V_1_load_0_2_phi_reg_1778  |  117|         25|    8|        200|
    |ap_phi_reg_pp2_iter3_A_V_1_load_1_0_phi_reg_1991  |  117|         25|    8|        200|
    |ap_phi_reg_pp2_iter3_A_V_1_load_1_1_phi_reg_2044  |  117|         25|    8|        200|
    |ap_phi_reg_pp2_iter3_A_V_1_load_1_2_phi_reg_2097  |  117|         25|    8|        200|
    |ap_phi_reg_pp2_iter3_A_V_1_load_2_0_phi_reg_1832  |  117|         25|    8|        200|
    |ap_phi_reg_pp2_iter3_A_V_1_load_2_1_phi_reg_1885  |  117|         25|    8|        200|
    |ap_phi_reg_pp2_iter3_A_V_1_load_2_2_phi_reg_1938  |  117|         25|    8|        200|
    |i2_reg_1567                                       |    9|          2|    5|         10|
    |i3_reg_1635                                       |    9|          2|    6|         12|
    |i7_reg_1499                                       |    9|          2|   31|         62|
    |i_reg_2161                                        |    9|          2|    6|         12|
    |ia_reg_1590                                       |    9|          2|    5|         10|
    |ib_reg_1613                                       |    9|          2|    5|         10|
    |indvar_flatten1_reg_1624                          |    9|          2|   11|         22|
    |indvar_flatten4_reg_2150                          |    9|          2|   13|         26|
    |indvar_flatten5_reg_2173                          |    9|          2|    9|         18|
    |indvar_flatten6_reg_1521                          |    9|          2|   14|         28|
    |indvar_flatten7_reg_1544                          |    9|          2|   10|         20|
    |indvar_flatten8_reg_1579                          |    9|          2|   19|         38|
    |indvar_flatten9_reg_1602                          |    9|          2|   15|         30|
    |indvar_flatten_reg_2196                           |    9|          2|    4|          8|
    |j1_reg_1532                                       |    9|          2|    5|         10|
    |j4_reg_1659                                       |    9|          2|    5|         10|
    |j_reg_2184                                        |    9|          2|    5|         10|
    |k_reg_1555                                        |    9|          2|    5|         10|
    |ka_reg_2208                                       |    9|          2|    3|          6|
    |kb_reg_2220                                       |    9|          2|    3|          6|
    |num_img_reg_1510                                  |    9|          2|   15|         30|
    |p_0_reg_1647                                      |    9|          2|    8|         16|
    |real_start                                        |    9|          2|    1|          2|
    |reg_2730                                          |    9|          2|    8|         16|
    |reg_2735                                          |    9|          2|    8|         16|
    |stream_in_V_V_blk_n                               |    9|          2|    1|          2|
    |stream_out_V_V_blk_n                              |    9|          2|    1|          2|
    |stream_out_V_V_din                                |   15|          3|   16|         48|
    +--------------------------------------------------+-----+-----------+-----+-----------+
    |Total                                             | 2520|        530|  962|       4154|
    +--------------------------------------------------+-----+-----------+-----+-----------+

    * Register: 
    +--------------------------------------------------+----+----+-----+-----------+
    |                       Name                       | FF | LUT| Bits| Const Bits|
    +--------------------------------------------------+----+----+-----+-----------+
    |A_V_1_0_load_1_reg_4992                           |   8|   0|    8|          0|
    |A_V_1_0_load_2_reg_4982                           |   8|   0|    8|          0|
    |A_V_1_0_load_reg_4967                             |   8|   0|    8|          0|
    |A_V_1_25_load_1_reg_5007                          |   8|   0|    8|          0|
    |A_V_1_25_load_2_reg_4987                          |   8|   0|    8|          0|
    |A_V_1_25_load_reg_4977                            |   8|   0|    8|          0|
    |A_V_1_load_0_1_phi_reg_1724                       |   8|   0|    8|          0|
    |A_V_1_load_0_2_phi_reg_1778                       |   8|   0|    8|          0|
    |B_V_1_0_load_1_reg_4997                           |   8|   0|    8|          0|
    |B_V_1_0_load_2_reg_5017                           |   8|   0|    8|          0|
    |B_V_1_0_load_reg_4972                             |   8|   0|    8|          0|
    |B_V_1_1_addr_1_reg_4793                           |  11|   0|   11|          0|
    |B_V_1_1_load_1_reg_5002                           |   8|   0|    8|          0|
    |B_V_1_2_addr_1_reg_4798                           |  11|   0|   11|          0|
    |B_V_1_2_load_1_reg_5012                           |   8|   0|    8|          0|
    |KER_bound_reg_4282                                |  32|   0|   32|          0|
    |ap_CS_fsm                                         |  24|   0|   24|          0|
    |ap_done_reg                                       |   1|   0|    1|          0|
    |ap_enable_reg_pp0_iter0                           |   1|   0|    1|          0|
    |ap_enable_reg_pp0_iter1                           |   1|   0|    1|          0|
    |ap_enable_reg_pp1_iter0                           |   1|   0|    1|          0|
    |ap_enable_reg_pp1_iter1                           |   1|   0|    1|          0|
    |ap_enable_reg_pp1_iter2                           |   1|   0|    1|          0|
    |ap_enable_reg_pp1_iter3                           |   1|   0|    1|          0|
    |ap_enable_reg_pp1_iter4                           |   1|   0|    1|          0|
    |ap_enable_reg_pp1_iter5                           |   1|   0|    1|          0|
    |ap_enable_reg_pp2_iter0                           |   1|   0|    1|          0|
    |ap_enable_reg_pp2_iter1                           |   1|   0|    1|          0|
    |ap_enable_reg_pp2_iter2                           |   1|   0|    1|          0|
    |ap_enable_reg_pp2_iter3                           |   1|   0|    1|          0|
    |ap_enable_reg_pp2_iter4                           |   1|   0|    1|          0|
    |ap_enable_reg_pp2_iter5                           |   1|   0|    1|          0|
    |ap_enable_reg_pp2_iter6                           |   1|   0|    1|          0|
    |ap_enable_reg_pp3_iter0                           |   1|   0|    1|          0|
    |ap_enable_reg_pp3_iter1                           |   1|   0|    1|          0|
    |ap_enable_reg_pp3_iter2                           |   1|   0|    1|          0|
    |ap_enable_reg_pp3_iter3                           |   1|   0|    1|          0|
    |ap_enable_reg_pp3_iter4                           |   1|   0|    1|          0|
    |ap_phi_reg_pp2_iter1_A_V_1_load_0_0_phi_reg_1671  |   8|   0|    8|          0|
    |ap_phi_reg_pp2_iter1_A_V_1_load_0_1_phi_reg_1724  |   8|   0|    8|          0|
    |ap_phi_reg_pp2_iter1_A_V_1_load_0_2_phi_reg_1778  |   8|   0|    8|          0|
    |ap_phi_reg_pp2_iter1_A_V_1_load_1_0_phi_reg_1991  |   8|   0|    8|          0|
    |ap_phi_reg_pp2_iter1_A_V_1_load_1_1_phi_reg_2044  |   8|   0|    8|          0|
    |ap_phi_reg_pp2_iter1_A_V_1_load_1_2_phi_reg_2097  |   8|   0|    8|          0|
    |ap_phi_reg_pp2_iter1_A_V_1_load_2_0_phi_reg_1832  |   8|   0|    8|          0|
    |ap_phi_reg_pp2_iter1_A_V_1_load_2_1_phi_reg_1885  |   8|   0|    8|          0|
    |ap_phi_reg_pp2_iter1_A_V_1_load_2_2_phi_reg_1938  |   8|   0|    8|          0|
    |ap_phi_reg_pp2_iter2_A_V_1_load_0_0_phi_reg_1671  |   8|   0|    8|          0|
    |ap_phi_reg_pp2_iter2_A_V_1_load_0_1_phi_reg_1724  |   8|   0|    8|          0|
    |ap_phi_reg_pp2_iter2_A_V_1_load_0_2_phi_reg_1778  |   8|   0|    8|          0|
    |ap_phi_reg_pp2_iter2_A_V_1_load_1_0_phi_reg_1991  |   8|   0|    8|          0|
    |ap_phi_reg_pp2_iter2_A_V_1_load_1_1_phi_reg_2044  |   8|   0|    8|          0|
    |ap_phi_reg_pp2_iter2_A_V_1_load_1_2_phi_reg_2097  |   8|   0|    8|          0|
    |ap_phi_reg_pp2_iter2_A_V_1_load_2_0_phi_reg_1832  |   8|   0|    8|          0|
    |ap_phi_reg_pp2_iter2_A_V_1_load_2_1_phi_reg_1885  |   8|   0|    8|          0|
    |ap_phi_reg_pp2_iter2_A_V_1_load_2_2_phi_reg_1938  |   8|   0|    8|          0|
    |ap_phi_reg_pp2_iter3_A_V_1_load_0_0_phi_reg_1671  |   8|   0|    8|          0|
    |ap_phi_reg_pp2_iter3_A_V_1_load_0_1_phi_reg_1724  |   8|   0|    8|          0|
    |ap_phi_reg_pp2_iter3_A_V_1_load_0_2_phi_reg_1778  |   8|   0|    8|          0|
    |ap_phi_reg_pp2_iter3_A_V_1_load_1_0_phi_reg_1991  |   8|   0|    8|          0|
    |ap_phi_reg_pp2_iter3_A_V_1_load_1_1_phi_reg_2044  |   8|   0|    8|          0|
    |ap_phi_reg_pp2_iter3_A_V_1_load_1_2_phi_reg_2097  |   8|   0|    8|          0|
    |ap_phi_reg_pp2_iter3_A_V_1_load_2_0_phi_reg_1832  |   8|   0|    8|          0|
    |ap_phi_reg_pp2_iter3_A_V_1_load_2_1_phi_reg_1885  |   8|   0|    8|          0|
    |ap_phi_reg_pp2_iter3_A_V_1_load_2_2_phi_reg_1938  |   8|   0|    8|          0|
    |buf_V_2_2_reg_5262                                |   8|   0|    8|          0|
    |exitcond2_mid1_reg_4431                           |   1|   0|    1|          0|
    |exitcond_flatten4_reg_4314                        |   1|   0|    1|          0|
    |exitcond_flatten5_reg_5269                        |   1|   0|    1|          0|
    |exitcond_flatten65_m_reg_4424                     |   1|   0|    1|          0|
    |exitcond_flatten6_reg_4399                        |   1|   0|    1|          0|
    |exitcond_flatten7_reg_4305                        |   1|   0|    1|          0|
    |exitcond_flatten8_reg_4408                        |   1|   0|    1|          0|
    |exitcond_flatten8_reg_4408_pp2_iter1_reg          |   1|   0|    1|          0|
    |exitcond_flatten_mid_reg_5298                     |   1|   0|    1|          0|
    |exitcond_flatten_reg_5278                         |   1|   0|    1|          0|
    |exitcond_flatten_reg_5278_pp3_iter1_reg           |   1|   0|    1|          0|
    |i2_mid2_reg_4333                                  |   5|   0|    5|          0|
    |i2_reg_1567                                       |   5|   0|    5|          0|
    |i3_mid_reg_4453                                   |   6|   0|    6|          0|
    |i3_reg_1635                                       |   6|   0|    6|          0|
    |i7_reg_1499                                       |  31|   0|   31|          0|
    |i_1_reg_4463                                      |   6|   0|    6|          0|
    |i_2_reg_4343                                      |   5|   0|    5|          0|
    |i_reg_2161                                        |   6|   0|    6|          0|
    |ia_2_mid1_reg_4495                                |   5|   0|    5|          0|
    |ia_2_reg_4393                                     |   5|   0|    5|          0|
    |ia_2_reg_4393_pp2_iter1_reg                       |   5|   0|    5|          0|
    |ia_reg_1590                                       |   5|   0|    5|          0|
    |ia_reg_1590_pp2_iter1_reg                         |   5|   0|    5|          0|
    |ib_mid2_reg_4458                                  |   5|   0|    5|          0|
    |ib_mid_reg_4418                                   |   5|   0|    5|          0|
    |ib_reg_1613                                       |   5|   0|    5|          0|
    |ifzero_reg_4803                                   |   1|   0|    1|          0|
    |indvar_flatten1_reg_1624                          |  11|   0|   11|          0|
    |indvar_flatten4_reg_2150                          |  13|   0|   13|          0|
    |indvar_flatten5_reg_2173                          |   9|   0|    9|          0|
    |indvar_flatten63_op_reg_4437                      |  11|   0|   11|          0|
    |indvar_flatten6_reg_1521                          |  14|   0|   14|          0|
    |indvar_flatten78_op_reg_4442                      |  15|   0|   15|          0|
    |indvar_flatten7_reg_1544                          |  10|   0|   10|          0|
    |indvar_flatten8_reg_1579                          |  19|   0|   19|          0|
    |indvar_flatten9_reg_1602                          |  15|   0|   15|          0|
    |indvar_flatten_next1_reg_4403                     |  19|   0|   19|          0|
    |indvar_flatten_next8_reg_4485                     |  11|   0|   11|          0|
    |indvar_flatten_next9_reg_4490                     |  15|   0|   15|          0|
    |indvar_flatten_next_reg_5316                      |   4|   0|    4|          0|
    |indvar_flatten_reg_2196                           |   4|   0|    4|          0|
    |j1_reg_1532                                       |   5|   0|    5|          0|
    |j4_mid2_reg_4473                                  |   5|   0|    5|          0|
    |j4_reg_1659                                       |   5|   0|    5|          0|
    |j_8_reg_4479                                      |   5|   0|    5|          0|
    |j_reg_2184                                        |   5|   0|    5|          0|
    |k_mid2_reg_4338                                   |   5|   0|    5|          0|
    |k_reg_1555                                        |   5|   0|    5|          0|
    |ka_mid2_reg_5340                                  |   3|   0|    3|          0|
    |ka_reg_2208                                       |   3|   0|    3|          0|
    |ka_t_mid2_reg_5336                                |   2|   0|    2|          0|
    |ka_t_mid2_reg_5336_pp3_iter3_reg                  |   2|   0|    2|          0|
    |kb_1_reg_5345                                     |   3|   0|    3|          0|
    |kb_mid2_reg_5331                                  |   3|   0|    3|          0|
    |kb_reg_2220                                       |   3|   0|    3|          0|
    |num_img_4_reg_4300                                |  15|   0|   15|          0|
    |num_img_reg_1510                                  |  15|   0|   15|          0|
    |p_0_mid2_reg_5247                                 |   8|   0|    8|          0|
    |p_0_reg_1647                                      |   8|   0|    8|          0|
    |r_V_3_0_1_reg_5087                                |  16|   0|   16|          0|
    |r_V_3_0_2_reg_5102                                |  16|   0|   16|          0|
    |r_V_3_1_1_reg_5132                                |  16|   0|   16|          0|
    |r_V_3_1_2_reg_5147                                |  16|   0|   16|          0|
    |r_V_3_1_reg_5117                                  |  16|   0|   16|          0|
    |r_V_3_2_1_reg_5052                                |  16|   0|   16|          0|
    |r_V_3_2_2_reg_5067                                |  16|   0|   16|          0|
    |r_V_3_2_reg_5037                                  |  16|   0|   16|          0|
    |r_V_3_reg_5022                                    |  16|   0|   16|          0|
    |reg_2232                                          |   8|   0|    8|          0|
    |reg_2239                                          |   8|   0|    8|          0|
    |reg_2246                                          |   8|   0|    8|          0|
    |reg_2253                                          |   8|   0|    8|          0|
    |reg_2260                                          |   8|   0|    8|          0|
    |reg_2267                                          |   8|   0|    8|          0|
    |reg_2274                                          |   8|   0|    8|          0|
    |reg_2281                                          |   8|   0|    8|          0|
    |reg_2288                                          |   8|   0|    8|          0|
    |reg_2295                                          |   8|   0|    8|          0|
    |reg_2302                                          |   8|   0|    8|          0|
    |reg_2309                                          |   8|   0|    8|          0|
    |reg_2316                                          |   8|   0|    8|          0|
    |reg_2323                                          |   8|   0|    8|          0|
    |reg_2330                                          |   8|   0|    8|          0|
    |reg_2337                                          |   8|   0|    8|          0|
    |reg_2344                                          |   8|   0|    8|          0|
    |reg_2351                                          |   8|   0|    8|          0|
    |reg_2358                                          |   8|   0|    8|          0|
    |reg_2365                                          |   8|   0|    8|          0|
    |reg_2372                                          |   8|   0|    8|          0|
    |reg_2379                                          |   8|   0|    8|          0|
    |reg_2385                                          |   8|   0|    8|          0|
    |reg_2392                                          |   8|   0|    8|          0|
    |reg_2398                                          |   8|   0|    8|          0|
    |reg_2405                                          |   8|   0|    8|          0|
    |reg_2412                                          |   8|   0|    8|          0|
    |reg_2419                                          |   8|   0|    8|          0|
    |reg_2426                                          |   8|   0|    8|          0|
    |reg_2433                                          |   8|   0|    8|          0|
    |reg_2440                                          |   8|   0|    8|          0|
    |reg_2447                                          |   8|   0|    8|          0|
    |reg_2454                                          |   8|   0|    8|          0|
    |reg_2461                                          |   8|   0|    8|          0|
    |reg_2468                                          |   8|   0|    8|          0|
    |reg_2475                                          |   8|   0|    8|          0|
    |reg_2482                                          |   8|   0|    8|          0|
    |reg_2489                                          |   8|   0|    8|          0|
    |reg_2496                                          |   8|   0|    8|          0|
    |reg_2503                                          |   8|   0|    8|          0|
    |reg_2510                                          |   8|   0|    8|          0|
    |reg_2517                                          |   8|   0|    8|          0|
    |reg_2524                                          |   8|   0|    8|          0|
    |reg_2531                                          |   8|   0|    8|          0|
    |reg_2538                                          |   8|   0|    8|          0|
    |reg_2545                                          |   8|   0|    8|          0|
    |reg_2551                                          |   8|   0|    8|          0|
    |reg_2558                                          |   8|   0|    8|          0|
    |reg_2564                                          |   8|   0|    8|          0|
    |reg_2571                                          |   8|   0|    8|          0|
    |reg_2578                                          |   8|   0|    8|          0|
    |reg_2585                                          |   8|   0|    8|          0|
    |reg_2592                                          |   8|   0|    8|          0|
    |reg_2599                                          |   8|   0|    8|          0|
    |reg_2606                                          |   8|   0|    8|          0|
    |reg_2613                                          |   8|   0|    8|          0|
    |reg_2620                                          |   8|   0|    8|          0|
    |reg_2627                                          |   8|   0|    8|          0|
    |reg_2634                                          |   8|   0|    8|          0|
    |reg_2641                                          |   8|   0|    8|          0|
    |reg_2648                                          |   8|   0|    8|          0|
    |reg_2655                                          |   8|   0|    8|          0|
    |reg_2662                                          |   8|   0|    8|          0|
    |reg_2669                                          |   8|   0|    8|          0|
    |reg_2676                                          |   8|   0|    8|          0|
    |reg_2683                                          |   8|   0|    8|          0|
    |reg_2690                                          |   8|   0|    8|          0|
    |reg_2697                                          |   8|   0|    8|          0|
    |reg_2704                                          |   8|   0|    8|          0|
    |reg_2711                                          |   8|   0|    8|          0|
    |reg_2717                                          |   8|   0|    8|          0|
    |reg_2724                                          |   8|   0|    8|          0|
    |reg_2730                                          |   8|   0|    8|          0|
    |reg_2735                                          |   8|   0|    8|          0|
    |start_once_reg                                    |   1|   0|    1|          0|
    |tmp1_reg_5252                                     |   8|   0|    8|          0|
    |tmp3_reg_5237                                     |   8|   0|    8|          0|
    |tmp4_reg_5257                                     |   8|   0|    8|          0|
    |tmp6_reg_5242                                     |   8|   0|    8|          0|
    |tmp8_reg_4272                                     |  32|   0|   32|          0|
    |tmp9_reg_4277                                     |  32|   0|   32|          0|
    |tmp_101_reg_5157                                  |   8|   0|    8|          0|
    |tmp_103_reg_5232                                  |   8|   0|    8|          0|
    |tmp_105_reg_5162                                  |   8|   0|    8|          0|
    |tmp_108_reg_5047                                  |   8|   0|    8|          0|
    |tmp_110_reg_5207                                  |   8|   0|    8|          0|
    |tmp_111_reg_4512                                  |  12|   0|   12|          0|
    |tmp_112_reg_5167                                  |   8|   0|    8|          0|
    |tmp_113_reg_4517                                  |  10|   0|   10|          0|
    |tmp_115_reg_5062                                  |   8|   0|    8|          0|
    |tmp_116_reg_4782                                  |  12|   0|   12|          0|
    |tmp_117_reg_5212                                  |   8|   0|    8|          0|
    |tmp_119_reg_5172                                  |   8|   0|    8|          0|
    |tmp_122_reg_5077                                  |   8|   0|    8|          0|
    |tmp_123_reg_5027                                  |   1|   0|    1|          0|
    |tmp_124_reg_5217                                  |   8|   0|    8|          0|
    |tmp_125_reg_5092                                  |   1|   0|    1|          0|
    |tmp_126_reg_5107                                  |   1|   0|    1|          0|
    |tmp_127_reg_5122                                  |   1|   0|    1|          0|
    |tmp_128_reg_5137                                  |   1|   0|    1|          0|
    |tmp_129_reg_5152                                  |   1|   0|    1|          0|
    |tmp_130_reg_5042                                  |   1|   0|    1|          0|
    |tmp_131_reg_5057                                  |   1|   0|    1|          0|
    |tmp_132_reg_5072                                  |   1|   0|    1|          0|
    |tmp_44_mid2_v_reg_5292                            |   6|   0|    6|          0|
    |tmp_49_reg_4287                                   |   1|   0|    1|          0|
    |tmp_50_mid2_reg_5310                              |   5|   0|    5|          0|
    |tmp_53_mid2_v_reg_4327                            |   5|   0|    5|          0|
    |tmp_55_reg_5303                                   |   1|   0|    1|          0|
    |tmp_57_reg_5321                                   |  11|   0|   11|          0|
    |tmp_58_reg_4388                                   |   5|   0|    5|          0|
    |tmp_58_reg_4388_pp2_iter1_reg                     |   5|   0|    5|          0|
    |tmp_63_reg_5326                                   |  10|   0|   10|          0|
    |tmp_64_reg_5082                                   |   8|   0|    8|          0|
    |tmp_67_reg_5032                                   |   8|   0|    8|          0|
    |tmp_68_reg_5177                                   |   8|   0|    8|          0|
    |tmp_70_reg_5350                                   |  12|   0|   12|          0|
    |tmp_71_reg_5182                                   |   8|   0|    8|          0|
    |tmp_73_reg_5355                                   |   8|   0|    8|          0|
    |tmp_74_reg_5097                                   |   8|   0|    8|          0|
    |tmp_75_reg_5222                                   |   8|   0|    8|          0|
    |tmp_79_reg_5187                                   |   8|   0|    8|          0|
    |tmp_80_reg_5112                                   |   8|   0|    8|          0|
    |tmp_81_reg_4353                                   |  10|   0|   10|          0|
    |tmp_83_reg_4358                                   |   8|   0|    8|          0|
    |tmp_84_1_mid2_reg_4447                            |   5|   0|    5|          0|
    |tmp_84_1_mid2_reg_4447_pp2_iter1_reg              |   5|   0|    5|          0|
    |tmp_86_reg_5192                                   |   8|   0|    8|          0|
    |tmp_87_reg_5127                                   |   8|   0|    8|          0|
    |tmp_90_reg_4468                                   |   1|   0|    1|          0|
    |tmp_91_reg_5197                                   |   8|   0|    8|          0|
    |tmp_92_reg_4500                                   |   6|   0|    6|          0|
    |tmp_94_reg_5142                                   |   8|   0|    8|          0|
    |tmp_96_reg_5227                                   |   8|   0|    8|          0|
    |tmp_98_reg_5202                                   |   8|   0|    8|          0|
    |tmp_99_reg_4505                                   |  10|   0|   10|          0|
    |tmp_V_57_reg_4228                                 |  16|   0|   16|          0|
    |tmp_V_59_reg_4233                                 |  16|   0|   16|          0|
    |tmp_V_61_reg_4238                                 |  16|   0|   16|          0|
    |tmp_V_65_reg_4243                                 |  16|   0|   16|          0|
    |tmp_V_reg_4222                                    |  16|   0|   16|          0|
    |exitcond_flatten5_reg_5269                        |  64|  32|    1|          0|
    |exitcond_flatten6_reg_4399                        |  64|  32|    1|          0|
    |exitcond_flatten7_reg_4305                        |  64|  32|    1|          0|
    |ib_mid2_reg_4458                                  |  64|  32|    5|          0|
    |ifzero_reg_4803                                   |  64|  32|    1|          0|
    |k_mid2_reg_4338                                   |  64|  32|    5|          0|
    |tmp_53_mid2_v_reg_4327                            |  64|  32|    5|          0|
    |tmp_90_reg_4468                                   |  64|  32|    1|          0|
    +--------------------------------------------------+----+----+-----+-----------+
    |Total                                             |2601| 256| 2109|          0|
    +--------------------------------------------------+----+----+-----+-----------+



================================================================
== Interface
================================================================
* Summary: 
+-----------------------+-----+-----+------------+---------------------+--------------+
|       RTL Ports       | Dir | Bits|  Protocol  |    Source Object    |    C Type    |
+-----------------------+-----+-----+------------+---------------------+--------------+
|ap_clk                 |  in |    1| ap_ctrl_hs | Conv<16, 26, 32, 3> | return value |
|ap_rst                 |  in |    1| ap_ctrl_hs | Conv<16, 26, 32, 3> | return value |
|ap_start               |  in |    1| ap_ctrl_hs | Conv<16, 26, 32, 3> | return value |
|start_full_n           |  in |    1| ap_ctrl_hs | Conv<16, 26, 32, 3> | return value |
|ap_done                | out |    1| ap_ctrl_hs | Conv<16, 26, 32, 3> | return value |
|ap_continue            |  in |    1| ap_ctrl_hs | Conv<16, 26, 32, 3> | return value |
|ap_idle                | out |    1| ap_ctrl_hs | Conv<16, 26, 32, 3> | return value |
|ap_ready               | out |    1| ap_ctrl_hs | Conv<16, 26, 32, 3> | return value |
|start_out              | out |    1| ap_ctrl_hs | Conv<16, 26, 32, 3> | return value |
|start_write            | out |    1| ap_ctrl_hs | Conv<16, 26, 32, 3> | return value |
|stream_in_V_V_dout     |  in |   16|   ap_fifo  |    stream_in_V_V    |    pointer   |
|stream_in_V_V_empty_n  |  in |    1|   ap_fifo  |    stream_in_V_V    |    pointer   |
|stream_in_V_V_read     | out |    1|   ap_fifo  |    stream_in_V_V    |    pointer   |
|stream_out_V_V_din     | out |   16|   ap_fifo  |    stream_out_V_V   |    pointer   |
|stream_out_V_V_full_n  |  in |    1|   ap_fifo  |    stream_out_V_V   |    pointer   |
|stream_out_V_V_write   | out |    1|   ap_fifo  |    stream_out_V_V   |    pointer   |
+-----------------------+-----+-----+------------+---------------------+--------------+

