
*** Running vivado
    with args -log system_laplacian_0_2.vds -m64 -product Vivado -mode batch -messageDb vivado.pb -notrace -source system_laplacian_0_2.tcl


****** Vivado v2018.2 (64-bit)
  **** SW Build 2258646 on Thu Jun 14 20:03:12 MDT 2018
  **** IP Build 2256618 on Thu Jun 14 22:10:49 MDT 2018
    ** Copyright 1986-2018 Xilinx, Inc. All Rights Reserved.

source system_laplacian_0_2.tcl -notrace
Command: synth_design -top system_laplacian_0_2 -part xc7z020clg400-1 -mode out_of_context
Starting synth_design
Attempting to get a license for feature 'Synthesis' and/or device 'xc7z020'
INFO: [Common 17-349] Got license for feature 'Synthesis' and/or device 'xc7z020'
INFO: Launching helper process for spawning children vivado processes
INFO: Helper process launched with PID 8136 
---------------------------------------------------------------------------------
Starting RTL Elaboration : Time (s): cpu = 00:00:04 ; elapsed = 00:00:05 . Memory (MB): peak = 447.594 ; gain = 94.348
---------------------------------------------------------------------------------
INFO: [Synth 8-6157] synthesizing module 'system_laplacian_0_2' [e:/MyPYNQ/PL_CONV/PL_CONV.srcs/sources_1/bd/system/ip/system_laplacian_0_2/synth/system_laplacian_0_2.v:58]
INFO: [Synth 8-6157] synthesizing module 'laplacian' [e:/MyPYNQ/PL_CONV/PL_CONV.srcs/sources_1/bd/system/ipshared/e5a2/hdl/verilog/laplacian.v:12]
	Parameter ap_ST_fsm_state1 bound to: 5'b00001 
	Parameter ap_ST_fsm_state2 bound to: 5'b00010 
	Parameter ap_ST_fsm_state3 bound to: 5'b00100 
	Parameter ap_ST_fsm_state4 bound to: 5'b01000 
	Parameter ap_ST_fsm_state5 bound to: 5'b10000 
	Parameter C_S_AXI_AXILITES_DATA_WIDTH bound to: 32 - type: integer 
	Parameter C_S_AXI_AXILITES_ADDR_WIDTH bound to: 8 - type: integer 
	Parameter C_S_AXI_DATA_WIDTH bound to: 32 - type: integer 
	Parameter C_S_AXI_AXILITES_WSTRB_WIDTH bound to: 4 - type: integer 
	Parameter C_S_AXI_WSTRB_WIDTH bound to: 4 - type: integer 
INFO: [Synth 8-5534] Detected attribute (* fsm_encoding = "none" *) [e:/MyPYNQ/PL_CONV/PL_CONV.srcs/sources_1/bd/system/ipshared/e5a2/hdl/verilog/laplacian.v:75]
INFO: [Synth 8-6157] synthesizing module 'laplacian_AXILiteS_s_axi' [e:/MyPYNQ/PL_CONV/PL_CONV.srcs/sources_1/bd/system/ipshared/e5a2/hdl/verilog/laplacian_AXILiteS_s_axi.v:9]
	Parameter C_S_AXI_ADDR_WIDTH bound to: 8 - type: integer 
	Parameter C_S_AXI_DATA_WIDTH bound to: 32 - type: integer 
	Parameter ADDR_B_DATA_0 bound to: 8'b10000000 
	Parameter ADDR_B_CTRL bound to: 8'b10000100 
	Parameter ADDR_A_BASE bound to: 8'b01000000 
	Parameter ADDR_A_HIGH bound to: 8'b01111111 
	Parameter ADDR_C_BASE bound to: 8'b11000000 
	Parameter ADDR_C_HIGH bound to: 8'b11111111 
	Parameter WRIDLE bound to: 2'b00 
	Parameter WRDATA bound to: 2'b01 
	Parameter WRRESP bound to: 2'b10 
	Parameter WRRESET bound to: 2'b11 
	Parameter RDIDLE bound to: 2'b00 
	Parameter RDDATA bound to: 2'b01 
	Parameter RDRESET bound to: 2'b10 
	Parameter ADDR_BITS bound to: 8 - type: integer 
INFO: [Synth 8-6157] synthesizing module 'laplacian_AXILiteS_s_axi_ram' [e:/MyPYNQ/PL_CONV/PL_CONV.srcs/sources_1/bd/system/ipshared/e5a2/hdl/verilog/laplacian_AXILiteS_s_axi.v:358]
	Parameter BYTES bound to: 4 - type: integer 
	Parameter DEPTH bound to: 10 - type: integer 
	Parameter AWIDTH bound to: 4 - type: integer 
INFO: [Synth 8-6155] done synthesizing module 'laplacian_AXILiteS_s_axi_ram' (1#1) [e:/MyPYNQ/PL_CONV/PL_CONV.srcs/sources_1/bd/system/ipshared/e5a2/hdl/verilog/laplacian_AXILiteS_s_axi.v:358]
INFO: [Synth 8-155] case statement is not full and has no default [e:/MyPYNQ/PL_CONV/PL_CONV.srcs/sources_1/bd/system/ipshared/e5a2/hdl/verilog/laplacian_AXILiteS_s_axi.v:251]
INFO: [Synth 8-6155] done synthesizing module 'laplacian_AXILiteS_s_axi' (2#1) [e:/MyPYNQ/PL_CONV/PL_CONV.srcs/sources_1/bd/system/ipshared/e5a2/hdl/verilog/laplacian_AXILiteS_s_axi.v:9]
INFO: [Synth 8-6155] done synthesizing module 'laplacian' (3#1) [e:/MyPYNQ/PL_CONV/PL_CONV.srcs/sources_1/bd/system/ipshared/e5a2/hdl/verilog/laplacian.v:12]
INFO: [Synth 8-6155] done synthesizing module 'system_laplacian_0_2' (4#1) [e:/MyPYNQ/PL_CONV/PL_CONV.srcs/sources_1/bd/system/ip/system_laplacian_0_2/synth/system_laplacian_0_2.v:58]
---------------------------------------------------------------------------------
Finished RTL Elaboration : Time (s): cpu = 00:00:05 ; elapsed = 00:00:06 . Memory (MB): peak = 501.988 ; gain = 148.742
---------------------------------------------------------------------------------

Report Check Netlist: 
+------+------------------+-------+---------+-------+------------------+
|      |Item              |Errors |Warnings |Status |Description       |
+------+------------------+-------+---------+-------+------------------+
|1     |multi_driven_nets |      0|        0|Passed |Multi driven nets |
+------+------------------+-------+---------+-------+------------------+
---------------------------------------------------------------------------------
Start Handling Custom Attributes
---------------------------------------------------------------------------------
---------------------------------------------------------------------------------
Finished Handling Custom Attributes : Time (s): cpu = 00:00:05 ; elapsed = 00:00:06 . Memory (MB): peak = 501.988 ; gain = 148.742
---------------------------------------------------------------------------------
---------------------------------------------------------------------------------
Finished RTL Optimization Phase 1 : Time (s): cpu = 00:00:05 ; elapsed = 00:00:06 . Memory (MB): peak = 501.988 ; gain = 148.742
---------------------------------------------------------------------------------
INFO: [Device 21-403] Loading part xc7z020clg400-1
INFO: [Project 1-570] Preparing netlist for logic optimization

Processing XDC Constraints
Initializing timing engine
Parsing XDC File [e:/MyPYNQ/PL_CONV/PL_CONV.srcs/sources_1/bd/system/ip/system_laplacian_0_2/constraints/laplacian_ooc.xdc] for cell 'inst'
Finished Parsing XDC File [e:/MyPYNQ/PL_CONV/PL_CONV.srcs/sources_1/bd/system/ip/system_laplacian_0_2/constraints/laplacian_ooc.xdc] for cell 'inst'
Parsing XDC File [E:/MyPYNQ/PL_CONV/PL_CONV.runs/system_laplacian_0_2_synth_1/dont_touch.xdc]
Finished Parsing XDC File [E:/MyPYNQ/PL_CONV/PL_CONV.runs/system_laplacian_0_2_synth_1/dont_touch.xdc]
Completed Processing XDC Constraints

INFO: [Project 1-111] Unisim Transformation Summary:
No Unisim elements were transformed.

Constraint Validation Runtime : Time (s): cpu = 00:00:00 ; elapsed = 00:00:00.074 . Memory (MB): peak = 858.469 ; gain = 1.316
---------------------------------------------------------------------------------
Finished Constraint Validation : Time (s): cpu = 00:00:18 ; elapsed = 00:00:24 . Memory (MB): peak = 858.469 ; gain = 505.223
---------------------------------------------------------------------------------
---------------------------------------------------------------------------------
Start Loading Part and Timing Information
---------------------------------------------------------------------------------
Loading part: xc7z020clg400-1
---------------------------------------------------------------------------------
Finished Loading Part and Timing Information : Time (s): cpu = 00:00:18 ; elapsed = 00:00:24 . Memory (MB): peak = 858.469 ; gain = 505.223
---------------------------------------------------------------------------------
---------------------------------------------------------------------------------
Start Applying 'set_property' XDC Constraints
---------------------------------------------------------------------------------
Applied set_property DONT_TOUCH = true for inst. (constraint file  E:/MyPYNQ/PL_CONV/PL_CONV.runs/system_laplacian_0_2_synth_1/dont_touch.xdc, line 9).
---------------------------------------------------------------------------------
Finished applying 'set_property' XDC Constraints : Time (s): cpu = 00:00:18 ; elapsed = 00:00:24 . Memory (MB): peak = 858.469 ; gain = 505.223
---------------------------------------------------------------------------------
INFO: [Synth 8-802] inferred FSM for state register 'wstate_reg' in module 'laplacian_AXILiteS_s_axi'
INFO: [Synth 8-802] inferred FSM for state register 'rstate_reg' in module 'laplacian_AXILiteS_s_axi'
INFO: [Synth 8-5546] ROM "rdata" won't be mapped to RAM because it is too sparse
INFO: [Synth 8-5544] ROM "wnext" won't be mapped to Block RAM because address size (1) smaller than threshold (5)
INFO: [Synth 8-5544] ROM "wnext" won't be mapped to Block RAM because address size (1) smaller than threshold (5)
INFO: [Synth 8-4490] FSM extraction disabled for register 'ap_CS_fsm_reg' through user attribute
INFO: [Synth 8-5544] ROM "exitcond_fu_89_p2" won't be mapped to Block RAM because address size (4) smaller than threshold (5)
INFO: [Synth 8-3971] The signal gen_write[1].mem_reg was recognized as a true dual port RAM template.
---------------------------------------------------------------------------------------------------
                   State |                     New Encoding |                Previous Encoding 
---------------------------------------------------------------------------------------------------
                  iSTATE |                             0001 |                               11
*
                  WRIDLE |                             0010 |                               00
                  WRDATA |                             0100 |                               01
                  WRRESP |                             1000 |                               10
---------------------------------------------------------------------------------------------------
INFO: [Synth 8-3354] encoded FSM with state register 'wstate_reg' using encoding 'one-hot' in module 'laplacian_AXILiteS_s_axi'
---------------------------------------------------------------------------------------------------
                   State |                     New Encoding |                Previous Encoding 
---------------------------------------------------------------------------------------------------
                  iSTATE |                              001 |                               10
*
                  RDIDLE |                              010 |                               00
                  RDDATA |                              100 |                               01
---------------------------------------------------------------------------------------------------
INFO: [Synth 8-3354] encoded FSM with state register 'rstate_reg' using encoding 'one-hot' in module 'laplacian_AXILiteS_s_axi'
---------------------------------------------------------------------------------
Finished RTL Optimization Phase 2 : Time (s): cpu = 00:00:18 ; elapsed = 00:00:24 . Memory (MB): peak = 858.469 ; gain = 505.223
---------------------------------------------------------------------------------

Report RTL Partitions: 
+-+--------------+------------+----------+
| |RTL Partition |Replication |Instances |
+-+--------------+------------+----------+
+-+--------------+------------+----------+
---------------------------------------------------------------------------------
Start RTL Component Statistics 
---------------------------------------------------------------------------------
Detailed RTL Component Info : 
+---Adders : 
	   2 Input      4 Bit       Adders := 1     
+---Registers : 
	               32 Bit    Registers := 9     
	                8 Bit    Registers := 1     
	                5 Bit    Registers := 1     
	                4 Bit    Registers := 3     
	                1 Bit    Registers := 4     
+---Multipliers : 
	                32x32  Multipliers := 1     
+---RAMs : 
	              320 Bit         RAMs := 2     
+---Muxes : 
	   2 Input     32 Bit        Muxes := 27    
	   2 Input      8 Bit        Muxes := 4     
	   6 Input      5 Bit        Muxes := 1     
	   4 Input      4 Bit        Muxes := 1     
	   2 Input      4 Bit        Muxes := 4     
	   3 Input      3 Bit        Muxes := 1     
	   2 Input      3 Bit        Muxes := 3     
	   2 Input      1 Bit        Muxes := 6     
---------------------------------------------------------------------------------
Finished RTL Component Statistics 
---------------------------------------------------------------------------------
---------------------------------------------------------------------------------
Start RTL Hierarchical Component Statistics 
---------------------------------------------------------------------------------
Hierarchical RTL Component report 
Module laplacian_AXILiteS_s_axi_ram 
Detailed RTL Component Info : 
+---Registers : 
	               32 Bit    Registers := 2     
+---RAMs : 
	              320 Bit         RAMs := 1     
+---Muxes : 
	   2 Input     32 Bit        Muxes := 12    
	   2 Input      8 Bit        Muxes := 2     
Module laplacian_AXILiteS_s_axi 
Detailed RTL Component Info : 
+---Registers : 
	               32 Bit    Registers := 2     
	                8 Bit    Registers := 1     
	                1 Bit    Registers := 4     
+---Muxes : 
	   2 Input     32 Bit        Muxes := 3     
	   4 Input      4 Bit        Muxes := 1     
	   2 Input      4 Bit        Muxes := 4     
	   3 Input      3 Bit        Muxes := 1     
	   2 Input      3 Bit        Muxes := 2     
	   2 Input      1 Bit        Muxes := 5     
Module laplacian 
Detailed RTL Component Info : 
+---Adders : 
	   2 Input      4 Bit       Adders := 1     
+---Registers : 
	               32 Bit    Registers := 3     
	                5 Bit    Registers := 1     
	                4 Bit    Registers := 3     
+---Multipliers : 
	                32x32  Multipliers := 1     
+---Muxes : 
	   6 Input      5 Bit        Muxes := 1     
	   2 Input      3 Bit        Muxes := 1     
	   2 Input      1 Bit        Muxes := 1     
---------------------------------------------------------------------------------
Finished RTL Hierarchical Component Statistics
---------------------------------------------------------------------------------
---------------------------------------------------------------------------------
Start Part Resource Summary
---------------------------------------------------------------------------------
Part Resources:
DSPs: 220 (col length:60)
BRAMs: 280 (col length: RAMB18 60 RAMB36 30)
---------------------------------------------------------------------------------
Finished Part Resource Summary
---------------------------------------------------------------------------------
---------------------------------------------------------------------------------
Start Cross Boundary and Area Optimization
---------------------------------------------------------------------------------
Warning: Parallel synthesis criteria is not met 
INFO: [Synth 8-5546] ROM "laplacian_AXILiteS_s_axi_U/rdata" won't be mapped to RAM because it is too sparse
INFO: [Synth 8-5845] Not enough pipeline registers after wide multiplier. Recommended levels of pipeline registers is 4 [e:/MyPYNQ/PL_CONV/PL_CONV.srcs/sources_1/bd/system/ipshared/e5a2/hdl/verilog/laplacian.v:250]
WARNING: [Synth 8-6014] Unused sequential element tmp_1_reg_138_reg was removed.  [e:/MyPYNQ/PL_CONV/PL_CONV.srcs/sources_1/bd/system/ipshared/e5a2/hdl/verilog/laplacian.v:128]
WARNING: [Synth 8-6014] Unused sequential element B_read_reg_110_reg was removed.  [e:/MyPYNQ/PL_CONV/PL_CONV.srcs/sources_1/bd/system/ipshared/e5a2/hdl/verilog/laplacian.v:155]
WARNING: [Synth 8-6014] Unused sequential element  was removed.  [e:/MyPYNQ/PL_CONV/PL_CONV.srcs/sources_1/bd/system/ipshared/e5a2/hdl/verilog/laplacian.v:250]
WARNING: [Synth 8-6014] Unused sequential element  was removed. 
WARNING: [Synth 8-6014] Unused sequential element  was removed.  [e:/MyPYNQ/PL_CONV/PL_CONV.srcs/sources_1/bd/system/ipshared/e5a2/hdl/verilog/laplacian.v:250]
WARNING: [Synth 8-6014] Unused sequential element  was removed.  [e:/MyPYNQ/PL_CONV/PL_CONV.srcs/sources_1/bd/system/ipshared/e5a2/hdl/verilog/laplacian.v:250]
WARNING: [Synth 8-6014] Unused sequential element  was removed.  [e:/MyPYNQ/PL_CONV/PL_CONV.srcs/sources_1/bd/system/ipshared/e5a2/hdl/verilog/laplacian.v:128]
WARNING: [Synth 8-6014] Unused sequential element  was removed. 
DSP Report: Generating DSP tmp_1_fu_106_p2, operation Mode is: A2*B.
DSP Report: register A is absorbed into DSP tmp_1_fu_106_p2.
DSP Report: operator tmp_1_fu_106_p2 is absorbed into DSP tmp_1_fu_106_p2.
DSP Report: operator tmp_1_fu_106_p2 is absorbed into DSP tmp_1_fu_106_p2.
DSP Report: Generating DSP tmp_1_reg_138_reg, operation Mode is: (PCIN>>17)+A*B2.
DSP Report: register B is absorbed into DSP tmp_1_reg_138_reg.
DSP Report: register tmp_1_reg_138_reg is absorbed into DSP tmp_1_reg_138_reg.
DSP Report: operator tmp_1_fu_106_p2 is absorbed into DSP tmp_1_reg_138_reg.
DSP Report: operator tmp_1_fu_106_p2 is absorbed into DSP tmp_1_reg_138_reg.
DSP Report: Generating DSP tmp_1_fu_106_p2, operation Mode is: A2*B2.
DSP Report: register B is absorbed into DSP tmp_1_fu_106_p2.
DSP Report: register A is absorbed into DSP tmp_1_fu_106_p2.
DSP Report: operator tmp_1_fu_106_p2 is absorbed into DSP tmp_1_fu_106_p2.
DSP Report: operator tmp_1_fu_106_p2 is absorbed into DSP tmp_1_fu_106_p2.
DSP Report: Generating DSP tmp_1_reg_138_reg, operation Mode is: (PCIN>>17)+A2*B2.
DSP Report: register B is absorbed into DSP tmp_1_reg_138_reg.
DSP Report: register A is absorbed into DSP tmp_1_reg_138_reg.
DSP Report: register tmp_1_reg_138_reg is absorbed into DSP tmp_1_reg_138_reg.
DSP Report: operator tmp_1_fu_106_p2 is absorbed into DSP tmp_1_reg_138_reg.
DSP Report: operator tmp_1_fu_106_p2 is absorbed into DSP tmp_1_reg_138_reg.
INFO: [Synth 8-3971] The signal laplacian_AXILiteS_s_axi_U/int_A/gen_write[1].mem_reg was recognized as a true dual port RAM template.
WARNING: [Synth 8-6014] Unused sequential element laplacian_AXILiteS_s_axi_U/int_C/q0_reg was removed.  [e:/MyPYNQ/PL_CONV/PL_CONV.srcs/sources_1/bd/system/ipshared/e5a2/hdl/verilog/laplacian_AXILiteS_s_axi.v:398]
INFO: [Synth 8-3971] The signal laplacian_AXILiteS_s_axi_U/int_C/gen_write[1].mem_reg was recognized as a true dual port RAM template.
WARNING: [Synth 8-3332] Sequential element (i_2_0) is unused and will be removed from module laplacian.
WARNING: [Synth 8-3332] Sequential element (i_2_2) is unused and will be removed from module laplacian.
WARNING: [Synth 8-3332] Sequential element (i_2_4) is unused and will be removed from module laplacian.
WARNING: [Synth 8-3332] Sequential element (i_2_6) is unused and will be removed from module laplacian.
WARNING: [Synth 8-3332] Sequential element (i_2_8) is unused and will be removed from module laplacian.
WARNING: [Synth 8-3332] Sequential element (i_2_10) is unused and will be removed from module laplacian.
WARNING: [Synth 8-3332] Sequential element (i_2_12) is unused and will be removed from module laplacian.
WARNING: [Synth 8-3332] Sequential element (i_2_14) is unused and will be removed from module laplacian.
WARNING: [Synth 8-3332] Sequential element (i_2_16) is unused and will be removed from module laplacian.
WARNING: [Synth 8-3332] Sequential element (i_2_18) is unused and will be removed from module laplacian.
WARNING: [Synth 8-3332] Sequential element (i_2_20) is unused and will be removed from module laplacian.
WARNING: [Synth 8-3332] Sequential element (i_2_22) is unused and will be removed from module laplacian.
WARNING: [Synth 8-3332] Sequential element (i_2_24) is unused and will be removed from module laplacian.
WARNING: [Synth 8-3332] Sequential element (i_2_26) is unused and will be removed from module laplacian.
WARNING: [Synth 8-3332] Sequential element (i_2_28) is unused and will be removed from module laplacian.
WARNING: [Synth 8-3332] Sequential element (i_2_30) is unused and will be removed from module laplacian.
WARNING: [Synth 8-3332] Sequential element (i_2_32) is unused and will be removed from module laplacian.
WARNING: [Synth 8-3332] Sequential element (i_2_34) is unused and will be removed from module laplacian.
WARNING: [Synth 8-3332] Sequential element (i_2_36) is unused and will be removed from module laplacian.
WARNING: [Synth 8-3332] Sequential element (i_2_38) is unused and will be removed from module laplacian.
WARNING: [Synth 8-3332] Sequential element (i_2_40) is unused and will be removed from module laplacian.
WARNING: [Synth 8-3332] Sequential element (i_2_42) is unused and will be removed from module laplacian.
WARNING: [Synth 8-3332] Sequential element (i_2_44) is unused and will be removed from module laplacian.
WARNING: [Synth 8-3332] Sequential element (i_2_46) is unused and will be removed from module laplacian.
WARNING: [Synth 8-3332] Sequential element (i_2_48) is unused and will be removed from module laplacian.
WARNING: [Synth 8-3332] Sequential element (i_2_50) is unused and will be removed from module laplacian.
WARNING: [Synth 8-3332] Sequential element (i_2_52) is unused and will be removed from module laplacian.
WARNING: [Synth 8-3332] Sequential element (i_2_54) is unused and will be removed from module laplacian.
WARNING: [Synth 8-3332] Sequential element (i_2_56) is unused and will be removed from module laplacian.
WARNING: [Synth 8-3332] Sequential element (i_2_58) is unused and will be removed from module laplacian.
WARNING: [Synth 8-3332] Sequential element (i_2_60) is unused and will be removed from module laplacian.
WARNING: [Synth 8-3332] Sequential element (i_2_62) is unused and will be removed from module laplacian.
WARNING: [Synth 8-3332] Sequential element (i_2_64) is unused and will be removed from module laplacian.
WARNING: [Synth 8-3332] Sequential element (A_load_reg_133_reg[16]) is unused and will be removed from module laplacian.
WARNING: [Synth 8-3332] Sequential element (A_load_reg_133_reg[15]) is unused and will be removed from module laplacian.
WARNING: [Synth 8-3332] Sequential element (A_load_reg_133_reg[14]) is unused and will be removed from module laplacian.
WARNING: [Synth 8-3332] Sequential element (A_load_reg_133_reg[13]) is unused and will be removed from module laplacian.
WARNING: [Synth 8-3332] Sequential element (A_load_reg_133_reg[12]) is unused and will be removed from module laplacian.
WARNING: [Synth 8-3332] Sequential element (A_load_reg_133_reg[11]) is unused and will be removed from module laplacian.
WARNING: [Synth 8-3332] Sequential element (A_load_reg_133_reg[10]) is unused and will be removed from module laplacian.
WARNING: [Synth 8-3332] Sequential element (A_load_reg_133_reg[9]) is unused and will be removed from module laplacian.
WARNING: [Synth 8-3332] Sequential element (A_load_reg_133_reg[8]) is unused and will be removed from module laplacian.
WARNING: [Synth 8-3332] Sequential element (A_load_reg_133_reg[7]) is unused and will be removed from module laplacian.
WARNING: [Synth 8-3332] Sequential element (A_load_reg_133_reg[6]) is unused and will be removed from module laplacian.
WARNING: [Synth 8-3332] Sequential element (A_load_reg_133_reg[5]) is unused and will be removed from module laplacian.
WARNING: [Synth 8-3332] Sequential element (A_load_reg_133_reg[4]) is unused and will be removed from module laplacian.
WARNING: [Synth 8-3332] Sequential element (A_load_reg_133_reg[3]) is unused and will be removed from module laplacian.
WARNING: [Synth 8-3332] Sequential element (A_load_reg_133_reg[2]) is unused and will be removed from module laplacian.
WARNING: [Synth 8-3332] Sequential element (A_load_reg_133_reg[1]) is unused and will be removed from module laplacian.
WARNING: [Synth 8-3332] Sequential element (A_load_reg_133_reg[0]) is unused and will be removed from module laplacian.
WARNING: [Synth 8-3332] Sequential element (tmp_1_reg_138_reg[47]) is unused and will be removed from module laplacian.
WARNING: [Synth 8-3332] Sequential element (tmp_1_reg_138_reg[46]) is unused and will be removed from module laplacian.
WARNING: [Synth 8-3332] Sequential element (tmp_1_reg_138_reg[45]) is unused and will be removed from module laplacian.
WARNING: [Synth 8-3332] Sequential element (tmp_1_reg_138_reg[44]) is unused and will be removed from module laplacian.
WARNING: [Synth 8-3332] Sequential element (tmp_1_reg_138_reg[43]) is unused and will be removed from module laplacian.
WARNING: [Synth 8-3332] Sequential element (tmp_1_reg_138_reg[42]) is unused and will be removed from module laplacian.
WARNING: [Synth 8-3332] Sequential element (tmp_1_reg_138_reg[41]) is unused and will be removed from module laplacian.
WARNING: [Synth 8-3332] Sequential element (tmp_1_reg_138_reg[40]) is unused and will be removed from module laplacian.
WARNING: [Synth 8-3332] Sequential element (tmp_1_reg_138_reg[39]) is unused and will be removed from module laplacian.
WARNING: [Synth 8-3332] Sequential element (tmp_1_reg_138_reg[38]) is unused and will be removed from module laplacian.
WARNING: [Synth 8-3332] Sequential element (tmp_1_reg_138_reg[37]) is unused and will be removed from module laplacian.
WARNING: [Synth 8-3332] Sequential element (tmp_1_reg_138_reg[36]) is unused and will be removed from module laplacian.
WARNING: [Synth 8-3332] Sequential element (tmp_1_reg_138_reg[35]) is unused and will be removed from module laplacian.
WARNING: [Synth 8-3332] Sequential element (tmp_1_reg_138_reg[34]) is unused and will be removed from module laplacian.
WARNING: [Synth 8-3332] Sequential element (tmp_1_reg_138_reg[33]) is unused and will be removed from module laplacian.
WARNING: [Synth 8-3332] Sequential element (tmp_1_reg_138_reg[32]) is unused and will be removed from module laplacian.
WARNING: [Synth 8-3332] Sequential element (tmp_1_reg_138_reg[31]) is unused and will be removed from module laplacian.
WARNING: [Synth 8-3332] Sequential element (tmp_1_reg_138_reg[30]) is unused and will be removed from module laplacian.
WARNING: [Synth 8-3332] Sequential element (tmp_1_reg_138_reg[29]) is unused and will be removed from module laplacian.
WARNING: [Synth 8-3332] Sequential element (tmp_1_reg_138_reg[28]) is unused and will be removed from module laplacian.
WARNING: [Synth 8-3332] Sequential element (tmp_1_reg_138_reg[27]) is unused and will be removed from module laplacian.
WARNING: [Synth 8-3332] Sequential element (tmp_1_reg_138_reg[26]) is unused and will be removed from module laplacian.
WARNING: [Synth 8-3332] Sequential element (tmp_1_reg_138_reg[25]) is unused and will be removed from module laplacian.
WARNING: [Synth 8-3332] Sequential element (tmp_1_reg_138_reg[24]) is unused and will be removed from module laplacian.
WARNING: [Synth 8-3332] Sequential element (tmp_1_reg_138_reg[23]) is unused and will be removed from module laplacian.
WARNING: [Synth 8-3332] Sequential element (tmp_1_reg_138_reg[22]) is unused and will be removed from module laplacian.
WARNING: [Synth 8-3332] Sequential element (tmp_1_reg_138_reg[21]) is unused and will be removed from module laplacian.
WARNING: [Synth 8-3332] Sequential element (tmp_1_reg_138_reg[20]) is unused and will be removed from module laplacian.
WARNING: [Synth 8-3332] Sequential element (tmp_1_reg_138_reg[19]) is unused and will be removed from module laplacian.
WARNING: [Synth 8-3332] Sequential element (tmp_1_reg_138_reg[18]) is unused and will be removed from module laplacian.
WARNING: [Synth 8-3332] Sequential element (tmp_1_reg_138_reg[17]) is unused and will be removed from module laplacian.
WARNING: [Synth 8-3332] Sequential element (tmp_1_reg_138_reg[16]) is unused and will be removed from module laplacian.
WARNING: [Synth 8-3332] Sequential element (tmp_1_reg_138_reg[15]) is unused and will be removed from module laplacian.
WARNING: [Synth 8-3332] Sequential element (tmp_1_reg_138_reg[47]__0) is unused and will be removed from module laplacian.
WARNING: [Synth 8-3332] Sequential element (tmp_1_reg_138_reg[46]__0) is unused and will be removed from module laplacian.
WARNING: [Synth 8-3332] Sequential element (tmp_1_reg_138_reg[45]__0) is unused and will be removed from module laplacian.
WARNING: [Synth 8-3332] Sequential element (tmp_1_reg_138_reg[44]__0) is unused and will be removed from module laplacian.
WARNING: [Synth 8-3332] Sequential element (tmp_1_reg_138_reg[43]__0) is unused and will be removed from module laplacian.
WARNING: [Synth 8-3332] Sequential element (tmp_1_reg_138_reg[42]__0) is unused and will be removed from module laplacian.
WARNING: [Synth 8-3332] Sequential element (tmp_1_reg_138_reg[41]__0) is unused and will be removed from module laplacian.
WARNING: [Synth 8-3332] Sequential element (tmp_1_reg_138_reg[40]__0) is unused and will be removed from module laplacian.
WARNING: [Synth 8-3332] Sequential element (tmp_1_reg_138_reg[39]__0) is unused and will be removed from module laplacian.
WARNING: [Synth 8-3332] Sequential element (tmp_1_reg_138_reg[38]__0) is unused and will be removed from module laplacian.
WARNING: [Synth 8-3332] Sequential element (tmp_1_reg_138_reg[37]__0) is unused and will be removed from module laplacian.
WARNING: [Synth 8-3332] Sequential element (tmp_1_reg_138_reg[36]__0) is unused and will be removed from module laplacian.
WARNING: [Synth 8-3332] Sequential element (tmp_1_reg_138_reg[35]__0) is unused and will be removed from module laplacian.
WARNING: [Synth 8-3332] Sequential element (tmp_1_reg_138_reg[34]__0) is unused and will be removed from module laplacian.
WARNING: [Synth 8-3332] Sequential element (tmp_1_reg_138_reg[33]__0) is unused and will be removed from module laplacian.
WARNING: [Synth 8-3332] Sequential element (tmp_1_reg_138_reg[32]__0) is unused and will be removed from module laplacian.
WARNING: [Synth 8-3332] Sequential element (tmp_1_reg_138_reg[31]__0) is unused and will be removed from module laplacian.
INFO: [Common 17-14] Message 'Synth 8-3332' appears 100 times and further instances of the messages will be disabled. Use the Tcl command set_msg_config to change the current settings.
---------------------------------------------------------------------------------
Finished Cross Boundary and Area Optimization : Time (s): cpu = 00:00:21 ; elapsed = 00:00:27 . Memory (MB): peak = 858.469 ; gain = 505.223
---------------------------------------------------------------------------------
---------------------------------------------------------------------------------
Start ROM, RAM, DSP and Shift Register Reporting
---------------------------------------------------------------------------------

Block RAM: Preliminary Mapping  Report (see note below)
+------------------------------+----------------------+------------------------+---+---+------------------------+---+---+------------------+--------+--------+
|Module Name                   | RTL Object           | PORT A (Depth x Width) | W | R | PORT B (Depth x Width) | W | R | Ports driving FF | RAMB18 | RAMB36 | 
+------------------------------+----------------------+------------------------+---+---+------------------------+---+---+------------------+--------+--------+
|laplacian_AXILiteS_s_axi_ram: | gen_write[1].mem_reg | 16 x 32(READ_FIRST)    | W | R | 16 x 32(READ_FIRST)    | W | R | Port A and B     | 0      | 1      | 
|laplacian_AXILiteS_s_axi_ram: | gen_write[1].mem_reg | 16 x 32(READ_FIRST)    | W | R | 16 x 32(READ_FIRST)    | W | R | Port A and B     | 0      | 1      | 
+------------------------------+----------------------+------------------------+---+---+------------------------+---+---+------------------+--------+--------+

Note: The tale above is a preliminary report that shows the Block RAMs at the current stage of the synthesis flow. Some Block RAMs may be reimplemented as non Block RAM primitives later in the synthesis flow. Multiple instantiated Block RAMs are reported only once. 

DSP: Preliminary Mapping  Report (see note below)
+------------+------------------+--------+--------+--------+--------+--------+------+------+------+------+-------+------+------+
|Module Name | DSP Mapping      | A Size | B Size | C Size | D Size | P Size | AREG | BREG | CREG | DREG | ADREG | MREG | PREG | 
+------------+------------------+--------+--------+--------+--------+--------+------+------+------+------+-------+------+------+
|laplacian   | A2*B             | 18     | 15     | -      | -      | 48     | 1    | 0    | -    | -    | -     | 0    | 0    | 
|laplacian   | (PCIN>>17)+A*B2  | 15     | 15     | -      | -      | 48     | 0    | 1    | -    | -    | -     | 0    | 1    | 
|laplacian   | A2*B2            | 18     | 18     | -      | -      | 48     | 1    | 1    | -    | -    | -     | 0    | 0    | 
|laplacian   | (PCIN>>17)+A2*B2 | 18     | 15     | -      | -      | 48     | 1    | 1    | -    | -    | -     | 0    | 1    | 
+------------+------------------+--------+--------+--------+--------+--------+------+------+------+------+-------+------+------+

Note: The table above is a preliminary report that shows the DSPs inferred at the current stage of the synthesis flow. Some DSP may be reimplemented as non DSP primitives later in the synthesis flow. Multiple instantiated DSPs are reported only once.
---------------------------------------------------------------------------------
Finished ROM, RAM, DSP and Shift Register Reporting
---------------------------------------------------------------------------------
INFO: [Synth 8-4480] The timing for the instance inst/i_2_0/laplacian_AXILiteS_s_axi_U/int_A/gen_write[1].mem_reg (implemented as a block RAM) might be sub-optimal as no optional output register could be merged into the block ram. Providing additional output register may help in improving timing.
INFO: [Synth 8-4480] The timing for the instance inst/i_2_0/laplacian_AXILiteS_s_axi_U/int_A/gen_write[1].mem_reg (implemented as a block RAM) might be sub-optimal as no optional output register could be merged into the block ram. Providing additional output register may help in improving timing.
INFO: [Synth 8-4652] Swapped enable and write-enable on 1 RAM instances of RAM laplacian_AXILiteS_s_axi_U/int_C/gen_write[1].mem_reg to conserve power
INFO: [Synth 8-4480] The timing for the instance inst/i_2_2/laplacian_AXILiteS_s_axi_U/int_C/gen_write[1].mem_reg (implemented as a block RAM) might be sub-optimal as no optional output register could be merged into the block ram. Providing additional output register may help in improving timing.

Report RTL Partitions: 
+-+--------------+------------+----------+
| |RTL Partition |Replication |Instances |
+-+--------------+------------+----------+
+-+--------------+------------+----------+
---------------------------------------------------------------------------------
Start Applying XDC Timing Constraints
---------------------------------------------------------------------------------
---------------------------------------------------------------------------------
Finished Applying XDC Timing Constraints : Time (s): cpu = 00:00:40 ; elapsed = 00:00:49 . Memory (MB): peak = 902.016 ; gain = 548.770
---------------------------------------------------------------------------------
---------------------------------------------------------------------------------
Start Timing Optimization
---------------------------------------------------------------------------------
---------------------------------------------------------------------------------
Finished Timing Optimization : Time (s): cpu = 00:00:40 ; elapsed = 00:00:49 . Memory (MB): peak = 903.238 ; gain = 549.992
---------------------------------------------------------------------------------
---------------------------------------------------------------------------------
Start ROM, RAM, DSP and Shift Register Reporting
---------------------------------------------------------------------------------

Block RAM: Final Mapping  Report
+------------------------------+----------------------+------------------------+---+---+------------------------+---+---+------------------+--------+--------+
|Module Name                   | RTL Object           | PORT A (Depth x Width) | W | R | PORT B (Depth x Width) | W | R | Ports driving FF | RAMB18 | RAMB36 | 
+------------------------------+----------------------+------------------------+---+---+------------------------+---+---+------------------+--------+--------+
|laplacian_AXILiteS_s_axi_ram: | gen_write[1].mem_reg | 16 x 32(READ_FIRST)    | W | R | 16 x 32(READ_FIRST)    | W | R | Port A and B     | 0      | 1      | 
|laplacian_AXILiteS_s_axi_ram: | gen_write[1].mem_reg | 16 x 32(READ_FIRST)    | W | R | 16 x 32(READ_FIRST)    | W | R | Port A and B     | 0      | 1      | 
+------------------------------+----------------------+------------------------+---+---+------------------------+---+---+------------------+--------+--------+

---------------------------------------------------------------------------------
Finished ROM, RAM, DSP and Shift Register Reporting
---------------------------------------------------------------------------------

Report RTL Partitions: 
+-+--------------+------------+----------+
| |RTL Partition |Replication |Instances |
+-+--------------+------------+----------+
+-+--------------+------------+----------+
---------------------------------------------------------------------------------
Start Technology Mapping
---------------------------------------------------------------------------------
INFO: [Synth 8-4480] The timing for the instance inst/laplacian_AXILiteS_s_axi_U/int_A/gen_write[1].mem_reg (implemented as a block RAM) might be sub-optimal as no optional output register could be merged into the block ram. Providing additional output register may help in improving timing.
INFO: [Synth 8-4480] The timing for the instance inst/laplacian_AXILiteS_s_axi_U/int_A/gen_write[1].mem_reg (implemented as a block RAM) might be sub-optimal as no optional output register could be merged into the block ram. Providing additional output register may help in improving timing.
INFO: [Synth 8-4480] The timing for the instance inst/laplacian_AXILiteS_s_axi_U/int_C/gen_write[1].mem_reg (implemented as a block RAM) might be sub-optimal as no optional output register could be merged into the block ram. Providing additional output register may help in improving timing.
---------------------------------------------------------------------------------
Finished Technology Mapping : Time (s): cpu = 00:00:41 ; elapsed = 00:00:50 . Memory (MB): peak = 922.605 ; gain = 569.359
---------------------------------------------------------------------------------

Report RTL Partitions: 
+-+--------------+------------+----------+
| |RTL Partition |Replication |Instances |
+-+--------------+------------+----------+
+-+--------------+------------+----------+
---------------------------------------------------------------------------------
Start IO Insertion
---------------------------------------------------------------------------------
---------------------------------------------------------------------------------
Start Flattening Before IO Insertion
---------------------------------------------------------------------------------
---------------------------------------------------------------------------------
Finished Flattening Before IO Insertion
---------------------------------------------------------------------------------
---------------------------------------------------------------------------------
Start Final Netlist Cleanup
---------------------------------------------------------------------------------
---------------------------------------------------------------------------------
Finished Final Netlist Cleanup
---------------------------------------------------------------------------------
---------------------------------------------------------------------------------
Finished IO Insertion : Time (s): cpu = 00:00:42 ; elapsed = 00:00:51 . Memory (MB): peak = 922.605 ; gain = 569.359
---------------------------------------------------------------------------------

Report Check Netlist: 
+------+------------------+-------+---------+-------+------------------+
|      |Item              |Errors |Warnings |Status |Description       |
+------+------------------+-------+---------+-------+------------------+
|1     |multi_driven_nets |      0|        0|Passed |Multi driven nets |
+------+------------------+-------+---------+-------+------------------+
---------------------------------------------------------------------------------
Start Renaming Generated Instances
---------------------------------------------------------------------------------
---------------------------------------------------------------------------------
Finished Renaming Generated Instances : Time (s): cpu = 00:00:42 ; elapsed = 00:00:51 . Memory (MB): peak = 922.605 ; gain = 569.359
---------------------------------------------------------------------------------

Report RTL Partitions: 
+-+--------------+------------+----------+
| |RTL Partition |Replication |Instances |
+-+--------------+------------+----------+
+-+--------------+------------+----------+
---------------------------------------------------------------------------------
Start Rebuilding User Hierarchy
---------------------------------------------------------------------------------
---------------------------------------------------------------------------------
Finished Rebuilding User Hierarchy : Time (s): cpu = 00:00:42 ; elapsed = 00:00:52 . Memory (MB): peak = 922.605 ; gain = 569.359
---------------------------------------------------------------------------------
---------------------------------------------------------------------------------
Start Renaming Generated Ports
---------------------------------------------------------------------------------
---------------------------------------------------------------------------------
Finished Renaming Generated Ports : Time (s): cpu = 00:00:42 ; elapsed = 00:00:52 . Memory (MB): peak = 922.605 ; gain = 569.359
---------------------------------------------------------------------------------
---------------------------------------------------------------------------------
Start Handling Custom Attributes
---------------------------------------------------------------------------------
---------------------------------------------------------------------------------
Finished Handling Custom Attributes : Time (s): cpu = 00:00:42 ; elapsed = 00:00:52 . Memory (MB): peak = 922.605 ; gain = 569.359
---------------------------------------------------------------------------------
---------------------------------------------------------------------------------
Start Renaming Generated Nets
---------------------------------------------------------------------------------
---------------------------------------------------------------------------------
Finished Renaming Generated Nets : Time (s): cpu = 00:00:42 ; elapsed = 00:00:52 . Memory (MB): peak = 922.605 ; gain = 569.359
---------------------------------------------------------------------------------
---------------------------------------------------------------------------------
Start Writing Synthesis Report
---------------------------------------------------------------------------------

Report BlackBoxes: 
+-+--------------+----------+
| |BlackBox name |Instances |
+-+--------------+----------+
+-+--------------+----------+

Report Cell Usage: 
+------+----------+------+
|      |Cell      |Count |
+------+----------+------+
|1     |CARRY4    |     4|
|2     |DSP48E1   |     2|
|3     |DSP48E1_1 |     1|
|4     |LUT1      |     2|
|5     |LUT2      |    18|
|6     |LUT3      |   139|
|7     |LUT4      |    12|
|8     |LUT5      |     6|
|9     |LUT6      |    38|
|10    |RAMB36E1  |     2|
|11    |FDRE      |   213|
|12    |FDSE      |     3|
+------+----------+------+

Report Instance Areas: 
+------+-------------------------------+-------------------------------+------+
|      |Instance                       |Module                         |Cells |
+------+-------------------------------+-------------------------------+------+
|1     |top                            |                               |   440|
|2     |  inst                         |laplacian                      |   440|
|3     |    laplacian_AXILiteS_s_axi_U |laplacian_AXILiteS_s_axi       |   295|
|4     |      int_A                    |laplacian_AXILiteS_s_axi_ram   |   101|
|5     |      int_C                    |laplacian_AXILiteS_s_axi_ram_0 |    60|
+------+-------------------------------+-------------------------------+------+
---------------------------------------------------------------------------------
Finished Writing Synthesis Report : Time (s): cpu = 00:00:42 ; elapsed = 00:00:52 . Memory (MB): peak = 922.605 ; gain = 569.359
---------------------------------------------------------------------------------
Synthesis finished with 0 errors, 0 critical warnings and 123 warnings.
Synthesis Optimization Runtime : Time (s): cpu = 00:00:29 ; elapsed = 00:00:38 . Memory (MB): peak = 922.605 ; gain = 212.879
Synthesis Optimization Complete : Time (s): cpu = 00:00:43 ; elapsed = 00:00:52 . Memory (MB): peak = 922.605 ; gain = 569.359
INFO: [Project 1-571] Translating synthesized netlist
INFO: [Netlist 29-17] Analyzing 9 Unisim elements for replacement
INFO: [Netlist 29-28] Unisim Transformation completed in 0 CPU seconds
INFO: [Project 1-570] Preparing netlist for logic optimization
INFO: [Opt 31-138] Pushed 0 inverter(s) to 0 load pin(s).
INFO: [Project 1-111] Unisim Transformation Summary:
No Unisim elements were transformed.

INFO: [Common 17-83] Releasing license: Synthesis
43 Infos, 109 Warnings, 0 Critical Warnings and 0 Errors encountered.
synth_design completed successfully
synth_design: Time (s): cpu = 00:00:45 ; elapsed = 00:00:55 . Memory (MB): peak = 922.605 ; gain = 580.828
WARNING: [Constraints 18-5210] No constraint will be written out.
INFO: [Common 17-1381] The checkpoint 'E:/MyPYNQ/PL_CONV/PL_CONV.runs/system_laplacian_0_2_synth_1/system_laplacian_0_2.dcp' has been generated.
