

================================================================
== Vivado HLS Report for 'Conv_1_28_16_3_s'
================================================================
* Date:           Thu May  9 12:58:14 2019

* Version:        2018.2 (Build 2258646 on Thu Jun 14 20:25:20 MDT 2018)
* Project:        CNN_HLS
* Solution:       solution1
* Product family: zynq
* Target device:  xc7z020clg400-1


================================================================
== Performance Estimates
================================================================
+ Timing (ns): 
    * Summary: 
    +--------+-------+----------+------------+
    |  Clock | Target| Estimated| Uncertainty|
    +--------+-------+----------+------------+
    |ap_clk  |   5.00|     4.385|        0.63|
    +--------+-------+----------+------------+

+ Latency (clock cycles): 
    * Summary: 
    +-----+----------+-----+----------+---------+
    |     Latency    |    Interval    | Pipeline|
    | min |    max   | min |    max   |   Type  |
    +-----+----------+-----+----------+---------+
    |  155|  85649697|  155|  85649697|   none  |
    +-----+----------+-----+----------+---------+

    + Detail: 
        * Instance: 
        N/A

        * Loop: 
        +-----------------------------+--------+----------+----------+-----------+-----------+--------------+----------+
        |                             |      Latency      | Iteration|  Initiation Interval  |     Trip     |          |
        |          Loop Name          |   min  |    max   |  Latency |  achieved |   target  |     Count    | Pipelined|
        +-----------------------------+--------+----------+----------+-----------+-----------+--------------+----------+
        |- Loop 1                     |     146|       146|         4|          1|          1|           144|    yes   |
        |- Loop 2                     |  674407|  85649689|    674407|          -|          -|    1 ~ 127   |    no    |
        | + Loop 2.1                  |    2408|      2408|        86|          -|          -|            28|    no    |
        |  ++ Loop 2.1.1              |      84|        84|         3|          -|          -|            28|    no    |
        | + Loop 2.2                  |  671996|    671996|     25846|          -|          -|            26|    no    |
        |  ++ Loop 2.2.1              |   25844|     25844|       994|          -|          -|            26|    no    |
        |   +++ Loop 2.2.1.1          |     992|       992|        62|          -|          -|            16|    no    |
        |    ++++ Loop 2.2.1.1.1      |      60|        60|        20|          -|          -|             3|    no    |
        |     +++++ Loop 2.2.1.1.1.1  |      18|        18|         6|          -|          -|             3|    no    |
        |- Loop 3                     |     144|    147456|         2|          1|          1| 144 ~ 147456 |    yes   |
        +-----------------------------+--------+----------+----------+-----------+-----------+--------------+----------+



================================================================
== Utilization Estimates
================================================================
* Summary: 
+-----------------+---------+-------+--------+-------+
|       Name      | BRAM_18K| DSP48E|   FF   |  LUT  |
+-----------------+---------+-------+--------+-------+
|DSP              |        -|      2|       -|      -|
|Expression       |        -|      0|       0|    639|
|FIFO             |        -|      -|       -|      -|
|Instance         |        -|      4|     215|     91|
|Memory           |        -|      -|     496|    130|
|Multiplexer      |        -|      -|       -|    408|
|Register         |        0|      -|    1047|     32|
+-----------------+---------+-------+--------+-------+
|Total            |        0|      6|    1758|   1300|
+-----------------+---------+-------+--------+-------+
|Available        |      280|    220|  106400|  53200|
+-----------------+---------+-------+--------+-------+
|Utilization (%)  |        0|      2|       1|      2|
+-----------------+---------+-------+--------+-------+

+ Detail: 
    * Instance: 
    +--------------------------+----------------------+---------+-------+-----+----+
    |         Instance         |        Module        | BRAM_18K| DSP48E|  FF | LUT|
    +--------------------------+----------------------+---------+-------+-----+----+
    |cnn_mul_32s_32s_3bkb_U12  |cnn_mul_32s_32s_3bkb  |        0|      4|  215|   1|
    |cnn_mux_285_8_1_1_U14     |cnn_mux_285_8_1_1     |        0|      0|    0|  45|
    |cnn_mux_32_8_1_1_U13      |cnn_mux_32_8_1_1      |        0|      0|    0|  45|
    +--------------------------+----------------------+---------+-------+-----+----+
    |Total                     |                      |        0|      4|  215|  91|
    +--------------------------+----------------------+---------+-------+-----+----+

    * DSP48: 
    +--------------------------+----------------------+-----------+
    |         Instance         |        Module        | Expression|
    +--------------------------+----------------------+-----------+
    |cnn_mul_mul_16s_1cud_U15  |cnn_mul_mul_16s_1cud  |  i0 * i0  |
    |cnn_mul_mul_16s_1cud_U16  |cnn_mul_mul_16s_1cud  |  i0 * i1  |
    +--------------------------+----------------------+-----------+

    * Memory: 
    +-----------+----------------------+---------+----+----+------+-----+------+-------------+
    |   Memory  |        Module        | BRAM_18K| FF | LUT| Words| Bits| Banks| W*Bits*Banks|
    +-----------+----------------------+---------+----+----+------+-----+------+-------------+
    |B_V_0_U    |Conv_1_28_16_3_s_Ffa  |        0|  16|   6|    48|    8|     1|          384|
    |B_V_192_U  |Conv_1_28_16_3_s_Ffa  |        0|  16|   6|    48|    8|     1|          384|
    |B_V_293_U  |Conv_1_28_16_3_s_Ffa  |        0|  16|   6|    48|    8|     1|          384|
    |A_V_0_U    |Conv_1_28_16_3_s_dEe  |        0|  16|   4|    28|    8|     1|          224|
    |A_V_188_U  |Conv_1_28_16_3_s_dEe  |        0|  16|   4|    28|    8|     1|          224|
    |A_V_289_U  |Conv_1_28_16_3_s_dEe  |        0|  16|   4|    28|    8|     1|          224|
    |A_V_390_U  |Conv_1_28_16_3_s_dEe  |        0|  16|   4|    28|    8|     1|          224|
    |A_V_491_U  |Conv_1_28_16_3_s_dEe  |        0|  16|   4|    28|    8|     1|          224|
    |A_V_5_U    |Conv_1_28_16_3_s_dEe  |        0|  16|   4|    28|    8|     1|          224|
    |A_V_6_U    |Conv_1_28_16_3_s_dEe  |        0|  16|   4|    28|    8|     1|          224|
    |A_V_7_U    |Conv_1_28_16_3_s_dEe  |        0|  16|   4|    28|    8|     1|          224|
    |A_V_8_U    |Conv_1_28_16_3_s_dEe  |        0|  16|   4|    28|    8|     1|          224|
    |A_V_9_U    |Conv_1_28_16_3_s_dEe  |        0|  16|   4|    28|    8|     1|          224|
    |A_V_10_U   |Conv_1_28_16_3_s_dEe  |        0|  16|   4|    28|    8|     1|          224|
    |A_V_11_U   |Conv_1_28_16_3_s_dEe  |        0|  16|   4|    28|    8|     1|          224|
    |A_V_12_U   |Conv_1_28_16_3_s_dEe  |        0|  16|   4|    28|    8|     1|          224|
    |A_V_13_U   |Conv_1_28_16_3_s_dEe  |        0|  16|   4|    28|    8|     1|          224|
    |A_V_14_U   |Conv_1_28_16_3_s_dEe  |        0|  16|   4|    28|    8|     1|          224|
    |A_V_15_U   |Conv_1_28_16_3_s_dEe  |        0|  16|   4|    28|    8|     1|          224|
    |A_V_16_U   |Conv_1_28_16_3_s_dEe  |        0|  16|   4|    28|    8|     1|          224|
    |A_V_17_U   |Conv_1_28_16_3_s_dEe  |        0|  16|   4|    28|    8|     1|          224|
    |A_V_18_U   |Conv_1_28_16_3_s_dEe  |        0|  16|   4|    28|    8|     1|          224|
    |A_V_19_U   |Conv_1_28_16_3_s_dEe  |        0|  16|   4|    28|    8|     1|          224|
    |A_V_20_U   |Conv_1_28_16_3_s_dEe  |        0|  16|   4|    28|    8|     1|          224|
    |A_V_21_U   |Conv_1_28_16_3_s_dEe  |        0|  16|   4|    28|    8|     1|          224|
    |A_V_22_U   |Conv_1_28_16_3_s_dEe  |        0|  16|   4|    28|    8|     1|          224|
    |A_V_23_U   |Conv_1_28_16_3_s_dEe  |        0|  16|   4|    28|    8|     1|          224|
    |A_V_24_U   |Conv_1_28_16_3_s_dEe  |        0|  16|   4|    28|    8|     1|          224|
    |A_V_25_U   |Conv_1_28_16_3_s_dEe  |        0|  16|   4|    28|    8|     1|          224|
    |A_V_26_U   |Conv_1_28_16_3_s_dEe  |        0|  16|   4|    28|    8|     1|          224|
    |A_V_27_U   |Conv_1_28_16_3_s_dEe  |        0|  16|   4|    28|    8|     1|          224|
    +-----------+----------------------+---------+----+----+------+-----+------+-------------+
    |Total      |                      |        0| 496| 130|   928|  248|    31|         7424|
    +-----------+----------------------+---------+----+----+------+-----+------+-------------+

    * FIFO: 
    N/A

    * Expression: 
    +-----------------------------------+----------+-------+---+----+------------+------------+
    |           Variable Name           | Operation| DSP48E| FF| LUT| Bitwidth P0| Bitwidth P1|
    +-----------------------------------+----------+-------+---+----+------------+------------+
    |r_V_4_fu_1544_p2                   |     *    |      0|  0|  41|           8|           8|
    |buf_V_fu_1598_p2                   |     +    |      0|  0|  15|           8|           8|
    |i_3_fu_1326_p2                     |     +    |      0|  0|  15|           5|           1|
    |i_4_fu_1636_p2                     |     +    |      0|  0|  15|           1|           5|
    |i_s_fu_1221_p2                     |     +    |      0|  0|  38|          31|           1|
    |ia_3_fu_1314_p2                    |     +    |      0|  0|  15|           5|           1|
    |ib_3_fu_1350_p2                    |     +    |      0|  0|  15|           5|           1|
    |indvar_flatten_next1_fu_1610_p2    |     +    |      0|  0|  15|           8|           1|
    |indvar_flatten_op_fu_1622_p2       |     +    |      0|  0|  13|           4|           1|
    |j_fu_1248_p2                       |     +    |      0|  0|  15|           5|           1|
    |k_4_fu_1292_p2                     |     +    |      0|  0|  15|           5|           1|
    |ka_3_fu_1693_p2                    |     +    |      0|  0|  12|           2|           3|
    |ka_4_fu_1366_p2                    |     +    |      0|  0|  10|           2|           1|
    |kb_3_fu_1727_p2                    |     +    |      0|  0|  12|           3|           2|
    |kb_4_fu_1467_p2                    |     +    |      0|  0|  10|           2|           1|
    |num_img_1_fu_1236_p2               |     +    |      0|  0|  21|          15|           1|
    |tmp1_fu_1372_p2                    |     +    |      0|  0|  12|           3|           2|
    |tmp2_fu_1477_p2                    |     +    |      0|  0|  12|           3|           2|
    |tmp_116_fu_1382_p2                 |     +    |      0|  0|  15|           5|           5|
    |tmp_120_0_t_fu_1487_p2             |     +    |      0|  0|  15|           5|           5|
    |tmp_134_fu_1752_p2                 |     +    |      0|  0|  11|           7|           7|
    |tmp_144_fu_1424_p2                 |     +    |      0|  0|  15|           7|           7|
    |p_neg_fu_1553_p2                   |     -    |      0|  0|  24|           1|          17|
    |tmp_130_fu_1576_p2                 |     -    |      0|  0|  15|           1|           8|
    |tmp_133_fu_1743_p2                 |     -    |      0|  0|  11|           7|           7|
    |tmp_141_fu_1344_p2                 |     -    |      0|  0|  15|           7|           7|
    |ap_block_pp0_stage0_01001          |    and   |      0|  0|   2|           1|           1|
    |ap_block_pp1_stage0_01001          |    and   |      0|  0|   2|           1|           1|
    |ap_block_state20                   |    and   |      0|  0|   2|           1|           1|
    |ap_block_state26                   |    and   |      0|  0|   2|           1|           1|
    |exitcond1_fu_1360_p2               |   icmp   |      0|  0|   8|           2|           2|
    |exitcond3_fu_1242_p2               |   icmp   |      0|  0|  11|           5|           4|
    |exitcond4_fu_1302_p2               |   icmp   |      0|  0|  11|           5|           4|
    |exitcond5_fu_1308_p2               |   icmp   |      0|  0|  11|           5|           4|
    |exitcond6_fu_1286_p2               |   icmp   |      0|  0|  11|           5|           4|
    |exitcond7_fu_1320_p2               |   icmp   |      0|  0|  11|           5|           6|
    |exitcond8_fu_1461_p2               |   icmp   |      0|  0|   8|           2|           2|
    |exitcond_flatten10_fu_1616_p2      |   icmp   |      0|  0|   9|           4|           4|
    |exitcond_flatten_fu_1604_p2        |   icmp   |      0|  0|  11|           8|           8|
    |tmp_62_fu_1194_p2                  |   icmp   |      0|  0|  13|          16|           1|
    |tmp_67_fu_1231_p2                  |   icmp   |      0|  0|  13|          16|          16|
    |tmp_68_fu_1216_p2                  |   icmp   |      0|  0|  18|          32|          32|
    |tmp_s_fu_1189_p2                   |   icmp   |      0|  0|  13|          16|           1|
    |ap_block_state1                    |    or    |      0|  0|   2|           1|           1|
    |ap_block_state16_pp0_stage0_iter1  |    or    |      0|  0|   2|           1|           1|
    |ap_block_state2                    |    or    |      0|  0|   2|           1|           1|
    |ap_block_state35_pp1_stage0_iter2  |    or    |      0|  0|   2|           1|           1|
    |tmp_109_mid_fu_1688_p2             |    or    |      0|  0|   2|           1|           1|
    |indvar_flatten_next_fu_1628_p3     |  select  |      0|  0|   4|           1|           1|
    |ka_0_t_mid2_fu_1711_p3             |  select  |      0|  0|   2|           1|           2|
    |ka_0_t_mid_fu_1667_p3              |  select  |      0|  0|   3|           1|           3|
    |ka_mid2_fu_1719_p3                 |  select  |      0|  0|   3|           1|           3|
    |ka_mid_fu_1642_p3                  |  select  |      0|  0|   3|           1|           2|
    |kb_mid2_fu_1699_p3                 |  select  |      0|  0|   3|           1|           3|
    |kb_mid_fu_1649_p3                  |  select  |      0|  0|   3|           1|           2|
    |tmp_132_fu_1590_p3                 |  select  |      0|  0|   8|           1|           8|
    |tmp_63_mid2_v_fu_1656_p3           |  select  |      0|  0|   5|           1|           5|
    |x_V_y_V_i_fu_1448_p3               |  select  |      0|  0|   7|           1|           1|
    |ap_enable_pp0                      |    xor   |      0|  0|   2|           1|           2|
    |ap_enable_pp1                      |    xor   |      0|  0|   2|           1|           2|
    |ap_enable_reg_pp0_iter1            |    xor   |      0|  0|   2|           2|           1|
    |ap_enable_reg_pp1_iter1            |    xor   |      0|  0|   2|           2|           1|
    |rev_fu_1682_p2                     |    xor   |      0|  0|   2|           1|           2|
    +-----------------------------------+----------+-------+---+----+------------+------------+
    |Total                              |          |      0|  0| 639|         302|         239|
    +-----------------------------------+----------+-------+---+----+------------+------------+

    * Multiplexer: 
    +------------------------------+-----+-----------+-----+-----------+
    |             Name             | LUT | Input Size| Bits| Total Bits|
    +------------------------------+-----+-----------+-----+-----------+
    |ap_NS_fsm                     |  153|         34|    1|         34|
    |ap_done                       |    9|          2|    1|          2|
    |ap_enable_reg_pp0_iter1       |   15|          3|    1|          3|
    |ap_enable_reg_pp1_iter1       |    9|          2|    1|          2|
    |ap_enable_reg_pp1_iter3       |    9|          2|    1|          2|
    |ap_phi_mux_i_phi_fu_1146_p4   |    9|          2|    5|         10|
    |ap_phi_mux_ka_phi_fu_1169_p4  |    9|          2|    3|          6|
    |ap_phi_mux_kb_phi_fu_1181_p4  |    9|          2|    3|          6|
    |i3_reg_1073                   |    9|          2|    5|         10|
    |i7_reg_1004                   |    9|          2|   31|         62|
    |i_reg_1142                    |    9|          2|    5|         10|
    |ia_reg_1049                   |    9|          2|    5|         10|
    |ib_reg_1061                   |    9|          2|    5|         10|
    |indvar_flatten2_reg_1131      |    9|          2|    8|         16|
    |indvar_flatten_reg_1154       |    9|          2|    4|          8|
    |j1_reg_1026                   |    9|          2|    5|         10|
    |k_reg_1037                    |    9|          2|    5|         10|
    |ka5_reg_1096                  |    9|          2|    2|          4|
    |ka_reg_1165                   |    9|          2|    3|          6|
    |kb6_reg_1119                  |    9|          2|    2|          4|
    |kb_reg_1177                   |    9|          2|    3|          6|
    |num_img_reg_1015              |    9|          2|   15|         30|
    |p_0144_1_reg_1084             |    9|          2|    8|         16|
    |p_0144_2_reg_1107             |    9|          2|    8|         16|
    |real_start                    |    9|          2|    1|          2|
    |stream_in_V_V_blk_n           |    9|          2|    1|          2|
    |stream_out_V_V_blk_n          |    9|          2|    1|          2|
    |stream_out_V_V_din            |   15|          3|   16|         48|
    +------------------------------+-----+-----------+-----+-----------+
    |Total                         |  408|         90|  149|        347|
    +------------------------------+-----+-----------+-----+-----------+

    * Register: 
    +------------------------------------+----+----+-----+-----------+
    |                Name                | FF | LUT| Bits| Const Bits|
    +------------------------------------+----+----+-----+-----------+
    |A_V_0_addr_1_reg_2087               |   5|   0|    5|          0|
    |A_V_0_addr_reg_1870                 |   5|   0|    5|          0|
    |A_V_0_load_reg_2255                 |   8|   0|    8|          0|
    |A_V_10_addr_1_reg_2092              |   5|   0|    5|          0|
    |A_V_10_addr_reg_1875                |   5|   0|    5|          0|
    |A_V_10_load_reg_2305                |   8|   0|    8|          0|
    |A_V_11_addr_1_reg_2097              |   5|   0|    5|          0|
    |A_V_11_addr_reg_1880                |   5|   0|    5|          0|
    |A_V_11_load_reg_2310                |   8|   0|    8|          0|
    |A_V_12_addr_1_reg_2102              |   5|   0|    5|          0|
    |A_V_12_addr_reg_1885                |   5|   0|    5|          0|
    |A_V_12_load_reg_2315                |   8|   0|    8|          0|
    |A_V_13_addr_1_reg_2107              |   5|   0|    5|          0|
    |A_V_13_addr_reg_1890                |   5|   0|    5|          0|
    |A_V_13_load_reg_2320                |   8|   0|    8|          0|
    |A_V_14_addr_1_reg_2112              |   5|   0|    5|          0|
    |A_V_14_addr_reg_1895                |   5|   0|    5|          0|
    |A_V_14_load_reg_2325                |   8|   0|    8|          0|
    |A_V_15_addr_1_reg_2117              |   5|   0|    5|          0|
    |A_V_15_addr_reg_1900                |   5|   0|    5|          0|
    |A_V_15_load_reg_2330                |   8|   0|    8|          0|
    |A_V_16_addr_1_reg_2122              |   5|   0|    5|          0|
    |A_V_16_addr_reg_1905                |   5|   0|    5|          0|
    |A_V_16_load_reg_2335                |   8|   0|    8|          0|
    |A_V_17_addr_1_reg_2127              |   5|   0|    5|          0|
    |A_V_17_addr_reg_1910                |   5|   0|    5|          0|
    |A_V_17_load_reg_2340                |   8|   0|    8|          0|
    |A_V_188_addr_1_reg_2137             |   5|   0|    5|          0|
    |A_V_188_addr_reg_1920               |   5|   0|    5|          0|
    |A_V_188_load_reg_2260               |   8|   0|    8|          0|
    |A_V_18_addr_1_reg_2132              |   5|   0|    5|          0|
    |A_V_18_addr_reg_1915                |   5|   0|    5|          0|
    |A_V_18_load_reg_2345                |   8|   0|    8|          0|
    |A_V_19_addr_1_reg_2142              |   5|   0|    5|          0|
    |A_V_19_addr_reg_1925                |   5|   0|    5|          0|
    |A_V_19_load_reg_2350                |   8|   0|    8|          0|
    |A_V_20_addr_1_reg_2147              |   5|   0|    5|          0|
    |A_V_20_addr_reg_1930                |   5|   0|    5|          0|
    |A_V_20_load_reg_2355                |   8|   0|    8|          0|
    |A_V_21_addr_1_reg_2152              |   5|   0|    5|          0|
    |A_V_21_addr_reg_1935                |   5|   0|    5|          0|
    |A_V_21_load_reg_2360                |   8|   0|    8|          0|
    |A_V_22_addr_1_reg_2157              |   5|   0|    5|          0|
    |A_V_22_addr_reg_1940                |   5|   0|    5|          0|
    |A_V_22_load_reg_2365                |   8|   0|    8|          0|
    |A_V_23_addr_1_reg_2162              |   5|   0|    5|          0|
    |A_V_23_addr_reg_1945                |   5|   0|    5|          0|
    |A_V_23_load_reg_2370                |   8|   0|    8|          0|
    |A_V_24_addr_1_reg_2167              |   5|   0|    5|          0|
    |A_V_24_addr_reg_1950                |   5|   0|    5|          0|
    |A_V_24_load_reg_2375                |   8|   0|    8|          0|
    |A_V_25_addr_1_reg_2172              |   5|   0|    5|          0|
    |A_V_25_addr_reg_1955                |   5|   0|    5|          0|
    |A_V_25_load_reg_2380                |   8|   0|    8|          0|
    |A_V_26_addr_1_reg_2177              |   5|   0|    5|          0|
    |A_V_26_addr_reg_1960                |   5|   0|    5|          0|
    |A_V_26_load_reg_2385                |   8|   0|    8|          0|
    |A_V_27_addr_1_reg_2182              |   5|   0|    5|          0|
    |A_V_27_addr_reg_1965                |   5|   0|    5|          0|
    |A_V_27_load_reg_2390                |   8|   0|    8|          0|
    |A_V_289_addr_1_reg_2187             |   5|   0|    5|          0|
    |A_V_289_addr_reg_1970               |   5|   0|    5|          0|
    |A_V_289_load_reg_2265               |   8|   0|    8|          0|
    |A_V_390_addr_1_reg_2192             |   5|   0|    5|          0|
    |A_V_390_addr_reg_1975               |   5|   0|    5|          0|
    |A_V_390_load_reg_2270               |   8|   0|    8|          0|
    |A_V_491_addr_1_reg_2197             |   5|   0|    5|          0|
    |A_V_491_addr_reg_1980               |   5|   0|    5|          0|
    |A_V_491_load_reg_2275               |   8|   0|    8|          0|
    |A_V_5_addr_1_reg_2202               |   5|   0|    5|          0|
    |A_V_5_addr_reg_1985                 |   5|   0|    5|          0|
    |A_V_5_load_reg_2280                 |   8|   0|    8|          0|
    |A_V_6_addr_1_reg_2207               |   5|   0|    5|          0|
    |A_V_6_addr_reg_1990                 |   5|   0|    5|          0|
    |A_V_6_load_reg_2285                 |   8|   0|    8|          0|
    |A_V_7_addr_1_reg_2212               |   5|   0|    5|          0|
    |A_V_7_addr_reg_1995                 |   5|   0|    5|          0|
    |A_V_7_load_reg_2290                 |   8|   0|    8|          0|
    |A_V_8_addr_1_reg_2217               |   5|   0|    5|          0|
    |A_V_8_addr_reg_2000                 |   5|   0|    5|          0|
    |A_V_8_load_reg_2295                 |   8|   0|    8|          0|
    |A_V_9_addr_1_reg_2222               |   5|   0|    5|          0|
    |A_V_9_addr_reg_2005                 |   5|   0|    5|          0|
    |A_V_9_load_reg_2300                 |   8|   0|    8|          0|
    |B_V_0_addr_1_reg_2227               |   6|   0|    6|          0|
    |B_V_192_addr_1_reg_2232             |   6|   0|    6|          0|
    |B_V_293_addr_1_reg_2237             |   6|   0|    6|          0|
    |KER_bound_reg_1840                  |  32|   0|   32|          0|
    |ap_CS_fsm                           |  33|   0|   33|          0|
    |ap_done_reg                         |   1|   0|    1|          0|
    |ap_enable_reg_pp0_iter0             |   1|   0|    1|          0|
    |ap_enable_reg_pp0_iter1             |   1|   0|    1|          0|
    |ap_enable_reg_pp1_iter0             |   1|   0|    1|          0|
    |ap_enable_reg_pp1_iter1             |   1|   0|    1|          0|
    |ap_enable_reg_pp1_iter2             |   1|   0|    1|          0|
    |ap_enable_reg_pp1_iter3             |   1|   0|    1|          0|
    |exitcond_flatten10_reg_2431         |   1|   0|    1|          0|
    |exitcond_flatten_reg_2422           |   1|   0|    1|          0|
    |i3_reg_1073                         |   5|   0|    5|          0|
    |i7_reg_1004                         |  31|   0|   31|          0|
    |i_3_reg_2064                        |   5|   0|    5|          0|
    |i_reg_1142                          |   5|   0|    5|          0|
    |ia_reg_1049                         |   5|   0|    5|          0|
    |ib_reg_1061                         |   5|   0|    5|          0|
    |indvar_flatten2_reg_1131            |   8|   0|    8|          0|
    |indvar_flatten_reg_1154             |   4|   0|    4|          0|
    |j1_reg_1026                         |   5|   0|    5|          0|
    |j_reg_1865                          |   5|   0|    5|          0|
    |k_4_reg_2013                        |   5|   0|    5|          0|
    |k_reg_1037                          |   5|   0|    5|          0|
    |ka5_reg_1096                        |   2|   0|    2|          0|
    |ka_0_t_mid2_reg_2457                |   2|   0|    2|          0|
    |ka_0_t_mid2_reg_2457_pp1_iter2_reg  |   2|   0|    2|          0|
    |ka_4_reg_2082                       |   2|   0|    2|          0|
    |ka_mid2_reg_2461                    |   3|   0|    3|          0|
    |ka_reg_1165                         |   3|   0|    3|          0|
    |kb6_reg_1119                        |   2|   0|    2|          0|
    |kb_3_reg_2466                       |   3|   0|    3|          0|
    |kb_4_reg_2245                       |   2|   0|    2|          0|
    |kb_mid2_reg_2452                    |   3|   0|    3|          0|
    |kb_reg_1177                         |   3|   0|    3|          0|
    |num_img_1_reg_1857                  |  15|   0|   15|          0|
    |num_img_reg_1015                    |  15|   0|   15|          0|
    |p_0144_1_reg_1084                   |   8|   0|    8|          0|
    |p_0144_2_reg_1107                   |   8|   0|    8|          0|
    |r_V_4_reg_2405                      |  16|   0|   16|          0|
    |start_once_reg                      |   1|   0|    1|          0|
    |tmp3_reg_1830                       |  32|   0|   32|          0|
    |tmp4_reg_1835                       |  32|   0|   32|          0|
    |tmp_120_0_t_reg_2250                |   5|   0|    5|          0|
    |tmp_129_reg_2412                    |   8|   0|    8|          0|
    |tmp_134_reg_2471                    |   7|   0|    7|          0|
    |tmp_138_reg_2476                    |   8|   0|    8|          0|
    |tmp_139_reg_2018                    |   8|   0|    8|          0|
    |tmp_141_reg_2069                    |   7|   0|    7|          0|
    |tmp_31_reg_2400                     |   8|   0|    8|          0|
    |tmp_32_reg_2395                     |   8|   0|    8|          0|
    |tmp_63_mid2_v_reg_2445              |   5|   0|    5|          0|
    |tmp_68_reg_1845                     |   1|   0|    1|          0|
    |tmp_V_76_reg_1786                   |  16|   0|   16|          0|
    |tmp_V_78_reg_1791                   |  16|   0|   16|          0|
    |tmp_V_80_reg_1796                   |  16|   0|   16|          0|
    |tmp_V_84_reg_1801                   |  16|   0|   16|          0|
    |tmp_V_reg_1780                      |  16|   0|   16|          0|
    |exitcond_flatten_reg_2422           |  64|  32|    1|          0|
    +------------------------------------+----+----+-----+-----------+
    |Total                               |1047|  32|  984|          0|
    +------------------------------------+----+----+-----+-----------+



================================================================
== Interface
================================================================
* Summary: 
+-----------------------+-----+-----+------------+--------------------+--------------+
|       RTL Ports       | Dir | Bits|  Protocol  |    Source Object   |    C Type    |
+-----------------------+-----+-----+------------+--------------------+--------------+
|ap_clk                 |  in |    1| ap_ctrl_hs | Conv<1, 28, 16, 3> | return value |
|ap_rst                 |  in |    1| ap_ctrl_hs | Conv<1, 28, 16, 3> | return value |
|ap_start               |  in |    1| ap_ctrl_hs | Conv<1, 28, 16, 3> | return value |
|start_full_n           |  in |    1| ap_ctrl_hs | Conv<1, 28, 16, 3> | return value |
|ap_done                | out |    1| ap_ctrl_hs | Conv<1, 28, 16, 3> | return value |
|ap_continue            |  in |    1| ap_ctrl_hs | Conv<1, 28, 16, 3> | return value |
|ap_idle                | out |    1| ap_ctrl_hs | Conv<1, 28, 16, 3> | return value |
|ap_ready               | out |    1| ap_ctrl_hs | Conv<1, 28, 16, 3> | return value |
|start_out              | out |    1| ap_ctrl_hs | Conv<1, 28, 16, 3> | return value |
|start_write            | out |    1| ap_ctrl_hs | Conv<1, 28, 16, 3> | return value |
|stream_in_V_V_dout     |  in |   16|   ap_fifo  |    stream_in_V_V   |    pointer   |
|stream_in_V_V_empty_n  |  in |    1|   ap_fifo  |    stream_in_V_V   |    pointer   |
|stream_in_V_V_read     | out |    1|   ap_fifo  |    stream_in_V_V   |    pointer   |
|stream_out_V_V_din     | out |   16|   ap_fifo  |   stream_out_V_V   |    pointer   |
|stream_out_V_V_full_n  |  in |    1|   ap_fifo  |   stream_out_V_V   |    pointer   |
|stream_out_V_V_write   | out |    1|   ap_fifo  |   stream_out_V_V   |    pointer   |
+-----------------------+-----+-----+------------+--------------------+--------------+

