

================================================================
== Vivado HLS Report for 'FC_1152_128_s'
================================================================
* Date:           Thu May  9 12:58:29 2019

* Version:        2018.2 (Build 2258646 on Thu Jun 14 20:25:20 MDT 2018)
* Project:        CNN_HLS
* Solution:       solution1
* Product family: zynq
* Target device:  xc7z020clg400-1


================================================================
== Performance Estimates
================================================================
+ Timing (ns): 
    * Summary: 
    +--------+-------+----------+------------+
    |  Clock | Target| Estimated| Uncertainty|
    +--------+-------+----------+------------+
    |ap_clk  |   5.00|     4.385|        0.63|
    +--------+-------+----------+------------+

+ Latency (clock cycles): 
    * Summary: 
    +-----+----------+-----+----------+---------+
    |     Latency    |    Interval    | Pipeline|
    | min |    max   | min |    max   |   Type  |
    +-----+----------+-----+----------+---------+
    |  159|  18874748|  159|  18874748|   none  |
    +-----+----------+-----+----------+---------+

    + Detail: 
        * Instance: 
        N/A

        * Loop: 
        +-------------+--------+----------+----------+-----------+-----------+--------------+----------+
        |             |      Latency      | Iteration|  Initiation Interval  |     Trip     |          |
        |  Loop Name  |   min  |    max   |  Latency |  achieved |   target  |     Count    | Pipelined|
        +-------------+--------+----------+----------+-----------+-----------+--------------+----------+
        |- Loop 1     |  147457|    147457|         3|          1|          1|        147456|    yes   |
        |- Loop 2     |  148620|  18874740|    148620|          -|          -|    1 ~ 127   |    no    |
        | + Loop 2.1  |    1153|      1153|         3|          1|          1|          1152|    yes   |
        | + Loop 2.2  |  147462|    147462|         8|          1|          1|        147456|    yes   |
        |- Loop 3     |     144|    147456|         2|          1|          1| 144 ~ 147456 |    yes   |
        +-------------+--------+----------+----------+-----------+-----------+--------------+----------+



================================================================
== Utilization Estimates
================================================================
* Summary: 
+-----------------+---------+-------+--------+-------+
|       Name      | BRAM_18K| DSP48E|   FF   |  LUT  |
+-----------------+---------+-------+--------+-------+
|DSP              |        -|      2|       -|      -|
|Expression       |        -|      0|       0|    513|
|FIFO             |        -|      -|       -|      -|
|Instance         |        -|      4|     215|     91|
|Memory           |       72|      -|    1152|    144|
|Multiplexer      |        -|      -|       -|    359|
|Register         |        0|      -|    1955|    128|
+-----------------+---------+-------+--------+-------+
|Total            |       72|      6|    3322|   1235|
+-----------------+---------+-------+--------+-------+
|Available        |      280|    220|  106400|  53200|
+-----------------+---------+-------+--------+-------+
|Utilization (%)  |       25|      2|       3|      2|
+-----------------+---------+-------+--------+-------+

+ Detail: 
    * Instance: 
    +--------------------------+----------------------+---------+-------+-----+----+
    |         Instance         |        Module        | BRAM_18K| DSP48E|  FF | LUT|
    +--------------------------+----------------------+---------+-------+-----+----+
    |cnn_mul_32s_32s_3bkb_U40  |cnn_mul_32s_32s_3bkb  |        0|      4|  215|   1|
    |cnn_mux_7232_8_1_1_U41    |cnn_mux_7232_8_1_1    |        0|      0|    0|  45|
    |cnn_mux_7232_8_1_1_U42    |cnn_mux_7232_8_1_1    |        0|      0|    0|  45|
    +--------------------------+----------------------+---------+-------+-----+----+
    |Total                     |                      |        0|      4|  215|  91|
    +--------------------------+----------------------+---------+-------+-----+----+

    * DSP48: 
    +--------------------------+----------------------+-----------+
    |         Instance         |        Module        | Expression|
    +--------------------------+----------------------+-----------+
    |cnn_mul_mul_16s_1cud_U43  |cnn_mul_mul_16s_1cud  |  i0 * i0  |
    |cnn_mul_mul_16s_1cud_U44  |cnn_mul_mul_16s_1cud  |  i0 * i1  |
    +--------------------------+----------------------+-----------+

    * Memory: 
    +------------+----------------------+---------+----+----+------+-----+------+-------------+
    |   Memory   |        Module        | BRAM_18K| FF | LUT| Words| Bits| Banks| W*Bits*Banks|
    +------------+----------------------+---------+----+----+------+-----+------+-------------+
    |A_V_2_0_U   |FC_1152_128_s_A_VbAo  |        0|  16|   2|    16|    8|     1|          128|
    |A_V_2_1_U   |FC_1152_128_s_A_VbAo  |        0|  16|   2|    16|    8|     1|          128|
    |A_V_2_2_U   |FC_1152_128_s_A_VbAo  |        0|  16|   2|    16|    8|     1|          128|
    |A_V_2_3_U   |FC_1152_128_s_A_VbAo  |        0|  16|   2|    16|    8|     1|          128|
    |A_V_2_4_U   |FC_1152_128_s_A_VbAo  |        0|  16|   2|    16|    8|     1|          128|
    |A_V_2_5_U   |FC_1152_128_s_A_VbAo  |        0|  16|   2|    16|    8|     1|          128|
    |A_V_2_6_U   |FC_1152_128_s_A_VbAo  |        0|  16|   2|    16|    8|     1|          128|
    |A_V_2_7_U   |FC_1152_128_s_A_VbAo  |        0|  16|   2|    16|    8|     1|          128|
    |A_V_2_8_U   |FC_1152_128_s_A_VbAo  |        0|  16|   2|    16|    8|     1|          128|
    |A_V_2_9_U   |FC_1152_128_s_A_VbAo  |        0|  16|   2|    16|    8|     1|          128|
    |A_V_2_10_U  |FC_1152_128_s_A_VbAo  |        0|  16|   2|    16|    8|     1|          128|
    |A_V_2_11_U  |FC_1152_128_s_A_VbAo  |        0|  16|   2|    16|    8|     1|          128|
    |A_V_2_12_U  |FC_1152_128_s_A_VbAo  |        0|  16|   2|    16|    8|     1|          128|
    |A_V_2_13_U  |FC_1152_128_s_A_VbAo  |        0|  16|   2|    16|    8|     1|          128|
    |A_V_2_14_U  |FC_1152_128_s_A_VbAo  |        0|  16|   2|    16|    8|     1|          128|
    |A_V_2_15_U  |FC_1152_128_s_A_VbAo  |        0|  16|   2|    16|    8|     1|          128|
    |A_V_2_16_U  |FC_1152_128_s_A_VbAo  |        0|  16|   2|    16|    8|     1|          128|
    |A_V_2_17_U  |FC_1152_128_s_A_VbAo  |        0|  16|   2|    16|    8|     1|          128|
    |A_V_2_18_U  |FC_1152_128_s_A_VbAo  |        0|  16|   2|    16|    8|     1|          128|
    |A_V_2_19_U  |FC_1152_128_s_A_VbAo  |        0|  16|   2|    16|    8|     1|          128|
    |A_V_2_20_U  |FC_1152_128_s_A_VbAo  |        0|  16|   2|    16|    8|     1|          128|
    |A_V_2_21_U  |FC_1152_128_s_A_VbAo  |        0|  16|   2|    16|    8|     1|          128|
    |A_V_2_22_U  |FC_1152_128_s_A_VbAo  |        0|  16|   2|    16|    8|     1|          128|
    |A_V_2_23_U  |FC_1152_128_s_A_VbAo  |        0|  16|   2|    16|    8|     1|          128|
    |A_V_2_24_U  |FC_1152_128_s_A_VbAo  |        0|  16|   2|    16|    8|     1|          128|
    |A_V_2_25_U  |FC_1152_128_s_A_VbAo  |        0|  16|   2|    16|    8|     1|          128|
    |A_V_2_26_U  |FC_1152_128_s_A_VbAo  |        0|  16|   2|    16|    8|     1|          128|
    |A_V_2_27_U  |FC_1152_128_s_A_VbAo  |        0|  16|   2|    16|    8|     1|          128|
    |A_V_2_28_U  |FC_1152_128_s_A_VbAo  |        0|  16|   2|    16|    8|     1|          128|
    |A_V_2_29_U  |FC_1152_128_s_A_VbAo  |        0|  16|   2|    16|    8|     1|          128|
    |A_V_2_30_U  |FC_1152_128_s_A_VbAo  |        0|  16|   2|    16|    8|     1|          128|
    |A_V_2_31_U  |FC_1152_128_s_A_VbAo  |        0|  16|   2|    16|    8|     1|          128|
    |A_V_2_32_U  |FC_1152_128_s_A_VbAo  |        0|  16|   2|    16|    8|     1|          128|
    |A_V_2_33_U  |FC_1152_128_s_A_VbAo  |        0|  16|   2|    16|    8|     1|          128|
    |A_V_2_34_U  |FC_1152_128_s_A_VbAo  |        0|  16|   2|    16|    8|     1|          128|
    |A_V_2_35_U  |FC_1152_128_s_A_VbAo  |        0|  16|   2|    16|    8|     1|          128|
    |A_V_2_36_U  |FC_1152_128_s_A_VbAo  |        0|  16|   2|    16|    8|     1|          128|
    |A_V_2_37_U  |FC_1152_128_s_A_VbAo  |        0|  16|   2|    16|    8|     1|          128|
    |A_V_2_38_U  |FC_1152_128_s_A_VbAo  |        0|  16|   2|    16|    8|     1|          128|
    |A_V_2_39_U  |FC_1152_128_s_A_VbAo  |        0|  16|   2|    16|    8|     1|          128|
    |A_V_2_40_U  |FC_1152_128_s_A_VbAo  |        0|  16|   2|    16|    8|     1|          128|
    |A_V_2_41_U  |FC_1152_128_s_A_VbAo  |        0|  16|   2|    16|    8|     1|          128|
    |A_V_2_42_U  |FC_1152_128_s_A_VbAo  |        0|  16|   2|    16|    8|     1|          128|
    |A_V_2_43_U  |FC_1152_128_s_A_VbAo  |        0|  16|   2|    16|    8|     1|          128|
    |A_V_2_44_U  |FC_1152_128_s_A_VbAo  |        0|  16|   2|    16|    8|     1|          128|
    |A_V_2_45_U  |FC_1152_128_s_A_VbAo  |        0|  16|   2|    16|    8|     1|          128|
    |A_V_2_46_U  |FC_1152_128_s_A_VbAo  |        0|  16|   2|    16|    8|     1|          128|
    |A_V_2_47_U  |FC_1152_128_s_A_VbAo  |        0|  16|   2|    16|    8|     1|          128|
    |A_V_2_48_U  |FC_1152_128_s_A_VbAo  |        0|  16|   2|    16|    8|     1|          128|
    |A_V_2_49_U  |FC_1152_128_s_A_VbAo  |        0|  16|   2|    16|    8|     1|          128|
    |A_V_2_50_U  |FC_1152_128_s_A_VbAo  |        0|  16|   2|    16|    8|     1|          128|
    |A_V_2_51_U  |FC_1152_128_s_A_VbAo  |        0|  16|   2|    16|    8|     1|          128|
    |A_V_2_52_U  |FC_1152_128_s_A_VbAo  |        0|  16|   2|    16|    8|     1|          128|
    |A_V_2_53_U  |FC_1152_128_s_A_VbAo  |        0|  16|   2|    16|    8|     1|          128|
    |A_V_2_54_U  |FC_1152_128_s_A_VbAo  |        0|  16|   2|    16|    8|     1|          128|
    |A_V_2_55_U  |FC_1152_128_s_A_VbAo  |        0|  16|   2|    16|    8|     1|          128|
    |A_V_2_56_U  |FC_1152_128_s_A_VbAo  |        0|  16|   2|    16|    8|     1|          128|
    |A_V_2_57_U  |FC_1152_128_s_A_VbAo  |        0|  16|   2|    16|    8|     1|          128|
    |A_V_2_58_U  |FC_1152_128_s_A_VbAo  |        0|  16|   2|    16|    8|     1|          128|
    |A_V_2_59_U  |FC_1152_128_s_A_VbAo  |        0|  16|   2|    16|    8|     1|          128|
    |A_V_2_60_U  |FC_1152_128_s_A_VbAo  |        0|  16|   2|    16|    8|     1|          128|
    |A_V_2_61_U  |FC_1152_128_s_A_VbAo  |        0|  16|   2|    16|    8|     1|          128|
    |A_V_2_62_U  |FC_1152_128_s_A_VbAo  |        0|  16|   2|    16|    8|     1|          128|
    |A_V_2_63_U  |FC_1152_128_s_A_VbAo  |        0|  16|   2|    16|    8|     1|          128|
    |A_V_2_64_U  |FC_1152_128_s_A_VbAo  |        0|  16|   2|    16|    8|     1|          128|
    |A_V_2_65_U  |FC_1152_128_s_A_VbAo  |        0|  16|   2|    16|    8|     1|          128|
    |A_V_2_66_U  |FC_1152_128_s_A_VbAo  |        0|  16|   2|    16|    8|     1|          128|
    |A_V_2_67_U  |FC_1152_128_s_A_VbAo  |        0|  16|   2|    16|    8|     1|          128|
    |A_V_2_68_U  |FC_1152_128_s_A_VbAo  |        0|  16|   2|    16|    8|     1|          128|
    |A_V_2_69_U  |FC_1152_128_s_A_VbAo  |        0|  16|   2|    16|    8|     1|          128|
    |A_V_2_70_U  |FC_1152_128_s_A_VbAo  |        0|  16|   2|    16|    8|     1|          128|
    |A_V_2_71_U  |FC_1152_128_s_A_VbAo  |        0|  16|   2|    16|    8|     1|          128|
    |B_V_2_0_U   |FC_1152_128_s_B_VcKz  |        1|   0|   0|  2048|    8|     1|        16384|
    |B_V_2_1_U   |FC_1152_128_s_B_VcKz  |        1|   0|   0|  2048|    8|     1|        16384|
    |B_V_2_2_U   |FC_1152_128_s_B_VcKz  |        1|   0|   0|  2048|    8|     1|        16384|
    |B_V_2_3_U   |FC_1152_128_s_B_VcKz  |        1|   0|   0|  2048|    8|     1|        16384|
    |B_V_2_4_U   |FC_1152_128_s_B_VcKz  |        1|   0|   0|  2048|    8|     1|        16384|
    |B_V_2_5_U   |FC_1152_128_s_B_VcKz  |        1|   0|   0|  2048|    8|     1|        16384|
    |B_V_2_6_U   |FC_1152_128_s_B_VcKz  |        1|   0|   0|  2048|    8|     1|        16384|
    |B_V_2_7_U   |FC_1152_128_s_B_VcKz  |        1|   0|   0|  2048|    8|     1|        16384|
    |B_V_2_8_U   |FC_1152_128_s_B_VcKz  |        1|   0|   0|  2048|    8|     1|        16384|
    |B_V_2_9_U   |FC_1152_128_s_B_VcKz  |        1|   0|   0|  2048|    8|     1|        16384|
    |B_V_2_10_U  |FC_1152_128_s_B_VcKz  |        1|   0|   0|  2048|    8|     1|        16384|
    |B_V_2_11_U  |FC_1152_128_s_B_VcKz  |        1|   0|   0|  2048|    8|     1|        16384|
    |B_V_2_12_U  |FC_1152_128_s_B_VcKz  |        1|   0|   0|  2048|    8|     1|        16384|
    |B_V_2_13_U  |FC_1152_128_s_B_VcKz  |        1|   0|   0|  2048|    8|     1|        16384|
    |B_V_2_14_U  |FC_1152_128_s_B_VcKz  |        1|   0|   0|  2048|    8|     1|        16384|
    |B_V_2_15_U  |FC_1152_128_s_B_VcKz  |        1|   0|   0|  2048|    8|     1|        16384|
    |B_V_2_16_U  |FC_1152_128_s_B_VcKz  |        1|   0|   0|  2048|    8|     1|        16384|
    |B_V_2_17_U  |FC_1152_128_s_B_VcKz  |        1|   0|   0|  2048|    8|     1|        16384|
    |B_V_2_18_U  |FC_1152_128_s_B_VcKz  |        1|   0|   0|  2048|    8|     1|        16384|
    |B_V_2_19_U  |FC_1152_128_s_B_VcKz  |        1|   0|   0|  2048|    8|     1|        16384|
    |B_V_2_20_U  |FC_1152_128_s_B_VcKz  |        1|   0|   0|  2048|    8|     1|        16384|
    |B_V_2_21_U  |FC_1152_128_s_B_VcKz  |        1|   0|   0|  2048|    8|     1|        16384|
    |B_V_2_22_U  |FC_1152_128_s_B_VcKz  |        1|   0|   0|  2048|    8|     1|        16384|
    |B_V_2_23_U  |FC_1152_128_s_B_VcKz  |        1|   0|   0|  2048|    8|     1|        16384|
    |B_V_2_24_U  |FC_1152_128_s_B_VcKz  |        1|   0|   0|  2048|    8|     1|        16384|
    |B_V_2_25_U  |FC_1152_128_s_B_VcKz  |        1|   0|   0|  2048|    8|     1|        16384|
    |B_V_2_26_U  |FC_1152_128_s_B_VcKz  |        1|   0|   0|  2048|    8|     1|        16384|
    |B_V_2_27_U  |FC_1152_128_s_B_VcKz  |        1|   0|   0|  2048|    8|     1|        16384|
    |B_V_2_28_U  |FC_1152_128_s_B_VcKz  |        1|   0|   0|  2048|    8|     1|        16384|
    |B_V_2_29_U  |FC_1152_128_s_B_VcKz  |        1|   0|   0|  2048|    8|     1|        16384|
    |B_V_2_30_U  |FC_1152_128_s_B_VcKz  |        1|   0|   0|  2048|    8|     1|        16384|
    |B_V_2_31_U  |FC_1152_128_s_B_VcKz  |        1|   0|   0|  2048|    8|     1|        16384|
    |B_V_2_32_U  |FC_1152_128_s_B_VcKz  |        1|   0|   0|  2048|    8|     1|        16384|
    |B_V_2_33_U  |FC_1152_128_s_B_VcKz  |        1|   0|   0|  2048|    8|     1|        16384|
    |B_V_2_34_U  |FC_1152_128_s_B_VcKz  |        1|   0|   0|  2048|    8|     1|        16384|
    |B_V_2_35_U  |FC_1152_128_s_B_VcKz  |        1|   0|   0|  2048|    8|     1|        16384|
    |B_V_2_36_U  |FC_1152_128_s_B_VcKz  |        1|   0|   0|  2048|    8|     1|        16384|
    |B_V_2_37_U  |FC_1152_128_s_B_VcKz  |        1|   0|   0|  2048|    8|     1|        16384|
    |B_V_2_38_U  |FC_1152_128_s_B_VcKz  |        1|   0|   0|  2048|    8|     1|        16384|
    |B_V_2_39_U  |FC_1152_128_s_B_VcKz  |        1|   0|   0|  2048|    8|     1|        16384|
    |B_V_2_40_U  |FC_1152_128_s_B_VcKz  |        1|   0|   0|  2048|    8|     1|        16384|
    |B_V_2_41_U  |FC_1152_128_s_B_VcKz  |        1|   0|   0|  2048|    8|     1|        16384|
    |B_V_2_42_U  |FC_1152_128_s_B_VcKz  |        1|   0|   0|  2048|    8|     1|        16384|
    |B_V_2_43_U  |FC_1152_128_s_B_VcKz  |        1|   0|   0|  2048|    8|     1|        16384|
    |B_V_2_44_U  |FC_1152_128_s_B_VcKz  |        1|   0|   0|  2048|    8|     1|        16384|
    |B_V_2_45_U  |FC_1152_128_s_B_VcKz  |        1|   0|   0|  2048|    8|     1|        16384|
    |B_V_2_46_U  |FC_1152_128_s_B_VcKz  |        1|   0|   0|  2048|    8|     1|        16384|
    |B_V_2_47_U  |FC_1152_128_s_B_VcKz  |        1|   0|   0|  2048|    8|     1|        16384|
    |B_V_2_48_U  |FC_1152_128_s_B_VcKz  |        1|   0|   0|  2048|    8|     1|        16384|
    |B_V_2_49_U  |FC_1152_128_s_B_VcKz  |        1|   0|   0|  2048|    8|     1|        16384|
    |B_V_2_50_U  |FC_1152_128_s_B_VcKz  |        1|   0|   0|  2048|    8|     1|        16384|
    |B_V_2_51_U  |FC_1152_128_s_B_VcKz  |        1|   0|   0|  2048|    8|     1|        16384|
    |B_V_2_52_U  |FC_1152_128_s_B_VcKz  |        1|   0|   0|  2048|    8|     1|        16384|
    |B_V_2_53_U  |FC_1152_128_s_B_VcKz  |        1|   0|   0|  2048|    8|     1|        16384|
    |B_V_2_54_U  |FC_1152_128_s_B_VcKz  |        1|   0|   0|  2048|    8|     1|        16384|
    |B_V_2_55_U  |FC_1152_128_s_B_VcKz  |        1|   0|   0|  2048|    8|     1|        16384|
    |B_V_2_56_U  |FC_1152_128_s_B_VcKz  |        1|   0|   0|  2048|    8|     1|        16384|
    |B_V_2_57_U  |FC_1152_128_s_B_VcKz  |        1|   0|   0|  2048|    8|     1|        16384|
    |B_V_2_58_U  |FC_1152_128_s_B_VcKz  |        1|   0|   0|  2048|    8|     1|        16384|
    |B_V_2_59_U  |FC_1152_128_s_B_VcKz  |        1|   0|   0|  2048|    8|     1|        16384|
    |B_V_2_60_U  |FC_1152_128_s_B_VcKz  |        1|   0|   0|  2048|    8|     1|        16384|
    |B_V_2_61_U  |FC_1152_128_s_B_VcKz  |        1|   0|   0|  2048|    8|     1|        16384|
    |B_V_2_62_U  |FC_1152_128_s_B_VcKz  |        1|   0|   0|  2048|    8|     1|        16384|
    |B_V_2_63_U  |FC_1152_128_s_B_VcKz  |        1|   0|   0|  2048|    8|     1|        16384|
    |B_V_2_64_U  |FC_1152_128_s_B_VcKz  |        1|   0|   0|  2048|    8|     1|        16384|
    |B_V_2_65_U  |FC_1152_128_s_B_VcKz  |        1|   0|   0|  2048|    8|     1|        16384|
    |B_V_2_66_U  |FC_1152_128_s_B_VcKz  |        1|   0|   0|  2048|    8|     1|        16384|
    |B_V_2_67_U  |FC_1152_128_s_B_VcKz  |        1|   0|   0|  2048|    8|     1|        16384|
    |B_V_2_68_U  |FC_1152_128_s_B_VcKz  |        1|   0|   0|  2048|    8|     1|        16384|
    |B_V_2_69_U  |FC_1152_128_s_B_VcKz  |        1|   0|   0|  2048|    8|     1|        16384|
    |B_V_2_70_U  |FC_1152_128_s_B_VcKz  |        1|   0|   0|  2048|    8|     1|        16384|
    |B_V_2_71_U  |FC_1152_128_s_B_VcKz  |        1|   0|   0|  2048|    8|     1|        16384|
    +------------+----------------------+---------+----+----+------+-----+------+-------------+
    |Total       |                      |       72|1152| 144|148608| 1152|   144|      1188864|
    +------------+----------------------+---------+----+----+------+-----+------+-------------+

    * FIFO: 
    N/A

    * Expression: 
    +-----------------------------------+----------+-------+---+----+------------+------------+
    |           Variable Name           | Operation| DSP48E| FF| LUT| Bitwidth P0| Bitwidth P1|
    +-----------------------------------+----------+-------+---+----+------------+------------+
    |r_V_fu_4856_p2                     |     *    |      0|  0|  41|           8|           8|
    |buf_V_fu_4917_p2                   |     +    |      0|  0|  15|           8|           8|
    |i_10_fu_4481_p2                    |     +    |      0|  0|  15|           1|           8|
    |i_7_fu_4958_p2                     |     +    |      0|  0|  15|           1|           8|
    |i_8_fu_4343_p2                     |     +    |      0|  0|  38|          31|           1|
    |i_9_fu_4370_p2                     |     +    |      0|  0|  13|          11|           1|
    |indvar_flatten_next7_fu_4475_p2    |     +    |      0|  0|  25|          18|           1|
    |indvar_flatten_next_fu_4952_p2     |     +    |      0|  0|  25|          18|           1|
    |j_4_fu_5000_p2                     |     +    |      0|  0|  13|          11|           1|
    |j_5_fu_4523_p2                     |     +    |      0|  0|  13|           1|          11|
    |num_img_3_fu_4358_p2               |     +    |      0|  0|  21|          15|           1|
    |p_neg_fu_4865_p2                   |     -    |      0|  0|  24|           1|          17|
    |tmp_45_fu_4895_p2                  |     -    |      0|  0|  15|           1|           8|
    |ap_block_pp0_stage0_01001          |    and   |      0|  0|   2|           1|           1|
    |ap_block_pp1_stage0_11001          |    and   |      0|  0|   2|           1|           1|
    |ap_block_pp2_stage0_01001          |    and   |      0|  0|   2|           1|           1|
    |ap_block_pp3_stage0_01001          |    and   |      0|  0|   2|           1|           1|
    |ap_block_state30_pp2_stage0_iter7  |    and   |      0|  0|   2|           1|           1|
    |exitcond2_fu_4364_p2               |   icmp   |      0|  0|  13|          11|          11|
    |exitcond4_fu_4487_p2               |   icmp   |      0|  0|  13|          11|          11|
    |exitcond_flatten8_fu_4469_p2       |   icmp   |      0|  0|  18|          18|          18|
    |exitcond_flatten_fu_4946_p2        |   icmp   |      0|  0|  18|          18|          18|
    |exitcond_fu_4964_p2                |   icmp   |      0|  0|  13|          11|          11|
    |ifzero_fu_4686_p2                  |   icmp   |      0|  0|  13|          11|          11|
    |tmp_33_fu_4311_p2                  |   icmp   |      0|  0|  13|          16|           2|
    |tmp_34_fu_4316_p2                  |   icmp   |      0|  0|  13|          16|           1|
    |tmp_35_fu_4353_p2                  |   icmp   |      0|  0|  13|          16|          16|
    |tmp_36_fu_4338_p2                  |   icmp   |      0|  0|  18|          32|          32|
    |ap_block_state1                    |    or    |      0|  0|   2|           1|           1|
    |ap_block_state16_pp0_stage0_iter1  |    or    |      0|  0|   2|           1|           1|
    |ap_block_state2                    |    or    |      0|  0|   2|           1|           1|
    |ap_block_state33_pp3_stage0_iter1  |    or    |      0|  0|   2|           1|           1|
    |j3_mid2_fu_4493_p3                 |  select  |      0|  0|  11|           1|           1|
    |j_mid2_fu_4970_p3                  |  select  |      0|  0|  11|           1|           1|
    |p_0_mid2_fu_4881_p3                |  select  |      0|  0|   8|           1|           1|
    |tmp_36_mid2_v_fu_4978_p3           |  select  |      0|  0|   8|           1|           8|
    |tmp_42_mid2_v_fu_4501_p3           |  select  |      0|  0|   8|           1|           8|
    |tmp_48_fu_4909_p3                  |  select  |      0|  0|   8|           1|           8|
    |x_V_y_V_i_fu_4933_p3               |  select  |      0|  0|   7|           1|           1|
    |ap_enable_pp0                      |    xor   |      0|  0|   2|           1|           2|
    |ap_enable_pp1                      |    xor   |      0|  0|   2|           1|           2|
    |ap_enable_pp2                      |    xor   |      0|  0|   2|           1|           2|
    |ap_enable_pp3                      |    xor   |      0|  0|   2|           1|           2|
    |ap_enable_reg_pp0_iter1            |    xor   |      0|  0|   2|           2|           1|
    |ap_enable_reg_pp1_iter1            |    xor   |      0|  0|   2|           2|           1|
    |ap_enable_reg_pp2_iter1            |    xor   |      0|  0|   2|           2|           1|
    |ap_enable_reg_pp3_iter1            |    xor   |      0|  0|   2|           2|           1|
    +-----------------------------------+----------+-------+---+----+------------+------------+
    |Total                              |          |      0|  0| 513|         313|         254|
    +-----------------------------------+----------+-------+---+----+------------+------------+

    * Multiplexer: 
    +-------------------------------+-----+-----------+-----+-----------+
    |              Name             | LUT | Input Size| Bits| Total Bits|
    +-------------------------------+-----+-----------+-----+-----------+
    |ap_NS_fsm                      |  113|         24|    1|         24|
    |ap_done                        |    9|          2|    1|          2|
    |ap_enable_reg_pp0_iter1        |   15|          3|    1|          3|
    |ap_enable_reg_pp1_iter1        |    9|          2|    1|          2|
    |ap_enable_reg_pp1_iter2        |    9|          2|    1|          2|
    |ap_enable_reg_pp2_iter1        |    9|          2|    1|          2|
    |ap_enable_reg_pp2_iter7        |    9|          2|    1|          2|
    |ap_enable_reg_pp3_iter1        |    9|          2|    1|          2|
    |ap_enable_reg_pp3_iter2        |    9|          2|    1|          2|
    |ap_phi_mux_i2_phi_fu_4238_p4   |    9|          2|    8|         16|
    |ap_phi_mux_i_phi_fu_4283_p4    |    9|          2|    8|         16|
    |ap_phi_mux_j3_phi_fu_4261_p4   |    9|          2|   11|         22|
    |ap_phi_mux_p_0_phi_fu_4249_p4  |    9|          2|    8|         16|
    |i1_reg_4212                    |    9|          2|   11|         22|
    |i2_reg_4234                    |    9|          2|    8|         16|
    |i4_reg_4190                    |    9|          2|   31|         62|
    |i_reg_4279                     |    9|          2|    8|         16|
    |indvar_flatten6_reg_4223       |    9|          2|   18|         36|
    |indvar_flatten_reg_4268        |    9|          2|   18|         36|
    |j3_reg_4257                    |    9|          2|   11|         22|
    |j_reg_4290                     |    9|          2|   11|         22|
    |num_img_reg_4201               |    9|          2|   15|         30|
    |p_0_reg_4245                   |    9|          2|    8|         16|
    |real_start                     |    9|          2|    1|          2|
    |stream_in_V_V_blk_n            |    9|          2|    1|          2|
    |stream_out_V_V_blk_n           |    9|          2|    1|          2|
    |stream_out_V_V_din             |   15|          3|   16|         48|
    +-------------------------------+-----+-----------+-----+-----------+
    |Total                          |  359|         78|  202|        443|
    +-------------------------------+-----+-----------+-----+-----------+

    * Register: 
    +--------------------------------------+----+----+-----+-----------+
    |                 Name                 | FF | LUT| Bits| Const Bits|
    +--------------------------------------+----+----+-----+-----------+
    |A_V_2_0_load_reg_6045                 |   8|   0|    8|          0|
    |A_V_2_10_load_reg_6095                |   8|   0|    8|          0|
    |A_V_2_11_load_reg_6100                |   8|   0|    8|          0|
    |A_V_2_12_load_reg_6105                |   8|   0|    8|          0|
    |A_V_2_13_load_reg_6110                |   8|   0|    8|          0|
    |A_V_2_14_load_reg_6115                |   8|   0|    8|          0|
    |A_V_2_15_load_reg_6120                |   8|   0|    8|          0|
    |A_V_2_16_load_reg_6125                |   8|   0|    8|          0|
    |A_V_2_17_load_reg_6130                |   8|   0|    8|          0|
    |A_V_2_18_load_reg_6135                |   8|   0|    8|          0|
    |A_V_2_19_load_reg_6140                |   8|   0|    8|          0|
    |A_V_2_1_load_reg_6050                 |   8|   0|    8|          0|
    |A_V_2_20_load_reg_6145                |   8|   0|    8|          0|
    |A_V_2_21_load_reg_6150                |   8|   0|    8|          0|
    |A_V_2_22_load_reg_6155                |   8|   0|    8|          0|
    |A_V_2_23_load_reg_6160                |   8|   0|    8|          0|
    |A_V_2_24_load_reg_6165                |   8|   0|    8|          0|
    |A_V_2_25_load_reg_6170                |   8|   0|    8|          0|
    |A_V_2_26_load_reg_6175                |   8|   0|    8|          0|
    |A_V_2_27_load_reg_6180                |   8|   0|    8|          0|
    |A_V_2_28_load_reg_6185                |   8|   0|    8|          0|
    |A_V_2_29_load_reg_6190                |   8|   0|    8|          0|
    |A_V_2_2_load_reg_6055                 |   8|   0|    8|          0|
    |A_V_2_30_load_reg_6195                |   8|   0|    8|          0|
    |A_V_2_31_load_reg_6200                |   8|   0|    8|          0|
    |A_V_2_32_load_reg_6205                |   8|   0|    8|          0|
    |A_V_2_33_load_reg_6210                |   8|   0|    8|          0|
    |A_V_2_34_load_reg_6215                |   8|   0|    8|          0|
    |A_V_2_35_load_reg_6220                |   8|   0|    8|          0|
    |A_V_2_36_load_reg_6225                |   8|   0|    8|          0|
    |A_V_2_37_load_reg_6230                |   8|   0|    8|          0|
    |A_V_2_38_load_reg_6235                |   8|   0|    8|          0|
    |A_V_2_39_load_reg_6240                |   8|   0|    8|          0|
    |A_V_2_3_load_reg_6060                 |   8|   0|    8|          0|
    |A_V_2_40_load_reg_6245                |   8|   0|    8|          0|
    |A_V_2_41_load_reg_6250                |   8|   0|    8|          0|
    |A_V_2_42_load_reg_6255                |   8|   0|    8|          0|
    |A_V_2_43_load_reg_6260                |   8|   0|    8|          0|
    |A_V_2_44_load_reg_6265                |   8|   0|    8|          0|
    |A_V_2_45_load_reg_6270                |   8|   0|    8|          0|
    |A_V_2_46_load_reg_6275                |   8|   0|    8|          0|
    |A_V_2_47_load_reg_6280                |   8|   0|    8|          0|
    |A_V_2_48_load_reg_6285                |   8|   0|    8|          0|
    |A_V_2_49_load_reg_6290                |   8|   0|    8|          0|
    |A_V_2_4_load_reg_6065                 |   8|   0|    8|          0|
    |A_V_2_50_load_reg_6295                |   8|   0|    8|          0|
    |A_V_2_51_load_reg_6300                |   8|   0|    8|          0|
    |A_V_2_52_load_reg_6305                |   8|   0|    8|          0|
    |A_V_2_53_load_reg_6310                |   8|   0|    8|          0|
    |A_V_2_54_load_reg_6315                |   8|   0|    8|          0|
    |A_V_2_55_load_reg_6320                |   8|   0|    8|          0|
    |A_V_2_56_load_reg_6325                |   8|   0|    8|          0|
    |A_V_2_57_load_reg_6330                |   8|   0|    8|          0|
    |A_V_2_58_load_reg_6335                |   8|   0|    8|          0|
    |A_V_2_59_load_reg_6340                |   8|   0|    8|          0|
    |A_V_2_5_load_reg_6070                 |   8|   0|    8|          0|
    |A_V_2_60_load_reg_6345                |   8|   0|    8|          0|
    |A_V_2_61_load_reg_6350                |   8|   0|    8|          0|
    |A_V_2_62_load_reg_6355                |   8|   0|    8|          0|
    |A_V_2_63_load_reg_6360                |   8|   0|    8|          0|
    |A_V_2_64_load_reg_6365                |   8|   0|    8|          0|
    |A_V_2_65_load_reg_6370                |   8|   0|    8|          0|
    |A_V_2_66_load_reg_6375                |   8|   0|    8|          0|
    |A_V_2_67_load_reg_6380                |   8|   0|    8|          0|
    |A_V_2_68_load_reg_6385                |   8|   0|    8|          0|
    |A_V_2_69_load_reg_6390                |   8|   0|    8|          0|
    |A_V_2_6_load_reg_6075                 |   8|   0|    8|          0|
    |A_V_2_70_load_reg_6395                |   8|   0|    8|          0|
    |A_V_2_71_load_reg_6400                |   8|   0|    8|          0|
    |A_V_2_7_load_reg_6080                 |   8|   0|    8|          0|
    |A_V_2_8_load_reg_6085                 |   8|   0|    8|          0|
    |A_V_2_9_load_reg_6090                 |   8|   0|    8|          0|
    |B_V_2_0_load_reg_6405                 |   8|   0|    8|          0|
    |B_V_2_10_load_reg_6455                |   8|   0|    8|          0|
    |B_V_2_11_load_reg_6460                |   8|   0|    8|          0|
    |B_V_2_12_load_reg_6465                |   8|   0|    8|          0|
    |B_V_2_13_load_reg_6470                |   8|   0|    8|          0|
    |B_V_2_14_load_reg_6475                |   8|   0|    8|          0|
    |B_V_2_15_load_reg_6480                |   8|   0|    8|          0|
    |B_V_2_16_load_reg_6485                |   8|   0|    8|          0|
    |B_V_2_17_load_reg_6490                |   8|   0|    8|          0|
    |B_V_2_18_load_reg_6495                |   8|   0|    8|          0|
    |B_V_2_19_load_reg_6500                |   8|   0|    8|          0|
    |B_V_2_1_load_reg_6410                 |   8|   0|    8|          0|
    |B_V_2_20_load_reg_6505                |   8|   0|    8|          0|
    |B_V_2_21_load_reg_6510                |   8|   0|    8|          0|
    |B_V_2_22_load_reg_6515                |   8|   0|    8|          0|
    |B_V_2_23_load_reg_6520                |   8|   0|    8|          0|
    |B_V_2_24_load_reg_6525                |   8|   0|    8|          0|
    |B_V_2_25_load_reg_6530                |   8|   0|    8|          0|
    |B_V_2_26_load_reg_6535                |   8|   0|    8|          0|
    |B_V_2_27_load_reg_6540                |   8|   0|    8|          0|
    |B_V_2_28_load_reg_6545                |   8|   0|    8|          0|
    |B_V_2_29_load_reg_6550                |   8|   0|    8|          0|
    |B_V_2_2_load_reg_6415                 |   8|   0|    8|          0|
    |B_V_2_30_load_reg_6555                |   8|   0|    8|          0|
    |B_V_2_31_load_reg_6560                |   8|   0|    8|          0|
    |B_V_2_32_load_reg_6565                |   8|   0|    8|          0|
    |B_V_2_33_load_reg_6570                |   8|   0|    8|          0|
    |B_V_2_34_load_reg_6575                |   8|   0|    8|          0|
    |B_V_2_35_load_reg_6580                |   8|   0|    8|          0|
    |B_V_2_36_load_reg_6585                |   8|   0|    8|          0|
    |B_V_2_37_load_reg_6590                |   8|   0|    8|          0|
    |B_V_2_38_load_reg_6595                |   8|   0|    8|          0|
    |B_V_2_39_load_reg_6600                |   8|   0|    8|          0|
    |B_V_2_3_load_reg_6420                 |   8|   0|    8|          0|
    |B_V_2_40_load_reg_6605                |   8|   0|    8|          0|
    |B_V_2_41_load_reg_6610                |   8|   0|    8|          0|
    |B_V_2_42_load_reg_6615                |   8|   0|    8|          0|
    |B_V_2_43_load_reg_6620                |   8|   0|    8|          0|
    |B_V_2_44_load_reg_6625                |   8|   0|    8|          0|
    |B_V_2_45_load_reg_6630                |   8|   0|    8|          0|
    |B_V_2_46_load_reg_6635                |   8|   0|    8|          0|
    |B_V_2_47_load_reg_6640                |   8|   0|    8|          0|
    |B_V_2_48_load_reg_6645                |   8|   0|    8|          0|
    |B_V_2_49_load_reg_6650                |   8|   0|    8|          0|
    |B_V_2_4_load_reg_6425                 |   8|   0|    8|          0|
    |B_V_2_50_load_reg_6655                |   8|   0|    8|          0|
    |B_V_2_51_load_reg_6660                |   8|   0|    8|          0|
    |B_V_2_52_load_reg_6665                |   8|   0|    8|          0|
    |B_V_2_53_load_reg_6670                |   8|   0|    8|          0|
    |B_V_2_54_load_reg_6675                |   8|   0|    8|          0|
    |B_V_2_55_load_reg_6680                |   8|   0|    8|          0|
    |B_V_2_56_load_reg_6685                |   8|   0|    8|          0|
    |B_V_2_57_load_reg_6690                |   8|   0|    8|          0|
    |B_V_2_58_load_reg_6695                |   8|   0|    8|          0|
    |B_V_2_59_load_reg_6700                |   8|   0|    8|          0|
    |B_V_2_5_load_reg_6430                 |   8|   0|    8|          0|
    |B_V_2_60_load_reg_6705                |   8|   0|    8|          0|
    |B_V_2_61_load_reg_6710                |   8|   0|    8|          0|
    |B_V_2_62_load_reg_6715                |   8|   0|    8|          0|
    |B_V_2_63_load_reg_6720                |   8|   0|    8|          0|
    |B_V_2_64_load_reg_6725                |   8|   0|    8|          0|
    |B_V_2_65_load_reg_6730                |   8|   0|    8|          0|
    |B_V_2_66_load_reg_6735                |   8|   0|    8|          0|
    |B_V_2_67_load_reg_6740                |   8|   0|    8|          0|
    |B_V_2_68_load_reg_6745                |   8|   0|    8|          0|
    |B_V_2_69_load_reg_6750                |   8|   0|    8|          0|
    |B_V_2_6_load_reg_6435                 |   8|   0|    8|          0|
    |B_V_2_70_load_reg_6755                |   8|   0|    8|          0|
    |B_V_2_71_load_reg_6760                |   8|   0|    8|          0|
    |B_V_2_7_load_reg_6440                 |   8|   0|    8|          0|
    |B_V_2_8_load_reg_6445                 |   8|   0|    8|          0|
    |B_V_2_9_load_reg_6450                 |   8|   0|    8|          0|
    |KER_bound_reg_5167                    |  32|   0|   32|          0|
    |ap_CS_fsm                             |  23|   0|   23|          0|
    |ap_done_reg                           |   1|   0|    1|          0|
    |ap_enable_reg_pp0_iter0               |   1|   0|    1|          0|
    |ap_enable_reg_pp0_iter1               |   1|   0|    1|          0|
    |ap_enable_reg_pp1_iter0               |   1|   0|    1|          0|
    |ap_enable_reg_pp1_iter1               |   1|   0|    1|          0|
    |ap_enable_reg_pp1_iter2               |   1|   0|    1|          0|
    |ap_enable_reg_pp2_iter0               |   1|   0|    1|          0|
    |ap_enable_reg_pp2_iter1               |   1|   0|    1|          0|
    |ap_enable_reg_pp2_iter2               |   1|   0|    1|          0|
    |ap_enable_reg_pp2_iter3               |   1|   0|    1|          0|
    |ap_enable_reg_pp2_iter4               |   1|   0|    1|          0|
    |ap_enable_reg_pp2_iter5               |   1|   0|    1|          0|
    |ap_enable_reg_pp2_iter6               |   1|   0|    1|          0|
    |ap_enable_reg_pp2_iter7               |   1|   0|    1|          0|
    |ap_enable_reg_pp3_iter0               |   1|   0|    1|          0|
    |ap_enable_reg_pp3_iter1               |   1|   0|    1|          0|
    |ap_enable_reg_pp3_iter2               |   1|   0|    1|          0|
    |arrayNo4_reg_5304                     |   7|   0|    7|          0|
    |buf_V_reg_6787                        |   8|   0|    8|          0|
    |exitcond4_reg_5293                    |   1|   0|    1|          0|
    |exitcond_flatten8_reg_5284            |   1|   0|    1|          0|
    |exitcond_flatten_reg_6794             |   1|   0|    1|          0|
    |guard_variable_for_v                  |   1|   0|    1|          0|
    |i1_reg_4212                           |  11|   0|   11|          0|
    |i2_reg_4234                           |   8|   0|    8|          0|
    |i4_reg_4190                           |  31|   0|   31|          0|
    |i_reg_4279                            |   8|   0|    8|          0|
    |ifzero_reg_6041                       |   1|   0|    1|          0|
    |indvar_flatten6_reg_4223              |  18|   0|   18|          0|
    |indvar_flatten_reg_4268               |  18|   0|   18|          0|
    |j3_reg_4257                           |  11|   0|   11|          0|
    |j_5_reg_5315                          |  11|   0|   11|          0|
    |j_reg_4290                            |  11|   0|   11|          0|
    |num_img_3_reg_5185                    |  15|   0|   15|          0|
    |num_img_reg_4201                      |  15|   0|   15|          0|
    |p_0_reg_4245                          |   8|   0|    8|          0|
    |r_V_reg_6775                          |  16|   0|   16|          0|
    |r_V_reg_6775_pp2_iter5_reg            |  16|   0|   16|          0|
    |start_once_reg                        |   1|   0|    1|          0|
    |tmp1_reg_5157                         |  32|   0|   32|          0|
    |tmp2_reg_5162                         |  32|   0|   32|          0|
    |tmp_28_reg_6765                       |   8|   0|    8|          0|
    |tmp_29_reg_6770                       |   8|   0|    8|          0|
    |tmp_36_mid2_v_reg_6803                |   8|   0|    8|          0|
    |tmp_36_mid2_v_reg_6803_pp3_iter1_reg  |   8|   0|    8|          0|
    |tmp_36_reg_5172                       |   1|   0|    1|          0|
    |tmp_41_reg_6809                       |   7|   0|    7|          0|
    |tmp_41_reg_6809_pp3_iter1_reg         |   7|   0|    7|          0|
    |tmp_42_mid2_v_reg_5298                |   8|   0|    8|          0|
    |tmp_43_reg_6782                       |   8|   0|    8|          0|
    |tmp_47_reg_5199                       |   7|   0|    7|          0|
    |tmp_47_reg_5199_pp1_iter1_reg         |   7|   0|    7|          0|
    |tmp_49_reg_6823                       |   8|   0|    8|          0|
    |tmp_50_reg_6813                       |   4|   0|    4|          0|
    |tmp_50_reg_6813_pp3_iter1_reg         |   4|   0|    4|          0|
    |tmp_54_reg_5208                       |   8|   0|    8|          0|
    |tmp_55_reg_5203                       |   4|   0|    4|          0|
    |tmp_55_reg_5203_pp1_iter1_reg         |   4|   0|    4|          0|
    |tmp_56_reg_5309                       |   4|   0|    4|          0|
    |tmp_V_38_reg_5113                     |  16|   0|   16|          0|
    |tmp_V_40_reg_5118                     |  16|   0|   16|          0|
    |tmp_V_42_reg_5123                     |  16|   0|   16|          0|
    |tmp_V_46_reg_5128                     |  16|   0|   16|          0|
    |tmp_V_reg_5107                        |  16|   0|   16|          0|
    |arrayNo4_reg_5304                     |  64|  32|    7|          0|
    |exitcond4_reg_5293                    |  64|  32|    1|          0|
    |exitcond_flatten8_reg_5284            |  64|  32|    1|          0|
    |ifzero_reg_6041                       |  64|  32|    1|          0|
    +--------------------------------------+----+----+-----+-----------+
    |Total                                 |1955| 128| 1709|          0|
    +--------------------------------------+----+----+-----+-----------+



================================================================
== Interface
================================================================
* Summary: 
+-----------------------+-----+-----+------------+----------------+--------------+
|       RTL Ports       | Dir | Bits|  Protocol  |  Source Object |    C Type    |
+-----------------------+-----+-----+------------+----------------+--------------+
|ap_clk                 |  in |    1| ap_ctrl_hs |  FC<1152, 128> | return value |
|ap_rst                 |  in |    1| ap_ctrl_hs |  FC<1152, 128> | return value |
|ap_start               |  in |    1| ap_ctrl_hs |  FC<1152, 128> | return value |
|start_full_n           |  in |    1| ap_ctrl_hs |  FC<1152, 128> | return value |
|ap_done                | out |    1| ap_ctrl_hs |  FC<1152, 128> | return value |
|ap_continue            |  in |    1| ap_ctrl_hs |  FC<1152, 128> | return value |
|ap_idle                | out |    1| ap_ctrl_hs |  FC<1152, 128> | return value |
|ap_ready               | out |    1| ap_ctrl_hs |  FC<1152, 128> | return value |
|start_out              | out |    1| ap_ctrl_hs |  FC<1152, 128> | return value |
|start_write            | out |    1| ap_ctrl_hs |  FC<1152, 128> | return value |
|stream_in_V_V_dout     |  in |   16|   ap_fifo  |  stream_in_V_V |    pointer   |
|stream_in_V_V_empty_n  |  in |    1|   ap_fifo  |  stream_in_V_V |    pointer   |
|stream_in_V_V_read     | out |    1|   ap_fifo  |  stream_in_V_V |    pointer   |
|stream_out_V_V_din     | out |   16|   ap_fifo  | stream_out_V_V |    pointer   |
|stream_out_V_V_full_n  |  in |    1|   ap_fifo  | stream_out_V_V |    pointer   |
|stream_out_V_V_write   | out |    1|   ap_fifo  | stream_out_V_V |    pointer   |
+-----------------------+-----+-----+------------+----------------+--------------+

