Copyright 1986-2018 Xilinx, Inc. All Rights Reserved.
------------------------------------------------------------------------------------
| Tool Version : Vivado v.2018.2 (win64) Build 2258646 Thu Jun 14 20:03:12 MDT 2018
| Date         : Wed Jun 12 19:09:14 2019
| Host         : Lenovo-PC running 64-bit major release  (build 9200)
| Command      : upgrade_ip
| Device       : xc7z020clg400-1
------------------------------------------------------------------------------------

Upgrade Log for IP 'ultra_ultra_0_0'

1. Summary
----------

SUCCESS in the upgrade of ultra_ultra_0_0 (xilinx.com:hls:ultra:1.0) from (Rev. 1906121824) to (Rev. 1906121905)






Copyright 1986-2018 Xilinx, Inc. All Rights Reserved.
------------------------------------------------------------------------------------
| Tool Version : Vivado v.2018.2 (win64) Build 2258646 Thu Jun 14 20:03:12 MDT 2018
| Date         : Wed Jun 12 18:30:41 2019
| Host         : Lenovo-PC running 64-bit major release  (build 9200)
| Command      : upgrade_ip
| Device       : xc7z020clg400-1
------------------------------------------------------------------------------------

Upgrade Log for IP 'ultra_ultra_0_0'

1. Summary
----------

SUCCESS in the upgrade of ultra_ultra_0_0 (xilinx.com:hls:ultra:1.0) from (Rev. 1905211844) to (Rev. 1906121824)

