

================================================================
== Vivado HLS Report for 'mean'
================================================================
* Date:           Sun Apr 14 15:28:20 2019

* Version:        2018.2 (Build 2258646 on Thu Jun 14 20:25:20 MDT 2018)
* Project:        MEAN_HLS
* Solution:       solution1
* Product family: zynq
* Target device:  xc7z020clg400-1


================================================================
== Performance Estimates
================================================================
+ Timing (ns): 
    * Summary: 
    +--------+-------+----------+------------+
    |  Clock | Target| Estimated| Uncertainty|
    +--------+-------+----------+------------+
    |ap_clk  |   5.00|     6.338|        0.63|
    +--------+-------+----------+------------+

+ Latency (clock cycles): 
    * Summary: 
    +----------+----------+----------+----------+---------+
    |       Latency       |       Interval      | Pipeline|
    |    min   |    max   |    min   |    max   |   Type  |
    +----------+----------+----------+----------+---------+
    |  11010856|  11010856|  11010856|  11010856|   none  |
    +----------+----------+----------+----------+---------+

    + Detail: 
        * Instance: 
        N/A

        * Loop: 
        +----------+----------+----------+----------+-----------+-----------+--------+----------+
        |          |       Latency       | Iteration|  Initiation Interval  |  Trip  |          |
        | Loop Name|    min   |    max   |  Latency |  achieved |   target  |  Count | Pipelined|
        +----------+----------+----------+----------+-----------+-----------+--------+----------+
        |- Loop 1  |    262148|    262148|         6|          1|          1|  262144|    yes   |
        |- Loop 2  |  10748704|  10748704|       842|         41|          1|  262144|    yes   |
        +----------+----------+----------+----------+-----------+-----------+--------+----------+



================================================================
== Utilization Estimates
================================================================
* Summary: 
+-----------------+---------+-------+--------+-------+
|       Name      | BRAM_18K| DSP48E|   FF   |  LUT  |
+-----------------+---------+-------+--------+-------+
|DSP              |        -|      -|       -|      -|
|Expression       |        -|      -|       0|   8547|
|FIFO             |        -|      -|       -|      -|
|Instance         |        -|      8|    3748|   3982|
|Memory           |      128|      -|       0|      0|
|Multiplexer      |        -|      -|       -|   2298|
|Register         |        0|      -|   16758|   3328|
+-----------------+---------+-------+--------+-------+
|Total            |      128|      8|   20506|  18155|
+-----------------+---------+-------+--------+-------+
|Available        |      280|    220|  106400|  53200|
+-----------------+---------+-------+--------+-------+
|Utilization (%)  |       45|      3|      19|     34|
+-----------------+---------+-------+--------+-------+

+ Detail: 
    * Instance: 
    +-------------------------+----------------------+---------+-------+------+------+
    |         Instance        |        Module        | BRAM_18K| DSP48E|  FF  |  LUT |
    +-------------------------+----------------------+---------+-------+------+------+
    |mean_fadd_32ns_32bkb_U1  |mean_fadd_32ns_32bkb  |        0|      2|   324|   424|
    |mean_fadd_32ns_32bkb_U2  |mean_fadd_32ns_32bkb  |        0|      2|   324|   424|
    |mean_fadd_32ns_32bkb_U3  |mean_fadd_32ns_32bkb  |        0|      2|   324|   424|
    |mean_fadd_32ns_32bkb_U4  |mean_fadd_32ns_32bkb  |        0|      2|   324|   424|
    |mean_fdiv_32ns_32cud_U5  |mean_fdiv_32ns_32cud  |        0|      0|  1436|  1026|
    |mean_shl_55ns_32neOg_U8  |mean_shl_55ns_32neOg  |        0|      0|   140|   126|
    |mean_sitofp_32ns_dEe_U6  |mean_sitofp_32ns_dEe  |        0|      0|   438|   567|
    |mean_sitofp_32ns_dEe_U7  |mean_sitofp_32ns_dEe  |        0|      0|   438|   567|
    +-------------------------+----------------------+---------+-------+------+------+
    |Total                    |                      |        0|      8|  3748|  3982|
    +-------------------------+----------------------+---------+-------+------+------+

    * DSP48: 
    N/A

    * Memory: 
    +-------------+----------------+---------+---+----+--------+-----+------+-------------+
    |    Memory   |     Module     | BRAM_18K| FF| LUT|  Words | Bits| Banks| W*Bits*Banks|
    +-------------+----------------+---------+---+----+--------+-----+------+-------------+
    |img_buf_V_U  |mean_img_buf_V  |      128|  0|   0|  262144|    8|     1|      2097152|
    +-------------+----------------+---------+---+----+--------+-----+------+-------------+
    |Total        |                |      128|  0|   0|  262144|    8|     1|      2097152|
    +-------------+----------------+---------+---+----+--------+-----+------+-------------+

    * FIFO: 
    N/A

    * Expression: 
    +-----------------------------------+----------+-------+---+----+------------+------------+
    |           Variable Name           | Operation| DSP48E| FF| LUT| Bitwidth P0| Bitwidth P1|
    +-----------------------------------+----------+-------+---+----+------------+------------+
    |i_1_fu_1200_p2                     |     +    |      0|  0|  14|          10|           1|
    |i_s_fu_950_p2                      |     +    |      0|  0|  14|           1|          10|
    |indvar_flatten_next7_fu_1286_p2    |     +    |      0|  0|  26|          19|           1|
    |indvar_flatten_next_fu_930_p2      |     +    |      0|  0|  26|          19|           1|
    |j_1_fu_968_p2                      |     +    |      0|  0|  14|           1|          10|
    |j_2_fu_2057_p2                     |     +    |      0|  0|  14|           1|          10|
    |sh_assign_fu_1016_p2               |     +    |      0|  0|  15|           8|           9|
    |ti_1_fu_1180_p2                    |     +    |      0|  0|  14|          10|           2|
    |ti_3_fu_1220_p2                    |     +    |      0|  0|  14|          10|           2|
    |ti_4_fu_1240_p2                    |     +    |      0|  0|  14|          10|           2|
    |ti_5_fu_1260_p2                    |     +    |      0|  0|  14|          10|           3|
    |ti_5_mid1_fu_1408_p2               |     +    |      0|  0|  14|           3|          10|
    |ti_9_fu_1140_p2                    |     +    |      0|  0|  14|          10|           3|
    |ti_fu_1120_p2                      |     +    |      0|  0|  14|          10|           4|
    |ti_s_fu_1160_p2                    |     +    |      0|  0|  14|          10|           3|
    |tj_1_fu_1528_p2                    |     +    |      0|  0|  14|           3|          10|
    |tj_2_fu_1781_p2                    |     +    |      0|  0|  14|           3|          10|
    |tj_3_fu_1816_p2                    |     +    |      0|  0|  14|           2|          10|
    |tj_6_fu_2270_p2                    |     +    |      0|  0|  14|           2|          10|
    |tj_7_fu_2305_p2                    |     +    |      0|  0|  14|           2|          10|
    |tj_8_fu_2545_p2                    |     +    |      0|  0|  14|           3|          10|
    |tj_fu_1484_p2                      |     +    |      0|  0|  14|           4|          10|
    |tmp_13_10_fu_2764_p2               |     +    |      0|  0|  26|          19|          19|
    |tmp_13_11_fu_2784_p2               |     +    |      0|  0|  26|          19|          19|
    |tmp_13_12_fu_2788_p2               |     +    |      0|  0|  26|          19|          19|
    |tmp_13_13_fu_2882_p2               |     +    |      0|  0|  26|          19|          19|
    |tmp_13_14_fu_2886_p2               |     +    |      0|  0|  26|          19|          19|
    |tmp_13_15_fu_2912_p2               |     +    |      0|  0|  26|          19|          19|
    |tmp_13_16_fu_2916_p2               |     +    |      0|  0|  26|          19|          19|
    |tmp_13_17_fu_2943_p2               |     +    |      0|  0|  26|          19|          19|
    |tmp_13_18_fu_3029_p2               |     +    |      0|  0|  26|          19|          19|
    |tmp_13_19_fu_3041_p2               |     +    |      0|  0|  26|          19|          19|
    |tmp_13_1_fu_1558_p2                |     +    |      0|  0|  26|          19|          19|
    |tmp_13_20_fu_3045_p2               |     +    |      0|  0|  26|          19|          19|
    |tmp_13_21_fu_3065_p2               |     +    |      0|  0|  26|          19|          19|
    |tmp_13_22_fu_3145_p2               |     +    |      0|  0|  26|          19|          19|
    |tmp_13_23_fu_3157_p2               |     +    |      0|  0|  26|          19|          19|
    |tmp_13_24_fu_3161_p2               |     +    |      0|  0|  26|          19|          19|
    |tmp_13_25_fu_3181_p2               |     +    |      0|  0|  26|          19|          19|
    |tmp_13_26_fu_3268_p2               |     +    |      0|  0|  26|          19|          19|
    |tmp_13_27_fu_3287_p2               |     +    |      0|  0|  26|          19|          19|
    |tmp_13_28_fu_3291_p2               |     +    |      0|  0|  26|          19|          19|
    |tmp_13_29_fu_3317_p2               |     +    |      0|  0|  26|          19|          19|
    |tmp_13_2_fu_1811_p2                |     +    |      0|  0|  26|          19|          19|
    |tmp_13_30_fu_3321_p2               |     +    |      0|  0|  26|          19|          19|
    |tmp_13_31_fu_3414_p2               |     +    |      0|  0|  26|          19|          19|
    |tmp_13_32_fu_3418_p2               |     +    |      0|  0|  26|          19|          19|
    |tmp_13_33_fu_3438_p2               |     +    |      0|  0|  26|          19|          19|
    |tmp_13_34_fu_3442_p2               |     +    |      0|  0|  26|          19|          19|
    |tmp_13_35_fu_3544_p2               |     +    |      0|  0|  26|          19|          19|
    |tmp_13_36_fu_3549_p2               |     +    |      0|  0|  26|          19|          19|
    |tmp_13_37_fu_3576_p2               |     +    |      0|  0|  26|          19|          19|
    |tmp_13_38_fu_3580_p2               |     +    |      0|  0|  26|          19|          19|
    |tmp_13_39_fu_3554_p2               |     +    |      0|  0|  25|          18|          18|
    |tmp_13_3_fu_1846_p2                |     +    |      0|  0|  26|          19|          19|
    |tmp_13_40_fu_3668_p2               |     +    |      0|  0|  26|          19|          19|
    |tmp_13_41_fu_3686_p2               |     +    |      0|  0|  26|          19|          19|
    |tmp_13_42_fu_3690_p2               |     +    |      0|  0|  26|          19|          19|
    |tmp_13_43_fu_3708_p2               |     +    |      0|  0|  26|          19|          19|
    |tmp_13_44_fu_3754_p2               |     +    |      0|  0|  26|          19|          19|
    |tmp_13_45_fu_3763_p2               |     +    |      0|  0|  26|          19|          19|
    |tmp_13_46_fu_3767_p2               |     +    |      0|  0|  26|          19|          19|
    |tmp_13_47_fu_3779_p2               |     +    |      0|  0|  26|          19|          19|
    |tmp_13_48_fu_3851_p2               |     +    |      0|  0|  26|          19|          19|
    |tmp_13_49_fu_3859_p2               |     +    |      0|  0|  26|          19|          19|
    |tmp_13_4_fu_2052_p2                |     +    |      0|  0|  26|          19|          19|
    |tmp_13_50_fu_3863_p2               |     +    |      0|  0|  26|          19|          19|
    |tmp_13_51_fu_3875_p2               |     +    |      0|  0|  26|          19|          19|
    |tmp_13_52_fu_3951_p2               |     +    |      0|  0|  26|          19|          19|
    |tmp_13_53_fu_3972_p2               |     +    |      0|  0|  26|          19|          19|
    |tmp_13_54_fu_3977_p2               |     +    |      0|  0|  26|          19|          19|
    |tmp_13_55_fu_3996_p2               |     +    |      0|  0|  26|          19|          19|
    |tmp_13_56_fu_4000_p2               |     +    |      0|  0|  26|          19|          19|
    |tmp_13_57_fu_4085_p2               |     +    |      0|  0|  26|          19|          19|
    |tmp_13_58_fu_4089_p2               |     +    |      0|  0|  26|          19|          19|
    |tmp_13_59_fu_4101_p2               |     +    |      0|  0|  26|          19|          19|
    |tmp_13_5_fu_2074_p2                |     +    |      0|  0|  26|          19|          19|
    |tmp_13_60_fu_4105_p2               |     +    |      0|  0|  26|          19|          19|
    |tmp_13_61_fu_4192_p2               |     +    |      0|  0|  26|          19|          19|
    |tmp_13_62_fu_4196_p2               |     +    |      0|  0|  26|          19|          19|
    |tmp_13_63_fu_4209_p2               |     +    |      0|  0|  26|          19|          19|
    |tmp_13_64_fu_4213_p2               |     +    |      0|  0|  26|          19|          19|
    |tmp_13_65_fu_4293_p2               |     +    |      0|  0|  26|          19|          19|
    |tmp_13_66_fu_4297_p2               |     +    |      0|  0|  26|          19|          19|
    |tmp_13_67_fu_4315_p2               |     +    |      0|  0|  26|          19|          19|
    |tmp_13_68_fu_4319_p2               |     +    |      0|  0|  26|          19|          19|
    |tmp_13_69_fu_4344_p2               |     +    |      0|  0|  26|          19|          19|
    |tmp_13_6_fu_2300_p2                |     +    |      0|  0|  26|          19|          19|
    |tmp_13_70_fu_4348_p2               |     +    |      0|  0|  26|          19|          19|
    |tmp_13_71_fu_4352_p2               |     +    |      0|  0|  26|          19|          19|
    |tmp_13_72_fu_4357_p2               |     +    |      0|  0|  26|          19|          19|
    |tmp_13_73_fu_4362_p2               |     +    |      0|  0|  26|          19|          19|
    |tmp_13_74_fu_4367_p2               |     +    |      0|  0|  26|          19|          19|
    |tmp_13_75_fu_4372_p2               |     +    |      0|  0|  26|          19|          19|
    |tmp_13_76_fu_4377_p2               |     +    |      0|  0|  26|          19|          19|
    |tmp_13_77_fu_4382_p2               |     +    |      0|  0|  26|          19|          19|
    |tmp_13_78_fu_4387_p2               |     +    |      0|  0|  26|          19|          19|
    |tmp_13_79_fu_4392_p2               |     +    |      0|  0|  26|          19|          19|
    |tmp_13_7_fu_2335_p2                |     +    |      0|  0|  26|          19|          19|
    |tmp_13_8_fu_2575_p2                |     +    |      0|  0|  26|          19|          19|
    |tmp_13_9_fu_2580_p2                |     +    |      0|  0|  26|          19|          19|
    |tmp_13_s_fu_2760_p2                |     +    |      0|  0|  26|          19|          19|
    |tmp_4_fu_988_p2                    |     +    |      0|  0|  25|          18|          18|
    |tmp_9_fu_1514_p2                   |     +    |      0|  0|  26|          19|          19|
    |tmp_2_i_i_i_fu_1030_p2             |     -    |      0|  0|  15|           7|           8|
    |ap_block_pp0_stage0_11001          |    and   |      0|  0|   2|           1|           1|
    |ap_block_pp1_stage20_11001         |    and   |      0|  0|   2|           1|           1|
    |ap_block_pp1_stage21_11001         |    and   |      0|  0|   2|           1|           1|
    |ap_block_state3_pp0_stage0_iter1   |    and   |      0|  0|   2|           1|           1|
    |ap_block_state849_io               |    and   |      0|  0|   2|           1|           1|
    |image_in_V_data_0_load_A           |    and   |      0|  0|   2|           1|           1|
    |image_in_V_data_0_load_B           |    and   |      0|  0|   2|           1|           1|
    |image_out_V_data_1_load_A          |    and   |      0|  0|   2|           1|           1|
    |image_out_V_data_1_load_B          |    and   |      0|  0|   2|           1|           1|
    |image_out_V_last_1_load_A          |    and   |      0|  0|   2|           1|           1|
    |image_out_V_last_1_load_B          |    and   |      0|  0|   2|           1|           1|
    |tmp_last_fu_1759_p2                |    and   |      0|  0|   2|           1|           1|
    |exitcond1_fu_1292_p2               |   icmp   |      0|  0|  13|          10|          11|
    |exitcond_flatten8_fu_1280_p2       |   icmp   |      0|  0|  18|          19|          20|
    |exitcond_flatten_fu_924_p2         |   icmp   |      0|  0|  18|          19|          20|
    |exitcond_fu_936_p2                 |   icmp   |      0|  0|  13|          10|          11|
    |image_in_V_data_0_state_cmp_full   |   icmp   |      0|  0|   8|           2|           1|
    |image_out_V_data_1_state_cmp_full  |   icmp   |      0|  0|   8|           2|           1|
    |image_out_V_last_1_state_cmp_full  |   icmp   |      0|  0|   8|           2|           1|
    |tmp_1_fu_1114_p2                   |   icmp   |      0|  0|  13|          10|           9|
    |tmp_1_mid1_fu_1436_p2              |   icmp   |      0|  0|  13|          10|           9|
    |tmp_8_fu_1754_p2                   |   icmp   |      0|  0|  13|          10|           9|
    |tmp_4_i_i_i_fu_1077_p2             |   lshr   |      0|  0|  73|          25|          25|
    |ap_block_state851                  |    or    |      0|  0|   2|           1|           1|
    |tmp_100_fu_2228_p2                 |    or    |      0|  0|  10|          10|          10|
    |tmp_102_fu_2444_p2                 |    or    |      0|  0|  10|          10|          10|
    |tmp_104_fu_2457_p2                 |    or    |      0|  0|  10|          10|          10|
    |tmp_106_fu_2637_p2                 |    or    |      0|  0|  10|          10|          10|
    |tmp_108_fu_1698_p2                 |    or    |      0|  0|  10|          10|          10|
    |tmp_110_fu_1712_p2                 |    or    |      0|  0|  10|          10|          10|
    |tmp_112_fu_1981_p2                 |    or    |      0|  0|  10|          10|          10|
    |tmp_114_fu_1994_p2                 |    or    |      0|  0|  10|          10|          10|
    |tmp_116_fu_2240_p2                 |    or    |      0|  0|  10|          10|          10|
    |tmp_118_fu_2470_p2                 |    or    |      0|  0|  10|          10|          10|
    |tmp_11_fu_1545_p2                  |    or    |      0|  0|  10|          10|          10|
    |tmp_120_fu_2483_p2                 |    or    |      0|  0|  10|          10|          10|
    |tmp_122_fu_2650_p2                 |    or    |      0|  0|  10|          10|          10|
    |tmp_124_fu_1726_p2                 |    or    |      0|  0|  10|          10|          10|
    |tmp_126_fu_1740_p2                 |    or    |      0|  0|  10|          10|          10|
    |tmp_128_fu_2007_p2                 |    or    |      0|  0|  10|          10|          10|
    |tmp_130_fu_2020_p2                 |    or    |      0|  0|  10|          10|          10|
    |tmp_132_fu_2252_p2                 |    or    |      0|  0|  10|          10|          10|
    |tmp_134_fu_2496_p2                 |    or    |      0|  0|  10|          10|          10|
    |tmp_136_fu_2509_p2                 |    or    |      0|  0|  10|          10|          10|
    |tmp_138_fu_2663_p2                 |    or    |      0|  0|  10|          10|          10|
    |tmp_14_fu_1798_p2                  |    or    |      0|  0|  10|          10|          10|
    |tmp_16_fu_1833_p2                  |    or    |      0|  0|  10|          10|          10|
    |tmp_18_fu_2115_p2                  |    or    |      0|  0|  10|          10|          10|
    |tmp_20_fu_2287_p2                  |    or    |      0|  0|  10|          10|          10|
    |tmp_21_fu_1564_p2                  |    or    |      0|  0|  10|          10|          10|
    |tmp_23_fu_1577_p2                  |    or    |      0|  0|  10|          10|          10|
    |tmp_25_fu_1851_p2                  |    or    |      0|  0|  10|          10|          10|
    |tmp_27_fu_1864_p2                  |    or    |      0|  0|  10|          10|          10|
    |tmp_29_fu_1590_p2                  |    or    |      0|  0|  10|          10|          10|
    |tmp_31_fu_1603_p2                  |    or    |      0|  0|  10|          10|          10|
    |tmp_33_fu_1877_p2                  |    or    |      0|  0|  10|          10|          10|
    |tmp_35_fu_1890_p2                  |    or    |      0|  0|  10|          10|          10|
    |tmp_37_fu_1616_p2                  |    or    |      0|  0|  10|          10|          10|
    |tmp_39_fu_1629_p2                  |    or    |      0|  0|  10|          10|          10|
    |tmp_41_fu_1903_p2                  |    or    |      0|  0|  10|          10|          10|
    |tmp_43_fu_1916_p2                  |    or    |      0|  0|  10|          10|          10|
    |tmp_48_fu_2322_p2                  |    or    |      0|  0|  10|          10|          10|
    |tmp_50_fu_2562_p2                  |    or    |      0|  0|  10|          10|          10|
    |tmp_52_fu_2180_p2                  |    or    |      0|  0|  10|          10|          10|
    |tmp_54_fu_2340_p2                  |    or    |      0|  0|  10|          10|          10|
    |tmp_56_fu_2353_p2                  |    or    |      0|  0|  10|          10|          10|
    |tmp_58_fu_2585_p2                  |    or    |      0|  0|  10|          10|          10|
    |tmp_60_fu_2192_p2                  |    or    |      0|  0|  10|          10|          10|
    |tmp_62_fu_2366_p2                  |    or    |      0|  0|  10|          10|          10|
    |tmp_64_fu_2379_p2                  |    or    |      0|  0|  10|          10|          10|
    |tmp_66_fu_2598_p2                  |    or    |      0|  0|  10|          10|          10|
    |tmp_68_fu_2204_p2                  |    or    |      0|  0|  10|          10|          10|
    |tmp_6_fu_1501_p2                   |    or    |      0|  0|  10|          10|          10|
    |tmp_70_fu_2392_p2                  |    or    |      0|  0|  10|          10|          10|
    |tmp_72_fu_2405_p2                  |    or    |      0|  0|  10|          10|          10|
    |tmp_74_fu_2611_p2                  |    or    |      0|  0|  10|          10|          10|
    |tmp_76_fu_1642_p2                  |    or    |      0|  0|  10|          10|          10|
    |tmp_78_fu_1656_p2                  |    or    |      0|  0|  10|          10|          10|
    |tmp_80_fu_1929_p2                  |    or    |      0|  0|  10|          10|          10|
    |tmp_82_fu_1942_p2                  |    or    |      0|  0|  10|          10|          10|
    |tmp_84_fu_2216_p2                  |    or    |      0|  0|  10|          10|          10|
    |tmp_86_fu_2418_p2                  |    or    |      0|  0|  10|          10|          10|
    |tmp_88_fu_2431_p2                  |    or    |      0|  0|  10|          10|          10|
    |tmp_90_fu_2624_p2                  |    or    |      0|  0|  10|          10|          10|
    |tmp_92_fu_1670_p2                  |    or    |      0|  0|  10|          10|          10|
    |tmp_94_fu_1684_p2                  |    or    |      0|  0|  10|          10|          10|
    |tmp_96_fu_1955_p2                  |    or    |      0|  0|  10|          10|          10|
    |tmp_98_fu_1968_p2                  |    or    |      0|  0|  10|          10|          10|
    |grp_fu_810_p0                      |  select  |      0|  0|  32|           1|          32|
    |grp_fu_887_p3                      |  select  |      0|  0|  32|           1|          32|
    |grp_fu_899_p3                      |  select  |      0|  0|  32|           1|          32|
    |grp_fu_911_p3                      |  select  |      0|  0|  32|           1|          32|
    |i_2_mid2_fu_1464_p3                |  select  |      0|  0|  10|           1|          10|
    |j2_mid2_fu_1298_p3                 |  select  |      0|  0|  10|           1|           1|
    |j_mid2_fu_942_p3                   |  select  |      0|  0|  10|           1|           1|
    |num_1_10_fu_2852_p3                |  select  |      0|  0|  32|           1|          32|
    |num_1_11_fu_2864_p3                |  select  |      0|  0|  32|           1|          32|
    |num_1_12_fu_2876_p3                |  select  |      0|  0|  32|           1|          32|
    |num_1_13_fu_2981_p3                |  select  |      0|  0|  32|           1|          32|
    |num_1_14_fu_2993_p3                |  select  |      0|  0|  32|           1|          32|
    |num_1_15_fu_3005_p3                |  select  |      0|  0|  32|           1|          32|
    |num_1_16_fu_3017_p3                |  select  |      0|  0|  32|           1|          32|
    |num_1_17_fu_3097_p3                |  select  |      0|  0|  32|           1|          32|
    |num_1_18_fu_3109_p3                |  select  |      0|  0|  32|           1|          32|
    |num_1_19_fu_3121_p3                |  select  |      0|  0|  32|           1|          32|
    |num_1_1_fu_2137_p3                 |  select  |      0|  0|  32|           1|          32|
    |num_1_20_fu_3133_p3                |  select  |      0|  0|  32|           1|          32|
    |num_1_21_fu_3198_p3                |  select  |      0|  0|  32|           1|          32|
    |num_1_22_fu_3225_p3                |  select  |      0|  0|  32|           1|          32|
    |num_1_23_fu_3237_p3                |  select  |      0|  0|  32|           1|          32|
    |num_1_24_fu_3249_p3                |  select  |      0|  0|  32|           1|          32|
    |num_1_25_fu_3273_p3                |  select  |      0|  0|  32|           1|          32|
    |num_1_26_fu_3366_p3                |  select  |      0|  0|  32|           1|          32|
    |num_1_27_fu_3378_p3                |  select  |      0|  0|  32|           1|          32|
    |num_1_28_fu_3390_p3                |  select  |      0|  0|  32|           1|          32|
    |num_1_29_fu_3402_p3                |  select  |      0|  0|  32|           1|          32|
    |num_1_2_fu_2150_p3                 |  select  |      0|  0|  32|           1|          32|
    |num_1_30_fu_3482_p3                |  select  |      0|  0|  32|           1|          32|
    |num_1_31_fu_3494_p3                |  select  |      0|  0|  32|           1|          32|
    |num_1_32_fu_3506_p3                |  select  |      0|  0|  32|           1|          32|
    |num_1_33_fu_3518_p3                |  select  |      0|  0|  32|           1|          32|
    |num_1_34_fu_3610_p3                |  select  |      0|  0|  32|           1|          32|
    |num_1_35_fu_3632_p3                |  select  |      0|  0|  32|           1|          32|
    |num_1_36_fu_3644_p3                |  select  |      0|  0|  32|           1|          32|
    |num_1_37_fu_3656_p3                |  select  |      0|  0|  32|           1|          32|
    |num_1_38_fu_3672_p3                |  select  |      0|  0|  32|           1|          32|
    |num_1_3_fu_2162_p3                 |  select  |      0|  0|  32|           1|          32|
    |num_1_42_fu_3807_p3                |  select  |      0|  0|  32|           1|          32|
    |num_1_43_fu_3814_p3                |  select  |      0|  0|  32|           1|          32|
    |num_1_44_fu_3827_p3                |  select  |      0|  0|  32|           1|          32|
    |num_1_45_fu_3839_p3                |  select  |      0|  0|  32|           1|          32|
    |num_1_46_fu_3888_p3                |  select  |      0|  0|  32|           1|          32|
    |num_1_47_fu_3915_p3                |  select  |      0|  0|  32|           1|          32|
    |num_1_48_fu_3927_p3                |  select  |      0|  0|  32|           1|          32|
    |num_1_49_fu_3939_p3                |  select  |      0|  0|  32|           1|          32|
    |num_1_4_fu_2174_p3                 |  select  |      0|  0|  32|           1|          32|
    |num_1_50_fu_3962_p3                |  select  |      0|  0|  32|           1|          32|
    |num_1_51_fu_4037_p3                |  select  |      0|  0|  32|           1|          32|
    |num_1_52_fu_4049_p3                |  select  |      0|  0|  32|           1|          32|
    |num_1_53_fu_4061_p3                |  select  |      0|  0|  32|           1|          32|
    |num_1_54_fu_4073_p3                |  select  |      0|  0|  32|           1|          32|
    |num_1_55_fu_4137_p3                |  select  |      0|  0|  32|           1|          32|
    |num_1_56_fu_4149_p3                |  select  |      0|  0|  32|           1|          32|
    |num_1_57_fu_4161_p3                |  select  |      0|  0|  32|           1|          32|
    |num_1_58_fu_4173_p3                |  select  |      0|  0|  32|           1|          32|
    |num_1_59_fu_4235_p3                |  select  |      0|  0|  32|           1|          32|
    |num_1_5_fu_2712_p3                 |  select  |      0|  0|  32|           1|          32|
    |num_1_60_fu_4257_p3                |  select  |      0|  0|  32|           1|          32|
    |num_1_61_fu_4269_p3                |  select  |      0|  0|  32|           1|          32|
    |num_1_62_fu_4281_p3                |  select  |      0|  0|  32|           1|          32|
    |num_1_63_fu_4301_p3                |  select  |      0|  0|  32|           1|          32|
    |num_1_64_fu_4426_p3                |  select  |      0|  0|  32|           1|          32|
    |num_1_65_fu_4438_p3                |  select  |      0|  0|  32|           1|          32|
    |num_1_66_fu_4450_p3                |  select  |      0|  0|  32|           1|          32|
    |num_1_67_fu_4462_p3                |  select  |      0|  0|  32|           1|          32|
    |num_1_68_fu_4510_p3                |  select  |      0|  0|  32|           1|          32|
    |num_1_69_fu_4522_p3                |  select  |      0|  0|  32|           1|          32|
    |num_1_6_fu_2724_p3                 |  select  |      0|  0|  32|           1|          32|
    |num_1_70_fu_4534_p3                |  select  |      0|  0|  32|           1|          32|
    |num_1_71_fu_4546_p3                |  select  |      0|  0|  32|           1|          32|
    |num_1_72_fu_4589_p3                |  select  |      0|  0|  32|           1|          32|
    |num_1_73_fu_4606_p3                |  select  |      0|  0|  32|           1|          32|
    |num_1_74_fu_4618_p3                |  select  |      0|  0|  32|           1|          32|
    |num_1_75_fu_4630_p3                |  select  |      0|  0|  32|           1|          32|
    |num_1_76_fu_4646_p3                |  select  |      0|  0|  32|           1|          32|
    |num_1_77_fu_4672_p3                |  select  |      0|  0|  32|           1|          32|
    |num_1_78_fu_4684_p3                |  select  |      0|  0|  32|           1|          32|
    |num_1_7_fu_2736_p3                 |  select  |      0|  0|  32|           1|          32|
    |num_1_8_fu_2748_p3                 |  select  |      0|  0|  32|           1|          32|
    |num_1_9_fu_2808_p3                 |  select  |      0|  0|  32|           1|          32|
    |num_1_fu_1520_p3                   |  select  |      0|  0|  30|           1|           1|
    |num_1_s_fu_2840_p3                 |  select  |      0|  0|  32|           1|          32|
    |p_Val2_3_fu_1103_p3                |  select  |      0|  0|   8|           1|           8|
    |sh_assign_1_fu_1040_p3             |  select  |      0|  0|   9|           1|           9|
    |sum_1_10_fu_2870_p3                |  select  |      0|  0|  32|           1|          32|
    |sum_1_11_fu_2890_p3                |  select  |      0|  0|  32|           1|          32|
    |sum_1_12_fu_2987_p3                |  select  |      0|  0|  32|           1|          32|
    |sum_1_13_fu_2999_p3                |  select  |      0|  0|  32|           1|          32|
    |sum_1_14_fu_3011_p3                |  select  |      0|  0|  32|           1|          32|
    |sum_1_15_fu_3023_p3                |  select  |      0|  0|  32|           1|          32|
    |sum_1_16_fu_3103_p3                |  select  |      0|  0|  32|           1|          32|
    |sum_1_17_fu_3115_p3                |  select  |      0|  0|  32|           1|          32|
    |sum_1_18_fu_3127_p3                |  select  |      0|  0|  32|           1|          32|
    |sum_1_19_fu_3139_p3                |  select  |      0|  0|  32|           1|          32|
    |sum_1_1_fu_2156_p3                 |  select  |      0|  0|  32|           1|          32|
    |sum_1_20_fu_3214_p3                |  select  |      0|  0|  32|           1|          32|
    |sum_1_21_fu_3231_p3                |  select  |      0|  0|  32|           1|          32|
    |sum_1_22_fu_3243_p3                |  select  |      0|  0|  32|           1|          32|
    |sum_1_23_fu_3255_p3                |  select  |      0|  0|  32|           1|          32|
    |sum_1_24_fu_3295_p3                |  select  |      0|  0|  32|           1|          32|
    |sum_1_25_fu_3372_p3                |  select  |      0|  0|  32|           1|          32|
    |sum_1_26_fu_3384_p3                |  select  |      0|  0|  32|           1|          32|
    |sum_1_27_fu_3396_p3                |  select  |      0|  0|  32|           1|          32|
    |sum_1_28_fu_3408_p3                |  select  |      0|  0|  32|           1|          32|
    |sum_1_29_fu_3488_p3                |  select  |      0|  0|  32|           1|          32|
    |sum_1_2_fu_2168_p3                 |  select  |      0|  0|  32|           1|          32|
    |sum_1_30_fu_3500_p3                |  select  |      0|  0|  32|           1|          32|
    |sum_1_31_fu_3512_p3                |  select  |      0|  0|  32|           1|          32|
    |sum_1_32_fu_3524_p3                |  select  |      0|  0|  32|           1|          32|
    |sum_1_33_fu_3626_p3                |  select  |      0|  0|  32|           1|          32|
    |sum_1_34_fu_3638_p3                |  select  |      0|  0|  32|           1|          32|
    |sum_1_35_fu_3650_p3                |  select  |      0|  0|  32|           1|          32|
    |sum_1_36_fu_3662_p3                |  select  |      0|  0|  32|           1|          32|
    |sum_1_37_fu_3694_p3                |  select  |      0|  0|  32|           1|          32|
    |sum_1_38_fu_3741_p3                |  select  |      0|  0|  32|           1|          32|
    |sum_1_3_fu_2264_p3                 |  select  |      0|  0|  32|           1|          32|
    |sum_1_42_fu_3820_p3                |  select  |      0|  0|  32|           1|          32|
    |sum_1_43_fu_3833_p3                |  select  |      0|  0|  32|           1|          32|
    |sum_1_44_fu_3845_p3                |  select  |      0|  0|  32|           1|          32|
    |sum_1_45_fu_3904_p3                |  select  |      0|  0|  32|           1|          32|
    |sum_1_46_fu_3921_p3                |  select  |      0|  0|  32|           1|          32|
    |sum_1_47_fu_3933_p3                |  select  |      0|  0|  32|           1|          32|
    |sum_1_48_fu_3945_p3                |  select  |      0|  0|  32|           1|          32|
    |sum_1_49_fu_3982_p3                |  select  |      0|  0|  32|           1|          32|
    |sum_1_4_fu_2718_p3                 |  select  |      0|  0|  32|           1|          32|
    |sum_1_50_fu_4043_p3                |  select  |      0|  0|  32|           1|          32|
    |sum_1_51_fu_4055_p3                |  select  |      0|  0|  32|           1|          32|
    |sum_1_52_fu_4067_p3                |  select  |      0|  0|  32|           1|          32|
    |sum_1_53_fu_4079_p3                |  select  |      0|  0|  32|           1|          32|
    |sum_1_54_fu_4143_p3                |  select  |      0|  0|  32|           1|          32|
    |sum_1_55_fu_4155_p3                |  select  |      0|  0|  32|           1|          32|
    |sum_1_56_fu_4167_p3                |  select  |      0|  0|  32|           1|          32|
    |sum_1_57_fu_4179_p3                |  select  |      0|  0|  32|           1|          32|
    |sum_1_58_fu_4251_p3                |  select  |      0|  0|  32|           1|          32|
    |sum_1_59_fu_4263_p3                |  select  |      0|  0|  32|           1|          32|
    |sum_1_5_fu_2730_p3                 |  select  |      0|  0|  32|           1|          32|
    |sum_1_60_fu_4275_p3                |  select  |      0|  0|  32|           1|          32|
    |sum_1_61_fu_4287_p3                |  select  |      0|  0|  32|           1|          32|
    |sum_1_62_fu_4330_p3                |  select  |      0|  0|  32|           1|          32|
    |sum_1_63_fu_4432_p3                |  select  |      0|  0|  32|           1|          32|
    |sum_1_64_fu_4444_p3                |  select  |      0|  0|  32|           1|          32|
    |sum_1_65_fu_4456_p3                |  select  |      0|  0|  32|           1|          32|
    |sum_1_66_fu_4468_p3                |  select  |      0|  0|  32|           1|          32|
    |sum_1_67_fu_4516_p3                |  select  |      0|  0|  32|           1|          32|
    |sum_1_68_fu_4528_p3                |  select  |      0|  0|  32|           1|          32|
    |sum_1_69_fu_4540_p3                |  select  |      0|  0|  32|           1|          32|
    |sum_1_6_fu_2742_p3                 |  select  |      0|  0|  32|           1|          32|
    |sum_1_70_fu_4552_p3                |  select  |      0|  0|  32|           1|          32|
    |sum_1_71_fu_4600_p3                |  select  |      0|  0|  32|           1|          32|
    |sum_1_72_fu_4612_p3                |  select  |      0|  0|  32|           1|          32|
    |sum_1_73_fu_4624_p3                |  select  |      0|  0|  32|           1|          32|
    |sum_1_74_fu_4636_p3                |  select  |      0|  0|  32|           1|          32|
    |sum_1_75_fu_4656_p3                |  select  |      0|  0|  32|           1|          32|
    |sum_1_76_fu_4678_p3                |  select  |      0|  0|  32|           1|          32|
    |sum_1_77_fu_4690_p3                |  select  |      0|  0|  32|           1|          32|
    |sum_1_7_fu_2754_p3                 |  select  |      0|  0|  32|           1|          32|
    |sum_1_8_fu_2824_p3                 |  select  |      0|  0|  32|           1|          32|
    |sum_1_9_fu_2846_p3                 |  select  |      0|  0|  32|           1|          32|
    |sum_1_fu_2143_p3                   |  select  |      0|  0|  32|           1|           1|
    |sum_1_s_fu_2858_p3                 |  select  |      0|  0|  32|           1|          32|
    |ti_1_mid2_fu_1354_p3               |  select  |      0|  0|  10|           1|          10|
    |ti_3_mid2_fu_1469_p3               |  select  |      0|  0|  10|           1|          10|
    |ti_4_mid2_fu_1474_p3               |  select  |      0|  0|  10|           1|          10|
    |ti_5_mid2_fu_1479_p3               |  select  |      0|  0|  10|           1|          10|
    |ti_9_mid2_fu_1322_p3               |  select  |      0|  0|  10|           1|          10|
    |ti_mid2_9_fu_1338_p3               |  select  |      0|  0|  10|           1|          10|
    |ti_mid2_fu_1306_p3                 |  select  |      0|  0|  10|           1|          10|
    |tmp_12_2_mid2_v_v_fu_1454_p3       |  select  |      0|  0|  10|           1|          10|
    |tmp_1_mid2_fu_1441_p3              |  select  |      0|  0|   2|           1|           1|
    |tmp_7_1_mid2_fu_1376_p3            |  select  |      0|  0|   2|           1|           1|
    |tmp_7_9_mid2_fu_1330_p3            |  select  |      0|  0|   2|           1|           1|
    |tmp_7_mid2_10_fu_1346_p3           |  select  |      0|  0|   2|           1|           1|
    |tmp_7_mid2_fu_1314_p3              |  select  |      0|  0|   2|           1|           1|
    |tmp_9_1_mid2_fu_1392_p3            |  select  |      0|  0|   2|           1|           1|
    |tmp_9_2_mid2_fu_1400_p3            |  select  |      0|  0|   2|           1|           1|
    |tmp_9_3_mid2_fu_1428_p3            |  select  |      0|  0|   2|           1|           1|
    |tmp_9_mid2_fu_1384_p3              |  select  |      0|  0|   2|           1|           1|
    |tmp_mid2_v_v_fu_956_p3             |  select  |      0|  0|  10|           1|          10|
    |ap_enable_pp0                      |    xor   |      0|  0|   2|           1|           2|
    |ap_enable_pp1                      |    xor   |      0|  0|   2|           1|           2|
    |ap_enable_reg_pp0_iter1            |    xor   |      0|  0|   2|           2|           1|
    |ap_enable_reg_pp1_iter1            |    xor   |      0|  0|   2|           2|           1|
    |rev1_fu_1134_p2                    |    xor   |      0|  0|   2|           1|           2|
    |rev2_fu_1154_p2                    |    xor   |      0|  0|   2|           1|           2|
    |rev3_fu_1174_p2                    |    xor   |      0|  0|   2|           1|           2|
    |rev4_fu_1194_p2                    |    xor   |      0|  0|   2|           1|           2|
    |rev5_fu_1214_p2                    |    xor   |      0|  0|   2|           1|           2|
    |rev6_fu_1234_p2                    |    xor   |      0|  0|   2|           1|           2|
    |rev7_fu_1254_p2                    |    xor   |      0|  0|   2|           1|           2|
    |rev8_fu_1274_p2                    |    xor   |      0|  0|   2|           1|           2|
    |rev9_fu_1422_p2                    |    xor   |      0|  0|   2|           1|           2|
    |rev_fu_1370_p2                     |    xor   |      0|  0|   2|           1|           2|
    +-----------------------------------+----------+-------+---+----+------------+------------+
    |Total                              |          |      0|  0|8547|        2682|        7591|
    +-----------------------------------+----------+-------+---+----+------------+------------+

    * Multiplexer: 
    +------------------------------------------+-----+-----------+-----+-----------+
    |                   Name                   | LUT | Input Size| Bits| Total Bits|
    +------------------------------------------+-----+-----------+-----+-----------+
    |ap_NS_fsm                                 |  201|         46|    1|         46|
    |ap_enable_reg_pp0_iter1                   |    9|          2|    1|          2|
    |ap_enable_reg_pp0_iter5                   |    9|          2|    1|          2|
    |ap_enable_reg_pp1_iter1                   |    9|          2|    1|          2|
    |ap_enable_reg_pp1_iter20                  |    9|          2|    1|          2|
    |ap_phi_mux_i1_phi_fu_771_p4               |    9|          2|   10|         20|
    |ap_phi_mux_i_phi_fu_738_p4                |    9|          2|   10|         20|
    |ap_phi_mux_indvar_flatten6_phi_fu_760_p4  |    9|          2|   19|         38|
    |ap_phi_mux_j2_phi_fu_783_p4               |    9|          2|   10|         20|
    |grp_fu_790_p0                             |  185|         42|   32|       1344|
    |grp_fu_790_p1                             |   27|          5|   32|        160|
    |grp_fu_795_p0                             |  185|         42|   32|       1344|
    |grp_fu_795_p1                             |  169|         38|   32|       1216|
    |grp_fu_800_p0                             |  169|         38|   32|       1216|
    |grp_fu_800_p1                             |   33|          6|   32|        192|
    |grp_fu_805_p0                             |  173|         39|   32|       1248|
    |grp_fu_805_p1                             |  165|         37|   32|       1184|
    |grp_fu_815_p0                             |  185|         42|   32|       1344|
    |grp_fu_818_p0                             |  181|         41|   32|       1312|
    |grp_fu_887_p0                             |   15|          3|    1|          3|
    |i1_reg_767                                |    9|          2|   10|         20|
    |i_reg_734                                 |    9|          2|   10|         20|
    |image_in_TDATA_blk_n                      |    9|          2|    1|          2|
    |image_in_V_data_0_data_out                |    9|          2|   32|         64|
    |image_in_V_data_0_state                   |   15|          3|    2|          6|
    |image_in_V_last_0_state                   |   15|          3|    2|          6|
    |image_out_TDATA_blk_n                     |    9|          2|    1|          2|
    |image_out_V_data_1_data_out               |    9|          2|   32|         64|
    |image_out_V_data_1_state                  |   15|          3|    2|          6|
    |image_out_V_last_1_data_out               |    9|          2|    1|          2|
    |image_out_V_last_1_state                  |   15|          3|    2|          6|
    |img_buf_V_address0                        |  185|         42|   18|        756|
    |img_buf_V_address1                        |  185|         42|   18|        756|
    |indvar_flatten6_reg_756                   |    9|          2|   19|         38|
    |indvar_flatten_reg_723                    |    9|          2|   19|         38|
    |j2_reg_779                                |    9|          2|   10|         20|
    |j_reg_745                                 |    9|          2|   10|         20|
    |reg_821                                   |    9|          2|    8|         16|
    +------------------------------------------+-----+-----------+-----+-----------+
    |Total                                     | 2298|        515|  572|      12557|
    +------------------------------------------+-----+-----------+-----+-----------+

    * Register: 
    +--------------------------------------------+-----+----+-----+-----------+
    |                    Name                    |  FF | LUT| Bits| Const Bits|
    +--------------------------------------------+-----+----+-----+-----------+
    |ap_CS_fsm                                   |   45|   0|   45|          0|
    |ap_enable_reg_pp0_iter0                     |    1|   0|    1|          0|
    |ap_enable_reg_pp0_iter1                     |    1|   0|    1|          0|
    |ap_enable_reg_pp0_iter2                     |    1|   0|    1|          0|
    |ap_enable_reg_pp0_iter3                     |    1|   0|    1|          0|
    |ap_enable_reg_pp0_iter4                     |    1|   0|    1|          0|
    |ap_enable_reg_pp0_iter5                     |    1|   0|    1|          0|
    |ap_enable_reg_pp1_iter0                     |    1|   0|    1|          0|
    |ap_enable_reg_pp1_iter1                     |    1|   0|    1|          0|
    |ap_enable_reg_pp1_iter10                    |    1|   0|    1|          0|
    |ap_enable_reg_pp1_iter11                    |    1|   0|    1|          0|
    |ap_enable_reg_pp1_iter12                    |    1|   0|    1|          0|
    |ap_enable_reg_pp1_iter13                    |    1|   0|    1|          0|
    |ap_enable_reg_pp1_iter14                    |    1|   0|    1|          0|
    |ap_enable_reg_pp1_iter15                    |    1|   0|    1|          0|
    |ap_enable_reg_pp1_iter16                    |    1|   0|    1|          0|
    |ap_enable_reg_pp1_iter17                    |    1|   0|    1|          0|
    |ap_enable_reg_pp1_iter18                    |    1|   0|    1|          0|
    |ap_enable_reg_pp1_iter19                    |    1|   0|    1|          0|
    |ap_enable_reg_pp1_iter2                     |    1|   0|    1|          0|
    |ap_enable_reg_pp1_iter20                    |    1|   0|    1|          0|
    |ap_enable_reg_pp1_iter3                     |    1|   0|    1|          0|
    |ap_enable_reg_pp1_iter4                     |    1|   0|    1|          0|
    |ap_enable_reg_pp1_iter5                     |    1|   0|    1|          0|
    |ap_enable_reg_pp1_iter6                     |    1|   0|    1|          0|
    |ap_enable_reg_pp1_iter7                     |    1|   0|    1|          0|
    |ap_enable_reg_pp1_iter8                     |    1|   0|    1|          0|
    |ap_enable_reg_pp1_iter9                     |    1|   0|    1|          0|
    |exitcond1_reg_4817                          |    1|   0|    1|          0|
    |exitcond_flatten8_reg_4808                  |    1|   0|    1|          0|
    |exitcond_flatten_reg_4703                   |    1|   0|    1|          0|
    |i1_reg_767                                  |   10|   0|   10|          0|
    |i_1_reg_4783                                |   10|   0|   10|          0|
    |i_2_mid2_reg_4968                           |   10|   0|   10|          0|
    |i_reg_734                                   |   10|   0|   10|          0|
    |image_in_V_data_0_payload_A                 |   32|   0|   32|          0|
    |image_in_V_data_0_payload_B                 |   32|   0|   32|          0|
    |image_in_V_data_0_sel_rd                    |    1|   0|    1|          0|
    |image_in_V_data_0_sel_wr                    |    1|   0|    1|          0|
    |image_in_V_data_0_state                     |    2|   0|    2|          0|
    |image_in_V_last_0_state                     |    2|   0|    2|          0|
    |image_out_V_data_1_payload_A                |   32|   0|   32|          0|
    |image_out_V_data_1_payload_B                |   32|   0|   32|          0|
    |image_out_V_data_1_sel_rd                   |    1|   0|    1|          0|
    |image_out_V_data_1_sel_wr                   |    1|   0|    1|          0|
    |image_out_V_data_1_state                    |    2|   0|    2|          0|
    |image_out_V_last_1_payload_A                |    1|   0|    1|          0|
    |image_out_V_last_1_payload_B                |    1|   0|    1|          0|
    |image_out_V_last_1_sel_rd                   |    1|   0|    1|          0|
    |image_out_V_last_1_sel_wr                   |    1|   0|    1|          0|
    |image_out_V_last_1_state                    |    2|   0|    2|          0|
    |indvar_flatten6_reg_756                     |   19|   0|   19|          0|
    |indvar_flatten_next7_reg_4812               |   19|   0|   19|          0|
    |indvar_flatten_reg_723                      |   19|   0|   19|          0|
    |isNeg_reg_4742                              |    1|   0|    1|          0|
    |j2_cast9_reg_5316                           |   10|   0|   19|          9|
    |j2_mid2_reg_4827                            |   10|   0|   10|          0|
    |j2_reg_779                                  |   10|   0|   10|          0|
    |j_2_cast4_reg_5355                          |   10|   0|   19|          9|
    |j_2_reg_5342                                |   10|   0|   10|          0|
    |j_mid2_reg_4712                             |   10|   0|   10|          0|
    |j_reg_745                                   |   10|   0|   10|          0|
    |loc_V_1_reg_4737                            |   23|   0|   23|          0|
    |num_1_10_reg_5958                           |   32|   0|   32|          0|
    |num_1_11_reg_5970                           |   32|   0|   32|          0|
    |num_1_12_reg_5982                           |   32|   0|   32|          0|
    |num_1_13_reg_6081                           |   32|   0|   32|          0|
    |num_1_14_reg_6113                           |   32|   0|   32|          0|
    |num_1_15_reg_6125                           |   32|   0|   32|          0|
    |num_1_16_reg_6137                           |   32|   0|   32|          0|
    |num_1_17_reg_6209                           |   32|   0|   32|          0|
    |num_1_18_reg_6241                           |   32|   0|   32|          0|
    |num_1_19_reg_6253                           |   32|   0|   32|          0|
    |num_1_1_reg_5423                            |   32|   0|   32|          0|
    |num_1_20_reg_6265                           |   32|   0|   32|          0|
    |num_1_21_reg_6322                           |   32|   0|   32|          0|
    |num_1_22_reg_6364                           |   32|   0|   32|          0|
    |num_1_23_reg_6376                           |   32|   0|   32|          0|
    |num_1_24_reg_6388                           |   32|   0|   32|          0|
    |num_1_25_reg_6417                           |   32|   0|   32|          0|
    |num_1_26_reg_6499                           |   32|   0|   32|          0|
    |num_1_27_reg_6531                           |   32|   0|   32|          0|
    |num_1_28_reg_6543                           |   32|   0|   32|          0|
    |num_1_29_reg_6555                           |   32|   0|   32|          0|
    |num_1_2_reg_5450                            |   32|   0|   32|          0|
    |num_1_30_reg_6627                           |   32|   0|   32|          0|
    |num_1_31_reg_6659                           |   32|   0|   32|          0|
    |num_1_32_reg_6671                           |   32|   0|   32|          0|
    |num_1_33_reg_6683                           |   32|   0|   32|          0|
    |num_1_34_reg_6760                           |   32|   0|   32|          0|
    |num_1_35_reg_6797                           |   32|   0|   32|          0|
    |num_1_36_reg_6809                           |   32|   0|   32|          0|
    |num_1_37_reg_6821                           |   32|   0|   32|          0|
    |num_1_38_reg_6838                           |   32|   0|   32|          0|
    |num_1_3_reg_5462                            |   32|   0|   32|          0|
    |num_1_42_reg_7011                           |   32|   0|   32|          0|
    |num_1_43_reg_7037                           |   32|   0|   32|          0|
    |num_1_44_reg_7049                           |   32|   0|   32|          0|
    |num_1_45_reg_7061                           |   32|   0|   32|          0|
    |num_1_46_reg_7118                           |   32|   0|   32|          0|
    |num_1_47_reg_7155                           |   32|   0|   32|          0|
    |num_1_48_reg_7167                           |   32|   0|   32|          0|
    |num_1_49_reg_7179                           |   32|   0|   32|          0|
    |num_1_4_reg_5474                            |   32|   0|   32|          0|
    |num_1_50_reg_7207                           |   32|   0|   32|          0|
    |num_1_51_reg_7289                           |   32|   0|   32|          0|
    |num_1_52_reg_7321                           |   32|   0|   32|          0|
    |num_1_53_reg_7333                           |   32|   0|   32|          0|
    |num_1_54_reg_7345                           |   32|   0|   32|          0|
    |num_1_55_reg_7417                           |   32|   0|   32|          0|
    |num_1_56_reg_7449                           |   32|   0|   32|          0|
    |num_1_57_reg_7461                           |   32|   0|   32|          0|
    |num_1_58_reg_7473                           |   32|   0|   32|          0|
    |num_1_59_reg_7547                           |   32|   0|   32|          0|
    |num_1_5_reg_5796                            |   32|   0|   32|          0|
    |num_1_60_reg_7589                           |   32|   0|   32|          0|
    |num_1_61_reg_7601                           |   32|   0|   32|          0|
    |num_1_62_reg_7613                           |   32|   0|   32|          0|
    |num_1_63_reg_7635                           |   32|   0|   32|          0|
    |num_1_64_reg_7767                           |   32|   0|   32|          0|
    |num_1_65_reg_7794                           |   32|   0|   32|          0|
    |num_1_66_reg_7806                           |   32|   0|   32|          0|
    |num_1_67_reg_7818                           |   32|   0|   32|          0|
    |num_1_68_reg_7870                           |   32|   0|   32|          0|
    |num_1_69_reg_7902                           |   32|   0|   32|          0|
    |num_1_6_reg_5823                            |   32|   0|   32|          0|
    |num_1_70_reg_7914                           |   32|   0|   32|          0|
    |num_1_71_reg_7926                           |   32|   0|   32|          0|
    |num_1_72_reg_7973                           |   32|   0|   32|          0|
    |num_1_73_reg_8010                           |   32|   0|   32|          0|
    |num_1_74_reg_8022                           |   32|   0|   32|          0|
    |num_1_75_reg_8034                           |   32|   0|   32|          0|
    |num_1_76_reg_8051                           |   32|   0|   32|          0|
    |num_1_77_reg_8083                           |   32|   0|   32|          0|
    |num_1_78_reg_8095                           |   32|   0|   32|          0|
    |num_1_7_reg_5835                            |   32|   0|   32|          0|
    |num_1_8_reg_5847                            |   32|   0|   32|          0|
    |num_1_9_reg_5899                            |   32|   0|   32|          0|
    |num_1_reg_5040                              |    7|   0|   32|         25|
    |num_1_s_reg_5946                            |   32|   0|   32|          0|
    |p_Val2_3_reg_4773                           |    8|   0|    8|          0|
    |reg_821                                     |    8|   0|    8|          0|
    |reg_826                                     |    8|   0|    8|          0|
    |reg_830                                     |   32|   0|   32|          0|
    |reg_834                                     |   32|   0|   32|          0|
    |reg_840                                     |   32|   0|   32|          0|
    |reg_847                                     |   32|   0|   32|          0|
    |reg_851                                     |   32|   0|   32|          0|
    |reg_857                                     |   32|   0|   32|          0|
    |reg_862                                     |   32|   0|   32|          0|
    |reg_868                                     |   32|   0|   32|          0|
    |reg_874                                     |   32|   0|   32|          0|
    |reg_879                                     |   32|   0|   32|          0|
    |reg_883                                     |   32|   0|   32|          0|
    |reg_894                                     |   32|   0|   32|          0|
    |reg_906                                     |   32|   0|   32|          0|
    |reg_918                                     |   32|   0|   32|          0|
    |sh_assign_1_reg_4747                        |    9|   0|    9|          0|
    |sum_1_10_reg_5976                           |   32|   0|   32|          0|
    |sum_1_11_reg_5998                           |   32|   0|   32|          0|
    |sum_1_12_reg_6092                           |   32|   0|   32|          0|
    |sum_1_13_reg_6119                           |   32|   0|   32|          0|
    |sum_1_14_reg_6131                           |   32|   0|   32|          0|
    |sum_1_15_reg_6143                           |   32|   0|   32|          0|
    |sum_1_16_reg_6215                           |   32|   0|   32|          0|
    |sum_1_17_reg_6247                           |   32|   0|   32|          0|
    |sum_1_18_reg_6259                           |   32|   0|   32|          0|
    |sum_1_19_reg_6271                           |   32|   0|   32|          0|
    |sum_1_1_reg_5456                            |   32|   0|   32|          0|
    |sum_1_20_reg_6338                           |   32|   0|   32|          0|
    |sum_1_21_reg_6370                           |   32|   0|   32|          0|
    |sum_1_22_reg_6382                           |   32|   0|   32|          0|
    |sum_1_23_reg_6394                           |   32|   0|   32|          0|
    |sum_1_24_reg_6438                           |   32|   0|   32|          0|
    |sum_1_25_reg_6515                           |   32|   0|   32|          0|
    |sum_1_26_reg_6537                           |   32|   0|   32|          0|
    |sum_1_27_reg_6549                           |   32|   0|   32|          0|
    |sum_1_28_reg_6561                           |   32|   0|   32|          0|
    |sum_1_29_reg_6633                           |   32|   0|   32|          0|
    |sum_1_2_reg_5468                            |   32|   0|   32|          0|
    |sum_1_30_reg_6665                           |   32|   0|   32|          0|
    |sum_1_31_reg_6677                           |   32|   0|   32|          0|
    |sum_1_32_reg_6689                           |   32|   0|   32|          0|
    |sum_1_33_reg_6776                           |   32|   0|   32|          0|
    |sum_1_34_reg_6803                           |   32|   0|   32|          0|
    |sum_1_35_reg_6815                           |   32|   0|   32|          0|
    |sum_1_36_reg_6827                           |   32|   0|   32|          0|
    |sum_1_37_reg_6863                           |   32|   0|   32|          0|
    |sum_1_38_reg_6929                           |   32|   0|   32|          0|
    |sum_1_3_reg_5522                            |   32|   0|   32|          0|
    |sum_1_42_reg_7043                           |   32|   0|   32|          0|
    |sum_1_43_reg_7055                           |   32|   0|   32|          0|
    |sum_1_44_reg_7067                           |   32|   0|   32|          0|
    |sum_1_45_reg_7134                           |   32|   0|   32|          0|
    |sum_1_46_reg_7161                           |   32|   0|   32|          0|
    |sum_1_47_reg_7173                           |   32|   0|   32|          0|
    |sum_1_48_reg_7185                           |   32|   0|   32|          0|
    |sum_1_49_reg_7228                           |   32|   0|   32|          0|
    |sum_1_4_reg_5802                            |   32|   0|   32|          0|
    |sum_1_50_reg_7305                           |   32|   0|   32|          0|
    |sum_1_51_reg_7327                           |   32|   0|   32|          0|
    |sum_1_52_reg_7339                           |   32|   0|   32|          0|
    |sum_1_53_reg_7351                           |   32|   0|   32|          0|
    |sum_1_54_reg_7423                           |   32|   0|   32|          0|
    |sum_1_55_reg_7455                           |   32|   0|   32|          0|
    |sum_1_56_reg_7467                           |   32|   0|   32|          0|
    |sum_1_57_reg_7479                           |   32|   0|   32|          0|
    |sum_1_58_reg_7563                           |   32|   0|   32|          0|
    |sum_1_59_reg_7595                           |   32|   0|   32|          0|
    |sum_1_5_reg_5829                            |   32|   0|   32|          0|
    |sum_1_60_reg_7607                           |   32|   0|   32|          0|
    |sum_1_61_reg_7619                           |   32|   0|   32|          0|
    |sum_1_62_reg_7661                           |   32|   0|   32|          0|
    |sum_1_63_reg_7783                           |   32|   0|   32|          0|
    |sum_1_64_reg_7800                           |   32|   0|   32|          0|
    |sum_1_65_reg_7812                           |   32|   0|   32|          0|
    |sum_1_66_reg_7824                           |   32|   0|   32|          0|
    |sum_1_67_reg_7876                           |   32|   0|   32|          0|
    |sum_1_68_reg_7908                           |   32|   0|   32|          0|
    |sum_1_69_reg_7920                           |   32|   0|   32|          0|
    |sum_1_6_reg_5841                            |   32|   0|   32|          0|
    |sum_1_70_reg_7932                           |   32|   0|   32|          0|
    |sum_1_71_reg_7984                           |   32|   0|   32|          0|
    |sum_1_72_reg_8016                           |   32|   0|   32|          0|
    |sum_1_73_reg_8028                           |   32|   0|   32|          0|
    |sum_1_74_reg_8040                           |   32|   0|   32|          0|
    |sum_1_75_reg_8062                           |   32|   0|   32|          0|
    |sum_1_76_reg_8089                           |   32|   0|   32|          0|
    |sum_1_77_reg_8100                           |   32|   0|   32|          0|
    |sum_1_7_reg_5853                            |   32|   0|   32|          0|
    |sum_1_8_reg_5915                            |   32|   0|   32|          0|
    |sum_1_9_reg_5952                            |   32|   0|   32|          0|
    |sum_1_reg_5429                              |   32|   0|   32|          0|
    |sum_1_s_reg_5964                            |   32|   0|   32|          0|
    |ti_1_mid2_reg_4899                          |   10|   0|   10|          0|
    |ti_3_mid2_reg_4979                          |   10|   0|   10|          0|
    |ti_3_reg_4790                               |   10|   0|   10|          0|
    |ti_4_mid2_reg_4990                          |   10|   0|   10|          0|
    |ti_4_reg_4796                               |   10|   0|   10|          0|
    |ti_5_mid1_reg_4936                          |   10|   0|   10|          0|
    |ti_5_mid2_reg_5001                          |   10|   0|   10|          0|
    |ti_5_reg_4802                               |   10|   0|   10|          0|
    |ti_9_mid2_reg_4861                          |   10|   0|   10|          0|
    |ti_9_mid2_reg_4861_pp1_iter1_reg            |   10|   0|   10|          0|
    |ti_mid2_9_reg_4880                          |   10|   0|   10|          0|
    |ti_mid2_reg_4842                            |   10|   0|   10|          0|
    |ti_mid2_reg_4842_pp1_iter1_reg              |   10|   0|   10|          0|
    |tj_1_cast7_reg_5046                         |   19|   0|   19|          0|
    |tj_2_cast6_reg_5174                         |   19|   0|   19|          0|
    |tj_3_cast5_reg_5203                         |   19|   0|   19|          0|
    |tj_6_cast3_reg_5528                         |   10|   0|   19|          9|
    |tj_7_cast2_reg_5556                         |   10|   0|   19|          9|
    |tj_8_cast1_reg_5690                         |   10|   0|   19|          9|
    |tj_cast8_reg_5012                           |   19|   0|   19|          0|
    |tmp_101_reg_5099                            |    1|   0|    1|          0|
    |tmp_103_reg_5105                            |    1|   0|    1|          0|
    |tmp_105_reg_5256                            |    1|   0|    1|          0|
    |tmp_107_reg_5262                            |    1|   0|    1|          0|
    |tmp_109_reg_5492                            |    1|   0|    1|          0|
    |tmp_111_reg_5608                            |    1|   0|    1|          0|
    |tmp_113_reg_5614                            |    1|   0|    1|          0|
    |tmp_115_reg_5736                            |    1|   0|    1|          0|
    |tmp_117_reg_5111                            |    1|   0|    1|          0|
    |tmp_119_reg_5117                            |    1|   0|    1|          0|
    |tmp_121_reg_5268                            |    1|   0|    1|          0|
    |tmp_123_reg_5274                            |    1|   0|    1|          0|
    |tmp_125_reg_5498                            |    1|   0|    1|          0|
    |tmp_127_reg_5620                            |    1|   0|    1|          0|
    |tmp_129_reg_5626                            |    1|   0|    1|          0|
    |tmp_12_1_mid2_reg_6400                      |   10|   0|   19|          9|
    |tmp_12_1_mid2_reg_6400_pp1_iter7_reg        |   10|   0|   19|          9|
    |tmp_12_2_mid2_v_v_reg_4958                  |   10|   0|   10|          0|
    |tmp_12_35_cast_mid2_reg_6695                |    9|   0|   19|         10|
    |tmp_12_35_cast_mid2_reg_6695_pp1_iter9_reg  |    9|   0|   19|         10|
    |tmp_12_3_mid2_reg_6939                      |   10|   0|   19|          9|
    |tmp_12_4_mid2_reg_7196                      |   10|   0|   19|          9|
    |tmp_12_5_mid2_reg_7485                      |   10|   0|   19|          9|
    |tmp_12_5_mid2_reg_7485_pp1_iter15_reg       |   10|   0|   19|          9|
    |tmp_12_9_mid2_reg_5668                      |   10|   0|   19|          9|
    |tmp_12_mid2_reg_6024                        |   10|   0|   19|          9|
    |tmp_131_reg_5742                            |    1|   0|    1|          0|
    |tmp_133_reg_5123                            |    1|   0|    1|          0|
    |tmp_135_reg_5129                            |    1|   0|    1|          0|
    |tmp_137_reg_5280                            |    1|   0|    1|          0|
    |tmp_139_reg_5286                            |    1|   0|    1|          0|
    |tmp_13_10_reg_5864                          |   19|   0|   19|          0|
    |tmp_13_11_reg_5879                          |   19|   0|   19|          0|
    |tmp_13_12_reg_5884                          |   19|   0|   19|          0|
    |tmp_13_13_reg_5988                          |   19|   0|   19|          0|
    |tmp_13_14_reg_5993                          |   19|   0|   19|          0|
    |tmp_13_15_reg_6014                          |   19|   0|   19|          0|
    |tmp_13_16_reg_6019                          |   19|   0|   19|          0|
    |tmp_13_17_reg_6046                          |   19|   0|   19|          0|
    |tmp_13_18_reg_6149                          |   19|   0|   19|          0|
    |tmp_13_19_reg_6159                          |   19|   0|   19|          0|
    |tmp_13_1_reg_5070                           |   19|   0|   19|          0|
    |tmp_13_20_reg_6164                          |   19|   0|   19|          0|
    |tmp_13_21_reg_6179                          |   19|   0|   19|          0|
    |tmp_13_22_reg_6277                          |   19|   0|   19|          0|
    |tmp_13_23_reg_6287                          |   19|   0|   19|          0|
    |tmp_13_24_reg_6292                          |   19|   0|   19|          0|
    |tmp_13_25_reg_6307                          |   19|   0|   19|          0|
    |tmp_13_26_reg_6412                          |   19|   0|   19|          0|
    |tmp_13_27_reg_6428                          |   19|   0|   19|          0|
    |tmp_13_28_reg_6433                          |   19|   0|   19|          0|
    |tmp_13_29_reg_6454                          |   19|   0|   19|          0|
    |tmp_13_2_reg_5198                           |   19|   0|   19|          0|
    |tmp_13_30_reg_6459                          |   19|   0|   19|          0|
    |tmp_13_31_reg_6567                          |   19|   0|   19|          0|
    |tmp_13_32_reg_6572                          |   19|   0|   19|          0|
    |tmp_13_33_reg_6587                          |   19|   0|   19|          0|
    |tmp_13_34_reg_6592                          |   19|   0|   19|          0|
    |tmp_13_35_reg_6705                          |   19|   0|   19|          0|
    |tmp_13_36_reg_6710                          |   19|   0|   19|          0|
    |tmp_13_37_reg_6730                          |   19|   0|   19|          0|
    |tmp_13_38_reg_6735                          |   19|   0|   19|          0|
    |tmp_13_39_reg_6715                          |   18|   0|   18|          0|
    |tmp_13_39_reg_6715_pp1_iter9_reg            |   18|   0|   18|          0|
    |tmp_13_3_reg_5227                           |   19|   0|   19|          0|
    |tmp_13_40_reg_6833                          |   19|   0|   19|          0|
    |tmp_13_41_reg_6853                          |   19|   0|   19|          0|
    |tmp_13_42_reg_6858                          |   19|   0|   19|          0|
    |tmp_13_43_reg_6879                          |   19|   0|   19|          0|
    |tmp_13_44_reg_6951                          |   19|   0|   19|          0|
    |tmp_13_45_reg_6961                          |   19|   0|   19|          0|
    |tmp_13_46_reg_6966                          |   19|   0|   19|          0|
    |tmp_13_47_reg_6981                          |   19|   0|   19|          0|
    |tmp_13_48_reg_7073                          |   19|   0|   19|          0|
    |tmp_13_49_reg_7083                          |   19|   0|   19|          0|
    |tmp_13_4_reg_5337                           |   19|   0|   19|          0|
    |tmp_13_50_reg_7088                          |   19|   0|   19|          0|
    |tmp_13_51_reg_7103                          |   19|   0|   19|          0|
    |tmp_13_52_reg_7191                          |   19|   0|   19|          0|
    |tmp_13_53_reg_7218                          |   19|   0|   19|          0|
    |tmp_13_54_reg_7223                          |   19|   0|   19|          0|
    |tmp_13_55_reg_7244                          |   19|   0|   19|          0|
    |tmp_13_56_reg_7249                          |   19|   0|   19|          0|
    |tmp_13_57_reg_7357                          |   19|   0|   19|          0|
    |tmp_13_58_reg_7362                          |   19|   0|   19|          0|
    |tmp_13_59_reg_7377                          |   19|   0|   19|          0|
    |tmp_13_5_reg_5372                           |   19|   0|   19|          0|
    |tmp_13_60_reg_7382                          |   19|   0|   19|          0|
    |tmp_13_61_reg_7497                          |   19|   0|   19|          0|
    |tmp_13_62_reg_7502                          |   19|   0|   19|          0|
    |tmp_13_63_reg_7517                          |   19|   0|   19|          0|
    |tmp_13_64_reg_7522                          |   19|   0|   19|          0|
    |tmp_13_65_reg_7625                          |   19|   0|   19|          0|
    |tmp_13_66_reg_7630                          |   19|   0|   19|          0|
    |tmp_13_67_reg_7651                          |   19|   0|   19|          0|
    |tmp_13_68_reg_7656                          |   19|   0|   19|          0|
    |tmp_13_69_reg_7677                          |   19|   0|   19|          0|
    |tmp_13_6_reg_5551                           |   19|   0|   19|          0|
    |tmp_13_70_reg_7682                          |   19|   0|   19|          0|
    |tmp_13_70_reg_7682_pp1_iter16_reg           |   19|   0|   19|          0|
    |tmp_13_71_reg_7687                          |   19|   0|   19|          0|
    |tmp_13_71_reg_7687_pp1_iter16_reg           |   19|   0|   19|          0|
    |tmp_13_72_reg_7692                          |   19|   0|   19|          0|
    |tmp_13_72_reg_7692_pp1_iter16_reg           |   19|   0|   19|          0|
    |tmp_13_73_reg_7697                          |   19|   0|   19|          0|
    |tmp_13_73_reg_7697_pp1_iter16_reg           |   19|   0|   19|          0|
    |tmp_13_74_reg_7702                          |   19|   0|   19|          0|
    |tmp_13_75_reg_7707                          |   19|   0|   19|          0|
    |tmp_13_76_reg_7712                          |   19|   0|   19|          0|
    |tmp_13_77_reg_7717                          |   19|   0|   19|          0|
    |tmp_13_78_reg_7722                          |   19|   0|   19|          0|
    |tmp_13_79_reg_7727                          |   19|   0|   19|          0|
    |tmp_13_7_reg_5579                           |   19|   0|   19|          0|
    |tmp_13_8_reg_5714                           |   19|   0|   19|          0|
    |tmp_13_9_reg_5719                           |   19|   0|   19|          0|
    |tmp_13_s_reg_5859                           |   19|   0|   19|          0|
    |tmp_141_reg_5504                            |    1|   0|    1|          0|
    |tmp_142_reg_5632                            |    1|   0|    1|          0|
    |tmp_143_reg_5638                            |    1|   0|    1|          0|
    |tmp_144_reg_5748                            |    1|   0|    1|          0|
    |tmp_145_reg_5135                            |    1|   0|    1|          0|
    |tmp_146_reg_5141                            |    1|   0|    1|          0|
    |tmp_147_reg_5292                            |    1|   0|    1|          0|
    |tmp_148_reg_5298                            |    1|   0|    1|          0|
    |tmp_149_reg_5510                            |    1|   0|    1|          0|
    |tmp_150_reg_5644                            |    1|   0|    1|          0|
    |tmp_151_reg_5650                            |    1|   0|    1|          0|
    |tmp_152_reg_5754                            |    1|   0|    1|          0|
    |tmp_153_reg_5147                            |    1|   0|    1|          0|
    |tmp_154_reg_5153                            |    1|   0|    1|          0|
    |tmp_155_reg_5304                            |    1|   0|    1|          0|
    |tmp_156_reg_5310                            |    1|   0|    1|          0|
    |tmp_157_reg_5516                            |    1|   0|    1|          0|
    |tmp_158_reg_5656                            |    1|   0|    1|          0|
    |tmp_159_reg_5662                            |    1|   0|    1|          0|
    |tmp_160_reg_5760                            |    1|   0|    1|          0|
    |tmp_16_10_reg_5931                          |   32|   0|   32|          0|
    |tmp_16_11_reg_5936                          |   32|   0|   32|          0|
    |tmp_16_12_reg_5941                          |   32|   0|   32|          0|
    |tmp_16_14_reg_6087                          |   32|   0|   32|          0|
    |tmp_16_15_reg_6098                          |   32|   0|   32|          0|
    |tmp_16_16_reg_6103                          |   32|   0|   32|          0|
    |tmp_16_17_reg_6108                          |   32|   0|   32|          0|
    |tmp_16_18_reg_6221                          |   32|   0|   32|          0|
    |tmp_16_19_reg_6226                          |   32|   0|   32|          0|
    |tmp_16_20_reg_6231                          |   32|   0|   32|          0|
    |tmp_16_21_reg_6236                          |   32|   0|   32|          0|
    |tmp_16_23_reg_6349                          |   32|   0|   32|          0|
    |tmp_16_24_reg_6354                          |   32|   0|   32|          0|
    |tmp_16_25_reg_6359                          |   32|   0|   32|          0|
    |tmp_16_27_reg_6505                          |   32|   0|   32|          0|
    |tmp_16_28_reg_6510                          |   32|   0|   32|          0|
    |tmp_16_29_reg_6521                          |   32|   0|   32|          0|
    |tmp_16_30_reg_6526                          |   32|   0|   32|          0|
    |tmp_16_31_reg_6639                          |   32|   0|   32|          0|
    |tmp_16_32_reg_6644                          |   32|   0|   32|          0|
    |tmp_16_33_reg_6649                          |   32|   0|   32|          0|
    |tmp_16_34_reg_6654                          |   32|   0|   32|          0|
    |tmp_16_36_reg_6782                          |   32|   0|   32|          0|
    |tmp_16_37_reg_6787                          |   32|   0|   32|          0|
    |tmp_16_38_reg_6792                          |   32|   0|   32|          0|
    |tmp_16_3_reg_5435                           |   32|   0|   32|          0|
    |tmp_16_40_reg_6914                          |   32|   0|   32|          0|
    |tmp_16_41_reg_6919                          |   32|   0|   32|          0|
    |tmp_16_42_reg_6924                          |   32|   0|   32|          0|
    |tmp_16_43_reg_6934                          |   32|   0|   32|          0|
    |tmp_16_44_reg_7017                          |   32|   0|   32|          0|
    |tmp_16_45_reg_7022                          |   32|   0|   32|          0|
    |tmp_16_46_reg_7027                          |   32|   0|   32|          0|
    |tmp_16_47_reg_7032                          |   32|   0|   32|          0|
    |tmp_16_4_reg_5440                           |   32|   0|   32|          0|
    |tmp_16_50_reg_7145                          |   32|   0|   32|          0|
    |tmp_16_51_reg_7150                          |   32|   0|   32|          0|
    |tmp_16_53_reg_7295                          |   32|   0|   32|          0|
    |tmp_16_54_reg_7300                          |   32|   0|   32|          0|
    |tmp_16_55_reg_7311                          |   32|   0|   32|          0|
    |tmp_16_56_reg_7316                          |   32|   0|   32|          0|
    |tmp_16_57_reg_7429                          |   32|   0|   32|          0|
    |tmp_16_58_reg_7434                          |   32|   0|   32|          0|
    |tmp_16_59_reg_7439                          |   32|   0|   32|          0|
    |tmp_16_5_reg_5445                           |   32|   0|   32|          0|
    |tmp_16_60_reg_7444                          |   32|   0|   32|          0|
    |tmp_16_61_reg_7569                          |   32|   0|   32|          0|
    |tmp_16_62_reg_7574                          |   32|   0|   32|          0|
    |tmp_16_63_reg_7579                          |   32|   0|   32|          0|
    |tmp_16_64_reg_7584                          |   32|   0|   32|          0|
    |tmp_16_66_reg_7762                          |   32|   0|   32|          0|
    |tmp_16_67_reg_7773                          |   32|   0|   32|          0|
    |tmp_16_68_reg_7778                          |   32|   0|   32|          0|
    |tmp_16_69_reg_7789                          |   32|   0|   32|          0|
    |tmp_16_70_reg_7882                          |   32|   0|   32|          0|
    |tmp_16_71_reg_7887                          |   32|   0|   32|          0|
    |tmp_16_72_reg_7892                          |   32|   0|   32|          0|
    |tmp_16_73_reg_7897                          |   32|   0|   32|          0|
    |tmp_16_74_reg_7990                          |   32|   0|   32|          0|
    |tmp_16_75_reg_7995                          |   32|   0|   32|          0|
    |tmp_16_76_reg_8000                          |   32|   0|   32|          0|
    |tmp_16_77_reg_8005                          |   32|   0|   32|          0|
    |tmp_16_79_reg_8078                          |   32|   0|   32|          0|
    |tmp_16_7_reg_5808                           |   32|   0|   32|          0|
    |tmp_16_8_reg_5813                           |   32|   0|   32|          0|
    |tmp_16_9_reg_5818                           |   32|   0|   32|          0|
    |tmp_1_i_i_i_reg_4753                        |   23|   0|   25|          2|
    |tmp_1_i_i_i_reg_4753_pp0_iter3_reg          |   23|   0|   25|          2|
    |tmp_1_reg_4778                              |    1|   0|    1|          0|
    |tmp_36_reg_4963                             |    9|   0|    9|          0|
    |tmp_40_reg_5024                             |    1|   0|    1|          0|
    |tmp_42_reg_5030                             |    1|   0|    1|          0|
    |tmp_44_reg_5058                             |    1|   0|    1|          0|
    |tmp_45_reg_5064                             |    1|   0|    1|          0|
    |tmp_46_reg_5186                             |    1|   0|    1|          0|
    |tmp_47_reg_5192                             |    1|   0|    1|          0|
    |tmp_49_reg_5215                             |    1|   0|    1|          0|
    |tmp_4_reg_4732                              |   18|   0|   18|          0|
    |tmp_51_reg_5221                             |    1|   0|    1|          0|
    |tmp_53_reg_5367                             |    1|   0|    1|          0|
    |tmp_55_reg_5407                             |    1|   0|    1|          0|
    |tmp_55_reg_5407_pp1_iter1_reg               |    1|   0|    1|          0|
    |tmp_57_reg_5540                             |    1|   0|    1|          0|
    |tmp_59_reg_5545                             |    1|   0|    1|          0|
    |tmp_5_i_i_i_reg_4768                        |   55|   0|   55|          0|
    |tmp_61_reg_5568                             |    1|   0|    1|          0|
    |tmp_63_reg_5573                             |    1|   0|    1|          0|
    |tmp_65_reg_5702                             |    1|   0|    1|          0|
    |tmp_67_reg_5708                             |    1|   0|    1|          0|
    |tmp_67_reg_5708_pp1_iter2_reg               |    1|   0|    1|          0|
    |tmp_69_reg_5075                             |    1|   0|    1|          0|
    |tmp_71_reg_5081                             |    1|   0|    1|          0|
    |tmp_73_reg_5232                             |    1|   0|    1|          0|
    |tmp_75_reg_5238                             |    1|   0|    1|          0|
    |tmp_77_reg_5480                             |    1|   0|    1|          0|
    |tmp_79_reg_5584                             |    1|   0|    1|          0|
    |tmp_7_1_mid2_reg_4912                       |    1|   0|    1|          0|
    |tmp_7_9_mid2_reg_4874                       |    1|   0|    1|          0|
    |tmp_7_mid2_10_reg_4893                      |    1|   0|    1|          0|
    |tmp_7_mid2_reg_4855                         |    1|   0|    1|          0|
    |tmp_7_mid2_reg_4855_pp1_iter1_reg           |    1|   0|    1|          0|
    |tmp_81_reg_5590                             |    1|   0|    1|          0|
    |tmp_83_reg_5724                             |    1|   0|    1|          0|
    |tmp_85_reg_5087                             |    1|   0|    1|          0|
    |tmp_87_reg_5093                             |    1|   0|    1|          0|
    |tmp_89_reg_5244                             |    1|   0|    1|          0|
    |tmp_91_reg_5250                             |    1|   0|    1|          0|
    |tmp_93_reg_5486                             |    1|   0|    1|          0|
    |tmp_95_reg_5596                             |    1|   0|    1|          0|
    |tmp_97_reg_5602                             |    1|   0|    1|          0|
    |tmp_99_reg_5730                             |    1|   0|    1|          0|
    |tmp_9_1_mid2_reg_4924                       |    1|   0|    1|          0|
    |tmp_9_2_mid2_reg_4930                       |    1|   0|    1|          0|
    |tmp_9_3_mid2_reg_4941                       |    1|   0|    1|          0|
    |tmp_9_mid2_reg_4918                         |    1|   0|    1|          0|
    |tmp_9_reg_5035                              |   19|   0|   19|          0|
    |tmp_last_reg_5159                           |    1|   0|    1|          0|
    |tmp_mid2_8_reg_4947                         |   10|   0|   19|          9|
    |tmp_mid2_8_reg_4947_pp1_iter1_reg           |   10|   0|   19|          9|
    |tmp_mid2_v_v_reg_4717                       |   10|   0|   10|          0|
    |tmp_reg_4722                                |    9|   0|    9|          0|
    |exitcond_flatten8_reg_4808                  |   64|  32|    1|          0|
    |exitcond_flatten_reg_4703                   |   64|  32|    1|          0|
    |i_2_mid2_reg_4968                           |   64|  32|   10|          0|
    |isNeg_reg_4742                              |   64|  32|    1|          0|
    |j2_cast9_reg_5316                           |   64|  32|   19|          9|
    |j2_mid2_reg_4827                            |   64|  32|   10|          0|
    |j_2_cast4_reg_5355                          |   64|  32|   19|          9|
    |sh_assign_1_reg_4747                        |   64|  32|    9|          0|
    |ti_1_mid2_reg_4899                          |   64|  32|   10|          0|
    |ti_3_mid2_reg_4979                          |   64|  32|   10|          0|
    |ti_4_mid2_reg_4990                          |   64|  32|   10|          0|
    |ti_5_mid2_reg_5001                          |   64|  32|   10|          0|
    |ti_mid2_9_reg_4880                          |   64|  32|   10|          0|
    |tj_1_cast7_reg_5046                         |   64|  32|   19|          0|
    |tj_2_cast6_reg_5174                         |   64|  32|   19|          0|
    |tj_3_cast5_reg_5203                         |   64|  32|   19|          0|
    |tj_6_cast3_reg_5528                         |   64|  32|   19|          9|
    |tj_7_cast2_reg_5556                         |   64|  32|   19|          9|
    |tj_8_cast1_reg_5690                         |   64|  32|   19|          9|
    |tj_cast8_reg_5012                           |   64|  32|   19|          0|
    |tmp_101_reg_5099                            |   64|  32|    1|          0|
    |tmp_103_reg_5105                            |   64|  32|    1|          0|
    |tmp_105_reg_5256                            |   64|  32|    1|          0|
    |tmp_107_reg_5262                            |   64|  32|    1|          0|
    |tmp_109_reg_5492                            |   64|  32|    1|          0|
    |tmp_111_reg_5608                            |   64|  32|    1|          0|
    |tmp_113_reg_5614                            |   64|  32|    1|          0|
    |tmp_115_reg_5736                            |   64|  32|    1|          0|
    |tmp_117_reg_5111                            |   64|  32|    1|          0|
    |tmp_119_reg_5117                            |   64|  32|    1|          0|
    |tmp_121_reg_5268                            |   64|  32|    1|          0|
    |tmp_123_reg_5274                            |   64|  32|    1|          0|
    |tmp_125_reg_5498                            |   64|  32|    1|          0|
    |tmp_127_reg_5620                            |   64|  32|    1|          0|
    |tmp_129_reg_5626                            |   64|  32|    1|          0|
    |tmp_12_3_mid2_reg_6939                      |   64|  32|   19|          9|
    |tmp_12_4_mid2_reg_7196                      |   64|  32|   19|          9|
    |tmp_12_9_mid2_reg_5668                      |   64|  32|   19|          9|
    |tmp_12_mid2_reg_6024                        |   64|  32|   19|          9|
    |tmp_131_reg_5742                            |   64|  32|    1|          0|
    |tmp_133_reg_5123                            |   64|  32|    1|          0|
    |tmp_135_reg_5129                            |   64|  32|    1|          0|
    |tmp_137_reg_5280                            |   64|  32|    1|          0|
    |tmp_139_reg_5286                            |   64|  32|    1|          0|
    |tmp_13_74_reg_7702                          |   64|  32|   19|          0|
    |tmp_13_75_reg_7707                          |   64|  32|   19|          0|
    |tmp_13_76_reg_7712                          |   64|  32|   19|          0|
    |tmp_13_77_reg_7717                          |   64|  32|   19|          0|
    |tmp_13_78_reg_7722                          |   64|  32|   19|          0|
    |tmp_13_79_reg_7727                          |   64|  32|   19|          0|
    |tmp_141_reg_5504                            |   64|  32|    1|          0|
    |tmp_142_reg_5632                            |   64|  32|    1|          0|
    |tmp_143_reg_5638                            |   64|  32|    1|          0|
    |tmp_144_reg_5748                            |   64|  32|    1|          0|
    |tmp_145_reg_5135                            |   64|  32|    1|          0|
    |tmp_146_reg_5141                            |   64|  32|    1|          0|
    |tmp_147_reg_5292                            |   64|  32|    1|          0|
    |tmp_148_reg_5298                            |   64|  32|    1|          0|
    |tmp_149_reg_5510                            |   64|  32|    1|          0|
    |tmp_150_reg_5644                            |   64|  32|    1|          0|
    |tmp_151_reg_5650                            |   64|  32|    1|          0|
    |tmp_152_reg_5754                            |   64|  32|    1|          0|
    |tmp_153_reg_5147                            |   64|  32|    1|          0|
    |tmp_154_reg_5153                            |   64|  32|    1|          0|
    |tmp_155_reg_5304                            |   64|  32|    1|          0|
    |tmp_156_reg_5310                            |   64|  32|    1|          0|
    |tmp_157_reg_5516                            |   64|  32|    1|          0|
    |tmp_158_reg_5656                            |   64|  32|    1|          0|
    |tmp_159_reg_5662                            |   64|  32|    1|          0|
    |tmp_160_reg_5760                            |   64|  32|    1|          0|
    |tmp_36_reg_4963                             |   64|  32|    9|          0|
    |tmp_40_reg_5024                             |   64|  32|    1|          0|
    |tmp_44_reg_5058                             |   64|  32|    1|          0|
    |tmp_46_reg_5186                             |   64|  32|    1|          0|
    |tmp_49_reg_5215                             |   64|  32|    1|          0|
    |tmp_4_reg_4732                              |   64|  32|   18|          0|
    |tmp_53_reg_5367                             |   64|  32|    1|          0|
    |tmp_57_reg_5540                             |   64|  32|    1|          0|
    |tmp_61_reg_5568                             |   64|  32|    1|          0|
    |tmp_65_reg_5702                             |   64|  32|    1|          0|
    |tmp_69_reg_5075                             |   64|  32|    1|          0|
    |tmp_71_reg_5081                             |   64|  32|    1|          0|
    |tmp_73_reg_5232                             |   64|  32|    1|          0|
    |tmp_75_reg_5238                             |   64|  32|    1|          0|
    |tmp_77_reg_5480                             |   64|  32|    1|          0|
    |tmp_79_reg_5584                             |   64|  32|    1|          0|
    |tmp_7_1_mid2_reg_4912                       |   64|  32|    1|          0|
    |tmp_7_9_mid2_reg_4874                       |   64|  32|    1|          0|
    |tmp_7_mid2_10_reg_4893                      |   64|  32|    1|          0|
    |tmp_81_reg_5590                             |   64|  32|    1|          0|
    |tmp_83_reg_5724                             |   64|  32|    1|          0|
    |tmp_85_reg_5087                             |   64|  32|    1|          0|
    |tmp_87_reg_5093                             |   64|  32|    1|          0|
    |tmp_89_reg_5244                             |   64|  32|    1|          0|
    |tmp_91_reg_5250                             |   64|  32|    1|          0|
    |tmp_93_reg_5486                             |   64|  32|    1|          0|
    |tmp_95_reg_5596                             |   64|  32|    1|          0|
    |tmp_97_reg_5602                             |   64|  32|    1|          0|
    |tmp_99_reg_5730                             |   64|  32|    1|          0|
    |tmp_9_1_mid2_reg_4924                       |   64|  32|    1|          0|
    |tmp_9_2_mid2_reg_4930                       |   64|  32|    1|          0|
    |tmp_9_3_mid2_reg_4941                       |   64|  32|    1|          0|
    |tmp_9_mid2_reg_4918                         |   64|  32|    1|          0|
    |tmp_last_reg_5159                           |   64|  32|    1|          0|
    +--------------------------------------------+-----+----+-----+-----------+
    |Total                                       |16758|3328|10828|        265|
    +--------------------------------------------+-----+----+-----+-----------+



================================================================
== Interface
================================================================
* Summary: 
+------------------+-----+-----+--------------+------------------+--------------+
|     RTL Ports    | Dir | Bits|   Protocol   |   Source Object  |    C Type    |
+------------------+-----+-----+--------------+------------------+--------------+
|ap_clk            |  in |    1| ap_ctrl_none |       mean       | return value |
|ap_rst_n          |  in |    1| ap_ctrl_none |       mean       | return value |
|image_in_TDATA    |  in |   32|     axis     |  image_in_V_data |    pointer   |
|image_in_TVALID   |  in |    1|     axis     |  image_in_V_last |    pointer   |
|image_in_TREADY   | out |    1|     axis     |  image_in_V_last |    pointer   |
|image_in_TLAST    |  in |    1|     axis     |  image_in_V_last |    pointer   |
|image_out_TDATA   | out |   32|     axis     | image_out_V_data |    pointer   |
|image_out_TVALID  | out |    1|     axis     | image_out_V_last |    pointer   |
|image_out_TREADY  |  in |    1|     axis     | image_out_V_last |    pointer   |
|image_out_TLAST   | out |    1|     axis     | image_out_V_last |    pointer   |
+------------------+-----+-----+--------------+------------------+--------------+

