
*** Running vivado
    with args -log system_mean_0_0.vds -m64 -product Vivado -mode batch -messageDb vivado.pb -notrace -source system_mean_0_0.tcl


****** Vivado v2018.2 (64-bit)
  **** SW Build 2258646 on Thu Jun 14 20:03:12 MDT 2018
  **** IP Build 2256618 on Thu Jun 14 22:10:49 MDT 2018
    ** Copyright 1986-2018 Xilinx, Inc. All Rights Reserved.

source system_mean_0_0.tcl -notrace
Command: synth_design -top system_mean_0_0 -part xc7z020clg400-1 -mode out_of_context
Starting synth_design
Attempting to get a license for feature 'Synthesis' and/or device 'xc7z020'
INFO: [Common 17-349] Got license for feature 'Synthesis' and/or device 'xc7z020'
INFO: Launching helper process for spawning children vivado processes
INFO: Helper process launched with PID 7096 
---------------------------------------------------------------------------------
Starting RTL Elaboration : Time (s): cpu = 00:00:04 ; elapsed = 00:00:05 . Memory (MB): peak = 450.656 ; gain = 96.828
---------------------------------------------------------------------------------
INFO: [Synth 8-6157] synthesizing module 'system_mean_0_0' [e:/MyPYNQ/PL_CONV/PL_CONV.srcs/sources_1/bd/system/ip/system_mean_0_0/synth/system_mean_0_0.v:58]
INFO: [Synth 8-6157] synthesizing module 'mean' [e:/MyPYNQ/PL_CONV/PL_CONV.srcs/sources_1/bd/system/ipshared/d28e/hdl/verilog/mean.v:12]
	Parameter ap_ST_fsm_state1 bound to: 9'b000000001 
	Parameter ap_ST_fsm_state2 bound to: 9'b000000010 
	Parameter ap_ST_fsm_state3 bound to: 9'b000000100 
	Parameter ap_ST_fsm_state4 bound to: 9'b000001000 
	Parameter ap_ST_fsm_state5 bound to: 9'b000010000 
	Parameter ap_ST_fsm_state6 bound to: 9'b000100000 
	Parameter ap_ST_fsm_state7 bound to: 9'b001000000 
	Parameter ap_ST_fsm_state8 bound to: 9'b010000000 
	Parameter ap_ST_fsm_state9 bound to: 9'b100000000 
INFO: [Synth 8-5534] Detected attribute (* fsm_encoding = "none" *) [e:/MyPYNQ/PL_CONV/PL_CONV.srcs/sources_1/bd/system/ipshared/d28e/hdl/verilog/mean.v:268]
INFO: [Synth 8-6157] synthesizing module 'mean_weight1' [e:/MyPYNQ/PL_CONV/PL_CONV.srcs/sources_1/bd/system/ipshared/d28e/hdl/verilog/mean_weight1.v:43]
	Parameter DataWidth bound to: 1 - type: integer 
	Parameter AddressRange bound to: 9 - type: integer 
	Parameter AddressWidth bound to: 4 - type: integer 
INFO: [Synth 8-6157] synthesizing module 'mean_weight1_rom' [e:/MyPYNQ/PL_CONV/PL_CONV.srcs/sources_1/bd/system/ipshared/d28e/hdl/verilog/mean_weight1.v:9]
	Parameter DWIDTH bound to: 1 - type: integer 
	Parameter AWIDTH bound to: 4 - type: integer 
	Parameter MEM_SIZE bound to: 9 - type: integer 
INFO: [Synth 8-5534] Detected attribute (* ram_style = "distributed" *) [e:/MyPYNQ/PL_CONV/PL_CONV.srcs/sources_1/bd/system/ipshared/d28e/hdl/verilog/mean_weight1.v:21]
INFO: [Synth 8-3876] $readmem data file './mean_weight1_rom.dat' is read successfully [e:/MyPYNQ/PL_CONV/PL_CONV.srcs/sources_1/bd/system/ipshared/d28e/hdl/verilog/mean_weight1.v:24]
INFO: [Synth 8-6155] done synthesizing module 'mean_weight1_rom' (1#1) [e:/MyPYNQ/PL_CONV/PL_CONV.srcs/sources_1/bd/system/ipshared/d28e/hdl/verilog/mean_weight1.v:9]
INFO: [Synth 8-6155] done synthesizing module 'mean_weight1' (2#1) [e:/MyPYNQ/PL_CONV/PL_CONV.srcs/sources_1/bd/system/ipshared/d28e/hdl/verilog/mean_weight1.v:43]
WARNING: [Synth 8-589] replacing case/wildcard equality operator === with logical equality operator == [e:/MyPYNQ/PL_CONV/PL_CONV.srcs/sources_1/bd/system/ipshared/d28e/hdl/verilog/mean.v:1742]
WARNING: [Synth 8-589] replacing case/wildcard equality operator === with logical equality operator == [e:/MyPYNQ/PL_CONV/PL_CONV.srcs/sources_1/bd/system/ipshared/d28e/hdl/verilog/mean.v:1756]
WARNING: [Synth 8-589] replacing case/wildcard equality operator === with logical equality operator == [e:/MyPYNQ/PL_CONV/PL_CONV.srcs/sources_1/bd/system/ipshared/d28e/hdl/verilog/mean.v:1760]
INFO: [Synth 8-6155] done synthesizing module 'mean' (3#1) [e:/MyPYNQ/PL_CONV/PL_CONV.srcs/sources_1/bd/system/ipshared/d28e/hdl/verilog/mean.v:12]
INFO: [Synth 8-6155] done synthesizing module 'system_mean_0_0' (4#1) [e:/MyPYNQ/PL_CONV/PL_CONV.srcs/sources_1/bd/system/ip/system_mean_0_0/synth/system_mean_0_0.v:58]
WARNING: [Synth 8-3331] design mean_weight1 has unconnected port reset
---------------------------------------------------------------------------------
Finished RTL Elaboration : Time (s): cpu = 00:00:06 ; elapsed = 00:00:08 . Memory (MB): peak = 505.461 ; gain = 151.633
---------------------------------------------------------------------------------

Report Check Netlist: 
+------+------------------+-------+---------+-------+------------------+
|      |Item              |Errors |Warnings |Status |Description       |
+------+------------------+-------+---------+-------+------------------+
|1     |multi_driven_nets |      0|        0|Passed |Multi driven nets |
+------+------------------+-------+---------+-------+------------------+
---------------------------------------------------------------------------------
Start Handling Custom Attributes
---------------------------------------------------------------------------------
---------------------------------------------------------------------------------
Finished Handling Custom Attributes : Time (s): cpu = 00:00:06 ; elapsed = 00:00:08 . Memory (MB): peak = 505.461 ; gain = 151.633
---------------------------------------------------------------------------------
---------------------------------------------------------------------------------
Finished RTL Optimization Phase 1 : Time (s): cpu = 00:00:06 ; elapsed = 00:00:08 . Memory (MB): peak = 505.461 ; gain = 151.633
---------------------------------------------------------------------------------
INFO: [Device 21-403] Loading part xc7z020clg400-1
INFO: [Project 1-570] Preparing netlist for logic optimization

Processing XDC Constraints
Initializing timing engine
Parsing XDC File [e:/MyPYNQ/PL_CONV/PL_CONV.srcs/sources_1/bd/system/ip/system_mean_0_0/constraints/mean_ooc.xdc] for cell 'inst'
Finished Parsing XDC File [e:/MyPYNQ/PL_CONV/PL_CONV.srcs/sources_1/bd/system/ip/system_mean_0_0/constraints/mean_ooc.xdc] for cell 'inst'
Parsing XDC File [E:/MyPYNQ/PL_CONV/PL_CONV.runs/system_mean_0_0_synth_1/dont_touch.xdc]
Finished Parsing XDC File [E:/MyPYNQ/PL_CONV/PL_CONV.runs/system_mean_0_0_synth_1/dont_touch.xdc]
Completed Processing XDC Constraints

INFO: [Project 1-111] Unisim Transformation Summary:
No Unisim elements were transformed.

Constraint Validation Runtime : Time (s): cpu = 00:00:00 ; elapsed = 00:00:00.062 . Memory (MB): peak = 872.020 ; gain = 1.207
---------------------------------------------------------------------------------
Finished Constraint Validation : Time (s): cpu = 00:00:23 ; elapsed = 00:00:29 . Memory (MB): peak = 872.020 ; gain = 518.191
---------------------------------------------------------------------------------
---------------------------------------------------------------------------------
Start Loading Part and Timing Information
---------------------------------------------------------------------------------
Loading part: xc7z020clg400-1
---------------------------------------------------------------------------------
Finished Loading Part and Timing Information : Time (s): cpu = 00:00:23 ; elapsed = 00:00:29 . Memory (MB): peak = 872.020 ; gain = 518.191
---------------------------------------------------------------------------------
---------------------------------------------------------------------------------
Start Applying 'set_property' XDC Constraints
---------------------------------------------------------------------------------
Applied set_property DONT_TOUCH = true for inst. (constraint file  E:/MyPYNQ/PL_CONV/PL_CONV.runs/system_mean_0_0_synth_1/dont_touch.xdc, line 9).
---------------------------------------------------------------------------------
Finished applying 'set_property' XDC Constraints : Time (s): cpu = 00:00:23 ; elapsed = 00:00:29 . Memory (MB): peak = 872.020 ; gain = 518.191
---------------------------------------------------------------------------------
INFO: [Synth 8-5542] Attribute ram_style/rom_style = distributed specified for ROM  "ram". This will be implemented in logic
INFO: [Synth 8-4490] FSM extraction disabled for register 'ap_CS_fsm_reg' through user attribute
INFO: [Synth 8-5546] ROM "exitcond1_fu_224_p2" won't be mapped to RAM because it is too sparse
INFO: [Synth 8-5546] ROM "exitcond2_fu_236_p2" won't be mapped to RAM because it is too sparse
INFO: [Synth 8-5544] ROM "exitcond_fu_284_p2" won't be mapped to Block RAM because address size (4) smaller than threshold (5)
INFO: [Synth 8-5546] ROM "tmp_8_fu_272_p2" won't be mapped to RAM because it is too sparse
INFO: [Synth 8-5546] ROM "tmp_7_fu_266_p2" won't be mapped to RAM because it is too sparse
INFO: [Synth 8-5546] ROM "tmp_4_fu_248_p2" won't be mapped to RAM because it is too sparse
INFO: [Synth 8-5546] ROM "tmp_5_fu_254_p2" won't be mapped to RAM because it is too sparse
INFO: [Synth 8-5845] Not enough pipeline registers after wide multiplier. Recommended levels of pipeline registers is 4 [e:/MyPYNQ/PL_CONV/PL_CONV.srcs/sources_1/bd/system/ipshared/d28e/hdl/verilog/mean.v:1724]
WARNING: [Synth 8-6014] Unused sequential element  was removed. 
WARNING: [Synth 8-6014] Unused sequential element  was removed. 
WARNING: [Synth 8-6014] Unused sequential element  was removed.  [e:/MyPYNQ/PL_CONV/PL_CONV.srcs/sources_1/bd/system/ipshared/d28e/hdl/verilog/mean.v:1724]
WARNING: [Synth 8-6014] Unused sequential element  was removed.  [e:/MyPYNQ/PL_CONV/PL_CONV.srcs/sources_1/bd/system/ipshared/d28e/hdl/verilog/mean.v:1724]
---------------------------------------------------------------------------------
Finished RTL Optimization Phase 2 : Time (s): cpu = 00:00:24 ; elapsed = 00:00:31 . Memory (MB): peak = 872.020 ; gain = 518.191
---------------------------------------------------------------------------------

Report RTL Partitions: 
+-+--------------+------------+----------+
| |RTL Partition |Replication |Instances |
+-+--------------+------------+----------+
+-+--------------+------------+----------+
---------------------------------------------------------------------------------
Start RTL Component Statistics 
---------------------------------------------------------------------------------
Detailed RTL Component Info : 
+---Adders : 
	   2 Input     65 Bit       Adders := 1     
	   2 Input     32 Bit       Adders := 2     
	   2 Input     10 Bit       Adders := 2     
	   2 Input      4 Bit       Adders := 1     
+---Registers : 
	               62 Bit    Registers := 1     
	               32 Bit    Registers := 4     
	               29 Bit    Registers := 1     
	               18 Bit    Registers := 2     
	               15 Bit    Registers := 1     
	               10 Bit    Registers := 4     
	                9 Bit    Registers := 1     
	                4 Bit    Registers := 10    
	                3 Bit    Registers := 1     
	                2 Bit    Registers := 14    
	                1 Bit    Registers := 47    
+---Muxes : 
	   2 Input     32 Bit        Muxes := 5     
	   2 Input      9 Bit        Muxes := 2     
	   3 Input      8 Bit        Muxes := 1     
	   2 Input      7 Bit        Muxes := 2     
	   2 Input      6 Bit        Muxes := 1     
	   2 Input      5 Bit        Muxes := 1     
	   2 Input      4 Bit        Muxes := 4     
	   3 Input      3 Bit        Muxes := 1     
	   2 Input      2 Bit        Muxes := 35    
	   4 Input      2 Bit        Muxes := 7     
	   2 Input      1 Bit        Muxes := 29    
---------------------------------------------------------------------------------
Finished RTL Component Statistics 
---------------------------------------------------------------------------------
---------------------------------------------------------------------------------
Start RTL Hierarchical Component Statistics 
---------------------------------------------------------------------------------
Hierarchical RTL Component report 
Module mean_weight1_rom 
Detailed RTL Component Info : 
+---Registers : 
	                1 Bit    Registers := 1     
Module mean 
Detailed RTL Component Info : 
+---Adders : 
	   2 Input     65 Bit       Adders := 1     
	   2 Input     32 Bit       Adders := 2     
	   2 Input     10 Bit       Adders := 2     
	   2 Input      4 Bit       Adders := 1     
+---Registers : 
	               62 Bit    Registers := 1     
	               32 Bit    Registers := 4     
	               29 Bit    Registers := 1     
	               18 Bit    Registers := 2     
	               15 Bit    Registers := 1     
	               10 Bit    Registers := 4     
	                9 Bit    Registers := 1     
	                4 Bit    Registers := 10    
	                3 Bit    Registers := 1     
	                2 Bit    Registers := 14    
	                1 Bit    Registers := 46    
+---Muxes : 
	   2 Input     32 Bit        Muxes := 5     
	   2 Input      9 Bit        Muxes := 2     
	   3 Input      8 Bit        Muxes := 1     
	   2 Input      7 Bit        Muxes := 2     
	   2 Input      6 Bit        Muxes := 1     
	   2 Input      5 Bit        Muxes := 1     
	   2 Input      4 Bit        Muxes := 4     
	   3 Input      3 Bit        Muxes := 1     
	   2 Input      2 Bit        Muxes := 35    
	   4 Input      2 Bit        Muxes := 7     
	   2 Input      1 Bit        Muxes := 29    
---------------------------------------------------------------------------------
Finished RTL Hierarchical Component Statistics
---------------------------------------------------------------------------------
---------------------------------------------------------------------------------
Start Part Resource Summary
---------------------------------------------------------------------------------
Part Resources:
DSPs: 220 (col length:60)
BRAMs: 280 (col length: RAMB18 60 RAMB36 30)
---------------------------------------------------------------------------------
Finished Part Resource Summary
---------------------------------------------------------------------------------
---------------------------------------------------------------------------------
Start Cross Boundary and Area Optimization
---------------------------------------------------------------------------------
Warning: Parallel synthesis criteria is not met 
WARNING: [Synth 8-6014] Unused sequential element A was removed.  [e:/MyPYNQ/PL_CONV/PL_CONV.srcs/sources_1/bd/system/ipshared/d28e/hdl/verilog/mean.v:1724]
WARNING: [Synth 8-6014] Unused sequential element B was removed. 
INFO: [Synth 8-5546] ROM "tmp_5_fu_254_p2" won't be mapped to RAM because it is too sparse
INFO: [Synth 8-5546] ROM "tmp_4_fu_248_p2" won't be mapped to RAM because it is too sparse
INFO: [Synth 8-5546] ROM "tmp_8_fu_272_p2" won't be mapped to RAM because it is too sparse
INFO: [Synth 8-5546] ROM "tmp_7_fu_266_p2" won't be mapped to RAM because it is too sparse
INFO: [Synth 8-5546] ROM "exitcond2_fu_236_p2" won't be mapped to RAM because it is too sparse
INFO: [Synth 8-5546] ROM "exitcond1_fu_224_p2" won't be mapped to RAM because it is too sparse
WARNING: [Synth 8-6014] Unused sequential element B was removed. 
WARNING: [Synth 8-6014] Unused sequential element A was removed.  [e:/MyPYNQ/PL_CONV/PL_CONV.srcs/sources_1/bd/system/ipshared/d28e/hdl/verilog/mean.v:1724]
WARNING: [Synth 8-6014] Unused sequential element  was removed.  [e:/MyPYNQ/PL_CONV/PL_CONV.srcs/sources_1/bd/system/ipshared/d28e/hdl/verilog/mean.v:1724]
WARNING: [Synth 8-6014] Unused sequential element  was removed.  [e:/MyPYNQ/PL_CONV/PL_CONV.srcs/sources_1/bd/system/ipshared/d28e/hdl/verilog/mean.v:1724]
DSP Report: Generating DSP mul_fu_305_p2, operation Mode is: (A:0x71c8)*B2.
DSP Report: register B is absorbed into DSP mul_fu_305_p2.
DSP Report: operator mul_fu_305_p2 is absorbed into DSP mul_fu_305_p2.
DSP Report: operator mul_fu_305_p2 is absorbed into DSP mul_fu_305_p2.
DSP Report: Generating DSP mul_fu_305_p2, operation Mode is: (PCIN>>17)+(A:0xe38e)*B2.
DSP Report: register B is absorbed into DSP mul_fu_305_p2.
DSP Report: operator mul_fu_305_p2 is absorbed into DSP mul_fu_305_p2.
DSP Report: operator mul_fu_305_p2 is absorbed into DSP mul_fu_305_p2.
DSP Report: Generating DSP mul_fu_305_p2, operation Mode is: A2*(B:0x71c8).
DSP Report: register A is absorbed into DSP mul_fu_305_p2.
DSP Report: operator mul_fu_305_p2 is absorbed into DSP mul_fu_305_p2.
DSP Report: operator mul_fu_305_p2 is absorbed into DSP mul_fu_305_p2.
DSP Report: Generating DSP mul_fu_305_p2, operation Mode is: (PCIN>>17)+A2*(B:0xe38e).
DSP Report: register A is absorbed into DSP mul_fu_305_p2.
DSP Report: operator mul_fu_305_p2 is absorbed into DSP mul_fu_305_p2.
DSP Report: operator mul_fu_305_p2 is absorbed into DSP mul_fu_305_p2.
INFO: [Synth 8-3886] merging instance 'inst/mul_reg_440_reg[0]' (FD) to 'inst/mul_reg_440_reg[2]'
INFO: [Synth 8-3886] merging instance 'inst/tmp_12_reg_445_reg[0]' (FDE) to 'inst/mul_reg_440_reg[36]'
INFO: [Synth 8-3886] merging instance 'inst/tmp_12_reg_445_reg[1]' (FDE) to 'inst/mul_reg_440_reg[37]'
INFO: [Synth 8-3886] merging instance 'inst/tmp_12_reg_445_reg[2]' (FDE) to 'inst/mul_reg_440_reg[38]'
INFO: [Synth 8-3886] merging instance 'inst/tmp_12_reg_445_reg[3]' (FDE) to 'inst/mul_reg_440_reg[39]'
INFO: [Synth 8-3886] merging instance 'inst/tmp_12_reg_445_reg[4]' (FDE) to 'inst/mul_reg_440_reg[40]'
INFO: [Synth 8-3886] merging instance 'inst/tmp_12_reg_445_reg[5]' (FDE) to 'inst/mul_reg_440_reg[41]'
INFO: [Synth 8-3886] merging instance 'inst/tmp_12_reg_445_reg[6]' (FDE) to 'inst/mul_reg_440_reg[42]'
INFO: [Synth 8-3886] merging instance 'inst/tmp_12_reg_445_reg[7]' (FDE) to 'inst/mul_reg_440_reg[43]'
INFO: [Synth 8-3886] merging instance 'inst/tmp_12_reg_445_reg[8]' (FDE) to 'inst/mul_reg_440_reg[44]'
INFO: [Synth 8-3886] merging instance 'inst/tmp_12_reg_445_reg[9]' (FDE) to 'inst/mul_reg_440_reg[45]'
INFO: [Synth 8-3886] merging instance 'inst/tmp_12_reg_445_reg[10]' (FDE) to 'inst/mul_reg_440_reg[46]'
INFO: [Synth 8-3886] merging instance 'inst/tmp_12_reg_445_reg[11]' (FDE) to 'inst/mul_reg_440_reg[47]'
INFO: [Synth 8-3886] merging instance 'inst/tmp_12_reg_445_reg[12]' (FDE) to 'inst/mul_reg_440_reg[48]'
INFO: [Synth 8-3886] merging instance 'inst/tmp_12_reg_445_reg[13]' (FDE) to 'inst/mul_reg_440_reg[49]'
INFO: [Synth 8-3886] merging instance 'inst/tmp_12_reg_445_reg[14]' (FDE) to 'inst/mul_reg_440_reg[50]'
INFO: [Synth 8-3886] merging instance 'inst/tmp_12_reg_445_reg[15]' (FDE) to 'inst/mul_reg_440_reg[51]'
INFO: [Synth 8-3886] merging instance 'inst/tmp_12_reg_445_reg[16]' (FDE) to 'inst/mul_reg_440_reg[52]'
INFO: [Synth 8-3886] merging instance 'inst/tmp_12_reg_445_reg[17]' (FDE) to 'inst/mul_reg_440_reg[53]'
INFO: [Synth 8-3886] merging instance 'inst/tmp_12_reg_445_reg[18]' (FDE) to 'inst/mul_reg_440_reg[54]'
INFO: [Synth 8-3886] merging instance 'inst/tmp_12_reg_445_reg[19]' (FDE) to 'inst/mul_reg_440_reg[55]'
INFO: [Synth 8-3886] merging instance 'inst/tmp_12_reg_445_reg[20]' (FDE) to 'inst/mul_reg_440_reg[56]'
INFO: [Synth 8-3886] merging instance 'inst/tmp_12_reg_445_reg[21]' (FDE) to 'inst/mul_reg_440_reg[57]'
INFO: [Synth 8-3886] merging instance 'inst/tmp_12_reg_445_reg[22]' (FDE) to 'inst/mul_reg_440_reg[58]'
INFO: [Synth 8-3886] merging instance 'inst/tmp_12_reg_445_reg[23]' (FDE) to 'inst/mul_reg_440_reg[59]'
INFO: [Synth 8-3886] merging instance 'inst/tmp_12_reg_445_reg[24]' (FDE) to 'inst/mul_reg_440_reg[60]'
INFO: [Synth 8-3886] merging instance 'inst/tmp_12_reg_445_reg[25]' (FDE) to 'inst/mul_reg_440_reg[61]'
INFO: [Synth 8-3886] merging instance 'inst/tmp_12_reg_445_reg[26]' (FDE) to 'inst/mul_reg_440_reg[62]'
INFO: [Synth 8-3886] merging instance 'inst/tmp_12_reg_445_reg[27]' (FDE) to 'inst/mul_reg_440_reg[63]'
INFO: [Synth 8-3886] merging instance 'inst/mul_reg_440_reg[1]' (FD) to 'inst/mul_reg_440_reg[2]'
INFO: [Synth 8-3333] propagating constant 0 across sequential element (inst/\mul_reg_440_reg[2] )
INFO: [Synth 8-3886] merging instance 'inst/mul_reg_440_reg[64]' (FDE) to 'inst/tmp_12_reg_445_reg[28]'
---------------------------------------------------------------------------------
Finished Cross Boundary and Area Optimization : Time (s): cpu = 00:00:29 ; elapsed = 00:00:36 . Memory (MB): peak = 872.020 ; gain = 518.191
---------------------------------------------------------------------------------
---------------------------------------------------------------------------------
Start ROM, RAM, DSP and Shift Register Reporting
---------------------------------------------------------------------------------

ROM:
+-----------------+------------+---------------+----------------+
|Module Name      | RTL Object | Depth x Width | Implemented As | 
+-----------------+------------+---------------+----------------+
|mean_weight1_rom | p_0_out    | 16x1          | LUT            | 
|mean             | p_0_out    | 16x1          | LUT            | 
+-----------------+------------+---------------+----------------+


DSP: Preliminary Mapping  Report (see note below)
+------------+--------------------------+--------+--------+--------+--------+--------+------+------+------+------+-------+------+------+
|Module Name | DSP Mapping              | A Size | B Size | C Size | D Size | P Size | AREG | BREG | CREG | DREG | ADREG | MREG | PREG | 
+------------+--------------------------+--------+--------+--------+--------+--------+------+------+------+------+-------+------+------+
|mean        | (A:0x71c8)*B2            | 15     | 16     | -      | -      | 48     | 1    | 0    | -    | -    | -     | 0    | 0    | 
|mean        | (PCIN>>17)+(A:0xe38e)*B2 | 17     | 15     | -      | -      | 31     | 0    | 1    | -    | -    | -     | 0    | 0    | 
|mean        | A2*(B:0x71c8)            | 18     | 16     | -      | -      | 48     | 1    | 0    | -    | -    | -     | 0    | 0    | 
|mean        | (PCIN>>17)+A2*(B:0xe38e) | 18     | 17     | -      | -      | 48     | 1    | 0    | -    | -    | -     | 0    | 0    | 
+------------+--------------------------+--------+--------+--------+--------+--------+------+------+------+------+-------+------+------+

Note: The table above is a preliminary report that shows the DSPs inferred at the current stage of the synthesis flow. Some DSP may be reimplemented as non DSP primitives later in the synthesis flow. Multiple instantiated DSPs are reported only once.
---------------------------------------------------------------------------------
Finished ROM, RAM, DSP and Shift Register Reporting
---------------------------------------------------------------------------------

Report RTL Partitions: 
+-+--------------+------------+----------+
| |RTL Partition |Replication |Instances |
+-+--------------+------------+----------+
+-+--------------+------------+----------+
---------------------------------------------------------------------------------
Start Applying XDC Timing Constraints
---------------------------------------------------------------------------------
---------------------------------------------------------------------------------
Finished Applying XDC Timing Constraints : Time (s): cpu = 00:00:49 ; elapsed = 00:00:58 . Memory (MB): peak = 908.512 ; gain = 554.684
---------------------------------------------------------------------------------
---------------------------------------------------------------------------------
Start Timing Optimization
---------------------------------------------------------------------------------
---------------------------------------------------------------------------------
Finished Timing Optimization : Time (s): cpu = 00:00:50 ; elapsed = 00:00:58 . Memory (MB): peak = 910.805 ; gain = 556.977
---------------------------------------------------------------------------------

Report RTL Partitions: 
+-+--------------+------------+----------+
| |RTL Partition |Replication |Instances |
+-+--------------+------------+----------+
+-+--------------+------------+----------+
---------------------------------------------------------------------------------
Start Technology Mapping
---------------------------------------------------------------------------------
---------------------------------------------------------------------------------
Finished Technology Mapping : Time (s): cpu = 00:00:50 ; elapsed = 00:00:59 . Memory (MB): peak = 935.047 ; gain = 581.219
---------------------------------------------------------------------------------

Report RTL Partitions: 
+-+--------------+------------+----------+
| |RTL Partition |Replication |Instances |
+-+--------------+------------+----------+
+-+--------------+------------+----------+
---------------------------------------------------------------------------------
Start IO Insertion
---------------------------------------------------------------------------------
---------------------------------------------------------------------------------
Start Flattening Before IO Insertion
---------------------------------------------------------------------------------
---------------------------------------------------------------------------------
Finished Flattening Before IO Insertion
---------------------------------------------------------------------------------
---------------------------------------------------------------------------------
Start Final Netlist Cleanup
---------------------------------------------------------------------------------
---------------------------------------------------------------------------------
Finished Final Netlist Cleanup
---------------------------------------------------------------------------------
---------------------------------------------------------------------------------
Finished IO Insertion : Time (s): cpu = 00:00:52 ; elapsed = 00:01:00 . Memory (MB): peak = 935.047 ; gain = 581.219
---------------------------------------------------------------------------------

Report Check Netlist: 
+------+------------------+-------+---------+-------+------------------+
|      |Item              |Errors |Warnings |Status |Description       |
+------+------------------+-------+---------+-------+------------------+
|1     |multi_driven_nets |      0|        0|Passed |Multi driven nets |
+------+------------------+-------+---------+-------+------------------+
---------------------------------------------------------------------------------
Start Renaming Generated Instances
---------------------------------------------------------------------------------
---------------------------------------------------------------------------------
Finished Renaming Generated Instances : Time (s): cpu = 00:00:52 ; elapsed = 00:01:00 . Memory (MB): peak = 935.047 ; gain = 581.219
---------------------------------------------------------------------------------

Report RTL Partitions: 
+-+--------------+------------+----------+
| |RTL Partition |Replication |Instances |
+-+--------------+------------+----------+
+-+--------------+------------+----------+
---------------------------------------------------------------------------------
Start Rebuilding User Hierarchy
---------------------------------------------------------------------------------
---------------------------------------------------------------------------------
Finished Rebuilding User Hierarchy : Time (s): cpu = 00:00:52 ; elapsed = 00:01:00 . Memory (MB): peak = 935.047 ; gain = 581.219
---------------------------------------------------------------------------------
---------------------------------------------------------------------------------
Start Renaming Generated Ports
---------------------------------------------------------------------------------
---------------------------------------------------------------------------------
Finished Renaming Generated Ports : Time (s): cpu = 00:00:52 ; elapsed = 00:01:01 . Memory (MB): peak = 935.047 ; gain = 581.219
---------------------------------------------------------------------------------
---------------------------------------------------------------------------------
Start Handling Custom Attributes
---------------------------------------------------------------------------------
---------------------------------------------------------------------------------
Finished Handling Custom Attributes : Time (s): cpu = 00:00:52 ; elapsed = 00:01:01 . Memory (MB): peak = 935.047 ; gain = 581.219
---------------------------------------------------------------------------------
---------------------------------------------------------------------------------
Start Renaming Generated Nets
---------------------------------------------------------------------------------
---------------------------------------------------------------------------------
Finished Renaming Generated Nets : Time (s): cpu = 00:00:52 ; elapsed = 00:01:01 . Memory (MB): peak = 935.047 ; gain = 581.219
---------------------------------------------------------------------------------
---------------------------------------------------------------------------------
Start Writing Synthesis Report
---------------------------------------------------------------------------------

Report BlackBoxes: 
+-+--------------+----------+
| |BlackBox name |Instances |
+-+--------------+----------+
+-+--------------+----------+

Report Cell Usage: 
+------+----------+------+
|      |Cell      |Count |
+------+----------+------+
|1     |CARRY4    |    53|
|2     |DSP48E1   |     3|
|3     |DSP48E1_1 |     1|
|4     |LUT1      |    67|
|5     |LUT2      |    60|
|6     |LUT3      |   117|
|7     |LUT4      |    56|
|8     |LUT5      |   136|
|9     |LUT6      |    41|
|10    |FDRE      |   385|
|11    |FDSE      |     1|
+------+----------+------+

Report Instance Areas: 
+------+-------------------------+-----------------+------+
|      |Instance                 |Module           |Cells |
+------+-------------------------+-----------------+------+
|1     |top                      |                 |   920|
|2     |  inst                   |mean             |   920|
|3     |    weight1_U            |mean_weight1     |    82|
|4     |      mean_weight1_rom_U |mean_weight1_rom |    82|
+------+-------------------------+-----------------+------+
---------------------------------------------------------------------------------
Finished Writing Synthesis Report : Time (s): cpu = 00:00:52 ; elapsed = 00:01:01 . Memory (MB): peak = 935.047 ; gain = 581.219
---------------------------------------------------------------------------------
Synthesis finished with 0 errors, 0 critical warnings and 10 warnings.
Synthesis Optimization Runtime : Time (s): cpu = 00:00:34 ; elapsed = 00:00:44 . Memory (MB): peak = 935.047 ; gain = 214.660
Synthesis Optimization Complete : Time (s): cpu = 00:00:52 ; elapsed = 00:01:01 . Memory (MB): peak = 935.047 ; gain = 581.219
INFO: [Project 1-571] Translating synthesized netlist
INFO: [Netlist 29-17] Analyzing 57 Unisim elements for replacement
INFO: [Netlist 29-28] Unisim Transformation completed in 0 CPU seconds
INFO: [Project 1-570] Preparing netlist for logic optimization
INFO: [Opt 31-138] Pushed 0 inverter(s) to 0 load pin(s).
INFO: [Project 1-111] Unisim Transformation Summary:
No Unisim elements were transformed.

INFO: [Common 17-83] Releasing license: Synthesis
70 Infos, 14 Warnings, 0 Critical Warnings and 0 Errors encountered.
synth_design completed successfully
synth_design: Time (s): cpu = 00:00:55 ; elapsed = 00:01:04 . Memory (MB): peak = 935.047 ; gain = 592.688
WARNING: [Constraints 18-5210] No constraint will be written out.
INFO: [Common 17-1381] The checkpoint 'E:/MyPYNQ/PL_CONV/PL_CONV.runs/system_mean_0_0_synth_1/system_mean_0_0.dcp' has been generated.
