
*** Running vivado
    with args -log system_mean_0_1.vds -m64 -product Vivado -mode batch -messageDb vivado.pb -notrace -source system_mean_0_1.tcl


****** Vivado v2018.2 (64-bit)
  **** SW Build 2258646 on Thu Jun 14 20:03:12 MDT 2018
  **** IP Build 2256618 on Thu Jun 14 22:10:49 MDT 2018
    ** Copyright 1986-2018 Xilinx, Inc. All Rights Reserved.

source system_mean_0_1.tcl -notrace
Command: synth_design -top system_mean_0_1 -part xc7z020clg400-1 -mode out_of_context
Starting synth_design
Attempting to get a license for feature 'Synthesis' and/or device 'xc7z020'
INFO: [Common 17-349] Got license for feature 'Synthesis' and/or device 'xc7z020'
INFO: Launching helper process for spawning children vivado processes
INFO: Helper process launched with PID 14032 
---------------------------------------------------------------------------------
Starting RTL Elaboration : Time (s): cpu = 00:00:11 ; elapsed = 00:00:13 . Memory (MB): peak = 452.125 ; gain = 98.820
---------------------------------------------------------------------------------
INFO: [Synth 8-6157] synthesizing module 'system_mean_0_1' [e:/MyPYNQ/PL_CONV/PL_CONV.srcs/sources_1/bd/system/ip/system_mean_0_1/synth/system_mean_0_1.v:58]
INFO: [Synth 8-6157] synthesizing module 'mean' [e:/MyPYNQ/PL_CONV/PL_CONV.srcs/sources_1/bd/system/ipshared/e61c/hdl/verilog/mean.v:12]
	Parameter ap_ST_fsm_state1 bound to: 41'b00000000000000000000000000000000000000001 
	Parameter ap_ST_fsm_state2 bound to: 41'b00000000000000000000000000000000000000010 
	Parameter ap_ST_fsm_state3 bound to: 41'b00000000000000000000000000000000000000100 
	Parameter ap_ST_fsm_state4 bound to: 41'b00000000000000000000000000000000000001000 
	Parameter ap_ST_fsm_state5 bound to: 41'b00000000000000000000000000000000000010000 
	Parameter ap_ST_fsm_state6 bound to: 41'b00000000000000000000000000000000000100000 
	Parameter ap_ST_fsm_state7 bound to: 41'b00000000000000000000000000000000001000000 
	Parameter ap_ST_fsm_state8 bound to: 41'b00000000000000000000000000000000010000000 
	Parameter ap_ST_fsm_state9 bound to: 41'b00000000000000000000000000000000100000000 
	Parameter ap_ST_fsm_state10 bound to: 41'b00000000000000000000000000000001000000000 
	Parameter ap_ST_fsm_state11 bound to: 41'b00000000000000000000000000000010000000000 
	Parameter ap_ST_fsm_state12 bound to: 41'b00000000000000000000000000000100000000000 
	Parameter ap_ST_fsm_state13 bound to: 41'b00000000000000000000000000001000000000000 
	Parameter ap_ST_fsm_state14 bound to: 41'b00000000000000000000000000010000000000000 
	Parameter ap_ST_fsm_state15 bound to: 41'b00000000000000000000000000100000000000000 
	Parameter ap_ST_fsm_state16 bound to: 41'b00000000000000000000000001000000000000000 
	Parameter ap_ST_fsm_state17 bound to: 41'b00000000000000000000000010000000000000000 
	Parameter ap_ST_fsm_state18 bound to: 41'b00000000000000000000000100000000000000000 
	Parameter ap_ST_fsm_state19 bound to: 41'b00000000000000000000001000000000000000000 
	Parameter ap_ST_fsm_state20 bound to: 41'b00000000000000000000010000000000000000000 
	Parameter ap_ST_fsm_state21 bound to: 41'b00000000000000000000100000000000000000000 
	Parameter ap_ST_fsm_state22 bound to: 41'b00000000000000000001000000000000000000000 
	Parameter ap_ST_fsm_state23 bound to: 41'b00000000000000000010000000000000000000000 
	Parameter ap_ST_fsm_state24 bound to: 41'b00000000000000000100000000000000000000000 
	Parameter ap_ST_fsm_state25 bound to: 41'b00000000000000001000000000000000000000000 
	Parameter ap_ST_fsm_state26 bound to: 41'b00000000000000010000000000000000000000000 
	Parameter ap_ST_fsm_state27 bound to: 41'b00000000000000100000000000000000000000000 
	Parameter ap_ST_fsm_state28 bound to: 41'b00000000000001000000000000000000000000000 
	Parameter ap_ST_fsm_state29 bound to: 41'b00000000000010000000000000000000000000000 
	Parameter ap_ST_fsm_state30 bound to: 41'b00000000000100000000000000000000000000000 
	Parameter ap_ST_fsm_state31 bound to: 41'b00000000001000000000000000000000000000000 
	Parameter ap_ST_fsm_state32 bound to: 41'b00000000010000000000000000000000000000000 
	Parameter ap_ST_fsm_state33 bound to: 41'b00000000100000000000000000000000000000000 
	Parameter ap_ST_fsm_state34 bound to: 41'b00000001000000000000000000000000000000000 
	Parameter ap_ST_fsm_state35 bound to: 41'b00000010000000000000000000000000000000000 
	Parameter ap_ST_fsm_state36 bound to: 41'b00000100000000000000000000000000000000000 
	Parameter ap_ST_fsm_state37 bound to: 41'b00001000000000000000000000000000000000000 
	Parameter ap_ST_fsm_state38 bound to: 41'b00010000000000000000000000000000000000000 
	Parameter ap_ST_fsm_state39 bound to: 41'b00100000000000000000000000000000000000000 
	Parameter ap_ST_fsm_state40 bound to: 41'b01000000000000000000000000000000000000000 
	Parameter ap_ST_fsm_state41 bound to: 41'b10000000000000000000000000000000000000000 
INFO: [Synth 8-5534] Detected attribute (* fsm_encoding = "none" *) [e:/MyPYNQ/PL_CONV/PL_CONV.srcs/sources_1/bd/system/ipshared/e61c/hdl/verilog/mean.v:299]
INFO: [Synth 8-6157] synthesizing module 'mean_weight1' [e:/MyPYNQ/PL_CONV/PL_CONV.srcs/sources_1/bd/system/ipshared/e61c/hdl/verilog/mean_weight1.v:43]
	Parameter DataWidth bound to: 1 - type: integer 
	Parameter AddressRange bound to: 9 - type: integer 
	Parameter AddressWidth bound to: 4 - type: integer 
INFO: [Synth 8-6157] synthesizing module 'mean_weight1_rom' [e:/MyPYNQ/PL_CONV/PL_CONV.srcs/sources_1/bd/system/ipshared/e61c/hdl/verilog/mean_weight1.v:9]
	Parameter DWIDTH bound to: 1 - type: integer 
	Parameter AWIDTH bound to: 4 - type: integer 
	Parameter MEM_SIZE bound to: 9 - type: integer 
INFO: [Synth 8-5534] Detected attribute (* ram_style = "distributed" *) [e:/MyPYNQ/PL_CONV/PL_CONV.srcs/sources_1/bd/system/ipshared/e61c/hdl/verilog/mean_weight1.v:21]
INFO: [Synth 8-3876] $readmem data file './mean_weight1_rom.dat' is read successfully [e:/MyPYNQ/PL_CONV/PL_CONV.srcs/sources_1/bd/system/ipshared/e61c/hdl/verilog/mean_weight1.v:24]
INFO: [Synth 8-6155] done synthesizing module 'mean_weight1_rom' (1#1) [e:/MyPYNQ/PL_CONV/PL_CONV.srcs/sources_1/bd/system/ipshared/e61c/hdl/verilog/mean_weight1.v:9]
INFO: [Synth 8-6155] done synthesizing module 'mean_weight1' (2#1) [e:/MyPYNQ/PL_CONV/PL_CONV.srcs/sources_1/bd/system/ipshared/e61c/hdl/verilog/mean_weight1.v:43]
INFO: [Synth 8-6157] synthesizing module 'mean_fadd_32ns_32bkb' [e:/MyPYNQ/PL_CONV/PL_CONV.srcs/sources_1/bd/system/ipshared/e61c/hdl/verilog/mean_fadd_32ns_32bkb.v:11]
	Parameter ID bound to: 1 - type: integer 
	Parameter NUM_STAGE bound to: 5 - type: integer 
	Parameter din0_WIDTH bound to: 32 - type: integer 
	Parameter din1_WIDTH bound to: 32 - type: integer 
	Parameter dout_WIDTH bound to: 32 - type: integer 
INFO: [Synth 8-638] synthesizing module 'mean_ap_fadd_3_full_dsp_32' [e:/MyPYNQ/PL_CONV/PL_CONV.srcs/sources_1/bd/system/ipshared/e61c/hdl/ip/mean_ap_fadd_3_full_dsp_32.vhd:72]
	Parameter C_XDEVICEFAMILY bound to: virtex7 - type: string 
	Parameter C_HAS_ADD bound to: 1 - type: integer 
	Parameter C_HAS_SUBTRACT bound to: 0 - type: integer 
	Parameter C_HAS_MULTIPLY bound to: 0 - type: integer 
	Parameter C_HAS_DIVIDE bound to: 0 - type: integer 
	Parameter C_HAS_SQRT bound to: 0 - type: integer 
	Parameter C_HAS_COMPARE bound to: 0 - type: integer 
	Parameter C_HAS_FIX_TO_FLT bound to: 0 - type: integer 
	Parameter C_HAS_FLT_TO_FIX bound to: 0 - type: integer 
	Parameter C_HAS_FLT_TO_FLT bound to: 0 - type: integer 
	Parameter C_HAS_RECIP bound to: 0 - type: integer 
	Parameter C_HAS_RECIP_SQRT bound to: 0 - type: integer 
	Parameter C_HAS_ABSOLUTE bound to: 0 - type: integer 
	Parameter C_HAS_LOGARITHM bound to: 0 - type: integer 
	Parameter C_HAS_EXPONENTIAL bound to: 0 - type: integer 
	Parameter C_HAS_FMA bound to: 0 - type: integer 
	Parameter C_HAS_FMS bound to: 0 - type: integer 
	Parameter C_HAS_ACCUMULATOR_A bound to: 0 - type: integer 
	Parameter C_HAS_ACCUMULATOR_S bound to: 0 - type: integer 
	Parameter C_A_WIDTH bound to: 32 - type: integer 
	Parameter C_A_FRACTION_WIDTH bound to: 24 - type: integer 
	Parameter C_B_WIDTH bound to: 32 - type: integer 
	Parameter C_B_FRACTION_WIDTH bound to: 24 - type: integer 
	Parameter C_C_WIDTH bound to: 32 - type: integer 
	Parameter C_C_FRACTION_WIDTH bound to: 24 - type: integer 
	Parameter C_RESULT_WIDTH bound to: 32 - type: integer 
	Parameter C_RESULT_FRACTION_WIDTH bound to: 24 - type: integer 
	Parameter C_COMPARE_OPERATION bound to: 8 - type: integer 
	Parameter C_LATENCY bound to: 3 - type: integer 
	Parameter C_OPTIMIZATION bound to: 1 - type: integer 
	Parameter C_MULT_USAGE bound to: 2 - type: integer 
	Parameter C_BRAM_USAGE bound to: 0 - type: integer 
	Parameter C_RATE bound to: 1 - type: integer 
	Parameter C_ACCUM_INPUT_MSB bound to: 32 - type: integer 
	Parameter C_ACCUM_MSB bound to: 32 - type: integer 
	Parameter C_ACCUM_LSB bound to: -31 - type: integer 
	Parameter C_HAS_UNDERFLOW bound to: 0 - type: integer 
	Parameter C_HAS_OVERFLOW bound to: 0 - type: integer 
	Parameter C_HAS_INVALID_OP bound to: 0 - type: integer 
	Parameter C_HAS_DIVIDE_BY_ZERO bound to: 0 - type: integer 
	Parameter C_HAS_ACCUM_OVERFLOW bound to: 0 - type: integer 
	Parameter C_HAS_ACCUM_INPUT_OVERFLOW bound to: 0 - type: integer 
	Parameter C_HAS_ACLKEN bound to: 1 - type: integer 
	Parameter C_HAS_ARESETN bound to: 0 - type: integer 
	Parameter C_THROTTLE_SCHEME bound to: 3 - type: integer 
	Parameter C_HAS_A_TUSER bound to: 0 - type: integer 
	Parameter C_HAS_A_TLAST bound to: 0 - type: integer 
	Parameter C_HAS_B bound to: 1 - type: integer 
	Parameter C_HAS_B_TUSER bound to: 0 - type: integer 
	Parameter C_HAS_B_TLAST bound to: 0 - type: integer 
	Parameter C_HAS_C bound to: 0 - type: integer 
	Parameter C_HAS_C_TUSER bound to: 0 - type: integer 
	Parameter C_HAS_C_TLAST bound to: 0 - type: integer 
	Parameter C_HAS_OPERATION bound to: 0 - type: integer 
	Parameter C_HAS_OPERATION_TUSER bound to: 0 - type: integer 
	Parameter C_HAS_OPERATION_TLAST bound to: 0 - type: integer 
	Parameter C_HAS_RESULT_TUSER bound to: 0 - type: integer 
	Parameter C_HAS_RESULT_TLAST bound to: 0 - type: integer 
	Parameter C_TLAST_RESOLUTION bound to: 0 - type: integer 
	Parameter C_A_TDATA_WIDTH bound to: 32 - type: integer 
	Parameter C_A_TUSER_WIDTH bound to: 1 - type: integer 
	Parameter C_B_TDATA_WIDTH bound to: 32 - type: integer 
	Parameter C_B_TUSER_WIDTH bound to: 1 - type: integer 
	Parameter C_C_TDATA_WIDTH bound to: 32 - type: integer 
	Parameter C_C_TUSER_WIDTH bound to: 1 - type: integer 
	Parameter C_OPERATION_TDATA_WIDTH bound to: 8 - type: integer 
	Parameter C_OPERATION_TUSER_WIDTH bound to: 1 - type: integer 
	Parameter C_RESULT_TDATA_WIDTH bound to: 32 - type: integer 
	Parameter C_RESULT_TUSER_WIDTH bound to: 1 - type: integer 
	Parameter C_FIXED_DATA_UNSIGNED bound to: 0 - type: integer 
INFO: [Synth 8-3491] module 'floating_point_v7_1_6' declared at 'e:/MyPYNQ/PL_CONV/PL_CONV.srcs/sources_1/bd/system/ipshared/c4f7/hdl/floating_point_v7_1_vh_rfs.vhd:91604' bound to instance 'U0' of component 'floating_point_v7_1_6' [e:/MyPYNQ/PL_CONV/PL_CONV.srcs/sources_1/bd/system/ipshared/e61c/hdl/ip/mean_ap_fadd_3_full_dsp_32.vhd:203]
INFO: [Synth 8-256] done synthesizing module 'mean_ap_fadd_3_full_dsp_32' (20#1) [e:/MyPYNQ/PL_CONV/PL_CONV.srcs/sources_1/bd/system/ipshared/e61c/hdl/ip/mean_ap_fadd_3_full_dsp_32.vhd:72]
INFO: [Synth 8-6155] done synthesizing module 'mean_fadd_32ns_32bkb' (21#1) [e:/MyPYNQ/PL_CONV/PL_CONV.srcs/sources_1/bd/system/ipshared/e61c/hdl/verilog/mean_fadd_32ns_32bkb.v:11]
INFO: [Synth 8-6157] synthesizing module 'mean_fdiv_32ns_32cud' [e:/MyPYNQ/PL_CONV/PL_CONV.srcs/sources_1/bd/system/ipshared/e61c/hdl/verilog/mean_fdiv_32ns_32cud.v:11]
	Parameter ID bound to: 1 - type: integer 
	Parameter NUM_STAGE bound to: 16 - type: integer 
	Parameter din0_WIDTH bound to: 32 - type: integer 
	Parameter din1_WIDTH bound to: 32 - type: integer 
	Parameter dout_WIDTH bound to: 32 - type: integer 
INFO: [Synth 8-638] synthesizing module 'mean_ap_fdiv_14_no_dsp_32' [e:/MyPYNQ/PL_CONV/PL_CONV.srcs/sources_1/bd/system/ipshared/e61c/hdl/ip/mean_ap_fdiv_14_no_dsp_32.vhd:72]
	Parameter C_XDEVICEFAMILY bound to: virtex7 - type: string 
	Parameter C_HAS_ADD bound to: 0 - type: integer 
	Parameter C_HAS_SUBTRACT bound to: 0 - type: integer 
	Parameter C_HAS_MULTIPLY bound to: 0 - type: integer 
	Parameter C_HAS_DIVIDE bound to: 1 - type: integer 
	Parameter C_HAS_SQRT bound to: 0 - type: integer 
	Parameter C_HAS_COMPARE bound to: 0 - type: integer 
	Parameter C_HAS_FIX_TO_FLT bound to: 0 - type: integer 
	Parameter C_HAS_FLT_TO_FIX bound to: 0 - type: integer 
	Parameter C_HAS_FLT_TO_FLT bound to: 0 - type: integer 
	Parameter C_HAS_RECIP bound to: 0 - type: integer 
	Parameter C_HAS_RECIP_SQRT bound to: 0 - type: integer 
	Parameter C_HAS_ABSOLUTE bound to: 0 - type: integer 
	Parameter C_HAS_LOGARITHM bound to: 0 - type: integer 
	Parameter C_HAS_EXPONENTIAL bound to: 0 - type: integer 
	Parameter C_HAS_FMA bound to: 0 - type: integer 
	Parameter C_HAS_FMS bound to: 0 - type: integer 
	Parameter C_HAS_ACCUMULATOR_A bound to: 0 - type: integer 
	Parameter C_HAS_ACCUMULATOR_S bound to: 0 - type: integer 
	Parameter C_A_WIDTH bound to: 32 - type: integer 
	Parameter C_A_FRACTION_WIDTH bound to: 24 - type: integer 
	Parameter C_B_WIDTH bound to: 32 - type: integer 
	Parameter C_B_FRACTION_WIDTH bound to: 24 - type: integer 
	Parameter C_C_WIDTH bound to: 32 - type: integer 
	Parameter C_C_FRACTION_WIDTH bound to: 24 - type: integer 
	Parameter C_RESULT_WIDTH bound to: 32 - type: integer 
	Parameter C_RESULT_FRACTION_WIDTH bound to: 24 - type: integer 
	Parameter C_COMPARE_OPERATION bound to: 8 - type: integer 
	Parameter C_LATENCY bound to: 14 - type: integer 
	Parameter C_OPTIMIZATION bound to: 1 - type: integer 
	Parameter C_MULT_USAGE bound to: 0 - type: integer 
	Parameter C_BRAM_USAGE bound to: 0 - type: integer 
	Parameter C_RATE bound to: 1 - type: integer 
	Parameter C_ACCUM_INPUT_MSB bound to: 32 - type: integer 
	Parameter C_ACCUM_MSB bound to: 32 - type: integer 
	Parameter C_ACCUM_LSB bound to: -31 - type: integer 
	Parameter C_HAS_UNDERFLOW bound to: 0 - type: integer 
	Parameter C_HAS_OVERFLOW bound to: 0 - type: integer 
	Parameter C_HAS_INVALID_OP bound to: 0 - type: integer 
	Parameter C_HAS_DIVIDE_BY_ZERO bound to: 0 - type: integer 
	Parameter C_HAS_ACCUM_OVERFLOW bound to: 0 - type: integer 
	Parameter C_HAS_ACCUM_INPUT_OVERFLOW bound to: 0 - type: integer 
	Parameter C_HAS_ACLKEN bound to: 1 - type: integer 
	Parameter C_HAS_ARESETN bound to: 0 - type: integer 
	Parameter C_THROTTLE_SCHEME bound to: 3 - type: integer 
	Parameter C_HAS_A_TUSER bound to: 0 - type: integer 
	Parameter C_HAS_A_TLAST bound to: 0 - type: integer 
	Parameter C_HAS_B bound to: 1 - type: integer 
	Parameter C_HAS_B_TUSER bound to: 0 - type: integer 
	Parameter C_HAS_B_TLAST bound to: 0 - type: integer 
	Parameter C_HAS_C bound to: 0 - type: integer 
	Parameter C_HAS_C_TUSER bound to: 0 - type: integer 
	Parameter C_HAS_C_TLAST bound to: 0 - type: integer 
	Parameter C_HAS_OPERATION bound to: 0 - type: integer 
	Parameter C_HAS_OPERATION_TUSER bound to: 0 - type: integer 
	Parameter C_HAS_OPERATION_TLAST bound to: 0 - type: integer 
	Parameter C_HAS_RESULT_TUSER bound to: 0 - type: integer 
	Parameter C_HAS_RESULT_TLAST bound to: 0 - type: integer 
	Parameter C_TLAST_RESOLUTION bound to: 0 - type: integer 
	Parameter C_A_TDATA_WIDTH bound to: 32 - type: integer 
	Parameter C_A_TUSER_WIDTH bound to: 1 - type: integer 
	Parameter C_B_TDATA_WIDTH bound to: 32 - type: integer 
	Parameter C_B_TUSER_WIDTH bound to: 1 - type: integer 
	Parameter C_C_TDATA_WIDTH bound to: 32 - type: integer 
	Parameter C_C_TUSER_WIDTH bound to: 1 - type: integer 
	Parameter C_OPERATION_TDATA_WIDTH bound to: 8 - type: integer 
	Parameter C_OPERATION_TUSER_WIDTH bound to: 1 - type: integer 
	Parameter C_RESULT_TDATA_WIDTH bound to: 32 - type: integer 
	Parameter C_RESULT_TUSER_WIDTH bound to: 1 - type: integer 
	Parameter C_FIXED_DATA_UNSIGNED bound to: 0 - type: integer 
INFO: [Synth 8-3491] module 'floating_point_v7_1_6' declared at 'e:/MyPYNQ/PL_CONV/PL_CONV.srcs/sources_1/bd/system/ipshared/c4f7/hdl/floating_point_v7_1_vh_rfs.vhd:91604' bound to instance 'U0' of component 'floating_point_v7_1_6' [e:/MyPYNQ/PL_CONV/PL_CONV.srcs/sources_1/bd/system/ipshared/e61c/hdl/ip/mean_ap_fdiv_14_no_dsp_32.vhd:203]
INFO: [Synth 8-256] done synthesizing module 'mean_ap_fdiv_14_no_dsp_32' (29#1) [e:/MyPYNQ/PL_CONV/PL_CONV.srcs/sources_1/bd/system/ipshared/e61c/hdl/ip/mean_ap_fdiv_14_no_dsp_32.vhd:72]
INFO: [Synth 8-6155] done synthesizing module 'mean_fdiv_32ns_32cud' (30#1) [e:/MyPYNQ/PL_CONV/PL_CONV.srcs/sources_1/bd/system/ipshared/e61c/hdl/verilog/mean_fdiv_32ns_32cud.v:11]
INFO: [Synth 8-6157] synthesizing module 'mean_sitofp_64ns_dEe' [e:/MyPYNQ/PL_CONV/PL_CONV.srcs/sources_1/bd/system/ipshared/e61c/hdl/verilog/mean_sitofp_64ns_dEe.v:11]
	Parameter ID bound to: 1 - type: integer 
	Parameter NUM_STAGE bound to: 6 - type: integer 
	Parameter din0_WIDTH bound to: 64 - type: integer 
	Parameter dout_WIDTH bound to: 32 - type: integer 
INFO: [Synth 8-638] synthesizing module 'mean_ap_sitofp_4_no_dsp_64' [e:/MyPYNQ/PL_CONV/PL_CONV.srcs/sources_1/bd/system/ipshared/e61c/hdl/ip/mean_ap_sitofp_4_no_dsp_64.vhd:70]
	Parameter C_XDEVICEFAMILY bound to: virtex7 - type: string 
	Parameter C_HAS_ADD bound to: 0 - type: integer 
	Parameter C_HAS_SUBTRACT bound to: 0 - type: integer 
	Parameter C_HAS_MULTIPLY bound to: 0 - type: integer 
	Parameter C_HAS_DIVIDE bound to: 0 - type: integer 
	Parameter C_HAS_SQRT bound to: 0 - type: integer 
	Parameter C_HAS_COMPARE bound to: 0 - type: integer 
	Parameter C_HAS_FIX_TO_FLT bound to: 1 - type: integer 
	Parameter C_HAS_FLT_TO_FIX bound to: 0 - type: integer 
	Parameter C_HAS_FLT_TO_FLT bound to: 0 - type: integer 
	Parameter C_HAS_RECIP bound to: 0 - type: integer 
	Parameter C_HAS_RECIP_SQRT bound to: 0 - type: integer 
	Parameter C_HAS_ABSOLUTE bound to: 0 - type: integer 
	Parameter C_HAS_LOGARITHM bound to: 0 - type: integer 
	Parameter C_HAS_EXPONENTIAL bound to: 0 - type: integer 
	Parameter C_HAS_FMA bound to: 0 - type: integer 
	Parameter C_HAS_FMS bound to: 0 - type: integer 
	Parameter C_HAS_ACCUMULATOR_A bound to: 0 - type: integer 
	Parameter C_HAS_ACCUMULATOR_S bound to: 0 - type: integer 
	Parameter C_A_WIDTH bound to: 64 - type: integer 
	Parameter C_A_FRACTION_WIDTH bound to: 0 - type: integer 
	Parameter C_B_WIDTH bound to: 64 - type: integer 
	Parameter C_B_FRACTION_WIDTH bound to: 0 - type: integer 
	Parameter C_C_WIDTH bound to: 64 - type: integer 
	Parameter C_C_FRACTION_WIDTH bound to: 0 - type: integer 
	Parameter C_RESULT_WIDTH bound to: 32 - type: integer 
	Parameter C_RESULT_FRACTION_WIDTH bound to: 24 - type: integer 
	Parameter C_COMPARE_OPERATION bound to: 8 - type: integer 
	Parameter C_LATENCY bound to: 4 - type: integer 
	Parameter C_OPTIMIZATION bound to: 1 - type: integer 
	Parameter C_MULT_USAGE bound to: 0 - type: integer 
	Parameter C_BRAM_USAGE bound to: 0 - type: integer 
	Parameter C_RATE bound to: 1 - type: integer 
	Parameter C_ACCUM_INPUT_MSB bound to: 32 - type: integer 
	Parameter C_ACCUM_MSB bound to: 32 - type: integer 
	Parameter C_ACCUM_LSB bound to: -31 - type: integer 
	Parameter C_HAS_UNDERFLOW bound to: 0 - type: integer 
	Parameter C_HAS_OVERFLOW bound to: 0 - type: integer 
	Parameter C_HAS_INVALID_OP bound to: 0 - type: integer 
	Parameter C_HAS_DIVIDE_BY_ZERO bound to: 0 - type: integer 
	Parameter C_HAS_ACCUM_OVERFLOW bound to: 0 - type: integer 
	Parameter C_HAS_ACCUM_INPUT_OVERFLOW bound to: 0 - type: integer 
	Parameter C_HAS_ACLKEN bound to: 1 - type: integer 
	Parameter C_HAS_ARESETN bound to: 0 - type: integer 
	Parameter C_THROTTLE_SCHEME bound to: 3 - type: integer 
	Parameter C_HAS_A_TUSER bound to: 0 - type: integer 
	Parameter C_HAS_A_TLAST bound to: 0 - type: integer 
	Parameter C_HAS_B bound to: 0 - type: integer 
	Parameter C_HAS_B_TUSER bound to: 0 - type: integer 
	Parameter C_HAS_B_TLAST bound to: 0 - type: integer 
	Parameter C_HAS_C bound to: 0 - type: integer 
	Parameter C_HAS_C_TUSER bound to: 0 - type: integer 
	Parameter C_HAS_C_TLAST bound to: 0 - type: integer 
	Parameter C_HAS_OPERATION bound to: 0 - type: integer 
	Parameter C_HAS_OPERATION_TUSER bound to: 0 - type: integer 
	Parameter C_HAS_OPERATION_TLAST bound to: 0 - type: integer 
	Parameter C_HAS_RESULT_TUSER bound to: 0 - type: integer 
	Parameter C_HAS_RESULT_TLAST bound to: 0 - type: integer 
	Parameter C_TLAST_RESOLUTION bound to: 0 - type: integer 
	Parameter C_A_TDATA_WIDTH bound to: 64 - type: integer 
	Parameter C_A_TUSER_WIDTH bound to: 1 - type: integer 
	Parameter C_B_TDATA_WIDTH bound to: 64 - type: integer 
	Parameter C_B_TUSER_WIDTH bound to: 1 - type: integer 
	Parameter C_C_TDATA_WIDTH bound to: 64 - type: integer 
	Parameter C_C_TUSER_WIDTH bound to: 1 - type: integer 
	Parameter C_OPERATION_TDATA_WIDTH bound to: 8 - type: integer 
	Parameter C_OPERATION_TUSER_WIDTH bound to: 1 - type: integer 
	Parameter C_RESULT_TDATA_WIDTH bound to: 32 - type: integer 
	Parameter C_RESULT_TUSER_WIDTH bound to: 1 - type: integer 
	Parameter C_FIXED_DATA_UNSIGNED bound to: 0 - type: integer 
INFO: [Synth 8-3491] module 'floating_point_v7_1_6' declared at 'e:/MyPYNQ/PL_CONV/PL_CONV.srcs/sources_1/bd/system/ipshared/c4f7/hdl/floating_point_v7_1_vh_rfs.vhd:91604' bound to instance 'U0' of component 'floating_point_v7_1_6' [e:/MyPYNQ/PL_CONV/PL_CONV.srcs/sources_1/bd/system/ipshared/e61c/hdl/ip/mean_ap_sitofp_4_no_dsp_64.vhd:198]
INFO: [Synth 8-256] done synthesizing module 'mean_ap_sitofp_4_no_dsp_64' (37#1) [e:/MyPYNQ/PL_CONV/PL_CONV.srcs/sources_1/bd/system/ipshared/e61c/hdl/ip/mean_ap_sitofp_4_no_dsp_64.vhd:70]
INFO: [Synth 8-6155] done synthesizing module 'mean_sitofp_64ns_dEe' (38#1) [e:/MyPYNQ/PL_CONV/PL_CONV.srcs/sources_1/bd/system/ipshared/e61c/hdl/verilog/mean_sitofp_64ns_dEe.v:11]
WARNING: [Synth 8-589] replacing case/wildcard equality operator === with logical equality operator == [e:/MyPYNQ/PL_CONV/PL_CONV.srcs/sources_1/bd/system/ipshared/e61c/hdl/verilog/mean.v:1811]
WARNING: [Synth 8-589] replacing case/wildcard equality operator === with logical equality operator == [e:/MyPYNQ/PL_CONV/PL_CONV.srcs/sources_1/bd/system/ipshared/e61c/hdl/verilog/mean.v:2043]
WARNING: [Synth 8-589] replacing case/wildcard equality operator === with logical equality operator == [e:/MyPYNQ/PL_CONV/PL_CONV.srcs/sources_1/bd/system/ipshared/e61c/hdl/verilog/mean.v:2055]
WARNING: [Synth 8-589] replacing case/wildcard equality operator === with logical equality operator == [e:/MyPYNQ/PL_CONV/PL_CONV.srcs/sources_1/bd/system/ipshared/e61c/hdl/verilog/mean.v:2069]
INFO: [Synth 8-6155] done synthesizing module 'mean' (39#1) [e:/MyPYNQ/PL_CONV/PL_CONV.srcs/sources_1/bd/system/ipshared/e61c/hdl/verilog/mean.v:12]
INFO: [Synth 8-6155] done synthesizing module 'system_mean_0_1' (40#1) [e:/MyPYNQ/PL_CONV/PL_CONV.srcs/sources_1/bd/system/ip/system_mean_0_1/synth/system_mean_0_1.v:58]
WARNING: [Synth 8-3331] design xbip_pipe_v3_0_5_viv__parameterized31 has unconnected port SCLR
WARNING: [Synth 8-3331] design xbip_pipe_v3_0_5_viv__parameterized31 has unconnected port SSET
WARNING: [Synth 8-3331] design xbip_pipe_v3_0_5_viv__parameterized31 has unconnected port SINIT
WARNING: [Synth 8-3331] design xbip_pipe_v3_0_5_viv__parameterized17 has unconnected port SCLR
WARNING: [Synth 8-3331] design xbip_pipe_v3_0_5_viv__parameterized17 has unconnected port SSET
WARNING: [Synth 8-3331] design xbip_pipe_v3_0_5_viv__parameterized17 has unconnected port SINIT
WARNING: [Synth 8-3331] design xbip_pipe_v3_0_5_viv__parameterized99 has unconnected port SCLR
WARNING: [Synth 8-3331] design xbip_pipe_v3_0_5_viv__parameterized99 has unconnected port SSET
WARNING: [Synth 8-3331] design xbip_pipe_v3_0_5_viv__parameterized99 has unconnected port SINIT
WARNING: [Synth 8-3331] design xbip_pipe_v3_0_5_viv__parameterized97 has unconnected port CLK
WARNING: [Synth 8-3331] design xbip_pipe_v3_0_5_viv__parameterized97 has unconnected port CE
WARNING: [Synth 8-3331] design xbip_pipe_v3_0_5_viv__parameterized97 has unconnected port SCLR
WARNING: [Synth 8-3331] design xbip_pipe_v3_0_5_viv__parameterized97 has unconnected port SSET
WARNING: [Synth 8-3331] design xbip_pipe_v3_0_5_viv__parameterized97 has unconnected port SINIT
WARNING: [Synth 8-3331] design xbip_pipe_v3_0_5_viv__parameterized3 has unconnected port CLK
WARNING: [Synth 8-3331] design xbip_pipe_v3_0_5_viv__parameterized3 has unconnected port CE
WARNING: [Synth 8-3331] design xbip_pipe_v3_0_5_viv__parameterized3 has unconnected port SCLR
WARNING: [Synth 8-3331] design xbip_pipe_v3_0_5_viv__parameterized3 has unconnected port SSET
WARNING: [Synth 8-3331] design xbip_pipe_v3_0_5_viv__parameterized3 has unconnected port SINIT
WARNING: [Synth 8-3331] design xbip_pipe_v3_0_5_viv__parameterized91 has unconnected port SCLR
WARNING: [Synth 8-3331] design xbip_pipe_v3_0_5_viv__parameterized91 has unconnected port SSET
WARNING: [Synth 8-3331] design xbip_pipe_v3_0_5_viv__parameterized91 has unconnected port SINIT
WARNING: [Synth 8-3331] design norm_zero_det has unconnected port DIST[7]
WARNING: [Synth 8-3331] design norm_zero_det has unconnected port DIST[6]
WARNING: [Synth 8-3331] design xbip_pipe_v3_0_5_viv__parameterized89 has unconnected port CLK
WARNING: [Synth 8-3331] design xbip_pipe_v3_0_5_viv__parameterized89 has unconnected port CE
WARNING: [Synth 8-3331] design xbip_pipe_v3_0_5_viv__parameterized89 has unconnected port SCLR
WARNING: [Synth 8-3331] design xbip_pipe_v3_0_5_viv__parameterized89 has unconnected port SSET
WARNING: [Synth 8-3331] design xbip_pipe_v3_0_5_viv__parameterized89 has unconnected port SINIT
WARNING: [Synth 8-3331] design carry_chain__parameterized10 has unconnected port B[63]
WARNING: [Synth 8-3331] design flt_dec_op__parameterized0 has unconnected port DEC_OP_STATE[11]
WARNING: [Synth 8-3331] design flt_dec_op__parameterized0 has unconnected port DEC_OP_STATE[10]
WARNING: [Synth 8-3331] design flt_dec_op__parameterized0 has unconnected port DEC_OP_STATE[9]
WARNING: [Synth 8-3331] design flt_dec_op__parameterized0 has unconnected port DEC_OP_STATE[8]
WARNING: [Synth 8-3331] design flt_dec_op__parameterized0 has unconnected port DIVIDE_BY_ZERO_IN
WARNING: [Synth 8-3331] design xbip_pipe_v3_0_5_viv__parameterized101 has unconnected port SCLR
WARNING: [Synth 8-3331] design xbip_pipe_v3_0_5_viv__parameterized101 has unconnected port SSET
WARNING: [Synth 8-3331] design xbip_pipe_v3_0_5_viv__parameterized101 has unconnected port SINIT
WARNING: [Synth 8-3331] design xbip_pipe_v3_0_5_viv__parameterized43 has unconnected port CLK
WARNING: [Synth 8-3331] design xbip_pipe_v3_0_5_viv__parameterized43 has unconnected port CE
WARNING: [Synth 8-3331] design xbip_pipe_v3_0_5_viv__parameterized43 has unconnected port SCLR
WARNING: [Synth 8-3331] design xbip_pipe_v3_0_5_viv__parameterized43 has unconnected port SSET
WARNING: [Synth 8-3331] design xbip_pipe_v3_0_5_viv__parameterized43 has unconnected port SINIT
WARNING: [Synth 8-3331] design xbip_pipe_v3_0_5_viv__parameterized103 has unconnected port SCLR
WARNING: [Synth 8-3331] design xbip_pipe_v3_0_5_viv__parameterized103 has unconnected port SSET
WARNING: [Synth 8-3331] design xbip_pipe_v3_0_5_viv__parameterized103 has unconnected port SINIT
WARNING: [Synth 8-3331] design fix_to_flt_conv_exp has unconnected port A[62]
WARNING: [Synth 8-3331] design fix_to_flt_conv_exp has unconnected port A[61]
WARNING: [Synth 8-3331] design fix_to_flt_conv_exp has unconnected port A[60]
WARNING: [Synth 8-3331] design fix_to_flt_conv_exp has unconnected port A[59]
WARNING: [Synth 8-3331] design fix_to_flt_conv_exp has unconnected port A[58]
WARNING: [Synth 8-3331] design fix_to_flt_conv_exp has unconnected port A[57]
WARNING: [Synth 8-3331] design fix_to_flt_conv_exp has unconnected port A[56]
WARNING: [Synth 8-3331] design fix_to_flt_conv_exp has unconnected port A[55]
WARNING: [Synth 8-3331] design fix_to_flt_conv_exp has unconnected port A[54]
WARNING: [Synth 8-3331] design fix_to_flt_conv_exp has unconnected port A[53]
WARNING: [Synth 8-3331] design fix_to_flt_conv_exp has unconnected port A[52]
WARNING: [Synth 8-3331] design fix_to_flt_conv_exp has unconnected port A[51]
WARNING: [Synth 8-3331] design fix_to_flt_conv_exp has unconnected port A[50]
WARNING: [Synth 8-3331] design fix_to_flt_conv_exp has unconnected port A[49]
WARNING: [Synth 8-3331] design fix_to_flt_conv_exp has unconnected port A[48]
WARNING: [Synth 8-3331] design fix_to_flt_conv_exp has unconnected port A[47]
WARNING: [Synth 8-3331] design fix_to_flt_conv_exp has unconnected port A[46]
WARNING: [Synth 8-3331] design fix_to_flt_conv_exp has unconnected port A[45]
WARNING: [Synth 8-3331] design fix_to_flt_conv_exp has unconnected port A[44]
WARNING: [Synth 8-3331] design fix_to_flt_conv_exp has unconnected port A[43]
WARNING: [Synth 8-3331] design fix_to_flt_conv_exp has unconnected port A[42]
WARNING: [Synth 8-3331] design fix_to_flt_conv_exp has unconnected port A[41]
WARNING: [Synth 8-3331] design fix_to_flt_conv_exp has unconnected port A[40]
WARNING: [Synth 8-3331] design fix_to_flt_conv_exp has unconnected port A[39]
WARNING: [Synth 8-3331] design fix_to_flt_conv_exp has unconnected port A[38]
WARNING: [Synth 8-3331] design fix_to_flt_conv_exp has unconnected port A[37]
WARNING: [Synth 8-3331] design fix_to_flt_conv_exp has unconnected port A[36]
WARNING: [Synth 8-3331] design fix_to_flt_conv_exp has unconnected port A[35]
WARNING: [Synth 8-3331] design fix_to_flt_conv_exp has unconnected port A[34]
WARNING: [Synth 8-3331] design fix_to_flt_conv_exp has unconnected port A[33]
WARNING: [Synth 8-3331] design fix_to_flt_conv_exp has unconnected port A[32]
WARNING: [Synth 8-3331] design fix_to_flt_conv_exp has unconnected port A[31]
WARNING: [Synth 8-3331] design fix_to_flt_conv_exp has unconnected port A[30]
WARNING: [Synth 8-3331] design fix_to_flt_conv_exp has unconnected port A[29]
WARNING: [Synth 8-3331] design fix_to_flt_conv_exp has unconnected port A[28]
WARNING: [Synth 8-3331] design fix_to_flt_conv_exp has unconnected port A[27]
WARNING: [Synth 8-3331] design fix_to_flt_conv_exp has unconnected port A[26]
WARNING: [Synth 8-3331] design fix_to_flt_conv_exp has unconnected port A[25]
WARNING: [Synth 8-3331] design fix_to_flt_conv_exp has unconnected port A[24]
WARNING: [Synth 8-3331] design fix_to_flt_conv_exp has unconnected port A[23]
WARNING: [Synth 8-3331] design fix_to_flt_conv_exp has unconnected port A[22]
WARNING: [Synth 8-3331] design fix_to_flt_conv_exp has unconnected port A[21]
WARNING: [Synth 8-3331] design fix_to_flt_conv_exp has unconnected port A[20]
WARNING: [Synth 8-3331] design fix_to_flt_conv_exp has unconnected port A[19]
WARNING: [Synth 8-3331] design fix_to_flt_conv_exp has unconnected port A[18]
WARNING: [Synth 8-3331] design fix_to_flt_conv_exp has unconnected port A[17]
WARNING: [Synth 8-3331] design fix_to_flt_conv_exp has unconnected port A[16]
WARNING: [Synth 8-3331] design fix_to_flt_conv_exp has unconnected port A[15]
WARNING: [Synth 8-3331] design fix_to_flt_conv_exp has unconnected port A[14]
WARNING: [Synth 8-3331] design fix_to_flt_conv_exp has unconnected port A[13]
WARNING: [Synth 8-3331] design fix_to_flt_conv_exp has unconnected port A[12]
WARNING: [Synth 8-3331] design fix_to_flt_conv_exp has unconnected port A[11]
WARNING: [Synth 8-3331] design fix_to_flt_conv_exp has unconnected port A[10]
WARNING: [Synth 8-3331] design fix_to_flt_conv_exp has unconnected port A[9]
INFO: [Common 17-14] Message 'Synth 8-3331' appears 100 times and further instances of the messages will be disabled. Use the Tcl command set_msg_config to change the current settings.
---------------------------------------------------------------------------------
Finished RTL Elaboration : Time (s): cpu = 00:00:30 ; elapsed = 00:00:33 . Memory (MB): peak = 589.238 ; gain = 235.934
---------------------------------------------------------------------------------

Report Check Netlist: 
+------+------------------+-------+---------+-------+------------------+
|      |Item              |Errors |Warnings |Status |Description       |
+------+------------------+-------+---------+-------+------------------+
|1     |multi_driven_nets |      0|        0|Passed |Multi driven nets |
+------+------------------+-------+---------+-------+------------------+
---------------------------------------------------------------------------------
Start Handling Custom Attributes
---------------------------------------------------------------------------------
---------------------------------------------------------------------------------
Finished Handling Custom Attributes : Time (s): cpu = 00:00:31 ; elapsed = 00:00:34 . Memory (MB): peak = 589.238 ; gain = 235.934
---------------------------------------------------------------------------------
---------------------------------------------------------------------------------
Finished RTL Optimization Phase 1 : Time (s): cpu = 00:00:31 ; elapsed = 00:00:34 . Memory (MB): peak = 589.238 ; gain = 235.934
---------------------------------------------------------------------------------
INFO: [Netlist 29-17] Analyzing 1696 Unisim elements for replacement
INFO: [Netlist 29-28] Unisim Transformation completed in 1 CPU seconds
INFO: [Device 21-403] Loading part xc7z020clg400-1
INFO: [Project 1-570] Preparing netlist for logic optimization

Processing XDC Constraints
Initializing timing engine
Parsing XDC File [e:/MyPYNQ/PL_CONV/PL_CONV.srcs/sources_1/bd/system/ip/system_mean_0_1/constraints/mean_ooc.xdc] for cell 'inst'
Finished Parsing XDC File [e:/MyPYNQ/PL_CONV/PL_CONV.srcs/sources_1/bd/system/ip/system_mean_0_1/constraints/mean_ooc.xdc] for cell 'inst'
Parsing XDC File [E:/MyPYNQ/PL_CONV/PL_CONV.runs/system_mean_0_1_synth_1/dont_touch.xdc]
Finished Parsing XDC File [E:/MyPYNQ/PL_CONV/PL_CONV.runs/system_mean_0_1_synth_1/dont_touch.xdc]
Completed Processing XDC Constraints

INFO: [Project 1-111] Unisim Transformation Summary:
  A total of 19 instances were transformed.
  FDE => FDRE: 19 instances

Constraint Validation Runtime : Time (s): cpu = 00:00:00 ; elapsed = 00:00:00.157 . Memory (MB): peak = 854.559 ; gain = 2.680
---------------------------------------------------------------------------------
Finished Constraint Validation : Time (s): cpu = 00:00:52 ; elapsed = 00:00:59 . Memory (MB): peak = 854.559 ; gain = 501.254
---------------------------------------------------------------------------------
---------------------------------------------------------------------------------
Start Loading Part and Timing Information
---------------------------------------------------------------------------------
Loading part: xc7z020clg400-1
---------------------------------------------------------------------------------
Finished Loading Part and Timing Information : Time (s): cpu = 00:00:52 ; elapsed = 00:00:59 . Memory (MB): peak = 854.559 ; gain = 501.254
---------------------------------------------------------------------------------
---------------------------------------------------------------------------------
Start Applying 'set_property' XDC Constraints
---------------------------------------------------------------------------------
Applied set_property DONT_TOUCH = true for inst. (constraint file  E:/MyPYNQ/PL_CONV/PL_CONV.runs/system_mean_0_1_synth_1/dont_touch.xdc, line 9).
---------------------------------------------------------------------------------
Finished applying 'set_property' XDC Constraints : Time (s): cpu = 00:00:52 ; elapsed = 00:00:59 . Memory (MB): peak = 854.559 ; gain = 501.254
---------------------------------------------------------------------------------
INFO: [Synth 8-5542] Attribute ram_style/rom_style = distributed specified for ROM  "ram". This will be implemented in logic
INFO: [Synth 8-5546] ROM "exp_all_one_ip" won't be mapped to RAM because it is too sparse
INFO: [Synth 8-5546] ROM "exp_all_zero_ip" won't be mapped to RAM because it is too sparse
INFO: [Synth 8-5546] ROM "exp_over_int" won't be mapped to RAM because it is too sparse
INFO: [Synth 8-5546] ROM "ip_sig" won't be mapped to RAM because it is too sparse
INFO: [Synth 8-5546] ROM "exp_over_int" won't be mapped to RAM because it is too sparse
INFO: [Synth 8-5546] ROM "ip_sig" won't be mapped to RAM because it is too sparse
INFO: [Synth 8-5544] ROM "det_state" won't be mapped to Block RAM because address size (1) smaller than threshold (5)
INFO: [Synth 8-5546] ROM "exp_all_one_ip" won't be mapped to RAM because it is too sparse
INFO: [Synth 8-5546] ROM "exp_all_zero_ip" won't be mapped to RAM because it is too sparse
INFO: [Synth 8-5545] ROM "chunk_is_zero_ip" won't be mapped to RAM because address size (36) is larger than maximum supported(25)
INFO: [Synth 8-5546] ROM "flow_sig" won't be mapped to RAM because it is too sparse
INFO: [Synth 8-5546] ROM "flow_sig" won't be mapped to RAM because it is too sparse
INFO: [Synth 8-5546] ROM "flow_sig" won't be mapped to RAM because it is too sparse
INFO: [Synth 8-5546] ROM "flow_sig" won't be mapped to RAM because it is too sparse
INFO: [Synth 8-5544] ROM "state_det" won't be mapped to Block RAM because address size (1) smaller than threshold (5)
INFO: [Synth 8-5544] ROM "state_det" won't be mapped to Block RAM because address size (1) smaller than threshold (5)
INFO: [Synth 8-5544] ROM "state_int_up" won't be mapped to Block RAM because address size (1) smaller than threshold (5)
INFO: [Synth 8-5544] ROM "enc_chunk" won't be mapped to Block RAM because address size (4) smaller than threshold (5)
INFO: [Synth 8-5544] ROM "enc_chunk" won't be mapped to Block RAM because address size (4) smaller than threshold (5)
INFO: [Synth 8-5544] ROM "enc_chunk" won't be mapped to Block RAM because address size (4) smaller than threshold (5)
INFO: [Synth 8-5544] ROM "enc_chunk" won't be mapped to Block RAM because address size (4) smaller than threshold (5)
INFO: [Synth 8-5544] ROM "enc_chunk" won't be mapped to Block RAM because address size (4) smaller than threshold (5)
INFO: [Synth 8-5544] ROM "enc_chunk" won't be mapped to Block RAM because address size (4) smaller than threshold (5)
INFO: [Synth 8-5544] ROM "enc_chunk" won't be mapped to Block RAM because address size (4) smaller than threshold (5)
INFO: [Synth 8-5544] ROM "enc_chunk" won't be mapped to Block RAM because address size (4) smaller than threshold (5)
INFO: [Synth 8-5544] ROM "enc_chunk" won't be mapped to Block RAM because address size (4) smaller than threshold (5)
INFO: [Synth 8-5544] ROM "enc_chunk" won't be mapped to Block RAM because address size (4) smaller than threshold (5)
INFO: [Synth 8-5544] ROM "enc_chunk" won't be mapped to Block RAM because address size (4) smaller than threshold (5)
INFO: [Synth 8-5544] ROM "enc_chunk" won't be mapped to Block RAM because address size (4) smaller than threshold (5)
INFO: [Synth 8-5544] ROM "enc_chunk" won't be mapped to Block RAM because address size (4) smaller than threshold (5)
INFO: [Synth 8-5544] ROM "enc_chunk" won't be mapped to Block RAM because address size (4) smaller than threshold (5)
INFO: [Synth 8-5544] ROM "enc_chunk" won't be mapped to Block RAM because address size (4) smaller than threshold (5)
INFO: [Synth 8-5544] ROM "enc_chunk" won't be mapped to Block RAM because address size (4) smaller than threshold (5)
INFO: [Synth 8-4490] FSM extraction disabled for register 'ap_CS_fsm_reg' through user attribute
INFO: [Synth 8-4490] FSM extraction disabled for register 'ap_CS_fsm_reg' through user attribute
INFO: [Synth 8-5546] ROM "exitcond1_fu_310_p2" won't be mapped to RAM because it is too sparse
INFO: [Synth 8-5546] ROM "exitcond2_fu_322_p2" won't be mapped to RAM because it is too sparse
INFO: [Synth 8-5544] ROM "exitcond_fu_334_p2" won't be mapped to Block RAM because address size (4) smaller than threshold (5)
---------------------------------------------------------------------------------
Finished RTL Optimization Phase 2 : Time (s): cpu = 00:00:58 ; elapsed = 00:01:07 . Memory (MB): peak = 854.559 ; gain = 501.254
---------------------------------------------------------------------------------
INFO: [Synth 8-223] decloning instance 'inst/mean_fadd_32ns_32bkb_U1/mean_ap_fadd_3_full_dsp_32_u/U0/i_synth/DELAY_DIVIDE_BY_ZERO' (delay__parameterized0) to 'inst/mean_fadd_32ns_32bkb_U1/mean_ap_fadd_3_full_dsp_32_u/U0/i_synth/DELAY_ACCUM_OVERFLOW'
INFO: [Synth 8-223] decloning instance 'inst/mean_fadd_32ns_32bkb_U1/mean_ap_fadd_3_full_dsp_32_u/U0/i_synth/DELAY_DIVIDE_BY_ZERO' (delay__parameterized0) to 'inst/mean_fadd_32ns_32bkb_U1/mean_ap_fadd_3_full_dsp_32_u/U0/i_synth/DELAY_ACCUM_INPUT_OVERFLOW'
INFO: [Synth 8-223] decloning instance 'inst/mean_fadd_32ns_32bkb_U1/mean_ap_fadd_3_full_dsp_32_u/U0/i_synth/ADDSUB_OP.ADDSUB/SPEED_OP.DSP.OP/DSP48E1_BODY.ALIGN_ADD/SUB_DELAY' (delay__parameterized0) to 'inst/mean_fadd_32ns_32bkb_U1/mean_ap_fadd_3_full_dsp_32_u/U0/i_synth/ADDSUB_OP.ADDSUB/SPEED_OP.DSP.OP/DSP48E1_BODY.ALIGN_ADD/SUB_ADD_IP_DELAY'
INFO: [Synth 8-223] decloning instance 'inst/mean_fdiv_32ns_32cud_U2/mean_ap_fdiv_14_no_dsp_32_u/U0/i_synth/DELAY_ACCUM_OVERFLOW' (delay__parameterized0) to 'inst/mean_fdiv_32ns_32cud_U2/mean_ap_fdiv_14_no_dsp_32_u/U0/i_synth/DELAY_ACCUM_INPUT_OVERFLOW'
INFO: [Synth 8-223] decloning instance 'inst/mean_fdiv_32ns_32cud_U2/mean_ap_fdiv_14_no_dsp_32_u/U0/i_synth/DIV_OP.SPD.OP/ROUND/EXTRA_LSB_BIT_DEL' (delay__parameterized0) to 'inst/mean_fdiv_32ns_32cud_U2/mean_ap_fdiv_14_no_dsp_32_u/U0/i_synth/DIV_OP.SPD.OP/ROUND/EXTRA_LSB_RND1_DEL'
INFO: [Synth 8-223] decloning instance 'inst/mean_fdiv_32ns_32cud_U2/mean_ap_fdiv_14_no_dsp_32_u/U0/i_synth/DIV_OP.SPD.OP/ROUND/EXP_INC_DELAY' (delay__parameterized0) to 'inst/mean_fdiv_32ns_32cud_U2/mean_ap_fdiv_14_no_dsp_32_u/U0/i_synth/DIV_OP.SPD.OP/ROUND/EXP_INC_RND1_DELAY'
INFO: [Synth 8-223] decloning instance 'inst/mean_fdiv_32ns_32cud_U2/mean_ap_fdiv_14_no_dsp_32_u/U0/i_synth/DIV_OP.SPD.OP/ROUND/NORMALIZE_DEL' (delay__parameterized53) to 'inst/mean_fdiv_32ns_32cud_U2/mean_ap_fdiv_14_no_dsp_32_u/U0/i_synth/DIV_OP.SPD.OP/ROUND/NORMALIZE_RND1_DEL'
INFO: [Synth 8-223] decloning instance 'inst/mean_fdiv_32ns_32cud_U2/mean_ap_fdiv_14_no_dsp_32_u/U0/i_synth/DIV_OP.SPD.OP/ROUND/EXP_IN_DELAY.EXP_IN_DEL' (delay__parameterized27) to 'inst/mean_fdiv_32ns_32cud_U2/mean_ap_fdiv_14_no_dsp_32_u/U0/i_synth/DIV_OP.SPD.OP/ROUND/EXP_RND2_DELAY.EXP_RND_DEL'
INFO: [Synth 8-223] decloning instance 'inst/mean_fdiv_32ns_32cud_U2/mean_ap_fdiv_14_no_dsp_32_u/U0/i_synth/DIV_OP.SPD.OP/ROUND/EXP_IN_DELAY.EXP_OFF_OP_DEL' (delay__parameterized27) to 'inst/mean_fdiv_32ns_32cud_U2/mean_ap_fdiv_14_no_dsp_32_u/U0/i_synth/DIV_OP.SPD.OP/ROUND/EXP_RND2_DELAY.EXP_OFF_RND_DEL'
INFO: [Synth 8-223] decloning instance 'inst/mean_sitofp_64ns_dEe_U3/mean_ap_sitofp_4_no_dsp_64_u/U0/i_synth/DELAY_INVALID_OP' (delay__parameterized0) to 'inst/mean_sitofp_64ns_dEe_U3/mean_ap_sitofp_4_no_dsp_64_u/U0/i_synth/DELAY_DIVIDE_BY_ZERO'
INFO: [Synth 8-223] decloning instance 'inst/mean_sitofp_64ns_dEe_U3/mean_ap_sitofp_4_no_dsp_64_u/U0/i_synth/DELAY_INVALID_OP' (delay__parameterized0) to 'inst/mean_sitofp_64ns_dEe_U3/mean_ap_sitofp_4_no_dsp_64_u/U0/i_synth/DELAY_OVERFLOW'
INFO: [Synth 8-223] decloning instance 'inst/mean_sitofp_64ns_dEe_U3/mean_ap_sitofp_4_no_dsp_64_u/U0/i_synth/DELAY_INVALID_OP' (delay__parameterized0) to 'inst/mean_sitofp_64ns_dEe_U3/mean_ap_sitofp_4_no_dsp_64_u/U0/i_synth/DELAY_UNDERFLOW'
INFO: [Synth 8-223] decloning instance 'inst/mean_sitofp_64ns_dEe_U3/mean_ap_sitofp_4_no_dsp_64_u/U0/i_synth/DELAY_INVALID_OP' (delay__parameterized0) to 'inst/mean_sitofp_64ns_dEe_U3/mean_ap_sitofp_4_no_dsp_64_u/U0/i_synth/DELAY_ACCUM_OVERFLOW'
INFO: [Synth 8-223] decloning instance 'inst/mean_sitofp_64ns_dEe_U3/mean_ap_sitofp_4_no_dsp_64_u/U0/i_synth/DELAY_INVALID_OP' (delay__parameterized0) to 'inst/mean_sitofp_64ns_dEe_U3/mean_ap_sitofp_4_no_dsp_64_u/U0/i_synth/DELAY_ACCUM_INPUT_OVERFLOW'
INFO: [Synth 8-223] decloning instance 'inst/mean_sitofp_64ns_dEe_U3/mean_ap_sitofp_4_no_dsp_64_u/U0/i_synth/FIX_TO_FLT_OP.SPD.OP/ROUND/EXTRA_LSB_BIT_DEL' (delay__parameterized0) to 'inst/mean_sitofp_64ns_dEe_U3/mean_ap_sitofp_4_no_dsp_64_u/U0/i_synth/FIX_TO_FLT_OP.SPD.OP/ROUND/EXTRA_LSB_RND1_DEL'
INFO: [Synth 8-223] decloning instance 'inst/mean_sitofp_64ns_dEe_U3/mean_ap_sitofp_4_no_dsp_64_u/U0/i_synth/FIX_TO_FLT_OP.SPD.OP/ROUND/EXP_INC_DELAY' (delay__parameterized0) to 'inst/mean_sitofp_64ns_dEe_U3/mean_ap_sitofp_4_no_dsp_64_u/U0/i_synth/FIX_TO_FLT_OP.SPD.OP/ROUND/EXP_INC_RND1_DELAY'
INFO: [Synth 8-223] decloning instance 'inst/mean_sitofp_64ns_dEe_U3/mean_ap_sitofp_4_no_dsp_64_u/U0/i_synth/FIX_TO_FLT_OP.SPD.OP/ROUND/NORMALIZE_DEL' (delay__parameterized53) to 'inst/mean_sitofp_64ns_dEe_U3/mean_ap_sitofp_4_no_dsp_64_u/U0/i_synth/FIX_TO_FLT_OP.SPD.OP/ROUND/NORMALIZE_RND1_DEL'
INFO: [Synth 8-223] decloning instance 'inst/mean_sitofp_64ns_dEe_U3/mean_ap_sitofp_4_no_dsp_64_u/U0/i_synth/FIX_TO_FLT_OP.SPD.OP/ROUND/EXP_IN_DELAY.EXP_IN_DEL' (delay__parameterized27) to 'inst/mean_sitofp_64ns_dEe_U3/mean_ap_sitofp_4_no_dsp_64_u/U0/i_synth/FIX_TO_FLT_OP.SPD.OP/ROUND/EXP_RND2_DELAY.EXP_RND_DEL'
INFO: [Synth 8-223] decloning instance 'inst/mean_sitofp_64ns_dEe_U3/mean_ap_sitofp_4_no_dsp_64_u/U0/i_synth/FIX_TO_FLT_OP.SPD.OP/ROUND/EXP_IN_DELAY.EXP_OFF_OP_DEL' (delay__parameterized27) to 'inst/mean_sitofp_64ns_dEe_U3/mean_ap_sitofp_4_no_dsp_64_u/U0/i_synth/FIX_TO_FLT_OP.SPD.OP/ROUND/EXP_RND2_DELAY.EXP_OFF_RND_DEL'

Report RTL Partitions: 
+-+--------------+------------+----------+
| |RTL Partition |Replication |Instances |
+-+--------------+------------+----------+
+-+--------------+------------+----------+
---------------------------------------------------------------------------------
Start RTL Component Statistics 
---------------------------------------------------------------------------------
---------------------------------------------------------------------------------
Finished RTL Component Statistics 
---------------------------------------------------------------------------------
---------------------------------------------------------------------------------
Start RTL Hierarchical Component Statistics 
---------------------------------------------------------------------------------
---------------------------------------------------------------------------------
Finished RTL Hierarchical Component Statistics
---------------------------------------------------------------------------------
---------------------------------------------------------------------------------
Start Part Resource Summary
---------------------------------------------------------------------------------
Part Resources:
DSPs: 220 (col length:60)
BRAMs: 280 (col length: RAMB18 60 RAMB36 30)
---------------------------------------------------------------------------------
Finished Part Resource Summary
---------------------------------------------------------------------------------
---------------------------------------------------------------------------------
Start Cross Boundary and Area Optimization
---------------------------------------------------------------------------------
Warning: Parallel synthesis criteria is not met 
INFO: [Synth 8-5546] ROM "ADDSUB_OP.ADDSUB/SPEED_OP.DSP.OP/DSP48E1_BODY.EXP/COND_DET_A/exp_all_one_ip" won't be mapped to RAM because it is too sparse
INFO: [Synth 8-5546] ROM "ADDSUB_OP.ADDSUB/SPEED_OP.DSP.OP/DSP48E1_BODY.EXP/COND_DET_A/exp_all_zero_ip" won't be mapped to RAM because it is too sparse
INFO: [Synth 8-5546] ROM "ADDSUB_OP.ADDSUB/SPEED_OP.DSP.OP/DSP48E1_BODY.EXP/COND_DET_B/exp_all_one_ip" won't be mapped to RAM because it is too sparse
INFO: [Synth 8-5546] ROM "ADDSUB_OP.ADDSUB/SPEED_OP.DSP.OP/DSP48E1_BODY.EXP/COND_DET_B/exp_all_zero_ip" won't be mapped to RAM because it is too sparse
INFO: [Synth 8-5546] ROM "ADDSUB_OP.ADDSUB/SPEED_OP.DSP.OP/DSP48E1_BODY.EXP/exp_over_int" won't be mapped to RAM because it is too sparse
INFO: [Synth 8-5546] ROM "ADDSUB_OP.ADDSUB/SPEED_OP.DSP.OP/DSP48E1_BODY.EXP/ip_sig" won't be mapped to RAM because it is too sparse
INFO: [Synth 8-5546] ROM "COND_DET_A/exp_all_one_ip" won't be mapped to RAM because it is too sparse
INFO: [Synth 8-5546] ROM "COND_DET_A/exp_all_zero_ip" won't be mapped to RAM because it is too sparse
INFO: [Synth 8-5546] ROM "COND_DET_B/exp_all_one_ip" won't be mapped to RAM because it is too sparse
INFO: [Synth 8-5546] ROM "COND_DET_B/exp_all_zero_ip" won't be mapped to RAM because it is too sparse
INFO: [Synth 8-5546] ROM "flow_sig" won't be mapped to RAM because it is too sparse
INFO: [Synth 8-5546] ROM "flow_sig" won't be mapped to RAM because it is too sparse
INFO: [Synth 8-5544] ROM "FIX_TO_FLT_OP.SPD.OP/LZE/enc_chunk" won't be mapped to Block RAM because address size (4) smaller than threshold (5)
INFO: [Synth 8-5544] ROM "FIX_TO_FLT_OP.SPD.OP/LZE/enc_chunk" won't be mapped to Block RAM because address size (4) smaller than threshold (5)
INFO: [Synth 8-5544] ROM "FIX_TO_FLT_OP.SPD.OP/LZE/enc_chunk" won't be mapped to Block RAM because address size (4) smaller than threshold (5)
INFO: [Synth 8-5544] ROM "FIX_TO_FLT_OP.SPD.OP/LZE/enc_chunk" won't be mapped to Block RAM because address size (4) smaller than threshold (5)
INFO: [Synth 8-5544] ROM "FIX_TO_FLT_OP.SPD.OP/LZE/enc_chunk" won't be mapped to Block RAM because address size (4) smaller than threshold (5)
INFO: [Synth 8-5544] ROM "FIX_TO_FLT_OP.SPD.OP/LZE/enc_chunk" won't be mapped to Block RAM because address size (4) smaller than threshold (5)
INFO: [Synth 8-5544] ROM "FIX_TO_FLT_OP.SPD.OP/LZE/enc_chunk" won't be mapped to Block RAM because address size (4) smaller than threshold (5)
INFO: [Synth 8-5544] ROM "FIX_TO_FLT_OP.SPD.OP/LZE/enc_chunk" won't be mapped to Block RAM because address size (4) smaller than threshold (5)
INFO: [Synth 8-5544] ROM "FIX_TO_FLT_OP.SPD.OP/LZE/enc_chunk" won't be mapped to Block RAM because address size (4) smaller than threshold (5)
INFO: [Synth 8-5544] ROM "FIX_TO_FLT_OP.SPD.OP/LZE/enc_chunk" won't be mapped to Block RAM because address size (4) smaller than threshold (5)
INFO: [Synth 8-5544] ROM "FIX_TO_FLT_OP.SPD.OP/LZE/enc_chunk" won't be mapped to Block RAM because address size (4) smaller than threshold (5)
INFO: [Synth 8-5544] ROM "FIX_TO_FLT_OP.SPD.OP/LZE/enc_chunk" won't be mapped to Block RAM because address size (4) smaller than threshold (5)
INFO: [Synth 8-5544] ROM "FIX_TO_FLT_OP.SPD.OP/LZE/enc_chunk" won't be mapped to Block RAM because address size (4) smaller than threshold (5)
INFO: [Synth 8-5544] ROM "FIX_TO_FLT_OP.SPD.OP/LZE/enc_chunk" won't be mapped to Block RAM because address size (4) smaller than threshold (5)
INFO: [Synth 8-5544] ROM "FIX_TO_FLT_OP.SPD.OP/LZE/enc_chunk" won't be mapped to Block RAM because address size (4) smaller than threshold (5)
INFO: [Synth 8-5544] ROM "FIX_TO_FLT_OP.SPD.OP/LZE/enc_chunk" won't be mapped to Block RAM because address size (4) smaller than threshold (5)
INFO: [Synth 8-4471] merging register 'mean_fdiv_32ns_32cud_U2/ce_r_reg' into 'mean_fadd_32ns_32bkb_U1/ce_r_reg' [e:/MyPYNQ/PL_CONV/PL_CONV.srcs/sources_1/bd/system/ipshared/e61c/hdl/verilog/mean_fdiv_32ns_32cud.v:53]
INFO: [Synth 8-4471] merging register 'mean_fdiv_32ns_32cud_U2/din0_buf1_reg[31:0]' into 'mean_fadd_32ns_32bkb_U1/din0_buf1_reg[31:0]' [e:/MyPYNQ/PL_CONV/PL_CONV.srcs/sources_1/bd/system/ipshared/e61c/hdl/verilog/mean_fdiv_32ns_32cud.v:55]
INFO: [Synth 8-4471] merging register 'mean_fdiv_32ns_32cud_U2/din1_buf1_reg[31:0]' into 'mean_fadd_32ns_32bkb_U1/din1_buf1_reg[31:0]' [e:/MyPYNQ/PL_CONV/PL_CONV.srcs/sources_1/bd/system/ipshared/e61c/hdl/verilog/mean_fdiv_32ns_32cud.v:57]
WARNING: [Synth 8-6014] Unused sequential element mean_fdiv_32ns_32cud_U2/ce_r_reg was removed.  [e:/MyPYNQ/PL_CONV/PL_CONV.srcs/sources_1/bd/system/ipshared/e61c/hdl/verilog/mean_fdiv_32ns_32cud.v:53]
WARNING: [Synth 8-6014] Unused sequential element mean_fdiv_32ns_32cud_U2/din0_buf1_reg was removed.  [e:/MyPYNQ/PL_CONV/PL_CONV.srcs/sources_1/bd/system/ipshared/e61c/hdl/verilog/mean_fdiv_32ns_32cud.v:55]
WARNING: [Synth 8-6014] Unused sequential element mean_fdiv_32ns_32cud_U2/din1_buf1_reg was removed.  [e:/MyPYNQ/PL_CONV/PL_CONV.srcs/sources_1/bd/system/ipshared/e61c/hdl/verilog/mean_fdiv_32ns_32cud.v:57]
INFO: [Synth 8-5546] ROM "exitcond2_fu_322_p2" won't be mapped to RAM because it is too sparse
INFO: [Synth 8-5546] ROM "exitcond1_fu_310_p2" won't be mapped to RAM because it is too sparse
INFO: [Synth 8-3333] propagating constant 0 across sequential element (inst/\mean_sitofp_64ns_dEe_U3/mean_ap_sitofp_4_no_dsp_64_u/U0 /i_synth/\FIX_TO_FLT_OP.SPD.OP/NEED_Z_DET.Z_DET/ENCODE[1].DIST_OVER_DEL/i_pipe/opt_has_pipe.first_q_reg[0] )
INFO: [Synth 8-3886] merging instance 'inst/mean_sitofp_64ns_dEe_U3/din0_buf1_reg[60]' (FDE) to 'inst/mean_sitofp_64ns_dEe_U3/din0_buf1_reg[32]'
INFO: [Synth 8-3886] merging instance 'inst/mean_sitofp_64ns_dEe_U3/din0_buf1_reg[61]' (FDE) to 'inst/mean_sitofp_64ns_dEe_U3/din0_buf1_reg[32]'
INFO: [Synth 8-3886] merging instance 'inst/mean_sitofp_64ns_dEe_U3/din0_buf1_reg[62]' (FDE) to 'inst/mean_sitofp_64ns_dEe_U3/din0_buf1_reg[32]'
INFO: [Synth 8-3886] merging instance 'inst/mean_sitofp_64ns_dEe_U3/din0_buf1_reg[59]' (FDE) to 'inst/mean_sitofp_64ns_dEe_U3/din0_buf1_reg[32]'
INFO: [Synth 8-3886] merging instance 'inst/mean_sitofp_64ns_dEe_U3/din0_buf1_reg[56]' (FDE) to 'inst/mean_sitofp_64ns_dEe_U3/din0_buf1_reg[32]'
INFO: [Synth 8-3886] merging instance 'inst/mean_sitofp_64ns_dEe_U3/din0_buf1_reg[57]' (FDE) to 'inst/mean_sitofp_64ns_dEe_U3/din0_buf1_reg[32]'
INFO: [Synth 8-3886] merging instance 'inst/mean_sitofp_64ns_dEe_U3/din0_buf1_reg[58]' (FDE) to 'inst/mean_sitofp_64ns_dEe_U3/din0_buf1_reg[32]'
INFO: [Synth 8-3886] merging instance 'inst/mean_sitofp_64ns_dEe_U3/din0_buf1_reg[55]' (FDE) to 'inst/mean_sitofp_64ns_dEe_U3/din0_buf1_reg[32]'
INFO: [Synth 8-3886] merging instance 'inst/mean_sitofp_64ns_dEe_U3/din0_buf1_reg[52]' (FDE) to 'inst/mean_sitofp_64ns_dEe_U3/din0_buf1_reg[32]'
INFO: [Synth 8-3886] merging instance 'inst/mean_sitofp_64ns_dEe_U3/din0_buf1_reg[53]' (FDE) to 'inst/mean_sitofp_64ns_dEe_U3/din0_buf1_reg[32]'
INFO: [Synth 8-3886] merging instance 'inst/mean_sitofp_64ns_dEe_U3/din0_buf1_reg[54]' (FDE) to 'inst/mean_sitofp_64ns_dEe_U3/din0_buf1_reg[32]'
INFO: [Synth 8-3886] merging instance 'inst/mean_sitofp_64ns_dEe_U3/din0_buf1_reg[51]' (FDE) to 'inst/mean_sitofp_64ns_dEe_U3/din0_buf1_reg[32]'
INFO: [Synth 8-3886] merging instance 'inst/mean_sitofp_64ns_dEe_U3/din0_buf1_reg[48]' (FDE) to 'inst/mean_sitofp_64ns_dEe_U3/din0_buf1_reg[32]'
INFO: [Synth 8-3886] merging instance 'inst/mean_sitofp_64ns_dEe_U3/din0_buf1_reg[49]' (FDE) to 'inst/mean_sitofp_64ns_dEe_U3/din0_buf1_reg[32]'
INFO: [Synth 8-3886] merging instance 'inst/mean_sitofp_64ns_dEe_U3/din0_buf1_reg[50]' (FDE) to 'inst/mean_sitofp_64ns_dEe_U3/din0_buf1_reg[32]'
INFO: [Synth 8-3886] merging instance 'inst/mean_sitofp_64ns_dEe_U3/din0_buf1_reg[47]' (FDE) to 'inst/mean_sitofp_64ns_dEe_U3/din0_buf1_reg[32]'
INFO: [Synth 8-3886] merging instance 'inst/mean_sitofp_64ns_dEe_U3/din0_buf1_reg[44]' (FDE) to 'inst/mean_sitofp_64ns_dEe_U3/din0_buf1_reg[32]'
INFO: [Synth 8-3886] merging instance 'inst/mean_sitofp_64ns_dEe_U3/din0_buf1_reg[45]' (FDE) to 'inst/mean_sitofp_64ns_dEe_U3/din0_buf1_reg[32]'
INFO: [Synth 8-3886] merging instance 'inst/mean_sitofp_64ns_dEe_U3/din0_buf1_reg[46]' (FDE) to 'inst/mean_sitofp_64ns_dEe_U3/din0_buf1_reg[32]'
INFO: [Synth 8-3886] merging instance 'inst/mean_sitofp_64ns_dEe_U3/din0_buf1_reg[43]' (FDE) to 'inst/mean_sitofp_64ns_dEe_U3/din0_buf1_reg[32]'
INFO: [Synth 8-3886] merging instance 'inst/mean_sitofp_64ns_dEe_U3/din0_buf1_reg[40]' (FDE) to 'inst/mean_sitofp_64ns_dEe_U3/din0_buf1_reg[32]'
INFO: [Synth 8-3886] merging instance 'inst/mean_sitofp_64ns_dEe_U3/din0_buf1_reg[41]' (FDE) to 'inst/mean_sitofp_64ns_dEe_U3/din0_buf1_reg[32]'
INFO: [Synth 8-3886] merging instance 'inst/mean_sitofp_64ns_dEe_U3/din0_buf1_reg[42]' (FDE) to 'inst/mean_sitofp_64ns_dEe_U3/din0_buf1_reg[32]'
INFO: [Synth 8-3886] merging instance 'inst/mean_sitofp_64ns_dEe_U3/din0_buf1_reg[39]' (FDE) to 'inst/mean_sitofp_64ns_dEe_U3/din0_buf1_reg[32]'
INFO: [Synth 8-3886] merging instance 'inst/mean_sitofp_64ns_dEe_U3/din0_buf1_reg[36]' (FDE) to 'inst/mean_sitofp_64ns_dEe_U3/din0_buf1_reg[32]'
INFO: [Synth 8-3886] merging instance 'inst/mean_sitofp_64ns_dEe_U3/din0_buf1_reg[37]' (FDE) to 'inst/mean_sitofp_64ns_dEe_U3/din0_buf1_reg[32]'
INFO: [Synth 8-3886] merging instance 'inst/mean_sitofp_64ns_dEe_U3/din0_buf1_reg[38]' (FDE) to 'inst/mean_sitofp_64ns_dEe_U3/din0_buf1_reg[32]'
INFO: [Synth 8-3886] merging instance 'inst/mean_sitofp_64ns_dEe_U3/din0_buf1_reg[35]' (FDE) to 'inst/mean_sitofp_64ns_dEe_U3/din0_buf1_reg[32]'
INFO: [Synth 8-3886] merging instance 'inst/mean_sitofp_64ns_dEe_U3/din0_buf1_reg[32]' (FDE) to 'inst/mean_sitofp_64ns_dEe_U3/din0_buf1_reg[33]'
INFO: [Synth 8-3886] merging instance 'inst/mean_sitofp_64ns_dEe_U3/din0_buf1_reg[33]' (FDE) to 'inst/mean_sitofp_64ns_dEe_U3/din0_buf1_reg[34]'
INFO: [Synth 8-3886] merging instance 'inst/mean_sitofp_64ns_dEe_U3/din0_buf1_reg[34]' (FDE) to 'inst/mean_sitofp_64ns_dEe_U3/din0_buf1_reg[63]'
INFO: [Synth 8-3886] merging instance 'inst/mean_fdiv_32ns_32cud_U2/mean_ap_fdiv_14_no_dsp_32_u/U0/i_synth/DIV_OP.SPD.OP/MANT_DIV/MSB_DEL/i_pipe/opt_has_pipe.first_q_reg[0]' (FDE) to 'inst/mean_fdiv_32ns_32cud_U2/mean_ap_fdiv_14_no_dsp_32_u/U0/i_synth/DIV_OP.SPD.OP/MANT_DIV/RT[1].Q_DEL/i_pipe/opt_has_pipe.first_q_reg[0]'
INFO: [Synth 8-3333] propagating constant 1 across sequential element (inst/\mean_fadd_32ns_32bkb_U1/ce_r_reg )
INFO: [Synth 8-3332] Sequential element (ADDSUB_OP.ADDSUB/SPEED_OP.DSP.OP/DSP48E1_BODY.NORM_RND/FULL_USAGE_DSP.LOD/dist_norm_reg[1]) is unused and will be removed from module floating_point_v7_1_6_viv.
INFO: [Synth 8-3332] Sequential element (ADDSUB_OP.ADDSUB/SPEED_OP.DSP.OP/DSP48E1_BODY.NORM_RND/FULL_USAGE_DSP.LOD/dist_norm_reg[0]) is unused and will be removed from module floating_point_v7_1_6_viv.
INFO: [Synth 8-3332] Sequential element (i_nd_to_rdy/opt_has_pipe.i_pipe[2].pipe_reg[2][0]) is unused and will be removed from module floating_point_v7_1_6_viv.
INFO: [Synth 8-3332] Sequential element (i_nd_to_rdy/opt_has_pipe.i_pipe[3].pipe_reg[3][0]) is unused and will be removed from module floating_point_v7_1_6_viv.
INFO: [Synth 8-3332] Sequential element (i_nd_to_rdy/opt_has_pipe.i_pipe[2].pipe_reg[2][0]) is unused and will be removed from module floating_point_v7_1_6_viv__parameterized1.
INFO: [Synth 8-3332] Sequential element (i_nd_to_rdy/opt_has_pipe.i_pipe[3].pipe_reg[3][0]) is unused and will be removed from module floating_point_v7_1_6_viv__parameterized1.
INFO: [Synth 8-3332] Sequential element (i_nd_to_rdy/opt_has_pipe.i_pipe[4].pipe_reg[4][0]) is unused and will be removed from module floating_point_v7_1_6_viv__parameterized1.
INFO: [Synth 8-3332] Sequential element (i_nd_to_rdy/opt_has_pipe.i_pipe[5].pipe_reg[5][0]) is unused and will be removed from module floating_point_v7_1_6_viv__parameterized1.
INFO: [Synth 8-3332] Sequential element (i_nd_to_rdy/opt_has_pipe.i_pipe[6].pipe_reg[6][0]) is unused and will be removed from module floating_point_v7_1_6_viv__parameterized1.
INFO: [Synth 8-3332] Sequential element (i_nd_to_rdy/opt_has_pipe.i_pipe[7].pipe_reg[7][0]) is unused and will be removed from module floating_point_v7_1_6_viv__parameterized1.
INFO: [Synth 8-3332] Sequential element (i_nd_to_rdy/opt_has_pipe.i_pipe[8].pipe_reg[8][0]) is unused and will be removed from module floating_point_v7_1_6_viv__parameterized1.
INFO: [Synth 8-3332] Sequential element (i_nd_to_rdy/opt_has_pipe.i_pipe[9].pipe_reg[9][0]) is unused and will be removed from module floating_point_v7_1_6_viv__parameterized1.
INFO: [Synth 8-3332] Sequential element (i_nd_to_rdy/opt_has_pipe.i_pipe[10].pipe_reg[10][0]) is unused and will be removed from module floating_point_v7_1_6_viv__parameterized1.
INFO: [Synth 8-3332] Sequential element (i_nd_to_rdy/opt_has_pipe.i_pipe[11].pipe_reg[11][0]) is unused and will be removed from module floating_point_v7_1_6_viv__parameterized1.
INFO: [Synth 8-3332] Sequential element (i_nd_to_rdy/opt_has_pipe.i_pipe[12].pipe_reg[12][0]) is unused and will be removed from module floating_point_v7_1_6_viv__parameterized1.
INFO: [Synth 8-3332] Sequential element (i_nd_to_rdy/opt_has_pipe.i_pipe[13].pipe_reg[13][0]) is unused and will be removed from module floating_point_v7_1_6_viv__parameterized1.
INFO: [Synth 8-3332] Sequential element (i_nd_to_rdy/opt_has_pipe.i_pipe[14].pipe_reg[14][0]) is unused and will be removed from module floating_point_v7_1_6_viv__parameterized1.
INFO: [Synth 8-3332] Sequential element (DIV_OP.SPD.OP/EXP/SIGN_RND_DEL/i_pipe/opt_has_pipe.i_pipe[2].pipe_reg[2][0]) is unused and will be removed from module floating_point_v7_1_6_viv__parameterized1.
INFO: [Synth 8-3332] Sequential element (DIV_OP.SPD.OP/EXP/SIGN_RND_DEL/i_pipe/opt_has_pipe.i_pipe[3].pipe_reg[3][0]) is unused and will be removed from module floating_point_v7_1_6_viv__parameterized1.
INFO: [Synth 8-3332] Sequential element (DIV_OP.SPD.OP/EXP/SIGN_RND_DEL/i_pipe/opt_has_pipe.i_pipe[4].pipe_reg[4][0]) is unused and will be removed from module floating_point_v7_1_6_viv__parameterized1.
INFO: [Synth 8-3332] Sequential element (DIV_OP.SPD.OP/EXP/SIGN_RND_DEL/i_pipe/opt_has_pipe.i_pipe[5].pipe_reg[5][0]) is unused and will be removed from module floating_point_v7_1_6_viv__parameterized1.
INFO: [Synth 8-3332] Sequential element (DIV_OP.SPD.OP/EXP/SIGN_RND_DEL/i_pipe/opt_has_pipe.i_pipe[6].pipe_reg[6][0]) is unused and will be removed from module floating_point_v7_1_6_viv__parameterized1.
INFO: [Synth 8-3332] Sequential element (DIV_OP.SPD.OP/EXP/SIGN_RND_DEL/i_pipe/opt_has_pipe.i_pipe[7].pipe_reg[7][0]) is unused and will be removed from module floating_point_v7_1_6_viv__parameterized1.
INFO: [Synth 8-3332] Sequential element (DIV_OP.SPD.OP/EXP/SIGN_RND_DEL/i_pipe/opt_has_pipe.i_pipe[8].pipe_reg[8][0]) is unused and will be removed from module floating_point_v7_1_6_viv__parameterized1.
INFO: [Synth 8-3332] Sequential element (DIV_OP.SPD.OP/EXP/SIGN_RND_DEL/i_pipe/opt_has_pipe.i_pipe[9].pipe_reg[9][0]) is unused and will be removed from module floating_point_v7_1_6_viv__parameterized1.
INFO: [Synth 8-3332] Sequential element (DIV_OP.SPD.OP/EXP/SIGN_RND_DEL/i_pipe/opt_has_pipe.i_pipe[10].pipe_reg[10][0]) is unused and will be removed from module floating_point_v7_1_6_viv__parameterized1.
INFO: [Synth 8-3332] Sequential element (DIV_OP.SPD.OP/EXP/SIGN_RND_DEL/i_pipe/opt_has_pipe.i_pipe[11].pipe_reg[11][0]) is unused and will be removed from module floating_point_v7_1_6_viv__parameterized1.
INFO: [Synth 8-3332] Sequential element (DIV_OP.SPD.OP/EXP/SIGN_RND_DEL/i_pipe/opt_has_pipe.i_pipe[12].pipe_reg[12][0]) is unused and will be removed from module floating_point_v7_1_6_viv__parameterized1.
INFO: [Synth 8-3332] Sequential element (DIV_OP.SPD.OP/EXP/SIGN_RND_DEL/i_pipe/opt_has_pipe.i_pipe[13].pipe_reg[13][0]) is unused and will be removed from module floating_point_v7_1_6_viv__parameterized1.
INFO: [Synth 8-3332] Sequential element (DIV_OP.SPD.OP/EXP/INV_OP_DEL/i_pipe/opt_has_pipe.i_pipe[2].pipe_reg[2][0]) is unused and will be removed from module floating_point_v7_1_6_viv__parameterized1.
INFO: [Synth 8-3332] Sequential element (DIV_OP.SPD.OP/EXP/INV_OP_DEL/i_pipe/opt_has_pipe.i_pipe[3].pipe_reg[3][0]) is unused and will be removed from module floating_point_v7_1_6_viv__parameterized1.
INFO: [Synth 8-3332] Sequential element (DIV_OP.SPD.OP/EXP/INV_OP_DEL/i_pipe/opt_has_pipe.i_pipe[4].pipe_reg[4][0]) is unused and will be removed from module floating_point_v7_1_6_viv__parameterized1.
INFO: [Synth 8-3332] Sequential element (DIV_OP.SPD.OP/EXP/INV_OP_DEL/i_pipe/opt_has_pipe.i_pipe[5].pipe_reg[5][0]) is unused and will be removed from module floating_point_v7_1_6_viv__parameterized1.
INFO: [Synth 8-3332] Sequential element (DIV_OP.SPD.OP/EXP/INV_OP_DEL/i_pipe/opt_has_pipe.i_pipe[6].pipe_reg[6][0]) is unused and will be removed from module floating_point_v7_1_6_viv__parameterized1.
INFO: [Synth 8-3332] Sequential element (DIV_OP.SPD.OP/EXP/INV_OP_DEL/i_pipe/opt_has_pipe.i_pipe[7].pipe_reg[7][0]) is unused and will be removed from module floating_point_v7_1_6_viv__parameterized1.
INFO: [Synth 8-3332] Sequential element (DIV_OP.SPD.OP/EXP/INV_OP_DEL/i_pipe/opt_has_pipe.i_pipe[8].pipe_reg[8][0]) is unused and will be removed from module floating_point_v7_1_6_viv__parameterized1.
INFO: [Synth 8-3332] Sequential element (DIV_OP.SPD.OP/EXP/INV_OP_DEL/i_pipe/opt_has_pipe.i_pipe[9].pipe_reg[9][0]) is unused and will be removed from module floating_point_v7_1_6_viv__parameterized1.
INFO: [Synth 8-3332] Sequential element (DIV_OP.SPD.OP/EXP/INV_OP_DEL/i_pipe/opt_has_pipe.i_pipe[10].pipe_reg[10][0]) is unused and will be removed from module floating_point_v7_1_6_viv__parameterized1.
INFO: [Synth 8-3332] Sequential element (DIV_OP.SPD.OP/EXP/INV_OP_DEL/i_pipe/opt_has_pipe.i_pipe[11].pipe_reg[11][0]) is unused and will be removed from module floating_point_v7_1_6_viv__parameterized1.
INFO: [Synth 8-3332] Sequential element (DIV_OP.SPD.OP/EXP/INV_OP_DEL/i_pipe/opt_has_pipe.i_pipe[12].pipe_reg[12][0]) is unused and will be removed from module floating_point_v7_1_6_viv__parameterized1.
INFO: [Synth 8-3332] Sequential element (DIV_OP.SPD.OP/EXP/INV_OP_DEL/i_pipe/opt_has_pipe.i_pipe[13].pipe_reg[13][0]) is unused and will be removed from module floating_point_v7_1_6_viv__parameterized1.
INFO: [Synth 8-3332] Sequential element (DIV_OP.SPD.OP/EXP/DIV_BY_ZERO_DEL/i_pipe/opt_has_pipe.i_pipe[2].pipe_reg[2][0]) is unused and will be removed from module floating_point_v7_1_6_viv__parameterized1.
INFO: [Synth 8-3332] Sequential element (DIV_OP.SPD.OP/EXP/DIV_BY_ZERO_DEL/i_pipe/opt_has_pipe.i_pipe[3].pipe_reg[3][0]) is unused and will be removed from module floating_point_v7_1_6_viv__parameterized1.
INFO: [Synth 8-3332] Sequential element (DIV_OP.SPD.OP/EXP/DIV_BY_ZERO_DEL/i_pipe/opt_has_pipe.i_pipe[4].pipe_reg[4][0]) is unused and will be removed from module floating_point_v7_1_6_viv__parameterized1.
INFO: [Synth 8-3332] Sequential element (DIV_OP.SPD.OP/EXP/DIV_BY_ZERO_DEL/i_pipe/opt_has_pipe.i_pipe[5].pipe_reg[5][0]) is unused and will be removed from module floating_point_v7_1_6_viv__parameterized1.
INFO: [Synth 8-3332] Sequential element (DIV_OP.SPD.OP/EXP/DIV_BY_ZERO_DEL/i_pipe/opt_has_pipe.i_pipe[6].pipe_reg[6][0]) is unused and will be removed from module floating_point_v7_1_6_viv__parameterized1.
INFO: [Synth 8-3332] Sequential element (DIV_OP.SPD.OP/EXP/DIV_BY_ZERO_DEL/i_pipe/opt_has_pipe.i_pipe[7].pipe_reg[7][0]) is unused and will be removed from module floating_point_v7_1_6_viv__parameterized1.
INFO: [Synth 8-3332] Sequential element (DIV_OP.SPD.OP/EXP/DIV_BY_ZERO_DEL/i_pipe/opt_has_pipe.i_pipe[8].pipe_reg[8][0]) is unused and will be removed from module floating_point_v7_1_6_viv__parameterized1.
INFO: [Synth 8-3332] Sequential element (DIV_OP.SPD.OP/EXP/DIV_BY_ZERO_DEL/i_pipe/opt_has_pipe.i_pipe[9].pipe_reg[9][0]) is unused and will be removed from module floating_point_v7_1_6_viv__parameterized1.
INFO: [Synth 8-3332] Sequential element (DIV_OP.SPD.OP/EXP/DIV_BY_ZERO_DEL/i_pipe/opt_has_pipe.i_pipe[10].pipe_reg[10][0]) is unused and will be removed from module floating_point_v7_1_6_viv__parameterized1.
INFO: [Synth 8-3332] Sequential element (DIV_OP.SPD.OP/EXP/DIV_BY_ZERO_DEL/i_pipe/opt_has_pipe.i_pipe[11].pipe_reg[11][0]) is unused and will be removed from module floating_point_v7_1_6_viv__parameterized1.
INFO: [Synth 8-3332] Sequential element (DIV_OP.SPD.OP/EXP/DIV_BY_ZERO_DEL/i_pipe/opt_has_pipe.i_pipe[12].pipe_reg[12][0]) is unused and will be removed from module floating_point_v7_1_6_viv__parameterized1.
INFO: [Synth 8-3332] Sequential element (DIV_OP.SPD.OP/EXP/DIV_BY_ZERO_DEL/i_pipe/opt_has_pipe.i_pipe[13].pipe_reg[13][0]) is unused and will be removed from module floating_point_v7_1_6_viv__parameterized1.
INFO: [Synth 8-3332] Sequential element (DIV_OP.SPD.OP/EXP/SIGN_UP_DELAY/i_pipe/opt_has_pipe.i_pipe[2].pipe_reg[2][0]) is unused and will be removed from module floating_point_v7_1_6_viv__parameterized1.
INFO: [Synth 8-3332] Sequential element (DIV_OP.SPD.OP/EXP/SIGN_UP_DELAY/i_pipe/opt_has_pipe.i_pipe[3].pipe_reg[3][0]) is unused and will be removed from module floating_point_v7_1_6_viv__parameterized1.
INFO: [Synth 8-3332] Sequential element (DIV_OP.SPD.OP/EXP/SIGN_UP_DELAY/i_pipe/opt_has_pipe.i_pipe[4].pipe_reg[4][0]) is unused and will be removed from module floating_point_v7_1_6_viv__parameterized1.
INFO: [Synth 8-3332] Sequential element (DIV_OP.SPD.OP/EXP/SIGN_UP_DELAY/i_pipe/opt_has_pipe.i_pipe[5].pipe_reg[5][0]) is unused and will be removed from module floating_point_v7_1_6_viv__parameterized1.
INFO: [Synth 8-3332] Sequential element (DIV_OP.SPD.OP/EXP/SIGN_UP_DELAY/i_pipe/opt_has_pipe.i_pipe[6].pipe_reg[6][0]) is unused and will be removed from module floating_point_v7_1_6_viv__parameterized1.
INFO: [Synth 8-3332] Sequential element (DIV_OP.SPD.OP/EXP/SIGN_UP_DELAY/i_pipe/opt_has_pipe.i_pipe[7].pipe_reg[7][0]) is unused and will be removed from module floating_point_v7_1_6_viv__parameterized1.
INFO: [Synth 8-3332] Sequential element (DIV_OP.SPD.OP/EXP/SIGN_UP_DELAY/i_pipe/opt_has_pipe.i_pipe[8].pipe_reg[8][0]) is unused and will be removed from module floating_point_v7_1_6_viv__parameterized1.
INFO: [Synth 8-3332] Sequential element (DIV_OP.SPD.OP/EXP/SIGN_UP_DELAY/i_pipe/opt_has_pipe.i_pipe[9].pipe_reg[9][0]) is unused and will be removed from module floating_point_v7_1_6_viv__parameterized1.
INFO: [Synth 8-3332] Sequential element (DIV_OP.SPD.OP/EXP/SIGN_UP_DELAY/i_pipe/opt_has_pipe.i_pipe[10].pipe_reg[10][0]) is unused and will be removed from module floating_point_v7_1_6_viv__parameterized1.
INFO: [Synth 8-3332] Sequential element (DIV_OP.SPD.OP/EXP/SIGN_UP_DELAY/i_pipe/opt_has_pipe.i_pipe[11].pipe_reg[11][0]) is unused and will be removed from module floating_point_v7_1_6_viv__parameterized1.
INFO: [Synth 8-3332] Sequential element (DIV_OP.SPD.OP/EXP/SIGN_UP_DELAY/i_pipe/opt_has_pipe.i_pipe[12].pipe_reg[12][0]) is unused and will be removed from module floating_point_v7_1_6_viv__parameterized1.
INFO: [Synth 8-3332] Sequential element (DIV_OP.SPD.OP/EXP/FLOW_UP_DEL/i_pipe/opt_has_pipe.i_pipe[2].pipe_reg[2][3]) is unused and will be removed from module floating_point_v7_1_6_viv__parameterized1.
INFO: [Synth 8-3332] Sequential element (DIV_OP.SPD.OP/EXP/FLOW_UP_DEL/i_pipe/opt_has_pipe.i_pipe[2].pipe_reg[2][2]) is unused and will be removed from module floating_point_v7_1_6_viv__parameterized1.
INFO: [Synth 8-3332] Sequential element (DIV_OP.SPD.OP/EXP/FLOW_UP_DEL/i_pipe/opt_has_pipe.i_pipe[2].pipe_reg[2][1]) is unused and will be removed from module floating_point_v7_1_6_viv__parameterized1.
INFO: [Synth 8-3332] Sequential element (DIV_OP.SPD.OP/EXP/FLOW_UP_DEL/i_pipe/opt_has_pipe.i_pipe[2].pipe_reg[2][0]) is unused and will be removed from module floating_point_v7_1_6_viv__parameterized1.
INFO: [Synth 8-3332] Sequential element (DIV_OP.SPD.OP/EXP/FLOW_UP_DEL/i_pipe/opt_has_pipe.i_pipe[3].pipe_reg[3][3]) is unused and will be removed from module floating_point_v7_1_6_viv__parameterized1.
INFO: [Synth 8-3332] Sequential element (DIV_OP.SPD.OP/EXP/FLOW_UP_DEL/i_pipe/opt_has_pipe.i_pipe[3].pipe_reg[3][2]) is unused and will be removed from module floating_point_v7_1_6_viv__parameterized1.
INFO: [Synth 8-3332] Sequential element (DIV_OP.SPD.OP/EXP/FLOW_UP_DEL/i_pipe/opt_has_pipe.i_pipe[3].pipe_reg[3][1]) is unused and will be removed from module floating_point_v7_1_6_viv__parameterized1.
INFO: [Synth 8-3332] Sequential element (DIV_OP.SPD.OP/EXP/FLOW_UP_DEL/i_pipe/opt_has_pipe.i_pipe[3].pipe_reg[3][0]) is unused and will be removed from module floating_point_v7_1_6_viv__parameterized1.
INFO: [Synth 8-3332] Sequential element (DIV_OP.SPD.OP/EXP/FLOW_UP_DEL/i_pipe/opt_has_pipe.i_pipe[4].pipe_reg[4][3]) is unused and will be removed from module floating_point_v7_1_6_viv__parameterized1.
INFO: [Synth 8-3332] Sequential element (DIV_OP.SPD.OP/EXP/FLOW_UP_DEL/i_pipe/opt_has_pipe.i_pipe[4].pipe_reg[4][2]) is unused and will be removed from module floating_point_v7_1_6_viv__parameterized1.
INFO: [Synth 8-3332] Sequential element (DIV_OP.SPD.OP/EXP/FLOW_UP_DEL/i_pipe/opt_has_pipe.i_pipe[4].pipe_reg[4][1]) is unused and will be removed from module floating_point_v7_1_6_viv__parameterized1.
INFO: [Synth 8-3332] Sequential element (DIV_OP.SPD.OP/EXP/FLOW_UP_DEL/i_pipe/opt_has_pipe.i_pipe[4].pipe_reg[4][0]) is unused and will be removed from module floating_point_v7_1_6_viv__parameterized1.
INFO: [Synth 8-3332] Sequential element (DIV_OP.SPD.OP/EXP/FLOW_UP_DEL/i_pipe/opt_has_pipe.i_pipe[5].pipe_reg[5][3]) is unused and will be removed from module floating_point_v7_1_6_viv__parameterized1.
INFO: [Synth 8-3332] Sequential element (DIV_OP.SPD.OP/EXP/FLOW_UP_DEL/i_pipe/opt_has_pipe.i_pipe[5].pipe_reg[5][2]) is unused and will be removed from module floating_point_v7_1_6_viv__parameterized1.
INFO: [Synth 8-3332] Sequential element (DIV_OP.SPD.OP/EXP/FLOW_UP_DEL/i_pipe/opt_has_pipe.i_pipe[5].pipe_reg[5][1]) is unused and will be removed from module floating_point_v7_1_6_viv__parameterized1.
INFO: [Synth 8-3332] Sequential element (DIV_OP.SPD.OP/EXP/FLOW_UP_DEL/i_pipe/opt_has_pipe.i_pipe[5].pipe_reg[5][0]) is unused and will be removed from module floating_point_v7_1_6_viv__parameterized1.
INFO: [Synth 8-3332] Sequential element (DIV_OP.SPD.OP/EXP/FLOW_UP_DEL/i_pipe/opt_has_pipe.i_pipe[6].pipe_reg[6][3]) is unused and will be removed from module floating_point_v7_1_6_viv__parameterized1.
INFO: [Synth 8-3332] Sequential element (DIV_OP.SPD.OP/EXP/FLOW_UP_DEL/i_pipe/opt_has_pipe.i_pipe[6].pipe_reg[6][2]) is unused and will be removed from module floating_point_v7_1_6_viv__parameterized1.
INFO: [Synth 8-3332] Sequential element (DIV_OP.SPD.OP/EXP/FLOW_UP_DEL/i_pipe/opt_has_pipe.i_pipe[6].pipe_reg[6][1]) is unused and will be removed from module floating_point_v7_1_6_viv__parameterized1.
INFO: [Synth 8-3332] Sequential element (DIV_OP.SPD.OP/EXP/FLOW_UP_DEL/i_pipe/opt_has_pipe.i_pipe[6].pipe_reg[6][0]) is unused and will be removed from module floating_point_v7_1_6_viv__parameterized1.
INFO: [Synth 8-3332] Sequential element (DIV_OP.SPD.OP/EXP/FLOW_UP_DEL/i_pipe/opt_has_pipe.i_pipe[7].pipe_reg[7][3]) is unused and will be removed from module floating_point_v7_1_6_viv__parameterized1.
INFO: [Synth 8-3332] Sequential element (DIV_OP.SPD.OP/EXP/FLOW_UP_DEL/i_pipe/opt_has_pipe.i_pipe[7].pipe_reg[7][2]) is unused and will be removed from module floating_point_v7_1_6_viv__parameterized1.
INFO: [Synth 8-3332] Sequential element (DIV_OP.SPD.OP/EXP/FLOW_UP_DEL/i_pipe/opt_has_pipe.i_pipe[7].pipe_reg[7][1]) is unused and will be removed from module floating_point_v7_1_6_viv__parameterized1.
INFO: [Synth 8-3332] Sequential element (DIV_OP.SPD.OP/EXP/FLOW_UP_DEL/i_pipe/opt_has_pipe.i_pipe[7].pipe_reg[7][0]) is unused and will be removed from module floating_point_v7_1_6_viv__parameterized1.
INFO: [Synth 8-3332] Sequential element (DIV_OP.SPD.OP/EXP/FLOW_UP_DEL/i_pipe/opt_has_pipe.i_pipe[8].pipe_reg[8][3]) is unused and will be removed from module floating_point_v7_1_6_viv__parameterized1.
INFO: [Synth 8-3332] Sequential element (DIV_OP.SPD.OP/EXP/FLOW_UP_DEL/i_pipe/opt_has_pipe.i_pipe[8].pipe_reg[8][2]) is unused and will be removed from module floating_point_v7_1_6_viv__parameterized1.
INFO: [Synth 8-3332] Sequential element (DIV_OP.SPD.OP/EXP/FLOW_UP_DEL/i_pipe/opt_has_pipe.i_pipe[8].pipe_reg[8][1]) is unused and will be removed from module floating_point_v7_1_6_viv__parameterized1.
INFO: [Synth 8-3332] Sequential element (DIV_OP.SPD.OP/EXP/FLOW_UP_DEL/i_pipe/opt_has_pipe.i_pipe[8].pipe_reg[8][0]) is unused and will be removed from module floating_point_v7_1_6_viv__parameterized1.
INFO: [Synth 8-3332] Sequential element (DIV_OP.SPD.OP/EXP/FLOW_UP_DEL/i_pipe/opt_has_pipe.i_pipe[9].pipe_reg[9][3]) is unused and will be removed from module floating_point_v7_1_6_viv__parameterized1.
INFO: [Synth 8-3332] Sequential element (DIV_OP.SPD.OP/EXP/FLOW_UP_DEL/i_pipe/opt_has_pipe.i_pipe[9].pipe_reg[9][2]) is unused and will be removed from module floating_point_v7_1_6_viv__parameterized1.
INFO: [Synth 8-3332] Sequential element (DIV_OP.SPD.OP/EXP/FLOW_UP_DEL/i_pipe/opt_has_pipe.i_pipe[9].pipe_reg[9][1]) is unused and will be removed from module floating_point_v7_1_6_viv__parameterized1.
INFO: [Synth 8-3332] Sequential element (DIV_OP.SPD.OP/EXP/FLOW_UP_DEL/i_pipe/opt_has_pipe.i_pipe[9].pipe_reg[9][0]) is unused and will be removed from module floating_point_v7_1_6_viv__parameterized1.
INFO: [Synth 8-3332] Sequential element (DIV_OP.SPD.OP/EXP/FLOW_UP_DEL/i_pipe/opt_has_pipe.i_pipe[10].pipe_reg[10][3]) is unused and will be removed from module floating_point_v7_1_6_viv__parameterized1.
INFO: [Synth 8-3332] Sequential element (DIV_OP.SPD.OP/EXP/FLOW_UP_DEL/i_pipe/opt_has_pipe.i_pipe[10].pipe_reg[10][2]) is unused and will be removed from module floating_point_v7_1_6_viv__parameterized1.
INFO: [Synth 8-3332] Sequential element (DIV_OP.SPD.OP/EXP/FLOW_UP_DEL/i_pipe/opt_has_pipe.i_pipe[10].pipe_reg[10][1]) is unused and will be removed from module floating_point_v7_1_6_viv__parameterized1.
INFO: [Synth 8-3332] Sequential element (DIV_OP.SPD.OP/EXP/FLOW_UP_DEL/i_pipe/opt_has_pipe.i_pipe[10].pipe_reg[10][0]) is unused and will be removed from module floating_point_v7_1_6_viv__parameterized1.
INFO: [Common 17-14] Message 'Synth 8-3332' appears 100 times and further instances of the messages will be disabled. Use the Tcl command set_msg_config to change the current settings.
---------------------------------------------------------------------------------
Finished Cross Boundary and Area Optimization : Time (s): cpu = 00:01:11 ; elapsed = 00:01:20 . Memory (MB): peak = 854.559 ; gain = 501.254
---------------------------------------------------------------------------------

Report RTL Partitions: 
+-+--------------+------------+----------+
| |RTL Partition |Replication |Instances |
+-+--------------+------------+----------+
+-+--------------+------------+----------+
---------------------------------------------------------------------------------
Start Applying XDC Timing Constraints
---------------------------------------------------------------------------------
---------------------------------------------------------------------------------
Finished Applying XDC Timing Constraints : Time (s): cpu = 00:01:35 ; elapsed = 00:01:45 . Memory (MB): peak = 929.516 ; gain = 576.211
---------------------------------------------------------------------------------
---------------------------------------------------------------------------------
Start Timing Optimization
---------------------------------------------------------------------------------
---------------------------------------------------------------------------------
Finished Timing Optimization : Time (s): cpu = 00:01:36 ; elapsed = 00:01:47 . Memory (MB): peak = 952.785 ; gain = 599.480
---------------------------------------------------------------------------------

Report RTL Partitions: 
+-+--------------+------------+----------+
| |RTL Partition |Replication |Instances |
+-+--------------+------------+----------+
+-+--------------+------------+----------+
---------------------------------------------------------------------------------
Start Technology Mapping
---------------------------------------------------------------------------------
---------------------------------------------------------------------------------
Finished Technology Mapping : Time (s): cpu = 00:01:39 ; elapsed = 00:01:50 . Memory (MB): peak = 957.406 ; gain = 604.102
---------------------------------------------------------------------------------

Report RTL Partitions: 
+-+--------------+------------+----------+
| |RTL Partition |Replication |Instances |
+-+--------------+------------+----------+
+-+--------------+------------+----------+
---------------------------------------------------------------------------------
Start IO Insertion
---------------------------------------------------------------------------------
---------------------------------------------------------------------------------
Start Flattening Before IO Insertion
---------------------------------------------------------------------------------
---------------------------------------------------------------------------------
Finished Flattening Before IO Insertion
---------------------------------------------------------------------------------
---------------------------------------------------------------------------------
Start Final Netlist Cleanup
---------------------------------------------------------------------------------
---------------------------------------------------------------------------------
Finished Final Netlist Cleanup
---------------------------------------------------------------------------------
---------------------------------------------------------------------------------
Finished IO Insertion : Time (s): cpu = 00:01:41 ; elapsed = 00:01:52 . Memory (MB): peak = 957.406 ; gain = 604.102
---------------------------------------------------------------------------------

Report Check Netlist: 
+------+------------------+-------+---------+-------+------------------+
|      |Item              |Errors |Warnings |Status |Description       |
+------+------------------+-------+---------+-------+------------------+
|1     |multi_driven_nets |      0|        0|Passed |Multi driven nets |
+------+------------------+-------+---------+-------+------------------+
---------------------------------------------------------------------------------
Start Renaming Generated Instances
---------------------------------------------------------------------------------
---------------------------------------------------------------------------------
Finished Renaming Generated Instances : Time (s): cpu = 00:01:41 ; elapsed = 00:01:52 . Memory (MB): peak = 957.406 ; gain = 604.102
---------------------------------------------------------------------------------

Report RTL Partitions: 
+-+--------------+------------+----------+
| |RTL Partition |Replication |Instances |
+-+--------------+------------+----------+
+-+--------------+------------+----------+
---------------------------------------------------------------------------------
Start Rebuilding User Hierarchy
---------------------------------------------------------------------------------
---------------------------------------------------------------------------------
Finished Rebuilding User Hierarchy : Time (s): cpu = 00:01:42 ; elapsed = 00:01:53 . Memory (MB): peak = 957.406 ; gain = 604.102
---------------------------------------------------------------------------------
---------------------------------------------------------------------------------
Start Renaming Generated Ports
---------------------------------------------------------------------------------
---------------------------------------------------------------------------------
Finished Renaming Generated Ports : Time (s): cpu = 00:01:42 ; elapsed = 00:01:53 . Memory (MB): peak = 957.406 ; gain = 604.102
---------------------------------------------------------------------------------
---------------------------------------------------------------------------------
Start Handling Custom Attributes
---------------------------------------------------------------------------------
---------------------------------------------------------------------------------
Finished Handling Custom Attributes : Time (s): cpu = 00:01:43 ; elapsed = 00:01:53 . Memory (MB): peak = 957.406 ; gain = 604.102
---------------------------------------------------------------------------------
---------------------------------------------------------------------------------
Start Renaming Generated Nets
---------------------------------------------------------------------------------
---------------------------------------------------------------------------------
Finished Renaming Generated Nets : Time (s): cpu = 00:01:43 ; elapsed = 00:01:53 . Memory (MB): peak = 957.406 ; gain = 604.102
---------------------------------------------------------------------------------
---------------------------------------------------------------------------------
Start Writing Synthesis Report
---------------------------------------------------------------------------------

Report BlackBoxes: 
+-+--------------+----------+
| |BlackBox name |Instances |
+-+--------------+----------+
+-+--------------+----------+

Report Cell Usage: 
+------+----------+------+
|      |Cell      |Count |
+------+----------+------+
|1     |CARRY4    |    20|
|2     |DSP48E1   |     1|
|3     |DSP48E1_1 |     1|
|4     |LUT1      |    57|
|5     |LUT2      |   189|
|6     |LUT3      |   829|
|7     |LUT4      |   188|
|8     |LUT5      |   147|
|9     |LUT6      |   372|
|10    |MUXCY     |   885|
|11    |MUXF7     |     5|
|12    |SRL16E    |    34|
|13    |XORCY     |   786|
|14    |FDE       |    19|
|15    |FDRE      |  1737|
|16    |FDSE      |     1|
+------+----------+------+
---------------------------------------------------------------------------------
Finished Writing Synthesis Report : Time (s): cpu = 00:01:43 ; elapsed = 00:01:53 . Memory (MB): peak = 957.406 ; gain = 604.102
---------------------------------------------------------------------------------
Synthesis finished with 0 errors, 0 critical warnings and 333 warnings.
Synthesis Optimization Runtime : Time (s): cpu = 00:00:55 ; elapsed = 00:01:34 . Memory (MB): peak = 957.406 ; gain = 338.781
Synthesis Optimization Complete : Time (s): cpu = 00:01:43 ; elapsed = 00:01:54 . Memory (MB): peak = 957.406 ; gain = 604.102
INFO: [Project 1-571] Translating synthesized netlist
INFO: [Netlist 29-17] Analyzing 1717 Unisim elements for replacement
INFO: [Netlist 29-28] Unisim Transformation completed in 0 CPU seconds
INFO: [Project 1-570] Preparing netlist for logic optimization
INFO: [Opt 31-138] Pushed 0 inverter(s) to 0 load pin(s).
INFO: [Project 1-111] Unisim Transformation Summary:
  A total of 269 instances were transformed.
  (MUXCY,XORCY) => CARRY4: 250 instances
  FDE => FDRE: 19 instances

INFO: [Common 17-83] Releasing license: Synthesis
266 Infos, 107 Warnings, 0 Critical Warnings and 0 Errors encountered.
synth_design completed successfully
synth_design: Time (s): cpu = 00:01:50 ; elapsed = 00:02:01 . Memory (MB): peak = 957.406 ; gain = 615.574
WARNING: [Constraints 18-5210] No constraint will be written out.
INFO: [Common 17-1381] The checkpoint 'E:/MyPYNQ/PL_CONV/PL_CONV.runs/system_mean_0_1_synth_1/system_mean_0_1.dcp' has been generated.
