status is 1 
batch_size is 0 
Ker_DIM is 3 
In_CH is 1 
In_DIM is 28 
Out_CH is 16 
Out_DIM is 26 
144 results received 
status is 2 
batch_size is 0 
Ker_DIM is 3 
In_CH is 16 
In_DIM is 26 
Out_CH is 32 
Out_DIM is 24 
4608 results received 
status is 3 
batch_size is 0 
Ker_DIM is 8 
In_CH is 72 
In_DIM is 1 
Out_CH is 32 
Out_DIM is 1 
147456 results received 
status is 4 
batch_size is 0 
Ker_DIM is 2 
In_CH is 32 
In_DIM is 1 
Out_CH is 10 
Out_DIM is 1 
1280 results received 
status is 0 
batch_size is 1 
Ker_DIM is 0 
In_CH is 1 
In_DIM is 28 
Out_CH is 10 
Out_DIM is 1 
result is 0, last signal is 0 
result is 0, last signal is 0 
result is 0, last signal is 0 
result is 0, last signal is 0 
result is 0, last signal is 0 
result is 0, last signal is 0 
result is 0, last signal is 0 
result is 0, last signal is 0 
result is 0, last signal is 0 
result is 0, last signal is 1 
10 results received 
