#-----------------------------------------------------------
# Vivado v2018.2 (64-bit)
# SW Build 2258646 on Thu Jun 14 20:03:12 MDT 2018
# IP Build 2256618 on Thu Jun 14 22:10:49 MDT 2018
# Start of session at: Sun Apr 14 15:29:26 2019
# Process ID: 11396
# Current directory: E:/MyPYNQ/HLS/MEAN_HLS/solution1/impl/ip
# Command line: vivado.exe -notrace -mode batch -source run_ippack.tcl
# Log file: E:/MyPYNQ/HLS/MEAN_HLS/solution1/impl/ip/vivado.log
# Journal file: E:/MyPYNQ/HLS/MEAN_HLS/solution1/impl/ip\vivado.jou
#-----------------------------------------------------------
source run_ippack.tcl -notrace
create_project: Time (s): cpu = 00:00:02 ; elapsed = 00:00:07 . Memory (MB): peak = 303.449 ; gain = 72.043
INFO: [IP_Flow 19-234] Refreshing IP repositories
INFO: [IP_Flow 19-1704] No user IP repositories specified
INFO: [IP_Flow 19-2313] Loaded Vivado IP repository 'D:/Xilinx/Vivado/2018.2/data/ip'.
WARNING: [IP_Flow 19-4832] The IP name 'mean_ap_fadd_7_full_dsp_32' you have specified is long. The Windows operating system has path length limitations. It is recommended you use shorter names to reduce the likelihood of issues.
create_ip: Time (s): cpu = 00:00:06 ; elapsed = 00:00:13 . Memory (MB): peak = 345.410 ; gain = 41.961
INFO: [IP_Flow 19-1686] Generating 'Synthesis' target for IP 'mean_ap_fadd_7_full_dsp_32'...
INFO: [IP_Flow 19-1686] Generating 'Simulation' target for IP 'mean_ap_fadd_7_full_dsp_32'...
INFO: [IP_Flow 19-1686] Generating 'Synthesis' target for IP 'mean_ap_fdiv_28_no_dsp_32'...
INFO: [IP_Flow 19-1686] Generating 'Simulation' target for IP 'mean_ap_fdiv_28_no_dsp_32'...
WARNING: [IP_Flow 19-4832] The IP name 'mean_ap_sitofp_6_no_dsp_32' you have specified is long. The Windows operating system has path length limitations. It is recommended you use shorter names to reduce the likelihood of issues.
INFO: [IP_Flow 19-1686] Generating 'Synthesis' target for IP 'mean_ap_sitofp_6_no_dsp_32'...
INFO: [IP_Flow 19-1686] Generating 'Simulation' target for IP 'mean_ap_sitofp_6_no_dsp_32'...
INFO: [IP_Flow 19-234] Refreshing IP repositories
INFO: [IP_Flow 19-1704] No user IP repositories specified
INFO: [IP_Flow 19-2313] Loaded Vivado IP repository 'D:/Xilinx/Vivado/2018.2/data/ip'.
INFO: [Common 17-206] Exiting Vivado at Sun Apr 14 15:30:13 2019...
