15:44:27 INFO  : Registering command handlers for SDK TCF services
15:44:30 INFO  : Launching XSCT server: xsct.bat -interactive E:\MyPYNQ\PL_CONV\PL_CONV.sdk\temp_xsdb_launch_script.tcl
15:44:40 INFO  : XSCT server has started successfully.
15:44:49 INFO  : Processing command line option -hwspec E:/MyPYNQ/PL_CONV/PL_CONV.sdk/system_wrapper.hdf.
15:44:49 INFO  : Successfully done setting XSCT server connection channel  
15:44:49 INFO  : Successfully done setting SDK workspace  
16:16:01 INFO  : Connected to target on host '127.0.0.1' and port '3121'.
16:16:03 INFO  : 'targets -set -filter {jtag_cable_name =~ "Xilinx TUL 1234-tulA" && level==0} -index 1' command is executed.
16:16:05 INFO  : FPGA configured successfully with bitstream "E:/MyPYNQ/PL_CONV/PL_CONV.sdk/system_wrapper_hw_platform_0/system_wrapper.bit"
16:17:53 INFO  : 'targets -set -filter {jtag_cable_name =~ "Xilinx TUL 1234-tulA" && level==0} -index 1' command is executed.
16:17:53 INFO  : 'fpga -state' command is executed.
16:17:53 INFO  : Connected to target on host '127.0.0.1' and port '3121'.
16:17:54 INFO  : Jtag cable 'Xilinx TUL 1234-tulA' is selected.
16:17:54 INFO  : 'jtag frequency' command is executed.
16:17:54 INFO  : Sourcing of 'E:/MyPYNQ/PL_CONV/PL_CONV.sdk/system_wrapper_hw_platform_0/ps7_init.tcl' is done.
16:17:54 INFO  : Context for 'APU' is selected.
16:17:54 INFO  : Hardware design information is loaded from 'E:/MyPYNQ/PL_CONV/PL_CONV.sdk/system_wrapper_hw_platform_0/system.hdf'.
16:17:54 INFO  : 'configparams force-mem-access 1' command is executed.
16:17:54 INFO  : Context for 'APU' is selected.
16:17:54 INFO  : 'stop' command is executed.
16:17:55 INFO  : 'ps7_init' command is executed.
16:17:55 INFO  : 'ps7_post_config' command is executed.
16:17:55 INFO  : Context for processor 'ps7_cortexa9_0' is selected.
16:17:55 INFO  : Processor reset is completed for 'ps7_cortexa9_0'.
16:17:56 INFO  : Context for processor 'ps7_cortexa9_0' is selected.
16:17:56 INFO  : The application 'E:/MyPYNQ/PL_CONV/PL_CONV.sdk/MEAN_IP/Debug/MEAN_IP.elf' is downloaded to processor 'ps7_cortexa9_0'.
16:17:56 INFO  : 'configparams force-mem-access 0' command is executed.
16:17:56 INFO  : ----------------XSDB Script----------------
connect -url tcp:127.0.0.1:3121
source E:/MyPYNQ/PL_CONV/PL_CONV.sdk/system_wrapper_hw_platform_0/ps7_init.tcl
targets -set -nocase -filter {name =~"APU*" && jtag_cable_name =~ "Xilinx TUL 1234-tulA"} -index 0
loadhw -hw E:/MyPYNQ/PL_CONV/PL_CONV.sdk/system_wrapper_hw_platform_0/system.hdf -mem-ranges [list {0x40000000 0xbfffffff}]
configparams force-mem-access 1
targets -set -nocase -filter {name =~"APU*" && jtag_cable_name =~ "Xilinx TUL 1234-tulA"} -index 0
stop
ps7_init
ps7_post_config
targets -set -nocase -filter {name =~ "ARM*#0" && jtag_cable_name =~ "Xilinx TUL 1234-tulA"} -index 0
rst -processor
targets -set -nocase -filter {name =~ "ARM*#0" && jtag_cable_name =~ "Xilinx TUL 1234-tulA"} -index 0
dow E:/MyPYNQ/PL_CONV/PL_CONV.sdk/MEAN_IP/Debug/MEAN_IP.elf
configparams force-mem-access 0
----------------End of Script----------------

16:17:56 INFO  : Context for processor 'ps7_cortexa9_0' is selected.
16:17:56 INFO  : 'con' command is executed.
16:17:56 INFO  : ----------------XSDB Script (After Launch)----------------
targets -set -nocase -filter {name =~ "ARM*#0" && jtag_cable_name =~ "Xilinx TUL 1234-tulA"} -index 0
con
----------------End of Script----------------

16:17:56 INFO  : Disconnected from the channel tcfchan#1.
16:19:05 INFO  : 'targets -set -filter {jtag_cable_name =~ "Xilinx TUL 1234-tulA" && level==0} -index 1' command is executed.
16:19:05 INFO  : 'fpga -state' command is executed.
16:19:05 INFO  : Connected to target on host '127.0.0.1' and port '3121'.
16:19:06 INFO  : Jtag cable 'Xilinx TUL 1234-tulA' is selected.
16:19:06 INFO  : 'jtag frequency' command is executed.
16:19:06 INFO  : Sourcing of 'E:/MyPYNQ/PL_CONV/PL_CONV.sdk/system_wrapper_hw_platform_0/ps7_init.tcl' is done.
16:19:06 INFO  : Context for 'APU' is selected.
16:19:07 INFO  : Hardware design information is loaded from 'E:/MyPYNQ/PL_CONV/PL_CONV.sdk/system_wrapper_hw_platform_0/system.hdf'.
16:19:07 INFO  : 'configparams force-mem-access 1' command is executed.
16:19:07 INFO  : Context for 'APU' is selected.
16:19:07 INFO  : 'stop' command is executed.
16:19:07 INFO  : 'ps7_init' command is executed.
16:19:07 INFO  : 'ps7_post_config' command is executed.
16:19:07 INFO  : Context for processor 'ps7_cortexa9_0' is selected.
16:19:08 INFO  : Processor reset is completed for 'ps7_cortexa9_0'.
16:19:08 INFO  : Context for processor 'ps7_cortexa9_0' is selected.
16:19:09 INFO  : The application 'E:/MyPYNQ/PL_CONV/PL_CONV.sdk/MEAN_IP/Debug/MEAN_IP.elf' is downloaded to processor 'ps7_cortexa9_0'.
16:19:09 INFO  : 'configparams force-mem-access 0' command is executed.
16:19:09 INFO  : ----------------XSDB Script----------------
connect -url tcp:127.0.0.1:3121
source E:/MyPYNQ/PL_CONV/PL_CONV.sdk/system_wrapper_hw_platform_0/ps7_init.tcl
targets -set -nocase -filter {name =~"APU*" && jtag_cable_name =~ "Xilinx TUL 1234-tulA"} -index 0
loadhw -hw E:/MyPYNQ/PL_CONV/PL_CONV.sdk/system_wrapper_hw_platform_0/system.hdf -mem-ranges [list {0x40000000 0xbfffffff}]
configparams force-mem-access 1
targets -set -nocase -filter {name =~"APU*" && jtag_cable_name =~ "Xilinx TUL 1234-tulA"} -index 0
stop
ps7_init
ps7_post_config
targets -set -nocase -filter {name =~ "ARM*#0" && jtag_cable_name =~ "Xilinx TUL 1234-tulA"} -index 0
rst -processor
targets -set -nocase -filter {name =~ "ARM*#0" && jtag_cable_name =~ "Xilinx TUL 1234-tulA"} -index 0
dow E:/MyPYNQ/PL_CONV/PL_CONV.sdk/MEAN_IP/Debug/MEAN_IP.elf
configparams force-mem-access 0
----------------End of Script----------------

16:19:09 INFO  : Context for processor 'ps7_cortexa9_0' is selected.
16:19:09 INFO  : 'con' command is executed.
16:19:09 INFO  : ----------------XSDB Script (After Launch)----------------
targets -set -nocase -filter {name =~ "ARM*#0" && jtag_cable_name =~ "Xilinx TUL 1234-tulA"} -index 0
con
----------------End of Script----------------

16:19:09 INFO  : Disconnected from the channel tcfchan#2.
