

================================================================
== Vivado HLS Report for 'Conv_3'
================================================================
* Date:           Tue Jun 11 19:36:03 2019

* Version:        2018.2 (Build 2258646 on Thu Jun 14 20:25:20 MDT 2018)
* Project:        ULTRA_HLS
* Solution:       solution1
* Product family: zynq
* Target device:  xc7z020clg400-1


================================================================
== Performance Estimates
================================================================
+ Timing (ns): 
    * Summary: 
    +--------+-------+----------+------------+
    |  Clock | Target| Estimated| Uncertainty|
    +--------+-------+----------+------------+
    |ap_clk  |   5.00|     5.417|        0.63|
    +--------+-------+----------+------------+

+ Latency (clock cycles): 
    * Summary: 
    +-----+----------+-----+----------+---------+
    |     Latency    |    Interval    | Pipeline|
    | min |    max   | min |    max   |   Type  |
    +-----+----------+-----+----------+---------+
    |  433|  27235667|  433|  27235667|   none  |
    +-----+----------+-----+----------+---------+

    + Detail: 
        * Instance: 
        N/A

        * Loop: 
        +-------------+--------+----------+----------+-----------+-----------+-------------+----------+
        |             |      Latency      | Iteration|  Initiation Interval  |     Trip    |          |
        |  Loop Name  |   min  |    max   |  Latency |  achieved |   target  |    Count    | Pipelined|
        +-------------+--------+----------+----------+-----------+-----------+-------------+----------+
        |- Loop 1     |   12804|     12804|         6|          1|          1|        12800|    yes   |
        |- Loop 2     |      33|        33|         3|          1|          1|           32|    yes   |
        |- Loop 3     |  214454|  27235658|    214454|          -|          -|   1 ~ 127   |    no    |
        | + Loop 3.1  |    7060|      7060|         6|          1|          1|         7056|    yes   |
        | + Loop 3.2  |  207389|    207389|        35|          5|          1|        41472|    yes   |
        |- Loop 4     |     416|     18560|         2|          1|          1| 416 ~ 18560 |    yes   |
        +-------------+--------+----------+----------+-----------+-----------+-------------+----------+



================================================================
== Utilization Estimates
================================================================
* Summary: 
+-----------------+---------+-------+--------+-------+
|       Name      | BRAM_18K| DSP48E|   FF   |  LUT  |
+-----------------+---------+-------+--------+-------+
|DSP              |        -|      4|       -|      -|
|Expression       |        -|      0|       0|   2985|
|FIFO             |        -|      -|       -|      -|
|Instance         |        -|     11|     686|     52|
|Memory           |       31|      -|       8|      4|
|Multiplexer      |        -|      -|       -|   3294|
|Register         |        0|      -|    4269|    320|
+-----------------+---------+-------+--------+-------+
|Total            |       31|     15|    4963|   6655|
+-----------------+---------+-------+--------+-------+
|Available        |      280|    220|  106400|  53200|
+-----------------+---------+-------+--------+-------+
|Utilization (%)  |       11|      6|       4|     12|
+-----------------+---------+-------+--------+-------+

+ Detail: 
    * Instance: 
    +--------------------------+----------------------+---------+-------+-----+----+
    |         Instance         |        Module        | BRAM_18K| DSP48E|  FF | LUT|
    +--------------------------+----------------------+---------+-------+-----+----+
    |ultra_mul_32s_32sbkb_U37  |ultra_mul_32s_32sbkb  |        0|      4|  215|   1|
    |ultra_mul_35ns_33eOg_U39  |ultra_mul_35ns_33eOg  |        0|      4|  276|  40|
    |ultra_mul_8s_26s_dEe_U38  |ultra_mul_8s_26s_dEe  |        0|      3|  195|  11|
    +--------------------------+----------------------+---------+-------+-----+----+
    |Total                     |                      |        0|     11|  686|  52|
    +--------------------------+----------------------+---------+-------+-----+----+

    * DSP48: 
    +--------------------------+----------------------+--------------+
    |         Instance         |        Module        |  Expression  |
    +--------------------------+----------------------+--------------+
    |ultra_mac_muladd_fYi_U43  |ultra_mac_muladd_fYi  | i0 + i1 * i2 |
    |ultra_mac_muladd_xdS_U42  |ultra_mac_muladd_xdS  | i0 * i1 + i2 |
    |ultra_mul_mul_16scud_U40  |ultra_mul_mul_16scud  |    i0 * i0   |
    |ultra_mul_mul_16scud_U41  |ultra_mul_mul_16scud  |    i0 * i1   |
    +--------------------------+----------------------+--------------+

    * Memory: 
    +------------+-----------------+---------+---+----+------+-----+------+-------------+
    |   Memory   |      Module     | BRAM_18K| FF| LUT| Words| Bits| Banks| W*Bits*Banks|
    +------------+-----------------+---------+---+----+------+-----+------+-------------+
    |A_V_4167_U  |Conv_3_A_V_4167  |        1|  0|   0|   336|    8|     1|         2688|
    |A_V_6169_U  |Conv_3_A_V_4167  |        1|  0|   0|   336|    8|     1|         2688|
    |A_V_8_U     |Conv_3_A_V_4167  |        1|  0|   0|   336|    8|     1|         2688|
    |A_V_10_U    |Conv_3_A_V_4167  |        1|  0|   0|   336|    8|     1|         2688|
    |A_V_12_U    |Conv_3_A_V_4167  |        1|  0|   0|   336|    8|     1|         2688|
    |A_V_14_U    |Conv_3_A_V_4167  |        1|  0|   0|   336|    8|     1|         2688|
    |A_V_16_U    |Conv_3_A_V_4167  |        1|  0|   0|   336|    8|     1|         2688|
    |A_V_18_U    |Conv_3_A_V_4167  |        1|  0|   0|   336|    8|     1|         2688|
    |A_V_20_U    |Conv_3_A_V_4167  |        1|  0|   0|   336|    8|     1|         2688|
    |A_V_1164_U  |Conv_3_A_V_4167  |        1|  0|   0|   336|    8|     1|         2688|
    |A_V_3166_U  |Conv_3_A_V_4167  |        1|  0|   0|   336|    8|     1|         2688|
    |A_V_5168_U  |Conv_3_A_V_4167  |        1|  0|   0|   336|    8|     1|         2688|
    |A_V_7170_U  |Conv_3_A_V_4167  |        1|  0|   0|   336|    8|     1|         2688|
    |A_V_9_U     |Conv_3_A_V_4167  |        1|  0|   0|   336|    8|     1|         2688|
    |A_V_11_U    |Conv_3_A_V_4167  |        1|  0|   0|   336|    8|     1|         2688|
    |A_V_13_U    |Conv_3_A_V_4167  |        1|  0|   0|   336|    8|     1|         2688|
    |A_V_15_U    |Conv_3_A_V_4167  |        1|  0|   0|   336|    8|     1|         2688|
    |A_V_17_U    |Conv_3_A_V_4167  |        1|  0|   0|   336|    8|     1|         2688|
    |A_V_19_U    |Conv_3_A_V_4167  |        1|  0|   0|   336|    8|     1|         2688|
    |A_V_2165_U  |Conv_3_A_V_4167  |        1|  0|   0|   336|    8|     1|         2688|
    |A_V_0_U     |Conv_3_A_V_4167  |        1|  0|   0|   336|    8|     1|         2688|
    |B_V_0_U     |Conv_3_B_V_0     |        2|  0|   0|  2560|    8|     1|        20480|
    |B_V_1171_U  |Conv_3_B_V_0     |        2|  0|   0|  2560|    8|     1|        20480|
    |B_V_2172_U  |Conv_3_B_V_0     |        2|  0|   0|  2560|    8|     1|        20480|
    |B_V_3173_U  |Conv_3_B_V_0     |        2|  0|   0|  2560|    8|     1|        20480|
    |B_V_4174_U  |Conv_3_B_V_0     |        2|  0|   0|  2560|    8|     1|        20480|
    |bias_V_U    |Conv_3_bias_V    |        0|  8|   4|    32|    8|     1|          256|
    +------------+-----------------+---------+---+----+------+-----+------+-------------+
    |Total       |                 |       31|  8|   4| 19888|  216|    27|       159104|
    +------------+-----------------+---------+---+----+------+-----+------+-------------+

    * FIFO: 
    N/A

    * Expression: 
    +-----------------------------------+----------+-------+---+----+------------+------------+
    |           Variable Name           | Operation| DSP48E| FF| LUT| Bitwidth P0| Bitwidth P1|
    +-----------------------------------+----------+-------+---+----+------------+------------+
    |r_V_21_0_1_fu_3884_p2              |     *    |      0|  0|  41|           8|           8|
    |r_V_21_0_2_fu_3897_p2              |     *    |      0|  0|  41|           8|           8|
    |r_V_21_0_3_fu_3910_p2              |     *    |      0|  0|  41|           8|           8|
    |r_V_21_0_4_fu_3932_p2              |     *    |      0|  0|  41|           8|           8|
    |r_V_21_1_1_fu_3958_p2              |     *    |      0|  0|  41|           8|           8|
    |r_V_21_1_2_fu_3971_p2              |     *    |      0|  0|  41|           8|           8|
    |r_V_21_1_3_fu_3984_p2              |     *    |      0|  0|  41|           8|           8|
    |r_V_21_1_4_fu_4027_p2              |     *    |      0|  0|  41|           8|           8|
    |r_V_21_1_fu_3945_p2                |     *    |      0|  0|  41|           8|           8|
    |r_V_21_2_1_fu_4053_p2              |     *    |      0|  0|  41|           8|           8|
    |r_V_21_2_2_fu_4066_p2              |     *    |      0|  0|  41|           8|           8|
    |r_V_21_2_3_fu_4079_p2              |     *    |      0|  0|  41|           8|           8|
    |r_V_21_2_4_fu_4125_p2              |     *    |      0|  0|  41|           8|           8|
    |r_V_21_2_fu_4040_p2                |     *    |      0|  0|  41|           8|           8|
    |r_V_21_3_1_fu_4151_p2              |     *    |      0|  0|  41|           8|           8|
    |r_V_21_3_2_fu_4164_p2              |     *    |      0|  0|  41|           8|           8|
    |r_V_21_3_3_fu_4177_p2              |     *    |      0|  0|  41|           8|           8|
    |r_V_21_3_4_fu_4246_p2              |     *    |      0|  0|  41|           8|           8|
    |r_V_21_3_fu_4138_p2                |     *    |      0|  0|  41|           8|           8|
    |r_V_21_4_1_fu_4272_p2              |     *    |      0|  0|  41|           8|           8|
    |r_V_21_4_2_fu_4285_p2              |     *    |      0|  0|  41|           8|           8|
    |r_V_21_4_3_fu_4298_p2              |     *    |      0|  0|  41|           8|           8|
    |r_V_21_4_fu_4259_p2                |     *    |      0|  0|  41|           8|           8|
    |r_V_4_fu_3871_p2                   |     *    |      0|  0|  41|           8|           8|
    |tmp_114_fu_3591_p2                 |     *    |      0|  0|  17|           5|           5|
    |KER_bound_fu_3212_p2               |     +    |      0|  0|  39|          32|          32|
    |buf_V_8_4_4_fu_4454_p2             |     +    |      0|  0|  31|          24|          24|
    |i_17_fu_4890_p2                    |     +    |      0|  0|  15|           6|           1|
    |i_18_fu_4815_p2                    |     +    |      0|  0|  15|           6|           1|
    |i_19_fu_3538_p2                    |     +    |      0|  0|  15|           1|           6|
    |i_2_fu_3342_p2                     |     +    |      0|  0|  15|           5|           1|
    |i_fu_3225_p2                       |     +    |      0|  0|  38|          31|           1|
    |ia_1_fu_3388_p2                    |     +    |      0|  0|  15|           5|           2|
    |ia_4_mid1_fu_3644_p2               |     +    |      0|  0|  15|           3|           5|
    |ib_1_fu_3500_p2                    |     +    |      0|  0|  15|           2|           5|
    |indvar_flatten13_op_fu_4650_p2     |     +    |      0|  0|  17|          13|           1|
    |indvar_flatten44_op_fu_3264_p2     |     +    |      0|  0|  14|          10|           1|
    |indvar_flatten63_op_fu_3460_p2     |     +    |      0|  0|  13|          11|           1|
    |indvar_flatten78_op_fu_3466_p2     |     +    |      0|  0|  19|          14|           1|
    |indvar_flatten_next1_2_fu_3252_p2  |     +    |      0|  0|  17|          13|           1|
    |indvar_flatten_next1_5_fu_3400_p2  |     +    |      0|  0|  23|          16|           1|
    |indvar_flatten_next1_fu_4638_p2    |     +    |      0|  0|  19|          14|           1|
    |indvar_flatten_op_fu_4730_p2       |     +    |      0|  0|  13|          11|           1|
    |j_7_fu_4783_p2                     |     +    |      0|  0|  15|           1|           5|
    |j_8_fu_3278_p2                     |     +    |      0|  0|  15|           1|           5|
    |j_9_fu_3780_p2                     |     +    |      0|  0|  15|           5|           1|
    |k_4_fu_3315_p2                     |     +    |      0|  0|  15|           1|           5|
    |ka_3_fu_4736_p2                    |     +    |      0|  0|  13|           2|           4|
    |kb_2_fu_4699_p2                    |     +    |      0|  0|  13|           2|           4|
    |num_img_8_fu_3240_p2               |     +    |      0|  0|  21|          15|           1|
    |r_V_fu_4462_p2                     |     +    |      0|  0|  31|          24|          24|
    |tmp10_fu_4208_p2                   |     +    |      0|  0|  12|          17|          17|
    |tmp11_fu_4202_p2                   |     +    |      0|  0|  12|          17|          17|
    |tmp12_fu_4435_p2                   |     +    |      0|  0|  26|          19|          19|
    |tmp13_fu_4377_p2                   |     +    |      0|  0|  25|          18|          18|
    |tmp14_fu_4335_p2                   |     +    |      0|  0|  12|          17|          17|
    |tmp15_fu_4329_p2                   |     +    |      0|  0|  12|          17|          17|
    |tmp16_fu_4347_p2                   |     +    |      0|  0|  12|          17|          17|
    |tmp17_fu_4341_p2                   |     +    |      0|  0|  12|          17|          17|
    |tmp18_fu_4416_p2                   |     +    |      0|  0|  12|          18|          18|
    |tmp19_fu_4389_p2                   |     +    |      0|  0|  12|          17|          17|
    |tmp1_fu_4323_p2                    |     +    |      0|  0|  26|          19|          19|
    |tmp20_fu_4383_p2                   |     +    |      0|  0|  12|          17|          17|
    |tmp21_fu_4410_p2                   |     +    |      0|  0|  12|          18|          18|
    |tmp22_fu_4395_p2                   |     +    |      0|  0|  24|          17|          17|
    |tmp2_fu_4196_p2                    |     +    |      0|  0|  25|          18|          18|
    |tmp3_fu_3996_p2                    |     +    |      0|  0|  12|          17|          17|
    |tmp4_fu_3990_p2                    |     +    |      0|  0|  12|          17|          17|
    |tmp5_fu_4091_p2                    |     +    |      0|  0|  12|          17|          17|
    |tmp6_fu_4085_p2                    |     +    |      0|  0|  12|          17|          17|
    |tmp7_fu_4313_p2                    |     +    |      0|  0|  25|          18|          18|
    |tmp8_fu_4103_p2                    |     +    |      0|  0|  12|          17|          17|
    |tmp9_fu_4097_p2                    |     +    |      0|  0|  12|          17|          17|
    |tmp_100_fu_4860_p2                 |     +    |      0|  0|  12|          13|          13|
    |tmp_101_fu_4866_p2                 |     +    |      0|  0|  12|          13|          13|
    |tmp_117_fu_3660_p2                 |     +    |      0|  0|  14|          10|          10|
    |tmp_118_fu_3665_p2                 |     +    |      0|  0|  14|          10|          10|
    |tmp_119_fu_3744_p2                 |     +    |      0|  0|  14|          10|          10|
    |tmp_120_fu_3749_p2                 |     +    |      0|  0|  14|          10|          10|
    |tmp_121_fu_3670_p2                 |     +    |      0|  0|  14|          10|          10|
    |tmp_122_fu_3597_p2                 |     +    |      0|  0|  71|          64|          64|
    |tmp_123_fu_3682_p2                 |     +    |      0|  0|  17|          13|          13|
    |tmp_124_fu_3687_p2                 |     +    |      0|  0|  17|           1|          13|
    |tmp_125_fu_3770_p2                 |     +    |      0|  0|  17|           2|          13|
    |tmp_126_fu_3775_p2                 |     +    |      0|  0|  17|           2|          13|
    |tmp_128_fu_3831_p2                 |     +    |      0|  0|  17|           3|          13|
    |tmp_129_fu_4445_p2                 |     +    |      0|  0|  27|          20|          20|
    |tmp_243_1_mid2_v_fu_3628_p2        |     +    |      0|  0|  15|           5|           5|
    |tmp_96_fu_3382_p2                  |     +    |      0|  0|  15|           5|           3|
    |tmp_99_fu_4841_p2                  |     +    |      0|  0|  13|          11|          11|
    |neg_mul_fu_4571_p2                 |     -    |      0|  0|  74|           1|          67|
    |neg_ti_fu_4599_p2                  |     -    |      0|  0|  40|           1|          33|
    |p_neg_fu_4485_p2                   |     -    |      0|  0|  31|           1|          24|
    |p_neg_t_fu_4507_p2                 |     -    |      0|  0|  33|           1|          26|
    |ap_block_pp0_stage0_01001          |    and   |      0|  0|   2|           1|           1|
    |ap_block_pp1_stage0_11001          |    and   |      0|  0|   2|           1|           1|
    |ap_block_pp2_stage4_01001          |    and   |      0|  0|   2|           1|           1|
    |ap_block_pp3_stage0_01001          |    and   |      0|  0|   2|           1|           1|
    |ap_block_pp4_stage0_01001          |    and   |      0|  0|   2|           1|           1|
    |ap_block_state25_pp1_stage0_iter4  |    and   |      0|  0|   2|           1|           1|
    |ap_block_state62_pp2_stage4_iter6  |    and   |      0|  0|   2|           1|           1|
    |ap_condition_4067                  |    and   |      0|  0|   2|           1|           1|
    |ap_condition_4071                  |    and   |      0|  0|   2|           1|           1|
    |ap_condition_4074                  |    and   |      0|  0|   2|           1|           1|
    |ap_condition_4078                  |    and   |      0|  0|   2|           1|           1|
    |ap_condition_4081                  |    and   |      0|  0|   2|           1|           1|
    |ap_condition_4085                  |    and   |      0|  0|   2|           1|           1|
    |ap_condition_4088                  |    and   |      0|  0|   2|           1|           1|
    |ap_condition_4092                  |    and   |      0|  0|   2|           1|           1|
    |ap_condition_4095                  |    and   |      0|  0|   2|           1|           1|
    |ap_condition_4099                  |    and   |      0|  0|   2|           1|           1|
    |ap_condition_4102                  |    and   |      0|  0|   2|           1|           1|
    |ap_condition_4106                  |    and   |      0|  0|   2|           1|           1|
    |ap_condition_4109                  |    and   |      0|  0|   2|           1|           1|
    |ap_condition_4113                  |    and   |      0|  0|   2|           1|           1|
    |ap_condition_4116                  |    and   |      0|  0|   2|           1|           1|
    |ap_condition_4120                  |    and   |      0|  0|   2|           1|           1|
    |ap_condition_4123                  |    and   |      0|  0|   2|           1|           1|
    |ap_condition_4127                  |    and   |      0|  0|   2|           1|           1|
    |ap_condition_806                   |    and   |      0|  0|   2|           1|           1|
    |ap_condition_946                   |    and   |      0|  0|   2|           1|           1|
    |exitcond14_mid1_fu_4777_p2         |    and   |      0|  0|   2|           1|           1|
    |exitcond14_mid_fu_4755_p2          |    and   |      0|  0|   2|           1|           1|
    |exitcond15_mid_fu_3309_p2          |    and   |      0|  0|   2|           1|           1|
    |exitcond17_mid1_fu_3454_p2         |    and   |      0|  0|   2|           1|           1|
    |exitcond17_mid_fu_3424_p2          |    and   |      0|  0|   2|           1|           1|
    |exitcond_flatten65_m_fu_3436_p2    |    and   |      0|  0|   2|           1|           1|
    |exitcond_flatten_mid_fu_4693_p2    |    and   |      0|  0|   2|           1|           1|
    |exitcond10_fu_3303_p2              |   icmp   |      0|  0|  11|           5|           6|
    |exitcond11_fu_3418_p2              |   icmp   |      0|  0|  11|           5|           6|
    |exitcond9_fu_4749_p2               |   icmp   |      0|  0|  11|           6|           7|
    |exitcond_flatten10_fu_3258_p2      |   icmp   |      0|  0|  13|          10|           9|
    |exitcond_flatten11_fu_3394_p2      |   icmp   |      0|  0|  13|          16|          16|
    |exitcond_flatten12_fu_3406_p2      |   icmp   |      0|  0|  13|          14|          13|
    |exitcond_flatten13_fu_3430_p2      |   icmp   |      0|  0|  13|          11|          10|
    |exitcond_flatten7_fu_4644_p2       |   icmp   |      0|  0|  13|          13|          12|
    |exitcond_flatten8_fu_4687_p2       |   icmp   |      0|  0|  13|          11|          10|
    |exitcond_flatten9_fu_3246_p2       |   icmp   |      0|  0|  13|          13|          12|
    |exitcond_flatten_fu_4632_p2        |   icmp   |      0|  0|  13|          14|          13|
    |exitcond_fu_4884_p2                |   icmp   |      0|  0|  11|           6|           7|
    |ifzero_fu_3859_p2                  |   icmp   |      0|  0|  11|           5|           6|
    |tmp_85_fu_3184_p2                  |   icmp   |      0|  0|  13|          16|           1|
    |tmp_89_fu_3235_p2                  |   icmp   |      0|  0|  13|          16|          16|
    |tmp_90_fu_3220_p2                  |   icmp   |      0|  0|  18|          32|          32|
    |tmp_s_fu_3179_p2                   |   icmp   |      0|  0|  13|          16|           2|
    |ap_block_state1                    |    or    |      0|  0|   2|           1|           1|
    |ap_block_state18_pp0_stage0_iter1  |    or    |      0|  0|   2|           1|           1|
    |ap_block_state2                    |    or    |      0|  0|   2|           1|           1|
    |ap_block_state68_pp3_stage0_iter4  |    or    |      0|  0|   2|           1|           1|
    |ap_block_state72_pp4_stage0_iter1  |    or    |      0|  0|   2|           1|           1|
    |not_exitcond_flatten_1_fu_3448_p2  |    or    |      0|  0|   2|           1|           1|
    |not_exitcond_flatten_8_fu_4772_p2  |    or    |      0|  0|   2|           1|           1|
    |tmp_102_fu_3321_p2                 |    or    |      0|  0|   2|           1|           1|
    |tmp_105_fu_3506_p2                 |    or    |      0|  0|   2|           1|           1|
    |tmp_107_fu_3544_p2                 |    or    |      0|  0|   2|           1|           1|
    |tmp_113_fu_4794_p2                 |    or    |      0|  0|   2|           1|           1|
    |tmp_134_fu_3548_p2                 |    or    |      0|  0|   2|           1|           1|
    |tmp_243_3_mid2_v_fu_3696_p2        |    or    |      0|  0|   5|           5|           1|
    |tmp_246_0_35_t_fu_3487_p2          |    or    |      0|  0|   5|           5|           1|
    |tmp_246_0_35_t_mid1_fu_3518_p2     |    or    |      0|  0|   5|           5|           1|
    |tmp_95_fu_4705_p2                  |    or    |      0|  0|   2|           1|           1|
    |tmp_97_fu_4789_p2                  |    or    |      0|  0|   2|           1|           1|
    |Outbuf_V_fu_4624_p3                |  select  |      0|  0|  16|           1|           1|
    |i33_mid2_fu_4799_p3                |  select  |      0|  0|   6|           1|           1|
    |i3_mid2_fu_3326_p3                 |  select  |      0|  0|   5|           1|           1|
    |i4_mid_fu_3510_p3                  |  select  |      0|  0|   6|           1|           1|
    |ib_mid2_fu_3531_p3                 |  select  |      0|  0|   5|           1|           5|
    |ib_mid_fu_3480_p3                  |  select  |      0|  0|   5|           1|           2|
    |indvar_flatten_next1_1_fu_3270_p3  |  select  |      0|  0|  10|           1|           1|
    |indvar_flatten_next1_3_fu_3561_p3  |  select  |      0|  0|  11|           1|           1|
    |indvar_flatten_next1_4_fu_3472_p3  |  select  |      0|  0|  14|           1|           1|
    |indvar_flatten_next9_fu_4656_p3    |  select  |      0|  0|  13|           1|           1|
    |indvar_flatten_next_fu_4821_p3     |  select  |      0|  0|  11|           1|           1|
    |j5_mid2_fu_3553_p3                 |  select  |      0|  0|   5|           1|           1|
    |j_mid_fu_4760_p3                   |  select  |      0|  0|   5|           1|           1|
    |k_mid2_fu_3334_p3                  |  select  |      0|  0|   5|           1|           5|
    |k_mid_fu_3284_p3                   |  select  |      0|  0|   5|           1|           1|
    |kb_mid2_fu_4722_p3                 |  select  |      0|  0|   4|           1|           4|
    |kb_mid_fu_4664_p3                  |  select  |      0|  0|   4|           1|           3|
    |kb_t_mid2_fu_4714_p3               |  select  |      0|  0|   3|           1|           3|
    |kb_t_mid_fu_4675_p3                |  select  |      0|  0|   4|           1|           4|
    |p_10_mid2_fu_4214_p3               |  select  |      0|  0|  24|           1|           1|
    |tmp_135_fu_4520_p3                 |  select  |      0|  0|  26|           1|          26|
    |tmp_138_fu_4592_p3                 |  select  |      0|  0|  33|           1|          33|
    |tmp_139_fu_4605_p3                 |  select  |      0|  0|  33|           1|          33|
    |tmp_158_mid2_v_v_fu_4742_p3        |  select  |      0|  0|   4|           1|           4|
    |tmp_165_mid2_v_fu_3291_p3          |  select  |      0|  0|   5|           1|           5|
    |tmp_166_mid2_fu_4807_p3            |  select  |      0|  0|   5|           1|           5|
    |tmp_169_mid2_fu_3611_p3            |  select  |      0|  0|   5|           1|           5|
    |tmp_175_mid2_fu_3568_p3            |  select  |      0|  0|   6|           1|           6|
    |tmp_243_1_mid2_v_v_c_fu_3621_p3    |  select  |      0|  0|   2|           1|           1|
    |tmp_243_2_mid2_fu_3638_p3          |  select  |      0|  0|   5|           1|           5|
    |tmp_243_4_mid2_fu_3650_p3          |  select  |      0|  0|   5|           1|           5|
    |tmp_246_0_35_t_mid2_fu_3524_p3     |  select  |      0|  0|   5|           1|           5|
    |tmp_246_0_35_t_mid_fu_3493_p3      |  select  |      0|  0|   5|           1|           2|
    |ap_enable_pp0                      |    xor   |      0|  0|   2|           1|           2|
    |ap_enable_pp1                      |    xor   |      0|  0|   2|           1|           2|
    |ap_enable_pp2                      |    xor   |      0|  0|   2|           1|           2|
    |ap_enable_pp3                      |    xor   |      0|  0|   2|           1|           2|
    |ap_enable_pp4                      |    xor   |      0|  0|   2|           1|           2|
    |ap_enable_reg_pp0_iter1            |    xor   |      0|  0|   2|           2|           1|
    |ap_enable_reg_pp1_iter1            |    xor   |      0|  0|   2|           2|           1|
    |ap_enable_reg_pp2_iter1            |    xor   |      0|  0|   2|           2|           1|
    |ap_enable_reg_pp3_iter1            |    xor   |      0|  0|   2|           2|           1|
    |ap_enable_reg_pp4_iter1            |    xor   |      0|  0|   2|           2|           1|
    |exitcond_flatten65_n_fu_3442_p2    |    xor   |      0|  0|   2|           1|           2|
    |exitcond_flatten_not_fu_4767_p2    |    xor   |      0|  0|   2|           1|           2|
    |not_exitcond_flatten_2_fu_3412_p2  |    xor   |      0|  0|   2|           1|           2|
    |not_exitcond_flatten_9_fu_3298_p2  |    xor   |      0|  0|   2|           1|           2|
    |not_exitcond_flatten_fu_4682_p2    |    xor   |      0|  0|   2|           1|           2|
    +-----------------------------------+----------+-------+---+----+------------+------------+
    |Total                              |          |      0|  0|2985|        1379|        1537|
    +-----------------------------------+----------+-------+---+----+------------+------------+

    * Multiplexer: 
    +------------------------------------------------+-----+-----------+-----+-----------+
    |                      Name                      | LUT | Input Size| Bits| Total Bits|
    +------------------------------------------------+-----+-----------+-----+-----------+
    |A_V_0_address0                                  |   21|          4|    9|         36|
    |A_V_0_address1                                  |   21|          4|    9|         36|
    |A_V_10_address0                                 |   21|          4|    9|         36|
    |A_V_10_address1                                 |   21|          4|    9|         36|
    |A_V_1164_address0                               |   33|          6|    9|         54|
    |A_V_1164_address1                               |   38|          7|    9|         63|
    |A_V_11_address0                                 |   33|          6|    9|         54|
    |A_V_11_address1                                 |   38|          7|    9|         63|
    |A_V_12_address0                                 |   21|          4|    9|         36|
    |A_V_12_address1                                 |   21|          4|    9|         36|
    |A_V_13_address0                                 |   33|          6|    9|         54|
    |A_V_13_address1                                 |   38|          7|    9|         63|
    |A_V_14_address0                                 |   21|          4|    9|         36|
    |A_V_14_address1                                 |   21|          4|    9|         36|
    |A_V_15_address0                                 |   33|          6|    9|         54|
    |A_V_15_address1                                 |   38|          7|    9|         63|
    |A_V_16_address0                                 |   21|          4|    9|         36|
    |A_V_16_address1                                 |   21|          4|    9|         36|
    |A_V_17_address0                                 |   33|          6|    9|         54|
    |A_V_17_address1                                 |   38|          7|    9|         63|
    |A_V_18_address0                                 |   21|          4|    9|         36|
    |A_V_18_address1                                 |   21|          4|    9|         36|
    |A_V_19_address0                                 |   21|          4|    9|         36|
    |A_V_19_address1                                 |   21|          4|    9|         36|
    |A_V_20_address0                                 |   21|          4|    9|         36|
    |A_V_20_address1                                 |   21|          4|    9|         36|
    |A_V_2165_address0                               |   21|          4|    9|         36|
    |A_V_2165_address1                               |   21|          4|    9|         36|
    |A_V_3166_address0                               |   33|          6|    9|         54|
    |A_V_3166_address1                               |   38|          7|    9|         63|
    |A_V_4167_address0                               |   21|          4|    9|         36|
    |A_V_4167_address1                               |   21|          4|    9|         36|
    |A_V_5168_address0                               |   33|          6|    9|         54|
    |A_V_5168_address1                               |   38|          7|    9|         63|
    |A_V_6169_address0                               |   21|          4|    9|         36|
    |A_V_6169_address1                               |   21|          4|    9|         36|
    |A_V_7170_address0                               |   33|          6|    9|         54|
    |A_V_7170_address1                               |   38|          7|    9|         63|
    |A_V_8_address0                                  |   21|          4|    9|         36|
    |A_V_8_address1                                  |   21|          4|    9|         36|
    |A_V_9_address0                                  |   33|          6|    9|         54|
    |A_V_9_address1                                  |   38|          7|    9|         63|
    |B_V_0_address0                                  |   21|          4|   12|         48|
    |B_V_0_address1                                  |   21|          4|   12|         48|
    |B_V_1171_address0                               |   21|          4|   12|         48|
    |B_V_1171_address1                               |   21|          4|   12|         48|
    |B_V_2172_address0                               |   21|          4|   12|         48|
    |B_V_2172_address1                               |   21|          4|   12|         48|
    |B_V_3173_address0                               |   21|          4|   12|         48|
    |B_V_3173_address1                               |   21|          4|   12|         48|
    |B_V_4174_address0                               |   21|          4|   12|         48|
    |B_V_4174_address1                               |   21|          4|   12|         48|
    |ap_NS_fsm                                       |  145|         32|    1|         32|
    |ap_done                                         |    9|          2|    1|          2|
    |ap_enable_reg_pp0_iter1                         |   15|          3|    1|          3|
    |ap_enable_reg_pp1_iter1                         |    9|          2|    1|          2|
    |ap_enable_reg_pp1_iter5                         |    9|          2|    1|          2|
    |ap_enable_reg_pp2_iter1                         |    9|          2|    1|          2|
    |ap_enable_reg_pp2_iter6                         |    9|          2|    1|          2|
    |ap_enable_reg_pp3_iter1                         |    9|          2|    1|          2|
    |ap_enable_reg_pp3_iter5                         |    9|          2|    1|          2|
    |ap_enable_reg_pp4_iter1                         |    9|          2|    1|          2|
    |ap_enable_reg_pp4_iter2                         |    9|          2|    1|          2|
    |ap_phi_mux_i16_phi_fu_2707_p4                   |    9|          2|    6|         12|
    |ap_phi_mux_i1_phi_fu_2719_p4                    |    9|          2|    6|         12|
    |ap_phi_mux_i3_phi_fu_1934_p4                    |    9|          2|    5|         10|
    |ap_phi_mux_i4_phi_fu_2003_p4                    |    9|          2|    6|         12|
    |ap_phi_mux_ia_phi_fu_1957_p4                    |    9|          2|    5|         10|
    |ap_phi_mux_ib_phi_fu_1980_p4                    |    9|          2|    5|         10|
    |ap_phi_mux_indvar_flatten4_phi_fu_1946_p4       |    9|          2|   16|         32|
    |ap_phi_mux_indvar_flatten5_phi_fu_1969_p4       |    9|          2|   14|         28|
    |ap_phi_mux_indvar_flatten6_phi_fu_1992_p4       |    9|          2|   11|         22|
    |ap_phi_mux_indvar_flatten_phi_fu_2683_p4        |    9|          2|   11|         22|
    |ap_phi_mux_j2_phi_fu_1899_p4                    |    9|          2|    5|         10|
    |ap_phi_mux_j5_phi_fu_2027_p4                    |    9|          2|    5|         10|
    |ap_phi_mux_j_phi_fu_2695_p4                     |    9|          2|    5|         10|
    |ap_phi_mux_k_phi_fu_1922_p4                     |    9|          2|    5|         10|
    |ap_phi_mux_ka_phi_fu_2648_p4                    |    9|          2|    4|          8|
    |ap_phi_mux_kb_phi_fu_2671_p4                    |    9|          2|    4|          8|
    |ap_phi_mux_p_1_phi_fu_2015_p4                   |    9|          2|   24|         48|
    |ap_phi_reg_pp2_iter1_A_V_load_0_0_phi_reg_2035  |   47|         10|    8|         80|
    |ap_phi_reg_pp2_iter1_A_V_load_0_1_phi_reg_2058  |   47|         10|    8|         80|
    |ap_phi_reg_pp2_iter1_A_V_load_0_2_phi_reg_2081  |   47|         10|    8|         80|
    |ap_phi_reg_pp2_iter1_A_V_load_0_3_phi_reg_2104  |   50|         11|    8|         88|
    |ap_phi_reg_pp2_iter1_A_V_load_0_4_phi_reg_2129  |   47|         10|    8|         80|
    |ap_phi_reg_pp2_iter1_A_V_load_1_0_phi_reg_2153  |   47|         10|    8|         80|
    |ap_phi_reg_pp2_iter1_A_V_load_1_1_phi_reg_2225  |   47|         10|    8|         80|
    |ap_phi_reg_pp2_iter1_A_V_load_1_2_phi_reg_2177  |   47|         10|    8|         80|
    |ap_phi_reg_pp2_iter1_A_V_load_1_3_phi_reg_2248  |   50|         11|    8|         88|
    |ap_phi_reg_pp2_iter1_A_V_load_1_4_phi_reg_2201  |   47|         10|    8|         80|
    |ap_phi_reg_pp2_iter1_A_V_load_2_0_phi_reg_2273  |   47|         10|    8|         80|
    |ap_phi_reg_pp2_iter1_A_V_load_2_1_phi_reg_2417  |   47|         10|    8|         80|
    |ap_phi_reg_pp2_iter1_A_V_load_2_2_phi_reg_2297  |   47|         10|    8|         80|
    |ap_phi_reg_pp2_iter1_A_V_load_2_3_phi_reg_2440  |   50|         11|    8|         88|
    |ap_phi_reg_pp2_iter1_A_V_load_2_4_phi_reg_2321  |   47|         10|    8|         80|
    |ap_phi_reg_pp2_iter1_A_V_load_3_0_phi_reg_2345  |   47|         10|    8|         80|
    |ap_phi_reg_pp2_iter1_A_V_load_3_2_phi_reg_2369  |   47|         10|    8|         80|
    |ap_phi_reg_pp2_iter1_A_V_load_3_3_phi_reg_2560  |    9|          2|    8|         16|
    |ap_phi_reg_pp2_iter1_A_V_load_3_4_phi_reg_2393  |   47|         10|    8|         80|
    |ap_phi_reg_pp2_iter1_A_V_load_4_0_phi_reg_2465  |   47|         10|    8|         80|
    |ap_phi_reg_pp2_iter1_A_V_load_4_2_phi_reg_2489  |   47|         10|    8|         80|
    |ap_phi_reg_pp2_iter1_A_V_load_4_3_phi_reg_2608  |    9|          2|    8|         16|
    |ap_phi_reg_pp2_iter1_A_V_load_4_4_phi_reg_2513  |   47|         10|    8|         80|
    |ap_phi_reg_pp2_iter2_A_V_load_3_1_phi_reg_2537  |   47|         10|    8|         80|
    |ap_phi_reg_pp2_iter2_A_V_load_3_3_phi_reg_2560  |   47|         10|    8|         80|
    |ap_phi_reg_pp2_iter2_A_V_load_4_1_phi_reg_2585  |   47|         10|    8|         80|
    |ap_phi_reg_pp2_iter2_A_V_load_4_3_phi_reg_2608  |   47|         10|    8|         80|
    |bias_V_address0                                 |   15|          3|    5|         15|
    |i16_reg_2703                                    |    9|          2|    6|         12|
    |i1_reg_2715                                     |    9|          2|    6|         12|
    |i3_reg_1930                                     |    9|          2|    5|         10|
    |i4_reg_1999                                     |    9|          2|    6|         12|
    |i8_reg_1862                                     |    9|          2|   31|         62|
    |ia_reg_1953                                     |    9|          2|    5|         10|
    |ib_reg_1976                                     |    9|          2|    5|         10|
    |indvar_flatten1_reg_2656                        |    9|          2|   13|         26|
    |indvar_flatten2_reg_1884                        |    9|          2|   13|         26|
    |indvar_flatten3_reg_1907                        |    9|          2|   10|         20|
    |indvar_flatten4_reg_1942                        |    9|          2|   16|         32|
    |indvar_flatten5_reg_1965                        |    9|          2|   14|         28|
    |indvar_flatten6_reg_1988                        |    9|          2|   11|         22|
    |indvar_flatten9_reg_2633                        |    9|          2|   14|         28|
    |indvar_flatten_reg_2679                         |    9|          2|   11|         22|
    |j2_reg_1895                                     |    9|          2|    5|         10|
    |j5_reg_2023                                     |    9|          2|    5|         10|
    |j_reg_2691                                      |    9|          2|    5|         10|
    |k_reg_1918                                      |    9|          2|    5|         10|
    |ka_reg_2644                                     |    9|          2|    4|          8|
    |kb_reg_2667                                     |    9|          2|    4|          8|
    |num_img_reg_1873                                |    9|          2|   15|         30|
    |p_1_reg_2011                                    |    9|          2|   24|         48|
    |real_start                                      |    9|          2|    1|          2|
    |reg_2873                                        |    9|          2|    8|         16|
    |reg_2880                                        |    9|          2|    8|         16|
    |reg_2887                                        |    9|          2|    8|         16|
    |reg_2894                                        |    9|          2|    8|         16|
    |reg_2901                                        |    9|          2|    8|         16|
    |reg_2908                                        |    9|          2|    8|         16|
    |reg_2915                                        |    9|          2|    8|         16|
    |reg_2922                                        |    9|          2|    8|         16|
    |reg_2929                                        |    9|          2|    8|         16|
    |stream_in_V_V_blk_n                             |    9|          2|    1|          2|
    |stream_out_V_V_blk_n                            |    9|          2|    1|          2|
    |stream_out_V_V_din                              |   15|          3|   16|         48|
    +------------------------------------------------+-----+-----------+-----+-----------+
    |Total                                           | 3294|        673| 1191|       5459|
    +------------------------------------------------+-----+-----------+-----+-----------+

    * Register: 
    +------------------------------------------------+----+----+-----+-----------+
    |                      Name                      | FF | LUT| Bits| Const Bits|
    +------------------------------------------------+----+----+-----+-----------+
    |A_V_0_load_1_reg_5800                           |   8|   0|    8|          0|
    |A_V_0_load_2_reg_6037                           |   8|   0|    8|          0|
    |A_V_0_load_3_reg_6077                           |   8|   0|    8|          0|
    |A_V_1164_load_3_reg_6032                        |   8|   0|    8|          0|
    |A_V_1164_load_5_reg_6235                        |   8|   0|    8|          0|
    |A_V_1164_load_7_reg_6389                        |   8|   0|    8|          0|
    |A_V_1164_load_9_reg_6464                        |   8|   0|    8|          0|
    |A_V_11_load_3_reg_6007                          |   8|   0|    8|          0|
    |A_V_11_load_5_reg_6210                          |   8|   0|    8|          0|
    |A_V_11_load_7_reg_6364                          |   8|   0|    8|          0|
    |A_V_11_load_9_reg_6439                          |   8|   0|    8|          0|
    |A_V_13_load_3_reg_6002                          |   8|   0|    8|          0|
    |A_V_13_load_5_reg_6205                          |   8|   0|    8|          0|
    |A_V_13_load_7_reg_6359                          |   8|   0|    8|          0|
    |A_V_13_load_9_reg_6434                          |   8|   0|    8|          0|
    |A_V_15_load_3_reg_5997                          |   8|   0|    8|          0|
    |A_V_15_load_5_reg_6200                          |   8|   0|    8|          0|
    |A_V_15_load_7_reg_6354                          |   8|   0|    8|          0|
    |A_V_15_load_9_reg_6429                          |   8|   0|    8|          0|
    |A_V_17_load_3_reg_5992                          |   8|   0|    8|          0|
    |A_V_17_load_5_reg_6195                          |   8|   0|    8|          0|
    |A_V_17_load_7_reg_6349                          |   8|   0|    8|          0|
    |A_V_17_load_9_reg_6424                          |   8|   0|    8|          0|
    |A_V_19_load_1_reg_5820                          |   8|   0|    8|          0|
    |A_V_19_load_2_reg_6057                          |   8|   0|    8|          0|
    |A_V_19_load_3_reg_6097                          |   8|   0|    8|          0|
    |A_V_19_load_4_reg_6255                          |   8|   0|    8|          0|
    |A_V_19_load_reg_5785                            |   8|   0|    8|          0|
    |A_V_20_load_1_reg_5830                          |   8|   0|    8|          0|
    |A_V_20_load_2_reg_6067                          |   8|   0|    8|          0|
    |A_V_20_load_3_reg_6107                          |   8|   0|    8|          0|
    |A_V_3166_load_3_reg_6027                        |   8|   0|    8|          0|
    |A_V_3166_load_5_reg_6230                        |   8|   0|    8|          0|
    |A_V_3166_load_7_reg_6384                        |   8|   0|    8|          0|
    |A_V_3166_load_9_reg_6459                        |   8|   0|    8|          0|
    |A_V_5168_load_3_reg_6022                        |   8|   0|    8|          0|
    |A_V_5168_load_5_reg_6225                        |   8|   0|    8|          0|
    |A_V_5168_load_7_reg_6379                        |   8|   0|    8|          0|
    |A_V_5168_load_9_reg_6454                        |   8|   0|    8|          0|
    |A_V_7170_load_3_reg_6017                        |   8|   0|    8|          0|
    |A_V_7170_load_5_reg_6220                        |   8|   0|    8|          0|
    |A_V_7170_load_7_reg_6374                        |   8|   0|    8|          0|
    |A_V_7170_load_9_reg_6449                        |   8|   0|    8|          0|
    |A_V_9_load_3_reg_6012                           |   8|   0|    8|          0|
    |A_V_9_load_5_reg_6215                           |   8|   0|    8|          0|
    |A_V_9_load_7_reg_6369                           |   8|   0|    8|          0|
    |A_V_9_load_9_reg_6444                           |   8|   0|    8|          0|
    |A_V_load_0_4_phi_reg_2129                       |   8|   0|    8|          0|
    |A_V_load_1_0_phi_reg_2153                       |   8|   0|    8|          0|
    |A_V_load_1_2_phi_reg_2177                       |   8|   0|    8|          0|
    |A_V_load_1_4_phi_reg_2201                       |   8|   0|    8|          0|
    |A_V_load_2_0_phi_reg_2273                       |   8|   0|    8|          0|
    |A_V_load_2_2_phi_reg_2297                       |   8|   0|    8|          0|
    |A_V_load_2_4_phi_reg_2321                       |   8|   0|    8|          0|
    |A_V_load_3_0_phi_reg_2345                       |   8|   0|    8|          0|
    |A_V_load_3_2_phi_reg_2369                       |   8|   0|    8|          0|
    |A_V_load_3_4_phi_reg_2393                       |   8|   0|    8|          0|
    |A_V_load_4_0_phi_reg_2465                       |   8|   0|    8|          0|
    |A_V_load_4_2_phi_reg_2489                       |   8|   0|    8|          0|
    |A_V_load_4_4_phi_reg_2513                       |   8|   0|    8|          0|
    |B_V_0_load_1_reg_5805                           |   8|   0|    8|          0|
    |B_V_0_load_2_reg_6042                           |   8|   0|    8|          0|
    |B_V_0_load_3_reg_6082                           |   8|   0|    8|          0|
    |B_V_0_load_4_reg_6240                           |   8|   0|    8|          0|
    |B_V_0_load_reg_5770                             |   8|   0|    8|          0|
    |B_V_1171_load_1_reg_5810                        |   8|   0|    8|          0|
    |B_V_1171_load_2_reg_6047                        |   8|   0|    8|          0|
    |B_V_1171_load_3_reg_6087                        |   8|   0|    8|          0|
    |B_V_1171_load_4_reg_6245                        |   8|   0|    8|          0|
    |B_V_1171_load_reg_5775                          |   8|   0|    8|          0|
    |B_V_2172_load_1_reg_5815                        |   8|   0|    8|          0|
    |B_V_2172_load_2_reg_6052                        |   8|   0|    8|          0|
    |B_V_2172_load_3_reg_6092                        |   8|   0|    8|          0|
    |B_V_2172_load_4_reg_6250                        |   8|   0|    8|          0|
    |B_V_2172_load_reg_5780                          |   8|   0|    8|          0|
    |B_V_3173_load_1_reg_5825                        |   8|   0|    8|          0|
    |B_V_3173_load_2_reg_6062                        |   8|   0|    8|          0|
    |B_V_3173_load_3_reg_6102                        |   8|   0|    8|          0|
    |B_V_3173_load_4_reg_6260                        |   8|   0|    8|          0|
    |B_V_3173_load_reg_5790                          |   8|   0|    8|          0|
    |B_V_4174_load_1_reg_5835                        |   8|   0|    8|          0|
    |B_V_4174_load_2_reg_6072                        |   8|   0|    8|          0|
    |B_V_4174_load_3_reg_6112                        |   8|   0|    8|          0|
    |B_V_4174_load_4_reg_6265                        |   8|   0|    8|          0|
    |B_V_4174_load_reg_5795                          |   8|   0|    8|          0|
    |KER_bound_reg_4999                              |  32|   0|   32|          0|
    |Outbuf_V_reg_6681                               |  16|   0|   16|          0|
    |ap_CS_fsm                                       |  31|   0|   31|          0|
    |ap_done_reg                                     |   1|   0|    1|          0|
    |ap_enable_reg_pp0_iter0                         |   1|   0|    1|          0|
    |ap_enable_reg_pp0_iter1                         |   1|   0|    1|          0|
    |ap_enable_reg_pp1_iter0                         |   1|   0|    1|          0|
    |ap_enable_reg_pp1_iter1                         |   1|   0|    1|          0|
    |ap_enable_reg_pp1_iter2                         |   1|   0|    1|          0|
    |ap_enable_reg_pp1_iter3                         |   1|   0|    1|          0|
    |ap_enable_reg_pp1_iter4                         |   1|   0|    1|          0|
    |ap_enable_reg_pp1_iter5                         |   1|   0|    1|          0|
    |ap_enable_reg_pp2_iter0                         |   1|   0|    1|          0|
    |ap_enable_reg_pp2_iter1                         |   1|   0|    1|          0|
    |ap_enable_reg_pp2_iter2                         |   1|   0|    1|          0|
    |ap_enable_reg_pp2_iter3                         |   1|   0|    1|          0|
    |ap_enable_reg_pp2_iter4                         |   1|   0|    1|          0|
    |ap_enable_reg_pp2_iter5                         |   1|   0|    1|          0|
    |ap_enable_reg_pp2_iter6                         |   1|   0|    1|          0|
    |ap_enable_reg_pp3_iter0                         |   1|   0|    1|          0|
    |ap_enable_reg_pp3_iter1                         |   1|   0|    1|          0|
    |ap_enable_reg_pp3_iter2                         |   1|   0|    1|          0|
    |ap_enable_reg_pp3_iter3                         |   1|   0|    1|          0|
    |ap_enable_reg_pp3_iter4                         |   1|   0|    1|          0|
    |ap_enable_reg_pp3_iter5                         |   1|   0|    1|          0|
    |ap_enable_reg_pp4_iter0                         |   1|   0|    1|          0|
    |ap_enable_reg_pp4_iter1                         |   1|   0|    1|          0|
    |ap_enable_reg_pp4_iter2                         |   1|   0|    1|          0|
    |ap_phi_reg_pp2_iter1_A_V_load_0_0_phi_reg_2035  |   8|   0|    8|          0|
    |ap_phi_reg_pp2_iter1_A_V_load_0_1_phi_reg_2058  |   8|   0|    8|          0|
    |ap_phi_reg_pp2_iter1_A_V_load_0_2_phi_reg_2081  |   8|   0|    8|          0|
    |ap_phi_reg_pp2_iter1_A_V_load_0_3_phi_reg_2104  |   8|   0|    8|          0|
    |ap_phi_reg_pp2_iter1_A_V_load_0_4_phi_reg_2129  |   8|   0|    8|          0|
    |ap_phi_reg_pp2_iter1_A_V_load_1_0_phi_reg_2153  |   8|   0|    8|          0|
    |ap_phi_reg_pp2_iter1_A_V_load_1_1_phi_reg_2225  |   8|   0|    8|          0|
    |ap_phi_reg_pp2_iter1_A_V_load_1_2_phi_reg_2177  |   8|   0|    8|          0|
    |ap_phi_reg_pp2_iter1_A_V_load_1_3_phi_reg_2248  |   8|   0|    8|          0|
    |ap_phi_reg_pp2_iter1_A_V_load_1_4_phi_reg_2201  |   8|   0|    8|          0|
    |ap_phi_reg_pp2_iter1_A_V_load_2_0_phi_reg_2273  |   8|   0|    8|          0|
    |ap_phi_reg_pp2_iter1_A_V_load_2_1_phi_reg_2417  |   8|   0|    8|          0|
    |ap_phi_reg_pp2_iter1_A_V_load_2_2_phi_reg_2297  |   8|   0|    8|          0|
    |ap_phi_reg_pp2_iter1_A_V_load_2_3_phi_reg_2440  |   8|   0|    8|          0|
    |ap_phi_reg_pp2_iter1_A_V_load_2_4_phi_reg_2321  |   8|   0|    8|          0|
    |ap_phi_reg_pp2_iter1_A_V_load_3_0_phi_reg_2345  |   8|   0|    8|          0|
    |ap_phi_reg_pp2_iter1_A_V_load_3_1_phi_reg_2537  |   8|   0|    8|          0|
    |ap_phi_reg_pp2_iter1_A_V_load_3_2_phi_reg_2369  |   8|   0|    8|          0|
    |ap_phi_reg_pp2_iter1_A_V_load_3_3_phi_reg_2560  |   8|   0|    8|          0|
    |ap_phi_reg_pp2_iter1_A_V_load_3_4_phi_reg_2393  |   8|   0|    8|          0|
    |ap_phi_reg_pp2_iter1_A_V_load_4_0_phi_reg_2465  |   8|   0|    8|          0|
    |ap_phi_reg_pp2_iter1_A_V_load_4_1_phi_reg_2585  |   8|   0|    8|          0|
    |ap_phi_reg_pp2_iter1_A_V_load_4_2_phi_reg_2489  |   8|   0|    8|          0|
    |ap_phi_reg_pp2_iter1_A_V_load_4_3_phi_reg_2608  |   8|   0|    8|          0|
    |ap_phi_reg_pp2_iter1_A_V_load_4_4_phi_reg_2513  |   8|   0|    8|          0|
    |ap_phi_reg_pp2_iter2_A_V_load_3_1_phi_reg_2537  |   8|   0|    8|          0|
    |ap_phi_reg_pp2_iter2_A_V_load_3_3_phi_reg_2560  |   8|   0|    8|          0|
    |ap_phi_reg_pp2_iter2_A_V_load_4_1_phi_reg_2585  |   8|   0|    8|          0|
    |ap_phi_reg_pp2_iter2_A_V_load_4_3_phi_reg_2608  |   8|   0|    8|          0|
    |bias_V_load_reg_6610                            |   8|   0|    8|          0|
    |buf_V_8_4_4_reg_6604                            |  24|   0|   24|          0|
    |exitcond17_mid1_reg_5140                        |   1|   0|    1|          0|
    |exitcond_flatten10_reg_5031                     |   1|   0|    1|          0|
    |exitcond_flatten11_reg_5111                     |   1|   0|    1|          0|
    |exitcond_flatten12_reg_5120                     |   1|   0|    1|          0|
    |exitcond_flatten65_m_reg_5132                   |   1|   0|    1|          0|
    |exitcond_flatten7_reg_6695                      |   1|   0|    1|          0|
    |exitcond_flatten7_reg_6695_pp3_iter1_reg        |   1|   0|    1|          0|
    |exitcond_flatten8_reg_6716                      |   1|   0|    1|          0|
    |exitcond_flatten9_reg_5022                      |   1|   0|    1|          0|
    |exitcond_flatten_mid_reg_6721                   |   1|   0|    1|          0|
    |exitcond_flatten_reg_6686                       |   1|   0|    1|          0|
    |exitcond_reg_6793                               |   1|   0|    1|          0|
    |exitcond_reg_6793_pp4_iter1_reg                 |   1|   0|    1|          0|
    |i16_reg_2703                                    |   6|   0|    6|          0|
    |i1_reg_2715                                     |   6|   0|    6|          0|
    |i1_reg_2715_pp4_iter1_reg                       |   6|   0|    6|          0|
    |i33_mid2_reg_6752                               |   6|   0|    6|          0|
    |i3_mid2_reg_5050                                |   5|   0|    5|          0|
    |i3_reg_1930                                     |   5|   0|    5|          0|
    |i4_mid_reg_5156                                 |   6|   0|    6|          0|
    |i4_reg_1999                                     |   6|   0|    6|          0|
    |i8_reg_1862                                     |  31|   0|   31|          0|
    |i_17_reg_6797                                   |   6|   0|    6|          0|
    |i_18_reg_6763                                   |   6|   0|    6|          0|
    |i_19_reg_5170                                   |   6|   0|    6|          0|
    |i_2_reg_5060                                    |   5|   0|    5|          0|
    |ia_1_reg_5105                                   |   5|   0|    5|          0|
    |ia_reg_1953                                     |   5|   0|    5|          0|
    |ib_mid2_reg_5165                                |   5|   0|    5|          0|
    |ib_reg_1976                                     |   5|   0|    5|          0|
    |ifzero_reg_6117                                 |   1|   0|    1|          0|
    |indvar_flatten1_reg_2656                        |  13|   0|   13|          0|
    |indvar_flatten2_reg_1884                        |  13|   0|   13|          0|
    |indvar_flatten3_reg_1907                        |  10|   0|   10|          0|
    |indvar_flatten4_reg_1942                        |  16|   0|   16|          0|
    |indvar_flatten5_reg_1965                        |  14|   0|   14|          0|
    |indvar_flatten63_op_reg_5146                    |  11|   0|   11|          0|
    |indvar_flatten6_reg_1988                        |  11|   0|   11|          0|
    |indvar_flatten9_reg_2633                        |  14|   0|   14|          0|
    |indvar_flatten_next1_3_reg_5187                 |  11|   0|   11|          0|
    |indvar_flatten_next1_4_reg_5151                 |  14|   0|   14|          0|
    |indvar_flatten_next1_5_reg_5115                 |  16|   0|   16|          0|
    |indvar_flatten_op_reg_6741                      |  11|   0|   11|          0|
    |indvar_flatten_reg_2679                         |  11|   0|   11|          0|
    |j2_reg_1895                                     |   5|   0|    5|          0|
    |j5_mid2_reg_5180                                |   5|   0|    5|          0|
    |j5_reg_2023                                     |   5|   0|    5|          0|
    |j_9_reg_5509                                    |   5|   0|    5|          0|
    |j_reg_2691                                      |   5|   0|    5|          0|
    |k_mid2_reg_5055                                 |   5|   0|    5|          0|
    |k_reg_1918                                      |   5|   0|    5|          0|
    |ka_reg_2644                                     |   4|   0|    4|          0|
    |kb_mid2_reg_6736                                |   4|   0|    4|          0|
    |kb_reg_2667                                     |   4|   0|    4|          0|
    |kb_t_mid2_reg_6732                              |   3|   0|    3|          0|
    |lhs_V_reg_4967                                  |  32|   0|   32|          0|
    |mul_reg_6666                                    |  67|   0|   67|          0|
    |multiple_V                                      |   8|   0|    8|          0|
    |neg_mul_reg_6676                                |  67|   0|   67|          0|
    |not_exitcond_flatten_reg_6711                   |   1|   0|    1|          0|
    |num_img_8_reg_5017                              |  15|   0|   15|          0|
    |num_img_reg_1873                                |  15|   0|   15|          0|
    |p_10_mid2_reg_6524                              |  24|   0|   24|          0|
    |p_1_reg_2011                                    |  24|   0|   24|          0|
    |p_6_reg_4994                                    |  32|   0|   32|          0|
    |r_V_21_0_1_reg_6180                             |  16|   0|   16|          0|
    |r_V_21_0_2_reg_6185                             |  16|   0|   16|          0|
    |r_V_21_0_3_reg_6190                             |  16|   0|   16|          0|
    |r_V_21_0_4_reg_6324                             |  16|   0|   16|          0|
    |r_V_21_1_1_reg_6334                             |  16|   0|   16|          0|
    |r_V_21_1_2_reg_6339                             |  16|   0|   16|          0|
    |r_V_21_1_3_reg_6344                             |  16|   0|   16|          0|
    |r_V_21_1_4_reg_6399                             |  16|   0|   16|          0|
    |r_V_21_1_reg_6329                               |  16|   0|   16|          0|
    |r_V_21_2_1_reg_6409                             |  16|   0|   16|          0|
    |r_V_21_2_2_reg_6414                             |  16|   0|   16|          0|
    |r_V_21_2_3_reg_6419                             |  16|   0|   16|          0|
    |r_V_21_2_4_reg_6479                             |  16|   0|   16|          0|
    |r_V_21_2_reg_6404                               |  16|   0|   16|          0|
    |r_V_21_3_1_reg_6489                             |  16|   0|   16|          0|
    |r_V_21_3_2_reg_6494                             |  16|   0|   16|          0|
    |r_V_21_3_3_reg_6499                             |  16|   0|   16|          0|
    |r_V_21_3_4_reg_6529                             |  16|   0|   16|          0|
    |r_V_21_3_reg_6484                               |  16|   0|   16|          0|
    |r_V_21_4_1_reg_6539                             |  16|   0|   16|          0|
    |r_V_21_4_2_reg_6544                             |  16|   0|   16|          0|
    |r_V_21_4_3_reg_6549                             |  16|   0|   16|          0|
    |r_V_21_4_reg_6534                               |  16|   0|   16|          0|
    |r_V_4_reg_6175                                  |  16|   0|   16|          0|
    |r_V_reg_6615                                    |  24|   0|   24|          0|
    |r_V_s_reg_6650                                  |  33|   0|   33|          0|
    |reg_2727                                        |   8|   0|    8|          0|
    |reg_2737                                        |   8|   0|    8|          0|
    |reg_2747                                        |   8|   0|    8|          0|
    |reg_2757                                        |   8|   0|    8|          0|
    |reg_2767                                        |   8|   0|    8|          0|
    |reg_2777                                        |   8|   0|    8|          0|
    |reg_2787                                        |   8|   0|    8|          0|
    |reg_2795                                        |   8|   0|    8|          0|
    |reg_2801                                        |   8|   0|    8|          0|
    |reg_2811                                        |   8|   0|    8|          0|
    |reg_2817                                        |   8|   0|    8|          0|
    |reg_2823                                        |   8|   0|    8|          0|
    |reg_2829                                        |   8|   0|    8|          0|
    |reg_2835                                        |   8|   0|    8|          0|
    |reg_2841                                        |   8|   0|    8|          0|
    |reg_2847                                        |   8|   0|    8|          0|
    |reg_2853                                        |   8|   0|    8|          0|
    |reg_2859                                        |   8|   0|    8|          0|
    |reg_2865                                        |   8|   0|    8|          0|
    |reg_2873                                        |   8|   0|    8|          0|
    |reg_2880                                        |   8|   0|    8|          0|
    |reg_2887                                        |   8|   0|    8|          0|
    |reg_2894                                        |   8|   0|    8|          0|
    |reg_2901                                        |   8|   0|    8|          0|
    |reg_2908                                        |   8|   0|    8|          0|
    |reg_2915                                        |   8|   0|    8|          0|
    |reg_2922                                        |   8|   0|    8|          0|
    |reg_2929                                        |   8|   0|    8|          0|
    |reg_2936                                        |   8|   0|    8|          0|
    |reg_2942                                        |   8|   0|    8|          0|
    |reg_2949                                        |   8|   0|    8|          0|
    |reg_2956                                        |   8|   0|    8|          0|
    |reg_2963                                        |   8|   0|    8|          0|
    |reg_2970                                        |   8|   0|    8|          0|
    |reg_2977                                        |   8|   0|    8|          0|
    |reg_2984                                        |   8|   0|    8|          0|
    |reg_2990                                        |   8|   0|    8|          0|
    |reg_2997                                        |   8|   0|    8|          0|
    |reg_3003                                        |   8|   0|    8|          0|
    |reg_3009                                        |   8|   0|    8|          0|
    |reg_3015                                        |   8|   0|    8|          0|
    |reg_3021                                        |   8|   0|    8|          0|
    |reg_3027                                        |   8|   0|    8|          0|
    |reg_3033                                        |   8|   0|    8|          0|
    |reg_3039                                        |   8|   0|    8|          0|
    |reg_3045                                        |   8|   0|    8|          0|
    |reg_3051                                        |   8|   0|    8|          0|
    |reg_3057                                        |   8|   0|    8|          0|
    |reg_3064                                        |   8|   0|    8|          0|
    |reg_3071                                        |   8|   0|    8|          0|
    |reg_3078                                        |   8|   0|    8|          0|
    |reg_3085                                        |   8|   0|    8|          0|
    |reg_3092                                        |   8|   0|    8|          0|
    |reg_3099                                        |   8|   0|    8|          0|
    |reg_3105                                        |   8|   0|    8|          0|
    |reg_3112                                        |   8|   0|    8|          0|
    |reg_3118                                        |   8|   0|    8|          0|
    |reg_3125                                        |   8|   0|    8|          0|
    |reg_3132                                        |   8|   0|    8|          0|
    |reg_3139                                        |   8|   0|    8|          0|
    |reg_3146                                        |   8|   0|    8|          0|
    |reg_3153                                        |   8|   0|    8|          0|
    |reg_3160                                        |   8|   0|    8|          0|
    |reg_3166                                        |   8|   0|    8|          0|
    |reg_3173                                        |   8|   0|    8|          0|
    |start_once_reg                                  |   1|   0|    1|          0|
    |tmp10_reg_6519                                  |  17|   0|   17|          0|
    |tmp13_reg_6569                                  |  18|   0|   18|          0|
    |tmp14_reg_6559                                  |  17|   0|   17|          0|
    |tmp16_reg_6564                                  |  17|   0|   17|          0|
    |tmp18_reg_6589                                  |  18|   0|   18|          0|
    |tmp19_reg_6574                                  |  17|   0|   17|          0|
    |tmp1_reg_6554                                   |  19|   0|   19|          0|
    |tmp22_reg_6579                                  |  17|   0|   17|          0|
    |tmp23_reg_6584                                  |  17|   0|   17|          0|
    |tmp24_reg_4984                                  |  32|   0|   32|          0|
    |tmp25_reg_4989                                  |  32|   0|   32|          0|
    |tmp2_reg_6514                                   |  18|   0|   18|          0|
    |tmp3_reg_6394                                   |  17|   0|   17|          0|
    |tmp5_reg_6469                                   |  17|   0|   17|          0|
    |tmp8_reg_6474                                   |  17|   0|   17|          0|
    |tmp_101_reg_6779                                |  13|   0|   13|          0|
    |tmp_104_reg_5070                                |  10|   0|   10|          0|
    |tmp_114_reg_5198                                |  10|   0|   10|          0|
    |tmp_115_reg_6784                                |   8|   0|    8|          0|
    |tmp_116_reg_6802                                |   8|   0|    8|          0|
    |tmp_117_reg_5224                                |  10|   0|   10|          0|
    |tmp_118_reg_5229                                |  10|   0|   10|          0|
    |tmp_119_reg_5275                                |  10|   0|   10|          0|
    |tmp_120_reg_5280                                |  10|   0|   10|          0|
    |tmp_121_reg_5234                                |  10|   0|   10|          0|
    |tmp_122_cast_reg_5257                           |  64|   0|   64|          0|
    |tmp_123_cast_reg_5515                           |  64|   0|   64|          0|
    |tmp_123_reg_5239                                |  13|   0|   13|          0|
    |tmp_124_cast_reg_5533                           |  64|   0|   64|          0|
    |tmp_124_reg_5247                                |  13|   0|   13|          0|
    |tmp_125_cast_reg_5840                           |  64|   0|   64|          0|
    |tmp_125_reg_5459                                |  13|   0|   13|          0|
    |tmp_126_reg_5464                                |  13|   0|   13|          0|
    |tmp_127_reg_5075                                |   8|   0|    8|          0|
    |tmp_128_reg_5725                                |  13|   0|   13|          0|
    |tmp_129_reg_6594                                |  20|   0|   20|          0|
    |tmp_130_reg_6630                                |  16|   0|   16|          0|
    |tmp_132_reg_6625                                |  16|   0|   16|          0|
    |tmp_134_reg_5175                                |   1|   0|    1|          0|
    |tmp_134_reg_5175_pp2_iter1_reg                  |   1|   0|    1|          0|
    |tmp_135_reg_6635                                |  26|   0|   26|          0|
    |tmp_145_reg_5207                                |  13|   0|   13|          0|
    |tmp_146_reg_5212                                |  11|   0|   11|          0|
    |tmp_147_reg_6620                                |   1|   0|    1|          0|
    |tmp_148_reg_6655                                |   1|   0|    1|          0|
    |tmp_148_reg_6655_pp2_iter6_reg                  |   1|   0|    1|          0|
    |tmp_150_reg_6671                                |  29|   0|   29|          0|
    |tmp_158_mid2_v_v_reg_6746                       |   4|   0|    4|          0|
    |tmp_158_mid2_v_v_reg_6746_pp3_iter3_reg         |   4|   0|    4|          0|
    |tmp_165_mid2_v_reg_5044                         |   5|   0|    5|          0|
    |tmp_166_mid2_reg_6757                           |   5|   0|    5|          0|
    |tmp_175_mid2_reg_5192                           |   6|   0|    6|          0|
    |tmp_243_2_mid2_reg_5217                         |   5|   0|    5|          0|
    |tmp_246_0_35_t_mid2_reg_5161                    |   4|   0|    5|          1|
    |tmp_90_reg_5004                                 |   1|   0|    1|          0|
    |tmp_95_reg_6726                                 |   1|   0|    1|          0|
    |tmp_96_reg_5100                                 |   5|   0|    5|          0|
    |tmp_99_reg_6773                                 |  11|   0|   11|          0|
    |tmp_V_90_reg_4939                               |  16|   0|   16|          0|
    |tmp_V_92_reg_4944                               |  16|   0|   16|          0|
    |tmp_V_94_reg_4949                               |  16|   0|   16|          0|
    |tmp_V_98_reg_4954                               |  16|   0|   16|          0|
    |tmp_V_reg_4933                                  |  16|   0|   16|          0|
    |exitcond_flatten11_reg_5111                     |  64|  32|    1|          0|
    |exitcond_flatten9_reg_5022                      |  64|  32|    1|          0|
    |exitcond_flatten_reg_6686                       |  64|  32|    1|          0|
    |ib_mid2_reg_5165                                |  64|  32|    5|          0|
    |ifzero_reg_6117                                 |  64|  32|    1|          0|
    |k_mid2_reg_5055                                 |  64|  32|    5|          0|
    |kb_t_mid2_reg_6732                              |  64|  32|    3|          0|
    |tmp_165_mid2_v_reg_5044                         |  64|  32|    5|          0|
    |tmp_175_mid2_reg_5192                           |  64|  32|    6|          0|
    |tmp_246_0_35_t_mid2_reg_5161                    |  64|  32|    5|          1|
    +------------------------------------------------+----+----+-----+-----------+
    |Total                                           |4269| 320| 3663|          2|
    +------------------------------------------------+----+----+-----+-----------+



================================================================
== Interface
================================================================
* Summary: 
+-----------------------+-----+-----+------------+----------------+--------------+
|       RTL Ports       | Dir | Bits|  Protocol  |  Source Object |    C Type    |
+-----------------------+-----+-----+------------+----------------+--------------+
|ap_clk                 |  in |    1| ap_ctrl_hs |     Conv.3     | return value |
|ap_rst                 |  in |    1| ap_ctrl_hs |     Conv.3     | return value |
|ap_start               |  in |    1| ap_ctrl_hs |     Conv.3     | return value |
|start_full_n           |  in |    1| ap_ctrl_hs |     Conv.3     | return value |
|ap_done                | out |    1| ap_ctrl_hs |     Conv.3     | return value |
|ap_continue            |  in |    1| ap_ctrl_hs |     Conv.3     | return value |
|ap_idle                | out |    1| ap_ctrl_hs |     Conv.3     | return value |
|ap_ready               | out |    1| ap_ctrl_hs |     Conv.3     | return value |
|start_out              | out |    1| ap_ctrl_hs |     Conv.3     | return value |
|start_write            | out |    1| ap_ctrl_hs |     Conv.3     | return value |
|stream_in_V_V_dout     |  in |   16|   ap_fifo  |  stream_in_V_V |    pointer   |
|stream_in_V_V_empty_n  |  in |    1|   ap_fifo  |  stream_in_V_V |    pointer   |
|stream_in_V_V_read     | out |    1|   ap_fifo  |  stream_in_V_V |    pointer   |
|stream_out_V_V_din     | out |   16|   ap_fifo  | stream_out_V_V |    pointer   |
|stream_out_V_V_full_n  |  in |    1|   ap_fifo  | stream_out_V_V |    pointer   |
|stream_out_V_V_write   | out |    1|   ap_fifo  | stream_out_V_V |    pointer   |
+-----------------------+-----+-----+------------+----------------+--------------+

