

================================================================
== Vivado HLS Report for 'Conv_1'
================================================================
* Date:           Tue Jun 11 19:36:09 2019

* Version:        2018.2 (Build 2258646 on Thu Jun 14 20:25:20 MDT 2018)
* Project:        ULTRA_HLS
* Solution:       solution1
* Product family: zynq
* Target device:  xc7z020clg400-1


================================================================
== Performance Estimates
================================================================
+ Timing (ns): 
    * Summary: 
    +--------+-------+----------+------------+
    |  Clock | Target| Estimated| Uncertainty|
    +--------+-------+----------+------------+
    |ap_clk  |   5.00|     5.417|        0.63|
    +--------+-------+----------+------------+

+ Latency (clock cycles): 
    * Summary: 
    +-----+----------+-----+----------+---------+
    |     Latency    |    Interval    | Pipeline|
    | min |    max   | min |    max   |   Type  |
    +-----+----------+-----+----------+---------+
    |  433|  25822919|  433|  25822919|   none  |
    +-----+----------+-----+----------+---------+

    + Detail: 
        * Instance: 
        N/A

        * Loop: 
        +-------------+--------+----------+----------+-----------+-----------+-------------+----------+
        |             |      Latency      | Iteration|  Initiation Interval  |     Trip    |          |
        |  Loop Name  |   min  |    max   |  Latency |  achieved |   target  |    Count    | Pipelined|
        +-------------+--------+----------+----------+-----------+-----------+-------------+----------+
        |- Loop 1     |   18436|     18436|         6|          1|          1|        18432|    yes   |
        |- Loop 2     |      65|        65|         3|          1|          1|           64|    yes   |
        |- Loop 3     |  203330|  25822910|    203330|          -|          -|   1 ~ 127   |    no    |
        | + Loop 3.1  |    2594|      2594|         4|          1|          1|         2592|    yes   |
        | + Loop 3.2  |  200731|    200731|        30|          2|          1|       100352|    yes   |
        |- Loop 4     |     416|     18560|         2|          1|          1| 416 ~ 18560 |    yes   |
        +-------------+--------+----------+----------+-----------+-----------+-------------+----------+



================================================================
== Utilization Estimates
================================================================
* Summary: 
+-----------------+---------+-------+--------+-------+
|       Name      | BRAM_18K| DSP48E|   FF   |  LUT  |
+-----------------+---------+-------+--------+-------+
|DSP              |        -|      3|       -|      -|
|Expression       |        -|      0|       0|   2027|
|FIFO             |        -|      -|       -|      -|
|Instance         |        -|     11|     686|     52|
|Memory           |       21|      -|       8|      8|
|Multiplexer      |        -|      -|       -|   1447|
|Register         |        0|      -|    2694|    288|
+-----------------+---------+-------+--------+-------+
|Total            |       21|     14|    3388|   3822|
+-----------------+---------+-------+--------+-------+
|Available        |      280|    220|  106400|  53200|
+-----------------+---------+-------+--------+-------+
|Utilization (%)  |        7|      6|       3|      7|
+-----------------+---------+-------+--------+-------+

+ Detail: 
    * Instance: 
    +--------------------------+----------------------+---------+-------+-----+----+
    |         Instance         |        Module        | BRAM_18K| DSP48E|  FF | LUT|
    +--------------------------+----------------------+---------+-------+-----+----+
    |ultra_mul_32s_32sbkb_U50  |ultra_mul_32s_32sbkb  |        0|      4|  215|   1|
    |ultra_mul_35ns_33eOg_U52  |ultra_mul_35ns_33eOg  |        0|      4|  276|  40|
    |ultra_mul_8s_26s_dEe_U51  |ultra_mul_8s_26s_dEe  |        0|      3|  195|  11|
    +--------------------------+----------------------+---------+-------+-----+----+
    |Total                     |                      |        0|     11|  686|  52|
    +--------------------------+----------------------+---------+-------+-----+----+

    * DSP48: 
    +--------------------------+----------------------+--------------+
    |         Instance         |        Module        |  Expression  |
    +--------------------------+----------------------+--------------+
    |ultra_mac_muladd_fYi_U55  |ultra_mac_muladd_fYi  | i0 + i1 * i2 |
    |ultra_mul_mul_16scud_U53  |ultra_mul_mul_16scud  |    i0 * i0   |
    |ultra_mul_mul_16scud_U54  |ultra_mul_mul_16scud  |    i0 * i1   |
    +--------------------------+----------------------+--------------+

    * Memory: 
    +------------+-----------------+---------+---+----+------+-----+------+-------------+
    |   Memory   |      Module     | BRAM_18K| FF| LUT| Words| Bits| Banks| W*Bits*Banks|
    +------------+-----------------+---------+---+----+------+-----+------+-------------+
    |A_V_2_2_U   |Conv_1_A_V_2_2   |        1|  0|   0|   288|    8|     1|         2304|
    |A_V_2_3_U   |Conv_1_A_V_2_2   |        1|  0|   0|   288|    8|     1|         2304|
    |A_V_2_4_U   |Conv_1_A_V_2_2   |        1|  0|   0|   288|    8|     1|         2304|
    |A_V_2_5_U   |Conv_1_A_V_2_2   |        1|  0|   0|   288|    8|     1|         2304|
    |A_V_2_6_U   |Conv_1_A_V_2_2   |        1|  0|   0|   288|    8|     1|         2304|
    |A_V_2_7_U   |Conv_1_A_V_2_2   |        1|  0|   0|   288|    8|     1|         2304|
    |A_V_2_8_U   |Conv_1_A_V_2_2   |        1|  0|   0|   288|    8|     1|         2304|
    |A_V_2_1_U   |Conv_1_A_V_2_2   |        1|  0|   0|   288|    8|     1|         2304|
    |A_V_2_0_U   |Conv_1_A_V_2_2   |        1|  0|   0|   288|    8|     1|         2304|
    |B_V_2_0_U   |Conv_1_B_V_2_0   |        4|  0|   0|  6144|    8|     1|        49152|
    |B_V_2_1_U   |Conv_1_B_V_2_0   |        4|  0|   0|  6144|    8|     1|        49152|
    |B_V_2_2_U   |Conv_1_B_V_2_0   |        4|  0|   0|  6144|    8|     1|        49152|
    |bias_V_8_U  |Conv_1_bias_V_8  |        0|  8|   8|    64|    8|     1|          512|
    +------------+-----------------+---------+---+----+------+-----+------+-------------+
    |Total       |                 |       21|  8|   8| 21088|  104|    13|       168704|
    +------------+-----------------+---------+---+----+------+-----+------+-------------+

    * FIFO: 
    N/A

    * Expression: 
    +------------------------------------+----------+-------+---+----+------------+------------+
    |            Variable Name           | Operation| DSP48E| FF| LUT| Bitwidth P0| Bitwidth P1|
    +------------------------------------+----------+-------+---+----+------------+------------+
    |r_V_15_0_1_fu_1944_p2               |     *    |      0|  0|  41|           8|           8|
    |r_V_15_0_2_fu_1957_p2               |     *    |      0|  0|  41|           8|           8|
    |r_V_15_1_1_fu_2002_p2               |     *    |      0|  0|  41|           8|           8|
    |r_V_15_1_2_fu_2015_p2               |     *    |      0|  0|  41|           8|           8|
    |r_V_15_1_fu_1989_p2                 |     *    |      0|  0|  41|           8|           8|
    |r_V_15_2_1_fu_1970_p2               |     *    |      0|  0|  41|           8|           8|
    |r_V_15_2_fu_2028_p2                 |     *    |      0|  0|  41|           8|           8|
    |r_V_2_fu_1931_p2                    |     *    |      0|  0|  41|           8|           8|
    |KER_bound_fu_1382_p2                |     +    |      0|  0|  39|          32|          32|
    |buf_V_6_2_2_fu_2128_p2              |     +    |      0|  0|  31|          24|          24|
    |i_24_fu_2568_p2                     |     +    |      0|  0|  15|           7|           1|
    |i_25_fu_2497_p2                     |     +    |      0|  0|  15|           7|           1|
    |i_26_fu_1690_p2                     |     +    |      0|  0|  15|           1|           7|
    |i_4_fu_1512_p2                      |     +    |      0|  0|  15|           6|           1|
    |i_fu_1395_p2                        |     +    |      0|  0|  38|          31|           1|
    |ia_2_fu_1569_p2                     |     +    |      0|  0|  13|           4|           1|
    |ia_2_mid1_fu_1745_p2                |     +    |      0|  0|  13|           2|           4|
    |ib_2_fu_1667_p2                     |     +    |      0|  0|  13|           1|           4|
    |indvar_flatten13_op_fu_2324_p2      |     +    |      0|  0|  19|          14|           1|
    |indvar_flatten44_op_fu_1434_p2      |     +    |      0|  0|  14|          10|           1|
    |indvar_flatten63_op_fu_1649_p2      |     +    |      0|  0|  17|          13|           1|
    |indvar_flatten78_op_fu_1655_p2      |     +    |      0|  0|  21|          15|           1|
    |indvar_flatten_next2_3_fu_1422_p2   |     +    |      0|  0|  12|          12|           1|
    |indvar_flatten_next2_6_fu_1581_p2   |     +    |      0|  0|  24|          17|           1|
    |indvar_flatten_next2_fu_2312_p2     |     +    |      0|  0|  21|          15|           1|
    |indvar_flatten_op_fu_2404_p2        |     +    |      0|  0|  17|          13|           1|
    |j_13_fu_2465_p2                     |     +    |      0|  0|  15|           1|           6|
    |j_3_fu_1448_p2                      |     +    |      0|  0|  13|           1|           4|
    |j_4_fu_1713_p2                      |     +    |      0|  0|  15|           6|           1|
    |k_5_fu_1485_p2                      |     +    |      0|  0|  13|           1|           4|
    |ka_4_fu_2418_p2                     |     +    |      0|  0|  12|           2|           3|
    |kb_3_fu_2373_p2                     |     +    |      0|  0|  12|           2|           3|
    |num_img_6_fu_1410_p2                |     +    |      0|  0|  21|          15|           1|
    |r_V_fu_2136_p2                      |     +    |      0|  0|  31|          24|          24|
    |tmp1_fu_2071_p2                     |     +    |      0|  0|  25|          18|          18|
    |tmp2_fu_2037_p2                     |     +    |      0|  0|  24|          17|          17|
    |tmp3_fu_2061_p2                     |     +    |      0|  0|  24|          17|          17|
    |tmp4_fu_2096_p2                     |     +    |      0|  0|  25|          18|          18|
    |tmp5_fu_2077_p2                     |     +    |      0|  0|  24|          17|          17|
    |tmp6_fu_2087_p2                     |     +    |      0|  0|  24|          17|          17|
    |tmp_119_fu_1563_p2                  |     +    |      0|  0|  13|           4|           2|
    |tmp_138_fu_2119_p2                  |     +    |      0|  0|  26|          19|          19|
    |tmp_188_fu_2517_p2                  |     +    |      0|  0|  17|          13|          13|
    |tmp_190_fu_2546_p2                  |     +    |      0|  0|  12|          14|          14|
    |tmp_193_fu_1535_p2                  |     +    |      0|  0|  12|          10|          10|
    |tmp_194_fu_1541_p2                  |     +    |      0|  0|  12|          10|          10|
    |tmp_199_fu_1795_p2                  |     +    |      0|  0|  14|          10|          10|
    |tmp_200_fu_1801_p2                  |     +    |      0|  0|  14|          10|          10|
    |tmp_201_fu_1807_p2                  |     +    |      0|  0|  14|          10|          10|
    |tmp_203_fu_1813_p2                  |     +    |      0|  0|  14|          10|          10|
    |tmp_204_fu_1819_p2                  |     +    |      0|  0|  71|          64|          64|
    |tmp_206_fu_1889_p2                  |     +    |      0|  0|  19|           1|          14|
    |tmp_207_fu_1894_p2                  |     +    |      0|  0|  19|           2|          14|
    |neg_mul_fu_2245_p2                  |     -    |      0|  0|  74|           1|          67|
    |neg_ti_fu_2273_p2                   |     -    |      0|  0|  40|           1|          33|
    |p_neg_fu_2159_p2                    |     -    |      0|  0|  31|           1|          24|
    |p_neg_t_fu_2181_p2                  |     -    |      0|  0|  33|           1|          26|
    |tmp_189_fu_2540_p2                  |     -    |      0|  0|  12|          14|          14|
    |tmp_205_fu_1841_p2                  |     -    |      0|  0|  19|          14|          14|
    |ap_block_pp0_stage0_01001           |    and   |      0|  0|   2|           1|           1|
    |ap_block_pp1_stage0_11001           |    and   |      0|  0|   2|           1|           1|
    |ap_block_pp2_stage1_01001           |    and   |      0|  0|   2|           1|           1|
    |ap_block_pp3_stage0_01001           |    and   |      0|  0|   2|           1|           1|
    |ap_block_pp4_stage0_01001           |    and   |      0|  0|   2|           1|           1|
    |ap_block_state23_pp1_stage0_iter2   |    and   |      0|  0|   2|           1|           1|
    |ap_block_state55_pp2_stage1_iter14  |    and   |      0|  0|   2|           1|           1|
    |ap_condition_2682                   |    and   |      0|  0|   2|           1|           1|
    |ap_condition_2687                   |    and   |      0|  0|   2|           1|           1|
    |ap_condition_544                    |    and   |      0|  0|   2|           1|           1|
    |ap_condition_557                    |    and   |      0|  0|   2|           1|           1|
    |exitcond1_mid2_fu_1643_p2           |    and   |      0|  0|   2|           1|           1|
    |exitcond1_mid_fu_1613_p2            |    and   |      0|  0|   2|           1|           1|
    |exitcond6_mid2_fu_2459_p2           |    and   |      0|  0|   2|           1|           1|
    |exitcond6_mid_fu_2437_p2            |    and   |      0|  0|   2|           1|           1|
    |exitcond8_mid_fu_1479_p2            |    and   |      0|  0|   2|           1|           1|
    |exitcond_flatten65_m_fu_1625_p2     |    and   |      0|  0|   2|           1|           1|
    |exitcond_flatten_mid_fu_2367_p2     |    and   |      0|  0|   2|           1|           1|
    |exitcond15_fu_2431_p2               |   icmp   |      0|  0|  11|           7|           8|
    |exitcond16_fu_1473_p2               |   icmp   |      0|  0|  11|           6|           7|
    |exitcond17_fu_1607_p2               |   icmp   |      0|  0|  11|           6|           7|
    |exitcond_flatten21_fu_2318_p2       |   icmp   |      0|  0|  13|          14|          13|
    |exitcond_flatten22_fu_2361_p2       |   icmp   |      0|  0|  13|          13|          12|
    |exitcond_flatten23_fu_1416_p2       |   icmp   |      0|  0|  13|          12|          12|
    |exitcond_flatten24_fu_1428_p2       |   icmp   |      0|  0|  13|          10|           9|
    |exitcond_flatten25_fu_1575_p2       |   icmp   |      0|  0|  18|          17|          16|
    |exitcond_flatten26_fu_1587_p2       |   icmp   |      0|  0|  13|          15|          14|
    |exitcond_flatten27_fu_1619_p2       |   icmp   |      0|  0|  13|          13|          12|
    |exitcond_flatten_fu_2306_p2         |   icmp   |      0|  0|  13|          15|          15|
    |exitcond_fu_2562_p2                 |   icmp   |      0|  0|  11|           7|           8|
    |ifzero_fu_1899_p2                   |   icmp   |      0|  0|  11|           6|           7|
    |tmp_107_fu_1354_p2                  |   icmp   |      0|  0|  13|          16|           1|
    |tmp_111_fu_1405_p2                  |   icmp   |      0|  0|  13|          16|          16|
    |tmp_112_fu_1390_p2                  |   icmp   |      0|  0|  18|          32|          32|
    |tmp_s_fu_1349_p2                    |   icmp   |      0|  0|  13|          16|           2|
    |ap_block_state1                     |    or    |      0|  0|   2|           1|           1|
    |ap_block_state18_pp0_stage0_iter1   |    or    |      0|  0|   2|           1|           1|
    |ap_block_state2                     |    or    |      0|  0|   2|           1|           1|
    |ap_block_state61_pp3_stage0_iter4   |    or    |      0|  0|   2|           1|           1|
    |ap_block_state65_pp4_stage0_iter1   |    or    |      0|  0|   2|           1|           1|
    |not_exitcond_flatten_5_fu_2454_p2   |    or    |      0|  0|   2|           1|           1|
    |not_exitcond_flatten_7_fu_1637_p2   |    or    |      0|  0|   2|           1|           1|
    |tmp_185_fu_2379_p2                  |    or    |      0|  0|   2|           1|           1|
    |tmp_186_fu_2471_p2                  |    or    |      0|  0|   2|           1|           1|
    |tmp_191_fu_1491_p2                  |    or    |      0|  0|   2|           1|           1|
    |tmp_195_fu_1672_p2                  |    or    |      0|  0|   2|           1|           1|
    |tmp_196_fu_1696_p2                  |    or    |      0|  0|   2|           1|           1|
    |tmp_211_fu_2476_p2                  |    or    |      0|  0|   2|           1|           1|
    |tmp_229_fu_1700_p2                  |    or    |      0|  0|   2|           1|           1|
    |Outbuf_V_fu_2298_p3                 |  select  |      0|  0|  16|           1|           1|
    |i23_mid2_fu_2481_p3                 |  select  |      0|  0|   7|           1|           1|
    |i3_mid2_fu_1496_p3                  |  select  |      0|  0|   6|           1|           1|
    |i4_mid_fu_1676_p3                   |  select  |      0|  0|   7|           1|           1|
    |ib_mid2_fu_1684_p3                  |  select  |      0|  0|   4|           1|           4|
    |ib_mid_fu_1593_p3                   |  select  |      0|  0|   4|           1|           1|
    |indvar_flatten_next1_fu_2330_p3     |  select  |      0|  0|  14|           1|           1|
    |indvar_flatten_next2_2_fu_1440_p3   |  select  |      0|  0|  10|           1|           1|
    |indvar_flatten_next2_4_fu_1719_p3   |  select  |      0|  0|  13|           1|           1|
    |indvar_flatten_next2_5_fu_1726_p3   |  select  |      0|  0|  15|           1|           1|
    |indvar_flatten_next_fu_2410_p3      |  select  |      0|  0|  13|           1|           1|
    |j5_mid2_fu_1705_p3                  |  select  |      0|  0|   6|           1|           1|
    |j_mid_fu_2442_p3                    |  select  |      0|  0|   6|           1|           1|
    |k_mid2_fu_1504_p3                   |  select  |      0|  0|   4|           1|           4|
    |k_mid_fu_1454_p3                    |  select  |      0|  0|   4|           1|           1|
    |kb_mid2_fu_2396_p3                  |  select  |      0|  0|   3|           1|           3|
    |kb_mid_fu_2338_p3                   |  select  |      0|  0|   3|           1|           2|
    |kb_t_mid2_fu_2388_p3                |  select  |      0|  0|   2|           1|           2|
    |kb_t_mid_fu_2349_p3                 |  select  |      0|  0|   3|           1|           3|
    |p_9_mid2_fu_2102_p3                 |  select  |      0|  0|  24|           1|           1|
    |tmp_110_mid2_v_v_fu_2424_p3         |  select  |      0|  0|   3|           1|           3|
    |tmp_117_mid2_v_fu_1461_p3           |  select  |      0|  0|   4|           1|           4|
    |tmp_118_mid2_fu_2489_p3             |  select  |      0|  0|   6|           1|           6|
    |tmp_120_mid2_fu_1732_p3             |  select  |      0|  0|   4|           1|           4|
    |tmp_125_mid2_fu_1761_p3             |  select  |      0|  0|   7|           1|           7|
    |tmp_127_fu_2194_p3                  |  select  |      0|  0|  26|           1|          26|
    |tmp_128_fu_2279_p3                  |  select  |      0|  0|  33|           1|          33|
    |tmp_169_1_mid2_fu_1661_p3           |  select  |      0|  0|   4|           1|           4|
    |tmp_169_2_mid2_fu_1751_p3           |  select  |      0|  0|   4|           1|           4|
    |tmp_213_fu_2266_p3                  |  select  |      0|  0|  33|           1|          33|
    |ap_enable_pp0                       |    xor   |      0|  0|   2|           1|           2|
    |ap_enable_pp1                       |    xor   |      0|  0|   2|           1|           2|
    |ap_enable_pp2                       |    xor   |      0|  0|   2|           1|           2|
    |ap_enable_pp3                       |    xor   |      0|  0|   2|           1|           2|
    |ap_enable_pp4                       |    xor   |      0|  0|   2|           1|           2|
    |ap_enable_reg_pp0_iter1             |    xor   |      0|  0|   2|           2|           1|
    |ap_enable_reg_pp1_iter1             |    xor   |      0|  0|   2|           2|           1|
    |ap_enable_reg_pp2_iter1             |    xor   |      0|  0|   2|           2|           1|
    |ap_enable_reg_pp3_iter1             |    xor   |      0|  0|   2|           2|           1|
    |ap_enable_reg_pp4_iter1             |    xor   |      0|  0|   2|           2|           1|
    |exitcond_flatten65_n_fu_1631_p2     |    xor   |      0|  0|   2|           1|           2|
    |exitcond_flatten_not_fu_2449_p2     |    xor   |      0|  0|   2|           1|           2|
    |not_exitcond_flatten_6_fu_1601_p2   |    xor   |      0|  0|   2|           1|           2|
    |not_exitcond_flatten_8_fu_2356_p2   |    xor   |      0|  0|   2|           1|           2|
    |not_exitcond_flatten_fu_1468_p2     |    xor   |      0|  0|   2|           1|           2|
    +------------------------------------+----------+-------+---+----+------------+------------+
    |Total                               |          |      0|  0|2027|         956|        1080|
    +------------------------------------+----------+-------+---+----+------------+------------+

    * Multiplexer: 
    +--------------------------------------------------+-----+-----------+-----+-----------+
    |                       Name                       | LUT | Input Size| Bits| Total Bits|
    +--------------------------------------------------+-----+-----------+-----+-----------+
    |A_V_2_0_address0                                  |   15|          3|    9|         27|
    |A_V_2_0_address1                                  |   15|          3|    9|         27|
    |A_V_2_1_address0                                  |   21|          4|    9|         36|
    |A_V_2_1_address1                                  |   21|          4|    9|         36|
    |A_V_2_2_address0                                  |   21|          4|    9|         36|
    |A_V_2_2_address1                                  |   21|          4|    9|         36|
    |A_V_2_3_address0                                  |   21|          4|    9|         36|
    |A_V_2_3_address1                                  |   21|          4|    9|         36|
    |A_V_2_4_address0                                  |   21|          4|    9|         36|
    |A_V_2_4_address1                                  |   21|          4|    9|         36|
    |A_V_2_5_address0                                  |   21|          4|    9|         36|
    |A_V_2_5_address1                                  |   21|          4|    9|         36|
    |A_V_2_6_address0                                  |   21|          4|    9|         36|
    |A_V_2_6_address1                                  |   21|          4|    9|         36|
    |A_V_2_7_address0                                  |   15|          3|    9|         27|
    |A_V_2_7_address1                                  |   15|          3|    9|         27|
    |A_V_2_8_address0                                  |   15|          3|    9|         27|
    |A_V_2_8_address1                                  |   15|          3|    9|         27|
    |B_V_2_0_address0                                  |   15|          3|   13|         39|
    |B_V_2_0_address1                                  |   15|          3|   13|         39|
    |B_V_2_1_address0                                  |   15|          3|   13|         39|
    |B_V_2_1_address1                                  |   15|          3|   13|         39|
    |B_V_2_2_address0                                  |   15|          3|   13|         39|
    |B_V_2_2_address1                                  |   15|          3|   13|         39|
    |ap_NS_fsm                                         |  133|         29|    1|         29|
    |ap_done                                           |    9|          2|    1|          2|
    |ap_enable_reg_pp0_iter1                           |   15|          3|    1|          3|
    |ap_enable_reg_pp1_iter1                           |    9|          2|    1|          2|
    |ap_enable_reg_pp1_iter3                           |    9|          2|    1|          2|
    |ap_enable_reg_pp2_iter1                           |    9|          2|    1|          2|
    |ap_enable_reg_pp2_iter14                          |    9|          2|    1|          2|
    |ap_enable_reg_pp3_iter1                           |    9|          2|    1|          2|
    |ap_enable_reg_pp3_iter5                           |    9|          2|    1|          2|
    |ap_enable_reg_pp4_iter1                           |    9|          2|    1|          2|
    |ap_enable_reg_pp4_iter2                           |    9|          2|    1|          2|
    |ap_phi_mux_A_V_2_load_2_2_phi_phi_fu_945_p14      |   41|          8|    8|         64|
    |ap_phi_mux_i1_phi_fu_1200_p4                      |    9|          2|    7|         14|
    |ap_phi_mux_i23_phi_fu_1188_p4                     |    9|          2|    7|         14|
    |ap_phi_mux_i3_phi_fu_842_p4                       |    9|          2|    6|         12|
    |ap_phi_mux_i4_phi_fu_910_p4                       |    9|          2|    7|         14|
    |ap_phi_mux_ia_phi_fu_865_p4                       |    9|          2|    4|          8|
    |ap_phi_mux_ib_phi_fu_888_p4                       |    9|          2|    4|          8|
    |ap_phi_mux_indvar_flatten17_phi_fu_854_p4         |    9|          2|   17|         34|
    |ap_phi_mux_indvar_flatten18_phi_fu_877_p4         |    9|          2|   15|         30|
    |ap_phi_mux_indvar_flatten19_phi_fu_899_p4         |    9|          2|   13|         26|
    |ap_phi_mux_indvar_flatten_phi_fu_1164_p4          |    9|          2|   13|         26|
    |ap_phi_mux_j2_phi_fu_807_p4                       |    9|          2|    4|          8|
    |ap_phi_mux_j5_phi_fu_934_p4                       |    9|          2|    6|         12|
    |ap_phi_mux_j_phi_fu_1176_p4                       |    9|          2|    6|         12|
    |ap_phi_mux_k_phi_fu_830_p4                        |    9|          2|    4|          8|
    |ap_phi_mux_ka_phi_fu_1129_p4                      |    9|          2|    3|          6|
    |ap_phi_mux_kb_phi_fu_1152_p4                      |    9|          2|    3|          6|
    |ap_phi_mux_p_9_phi_fu_922_p4                      |    9|          2|   24|         48|
    |ap_phi_reg_pp2_iter3_A_V_2_load_0_0_phi_reg_961   |   41|          8|    8|         64|
    |ap_phi_reg_pp2_iter3_A_V_2_load_0_1_phi_reg_980   |   41|          8|    8|         64|
    |ap_phi_reg_pp2_iter3_A_V_2_load_0_2_phi_reg_999   |   41|          8|    8|         64|
    |ap_phi_reg_pp2_iter3_A_V_2_load_1_0_phi_reg_1018  |   41|          8|    8|         64|
    |ap_phi_reg_pp2_iter3_A_V_2_load_1_1_phi_reg_1057  |   41|          8|    8|         64|
    |ap_phi_reg_pp2_iter3_A_V_2_load_1_2_phi_reg_1076  |   41|          8|    8|         64|
    |ap_phi_reg_pp2_iter3_A_V_2_load_2_0_phi_reg_1095  |   41|          8|    8|         64|
    |ap_phi_reg_pp2_iter3_A_V_2_load_2_1_phi_reg_1038  |   41|          8|    8|         64|
    |bias_V_8_address0                                 |   15|          3|    6|         18|
    |i1_reg_1196                                       |    9|          2|    7|         14|
    |i23_reg_1184                                      |    9|          2|    7|         14|
    |i3_reg_838                                        |    9|          2|    6|         12|
    |i4_reg_906                                        |    9|          2|    7|         14|
    |i8_reg_770                                        |    9|          2|   31|         62|
    |ia_reg_861                                        |    9|          2|    4|          8|
    |ib_reg_884                                        |    9|          2|    4|          8|
    |indvar_flatten13_reg_1137                         |    9|          2|   14|         28|
    |indvar_flatten14_reg_1114                         |    9|          2|   15|         30|
    |indvar_flatten15_reg_792                          |    9|          2|   12|         24|
    |indvar_flatten16_reg_815                          |    9|          2|   10|         20|
    |indvar_flatten17_reg_850                          |    9|          2|   17|         34|
    |indvar_flatten18_reg_873                          |    9|          2|   15|         30|
    |indvar_flatten19_reg_895                          |    9|          2|   13|         26|
    |indvar_flatten_reg_1160                           |    9|          2|   13|         26|
    |j2_reg_803                                        |    9|          2|    4|          8|
    |j5_reg_930                                        |    9|          2|    6|         12|
    |j_reg_1172                                        |    9|          2|    6|         12|
    |k_reg_826                                         |    9|          2|    4|          8|
    |ka_reg_1125                                       |    9|          2|    3|          6|
    |kb_reg_1148                                       |    9|          2|    3|          6|
    |num_img_reg_781                                   |    9|          2|   15|         30|
    |p_9_reg_918                                       |    9|          2|   24|         48|
    |real_start                                        |    9|          2|    1|          2|
    |stream_in_V_V_blk_n                               |    9|          2|    1|          2|
    |stream_out_V_V_blk_n                              |    9|          2|    1|          2|
    |stream_out_V_V_din                                |   15|          3|   16|         48|
    +--------------------------------------------------+-----+-----------+-----+-----------+
    |Total                                             | 1447|        298|  731|       2292|
    +--------------------------------------------------+-----+-----------+-----+-----------+

    * Register: 
    +--------------------------------------------------+----+----+-----+-----------+
    |                       Name                       | FF | LUT| Bits| Const Bits|
    +--------------------------------------------------+----+----+-----+-----------+
    |A_V_2_0_addr_3_reg_2900                           |   9|   0|    9|          0|
    |A_V_2_0_load_1_reg_3121                           |   8|   0|    8|          0|
    |A_V_2_0_load_2_reg_3151                           |   8|   0|    8|          0|
    |A_V_2_0_load_reg_3096                             |   8|   0|    8|          0|
    |A_V_2_1_addr_2_reg_2910                           |   9|   0|    9|          0|
    |A_V_2_1_addr_3_reg_2916                           |   9|   0|    9|          0|
    |A_V_2_2_addr_2_reg_2927                           |   9|   0|    9|          0|
    |A_V_2_2_addr_3_reg_2933                           |   9|   0|    9|          0|
    |A_V_2_3_addr_2_reg_2944                           |   9|   0|    9|          0|
    |A_V_2_3_addr_3_reg_2950                           |   9|   0|    9|          0|
    |A_V_2_4_addr_2_reg_2961                           |   9|   0|    9|          0|
    |A_V_2_4_addr_3_reg_2967                           |   9|   0|    9|          0|
    |A_V_2_5_addr_2_reg_2978                           |   9|   0|    9|          0|
    |A_V_2_5_addr_3_reg_2984                           |   9|   0|    9|          0|
    |A_V_2_6_addr_2_reg_2995                           |   9|   0|    9|          0|
    |A_V_2_6_addr_3_reg_3001                           |   9|   0|    9|          0|
    |A_V_2_7_addr_2_reg_3012                           |   9|   0|    9|          0|
    |A_V_2_8_addr_2_reg_3027                           |   9|   0|    9|          0|
    |A_V_2_8_load_1_reg_3141                           |   8|   0|    8|          0|
    |A_V_2_8_load_2_reg_3126                           |   8|   0|    8|          0|
    |A_V_2_8_load_reg_3111                             |   8|   0|    8|          0|
    |A_V_2_load_1_0_phi_reg_1018                       |   8|   0|    8|          0|
    |B_V_2_0_load_1_reg_3131                           |   8|   0|    8|          0|
    |B_V_2_0_load_2_reg_3156                           |   8|   0|    8|          0|
    |B_V_2_0_load_reg_3101                             |   8|   0|    8|          0|
    |B_V_2_1_load_1_reg_3136                           |   8|   0|    8|          0|
    |B_V_2_1_load_2_reg_3161                           |   8|   0|    8|          0|
    |B_V_2_1_load_reg_3106                             |   8|   0|    8|          0|
    |B_V_2_2_load_1_reg_3146                           |   8|   0|    8|          0|
    |B_V_2_2_load_reg_3116                             |   8|   0|    8|          0|
    |KER_bound_reg_2669                                |  32|   0|   32|          0|
    |Outbuf_V_reg_3328                                 |  16|   0|   16|          0|
    |ap_CS_fsm                                         |  28|   0|   28|          0|
    |ap_done_reg                                       |   1|   0|    1|          0|
    |ap_enable_reg_pp0_iter0                           |   1|   0|    1|          0|
    |ap_enable_reg_pp0_iter1                           |   1|   0|    1|          0|
    |ap_enable_reg_pp1_iter0                           |   1|   0|    1|          0|
    |ap_enable_reg_pp1_iter1                           |   1|   0|    1|          0|
    |ap_enable_reg_pp1_iter2                           |   1|   0|    1|          0|
    |ap_enable_reg_pp1_iter3                           |   1|   0|    1|          0|
    |ap_enable_reg_pp2_iter0                           |   1|   0|    1|          0|
    |ap_enable_reg_pp2_iter1                           |   1|   0|    1|          0|
    |ap_enable_reg_pp2_iter10                          |   1|   0|    1|          0|
    |ap_enable_reg_pp2_iter11                          |   1|   0|    1|          0|
    |ap_enable_reg_pp2_iter12                          |   1|   0|    1|          0|
    |ap_enable_reg_pp2_iter13                          |   1|   0|    1|          0|
    |ap_enable_reg_pp2_iter14                          |   1|   0|    1|          0|
    |ap_enable_reg_pp2_iter2                           |   1|   0|    1|          0|
    |ap_enable_reg_pp2_iter3                           |   1|   0|    1|          0|
    |ap_enable_reg_pp2_iter4                           |   1|   0|    1|          0|
    |ap_enable_reg_pp2_iter5                           |   1|   0|    1|          0|
    |ap_enable_reg_pp2_iter6                           |   1|   0|    1|          0|
    |ap_enable_reg_pp2_iter7                           |   1|   0|    1|          0|
    |ap_enable_reg_pp2_iter8                           |   1|   0|    1|          0|
    |ap_enable_reg_pp2_iter9                           |   1|   0|    1|          0|
    |ap_enable_reg_pp3_iter0                           |   1|   0|    1|          0|
    |ap_enable_reg_pp3_iter1                           |   1|   0|    1|          0|
    |ap_enable_reg_pp3_iter2                           |   1|   0|    1|          0|
    |ap_enable_reg_pp3_iter3                           |   1|   0|    1|          0|
    |ap_enable_reg_pp3_iter4                           |   1|   0|    1|          0|
    |ap_enable_reg_pp3_iter5                           |   1|   0|    1|          0|
    |ap_enable_reg_pp4_iter0                           |   1|   0|    1|          0|
    |ap_enable_reg_pp4_iter1                           |   1|   0|    1|          0|
    |ap_enable_reg_pp4_iter2                           |   1|   0|    1|          0|
    |ap_phi_reg_pp2_iter1_A_V_2_load_0_0_phi_reg_961   |   8|   0|    8|          0|
    |ap_phi_reg_pp2_iter1_A_V_2_load_0_1_phi_reg_980   |   8|   0|    8|          0|
    |ap_phi_reg_pp2_iter1_A_V_2_load_0_2_phi_reg_999   |   8|   0|    8|          0|
    |ap_phi_reg_pp2_iter1_A_V_2_load_1_0_phi_reg_1018  |   8|   0|    8|          0|
    |ap_phi_reg_pp2_iter1_A_V_2_load_1_1_phi_reg_1057  |   8|   0|    8|          0|
    |ap_phi_reg_pp2_iter1_A_V_2_load_1_2_phi_reg_1076  |   8|   0|    8|          0|
    |ap_phi_reg_pp2_iter1_A_V_2_load_2_0_phi_reg_1095  |   8|   0|    8|          0|
    |ap_phi_reg_pp2_iter1_A_V_2_load_2_1_phi_reg_1038  |   8|   0|    8|          0|
    |ap_phi_reg_pp2_iter2_A_V_2_load_0_0_phi_reg_961   |   8|   0|    8|          0|
    |ap_phi_reg_pp2_iter2_A_V_2_load_0_1_phi_reg_980   |   8|   0|    8|          0|
    |ap_phi_reg_pp2_iter2_A_V_2_load_0_2_phi_reg_999   |   8|   0|    8|          0|
    |ap_phi_reg_pp2_iter2_A_V_2_load_1_0_phi_reg_1018  |   8|   0|    8|          0|
    |ap_phi_reg_pp2_iter2_A_V_2_load_1_1_phi_reg_1057  |   8|   0|    8|          0|
    |ap_phi_reg_pp2_iter2_A_V_2_load_1_2_phi_reg_1076  |   8|   0|    8|          0|
    |ap_phi_reg_pp2_iter2_A_V_2_load_2_0_phi_reg_1095  |   8|   0|    8|          0|
    |ap_phi_reg_pp2_iter2_A_V_2_load_2_1_phi_reg_1038  |   8|   0|    8|          0|
    |ap_phi_reg_pp2_iter3_A_V_2_load_0_0_phi_reg_961   |   8|   0|    8|          0|
    |ap_phi_reg_pp2_iter3_A_V_2_load_0_1_phi_reg_980   |   8|   0|    8|          0|
    |ap_phi_reg_pp2_iter3_A_V_2_load_0_2_phi_reg_999   |   8|   0|    8|          0|
    |ap_phi_reg_pp2_iter3_A_V_2_load_1_0_phi_reg_1018  |   8|   0|    8|          0|
    |ap_phi_reg_pp2_iter3_A_V_2_load_1_1_phi_reg_1057  |   8|   0|    8|          0|
    |ap_phi_reg_pp2_iter3_A_V_2_load_1_2_phi_reg_1076  |   8|   0|    8|          0|
    |ap_phi_reg_pp2_iter3_A_V_2_load_2_0_phi_reg_1095  |   8|   0|    8|          0|
    |ap_phi_reg_pp2_iter3_A_V_2_load_2_1_phi_reg_1038  |   8|   0|    8|          0|
    |bias_V_8_load_reg_3257                            |   8|   0|    8|          0|
    |buf_V_6_2_2_reg_3251                              |  24|   0|   24|          0|
    |exitcond1_mid2_reg_2797                           |   1|   0|    1|          0|
    |exitcond_flatten21_reg_3342                       |   1|   0|    1|          0|
    |exitcond_flatten21_reg_3342_pp3_iter1_reg         |   1|   0|    1|          0|
    |exitcond_flatten22_reg_3363                       |   1|   0|    1|          0|
    |exitcond_flatten23_reg_2692                       |   1|   0|    1|          0|
    |exitcond_flatten24_reg_2701                       |   1|   0|    1|          0|
    |exitcond_flatten25_reg_2765                       |   1|   0|    1|          0|
    |exitcond_flatten26_reg_2774                       |   1|   0|    1|          0|
    |exitcond_flatten65_m_reg_2790                     |   1|   0|    1|          0|
    |exitcond_flatten_mid_reg_3368                     |   1|   0|    1|          0|
    |exitcond_flatten_reg_3333                         |   1|   0|    1|          0|
    |exitcond_reg_3436                                 |   1|   0|    1|          0|
    |exitcond_reg_3436_pp4_iter1_reg                   |   1|   0|    1|          0|
    |i1_reg_1196                                       |   7|   0|    7|          0|
    |i1_reg_1196_pp4_iter1_reg                         |   7|   0|    7|          0|
    |i23_mid2_reg_3398                                 |   7|   0|    7|          0|
    |i23_reg_1184                                      |   7|   0|    7|          0|
    |i3_mid2_reg_2720                                  |   6|   0|    6|          0|
    |i3_reg_838                                        |   6|   0|    6|          0|
    |i4_mid_reg_2819                                   |   7|   0|    7|          0|
    |i4_reg_906                                        |   7|   0|    7|          0|
    |i8_reg_770                                        |  31|   0|   31|          0|
    |i_24_reg_3440                                     |   7|   0|    7|          0|
    |i_25_reg_3409                                     |   7|   0|    7|          0|
    |i_26_reg_2829                                     |   7|   0|    7|          0|
    |i_4_reg_2731                                      |   6|   0|    6|          0|
    |ia_2_reg_2759                                     |   4|   0|    4|          0|
    |ia_reg_861                                        |   4|   0|    4|          0|
    |ib_mid2_reg_2824                                  |   4|   0|    4|          0|
    |ib_mid_reg_2784                                   |   4|   0|    4|          0|
    |ib_reg_884                                        |   4|   0|    4|          0|
    |ifzero_reg_3062                                   |   1|   0|    1|          0|
    |indvar_flatten13_reg_1137                         |  14|   0|   14|          0|
    |indvar_flatten14_reg_1114                         |  15|   0|   15|          0|
    |indvar_flatten15_reg_792                          |  12|   0|   12|          0|
    |indvar_flatten16_reg_815                          |  10|   0|   10|          0|
    |indvar_flatten17_reg_850                          |  17|   0|   17|          0|
    |indvar_flatten18_reg_873                          |  15|   0|   15|          0|
    |indvar_flatten19_reg_895                          |  13|   0|   13|          0|
    |indvar_flatten63_op_reg_2803                      |  13|   0|   13|          0|
    |indvar_flatten78_op_reg_2808                      |  15|   0|   15|          0|
    |indvar_flatten_next2_4_reg_2852                   |  13|   0|   13|          0|
    |indvar_flatten_next2_5_reg_2857                   |  15|   0|   15|          0|
    |indvar_flatten_next2_6_reg_2769                   |  17|   0|   17|          0|
    |indvar_flatten_next_reg_3387                      |  13|   0|   13|          0|
    |indvar_flatten_reg_1160                           |  13|   0|   13|          0|
    |j2_reg_803                                        |   4|   0|    4|          0|
    |j5_mid2_reg_2839                                  |   6|   0|    6|          0|
    |j5_reg_930                                        |   6|   0|    6|          0|
    |j_4_reg_2846                                      |   6|   0|    6|          0|
    |j_reg_1172                                        |   6|   0|    6|          0|
    |k_mid2_reg_2726                                   |   4|   0|    4|          0|
    |k_mid2_reg_2726_pp1_iter2_reg                     |   4|   0|    4|          0|
    |k_reg_826                                         |   4|   0|    4|          0|
    |ka_reg_1125                                       |   3|   0|    3|          0|
    |kb_mid2_reg_3382                                  |   3|   0|    3|          0|
    |kb_reg_1148                                       |   3|   0|    3|          0|
    |kb_t_mid2_reg_3378                                |   2|   0|    2|          0|
    |lhs_V_reg_2637                                    |  32|   0|   32|          0|
    |mul_reg_3313                                      |  67|   0|   67|          0|
    |multiple_V_8                                      |   8|   0|    8|          0|
    |neg_mul_reg_3323                                  |  67|   0|   67|          0|
    |not_exitcond_flatten_8_reg_3358                   |   1|   0|    1|          0|
    |num_img_6_reg_2687                                |  15|   0|   15|          0|
    |num_img_reg_781                                   |  15|   0|   15|          0|
    |p_5_reg_2664                                      |  32|   0|   32|          0|
    |p_9_mid2_reg_3236                                 |  24|   0|   24|          0|
    |p_9_reg_918                                       |  24|   0|   24|          0|
    |r_V_15_0_1_reg_3181                               |  16|   0|   16|          0|
    |r_V_15_0_2_reg_3186                               |  16|   0|   16|          0|
    |r_V_15_1_1_reg_3201                               |  16|   0|   16|          0|
    |r_V_15_1_2_reg_3206                               |  16|   0|   16|          0|
    |r_V_15_1_reg_3196                                 |  16|   0|   16|          0|
    |r_V_15_2_1_reg_3191                               |  16|   0|   16|          0|
    |r_V_15_2_reg_3211                                 |  16|   0|   16|          0|
    |r_V_2_reg_3176                                    |  16|   0|   16|          0|
    |r_V_reg_3262                                      |  24|   0|   24|          0|
    |r_V_s_reg_3297                                    |  33|   0|   33|          0|
    |reg_1208                                          |   8|   0|    8|          0|
    |reg_1215                                          |   8|   0|    8|          0|
    |reg_1222                                          |   8|   0|    8|          0|
    |reg_1229                                          |   8|   0|    8|          0|
    |reg_1236                                          |   8|   0|    8|          0|
    |reg_1242                                          |   8|   0|    8|          0|
    |reg_1249                                          |   8|   0|    8|          0|
    |reg_1255                                          |   8|   0|    8|          0|
    |reg_1262                                          |   8|   0|    8|          0|
    |reg_1269                                          |   8|   0|    8|          0|
    |reg_1276                                          |   8|   0|    8|          0|
    |reg_1283                                          |   8|   0|    8|          0|
    |reg_1289                                          |   8|   0|    8|          0|
    |reg_1296                                          |   8|   0|    8|          0|
    |reg_1302                                          |   8|   0|    8|          0|
    |reg_1309                                          |   8|   0|    8|          0|
    |reg_1316                                          |   8|   0|    8|          0|
    |reg_1323                                          |   8|   0|    8|          0|
    |reg_1330                                          |   8|   0|    8|          0|
    |reg_1337                                          |   8|   0|    8|          0|
    |reg_1343                                          |   8|   0|    8|          0|
    |start_once_reg                                    |   1|   0|    1|          0|
    |tmp1_reg_3226                                     |  18|   0|   18|          0|
    |tmp2_reg_3216                                     |  17|   0|   17|          0|
    |tmp4_reg_3231                                     |  18|   0|   18|          0|
    |tmp7_reg_3221                                     |  17|   0|   17|          0|
    |tmp8_reg_2654                                     |  32|   0|   32|          0|
    |tmp9_reg_2659                                     |  32|   0|   32|          0|
    |tmp_110_mid2_v_v_reg_3392                         |   3|   0|    3|          0|
    |tmp_110_mid2_v_v_reg_3392_pp3_iter3_reg           |   3|   0|    3|          0|
    |tmp_112_reg_2674                                  |   1|   0|    1|          0|
    |tmp_117_mid2_v_reg_2714                           |   4|   0|    4|          0|
    |tmp_118_mid2_reg_3403                             |   6|   0|    6|          0|
    |tmp_119_reg_2754                                  |   4|   0|    4|          0|
    |tmp_125_mid2_reg_2862                             |   7|   0|    7|          0|
    |tmp_127_reg_3282                                  |  26|   0|   26|          0|
    |tmp_133_reg_3277                                  |  16|   0|   16|          0|
    |tmp_136_reg_3272                                  |  16|   0|   16|          0|
    |tmp_138_reg_3241                                  |  19|   0|   19|          0|
    |tmp_169_1_mid2_reg_2813                           |   4|   0|    4|          0|
    |tmp_185_reg_3373                                  |   1|   0|    1|          0|
    |tmp_188_reg_3414                                  |  13|   0|   13|          0|
    |tmp_190_reg_3424                                  |  14|   0|   14|          0|
    |tmp_194_reg_2736                                  |  10|   0|   10|          0|
    |tmp_200_reg_2868                                  |  10|   0|   10|          0|
    |tmp_201_reg_2873                                  |  10|   0|   10|          0|
    |tmp_203_reg_2878                                  |  10|   0|   10|          0|
    |tmp_205_reg_2883                                  |  14|   0|   14|          0|
    |tmp_206_reg_3042                                  |  14|   0|   14|          0|
    |tmp_207_reg_3047                                  |  14|   0|   14|          0|
    |tmp_219_reg_3419                                  |  12|   0|   12|          0|
    |tmp_226_reg_3429                                  |   8|   0|    8|          0|
    |tmp_227_reg_3445                                  |   8|   0|    8|          0|
    |tmp_228_reg_2741                                  |   8|   0|    8|          0|
    |tmp_229_reg_2834                                  |   1|   0|    1|          0|
    |tmp_233_reg_3267                                  |   1|   0|    1|          0|
    |tmp_234_reg_3302                                  |   1|   0|    1|          0|
    |tmp_236_reg_3318                                  |  29|   0|   29|          0|
    |tmp_V_136_reg_2609                                |  16|   0|   16|          0|
    |tmp_V_138_reg_2614                                |  16|   0|   16|          0|
    |tmp_V_140_reg_2619                                |  16|   0|   16|          0|
    |tmp_V_144_reg_2624                                |  16|   0|   16|          0|
    |tmp_V_reg_2603                                    |  16|   0|   16|          0|
    |exitcond_flatten23_reg_2692                       |  64|  32|    1|          0|
    |exitcond_flatten25_reg_2765                       |  64|  32|    1|          0|
    |exitcond_flatten_reg_3333                         |  64|  32|    1|          0|
    |ib_mid2_reg_2824                                  |  64|  32|    4|          0|
    |ifzero_reg_3062                                   |  64|  32|    1|          0|
    |kb_t_mid2_reg_3378                                |  64|  32|    2|          0|
    |tmp_125_mid2_reg_2862                             |  64|  32|    7|          0|
    |tmp_229_reg_2834                                  |  64|  32|    1|          0|
    |tmp_234_reg_3302                                  |  64|  32|    1|          0|
    +--------------------------------------------------+----+----+-----+-----------+
    |Total                                             |2694| 288| 2137|          0|
    +--------------------------------------------------+----+----+-----+-----------+



================================================================
== Interface
================================================================
* Summary: 
+-----------------------+-----+-----+------------+----------------+--------------+
|       RTL Ports       | Dir | Bits|  Protocol  |  Source Object |    C Type    |
+-----------------------+-----+-----+------------+----------------+--------------+
|ap_clk                 |  in |    1| ap_ctrl_hs |     Conv.1     | return value |
|ap_rst                 |  in |    1| ap_ctrl_hs |     Conv.1     | return value |
|ap_start               |  in |    1| ap_ctrl_hs |     Conv.1     | return value |
|start_full_n           |  in |    1| ap_ctrl_hs |     Conv.1     | return value |
|ap_done                | out |    1| ap_ctrl_hs |     Conv.1     | return value |
|ap_continue            |  in |    1| ap_ctrl_hs |     Conv.1     | return value |
|ap_idle                | out |    1| ap_ctrl_hs |     Conv.1     | return value |
|ap_ready               | out |    1| ap_ctrl_hs |     Conv.1     | return value |
|start_out              | out |    1| ap_ctrl_hs |     Conv.1     | return value |
|start_write            | out |    1| ap_ctrl_hs |     Conv.1     | return value |
|stream_in_V_V_dout     |  in |   16|   ap_fifo  |  stream_in_V_V |    pointer   |
|stream_in_V_V_empty_n  |  in |    1|   ap_fifo  |  stream_in_V_V |    pointer   |
|stream_in_V_V_read     | out |    1|   ap_fifo  |  stream_in_V_V |    pointer   |
|stream_out_V_V_din     | out |   16|   ap_fifo  | stream_out_V_V |    pointer   |
|stream_out_V_V_full_n  |  in |    1|   ap_fifo  | stream_out_V_V |    pointer   |
|stream_out_V_V_write   | out |    1|   ap_fifo  | stream_out_V_V |    pointer   |
+-----------------------+-----+-----+------------+----------------+--------------+

