

================================================================
== Vivado HLS Report for 'ultra'
================================================================
* Date:           Tue Jun 11 19:36:27 2019

* Version:        2018.2 (Build 2258646 on Thu Jun 14 20:25:20 MDT 2018)
* Project:        ULTRA_HLS
* Solution:       solution1
* Product family: zynq
* Target device:  xc7z020clg400-1


================================================================
== Performance Estimates
================================================================
+ Timing (ns): 
    * Summary: 
    +--------+-------+----------+------------+
    |  Clock | Target| Estimated| Uncertainty|
    +--------+-------+----------+------------+
    |ap_clk  |   5.00|     5.716|        0.63|
    +--------+-------+----------+------------+

+ Latency (clock cycles): 
    * Summary: 
    +--------+----------+-----+----------+----------+
    |      Latency      |    Interval    | Pipeline |
    |   min  |    max   | min |    max   |   Type   |
    +--------+----------+-----+----------+----------+
    |  712220|  48717583|  435|  48652440| dataflow |
    +--------+----------+-----+----------+----------+

    + Detail: 
        * Instance: 
        +-------------------+------------------+-----+----------+-----+----------+---------+
        |                   |                  |     Latency    |    Interval    | Pipeline|
        |      Instance     |      Module      | min |    max   | min |    max   |   Type  |
        +-------------------+------------------+-----+----------+-----+----------+---------+
        |Conv_S_U0          |Conv_S            |  431|  48652439|  431|  48652439|   none  |
        |Conv_3_U0          |Conv_3            |  433|  27235667|  433|  27235667|   none  |
        |Conv_1_U0          |Conv_1            |  433|  25822919|  433|  25822919|   none  |
        |Conv_U0            |Conv              |  433|  13407399|  433|  13407399|   none  |
        |Conv_2_U0          |Conv_2            |  433|   1276359|  433|   1276359|   none  |
        |FC_144_128_U0      |FC_144_128_s      |  433|   2362082|  433|   2362082|   none  |
        |Pool_16_63_3_0_U0  |Pool_16_63_3_0_s  |  433|  32260803|  433|  32260803|   none  |
        |FC_128_8_U0        |FC_128_8_s        |  433|    149234|  433|    149234|   none  |
        |AXI_DMA_MASTER_U0  |AXI_DMA_MASTER    |   28|     18580|   28|     18580|   none  |
        |AXI_DMA_SLAVE_U0   |AXI_DMA_SLAVE     |  434|   8323090|  434|   8323090|   none  |
        +-------------------+------------------+-----+----------+-----+----------+---------+

        * Loop: 
        N/A



================================================================
== Utilization Estimates
================================================================
* Summary: 
+-----------------+---------+-------+--------+-------+
|       Name      | BRAM_18K| DSP48E|   FF   |  LUT  |
+-----------------+---------+-------+--------+-------+
|DSP              |        -|      -|       -|      -|
|Expression       |        -|      -|       -|      -|
|FIFO             |       18|      -|     540|   1143|
|Instance         |      150|    121|   28201|  38625|
|Memory           |        -|      -|       -|      -|
|Multiplexer      |        -|      -|       -|      -|
|Register         |        -|      -|       -|      -|
+-----------------+---------+-------+--------+-------+
|Total            |      168|    121|   28741|  39768|
+-----------------+---------+-------+--------+-------+
|Available        |      280|    220|  106400|  53200|
+-----------------+---------+-------+--------+-------+
|Utilization (%)  |       60|     55|      27|     74|
+-----------------+---------+-------+--------+-------+

+ Detail: 
    * Instance: 
    +-------------------+------------------+---------+-------+------+-------+
    |      Instance     |      Module      | BRAM_18K| DSP48E|  FF  |  LUT  |
    +-------------------+------------------+---------+-------+------+-------+
    |AXI_DMA_MASTER_U0  |AXI_DMA_MASTER    |        0|     12|   978|    627|
    |AXI_DMA_SLAVE_U0   |AXI_DMA_SLAVE     |        0|     12|   903|    454|
    |Conv_U0            |Conv              |       19|     14|  3335|   3647|
    |Conv_1_U0          |Conv_1            |       21|     14|  3388|   3822|
    |Conv_2_U0          |Conv_2            |        8|     14|  3162|   3378|
    |Conv_3_U0          |Conv_3            |       31|     15|  4963|   6655|
    |Conv_S_U0          |Conv_S            |        5|     14|  6753|  15680|
    |FC_128_8_U0        |FC_128_8_s        |       16|     10|  1732|   1433|
    |FC_144_128_U0      |FC_144_128_s      |       18|     10|  1798|   1479|
    |Pool_16_63_3_0_U0  |Pool_16_63_3_0_s  |       32|      6|  1189|   1450|
    +-------------------+------------------+---------+-------+------+-------+
    |Total              |                  |      150|    121| 28201|  38625|
    +-------------------+------------------+---------+-------+------+-------+

    * DSP48: 
    N/A

    * Memory: 
    N/A

    * FIFO: 
    +-----------------+---------+----+-----+------+-----+---------+
    |       Name      | BRAM_18K| FF | LUT | Depth| Bits| Size:D*B|
    +-----------------+---------+----+-----+------+-----+---------+
    |connect_0_V_V_U  |        2|  60|  127|  2048|   16|    32768|
    |connect_1_V_V_U  |        2|  60|  127|  2048|   16|    32768|
    |connect_2_V_V_U  |        2|  60|  127|  2048|   16|    32768|
    |connect_3_V_V_U  |        2|  60|  127|  2048|   16|    32768|
    |connect_4_V_V_U  |        2|  60|  127|  2048|   16|    32768|
    |connect_5_V_V_U  |        2|  60|  127|  2048|   16|    32768|
    |connect_6_V_V_U  |        2|  60|  127|  2048|   16|    32768|
    |connect_7_V_V_U  |        2|  60|  127|  2048|   16|    32768|
    |connect_8_V_V_U  |        2|  60|  127|  2048|   16|    32768|
    +-----------------+---------+----+-----+------+-----+---------+
    |Total            |       18| 540| 1143| 18432|  144|   294912|
    +-----------------+---------+----+-----+------+-----+---------+

    * Expression: 
    N/A

    * Multiplexer: 
    N/A

    * Register: 
    N/A



================================================================
== Interface
================================================================
* Summary: 
+-------------------+-----+-----+--------------+---------------------+--------------+
|     RTL Ports     | Dir | Bits|   Protocol   |    Source Object    |    C Type    |
+-------------------+-----+-----+--------------+---------------------+--------------+
|stream_in_TDATA    |  in |   16|     axis     |  stream_in_V_data_V |    pointer   |
|stream_in_TLAST    |  in |    1|     axis     |   stream_in_V_last  |    pointer   |
|stream_in_TVALID   |  in |    1|     axis     |   stream_in_V_last  |    pointer   |
|stream_in_TREADY   | out |    1|     axis     |   stream_in_V_last  |    pointer   |
|stream_out_TDATA   | out |   16|     axis     | stream_out_V_data_V |    pointer   |
|stream_out_TLAST   | out |    1|     axis     |  stream_out_V_last  |    pointer   |
|stream_out_TVALID  | out |    1|     axis     |  stream_out_V_last  |    pointer   |
|stream_out_TREADY  |  in |    1|     axis     |  stream_out_V_last  |    pointer   |
|ap_clk             |  in |    1| ap_ctrl_none |        ultra        | return value |
|ap_rst_n           |  in |    1| ap_ctrl_none |        ultra        | return value |
+-------------------+-----+-----+--------------+---------------------+--------------+

