
*** Running vivado
    with args -log system_mean_0_2.vds -m64 -product Vivado -mode batch -messageDb vivado.pb -notrace -source system_mean_0_2.tcl


****** Vivado v2018.2 (64-bit)
  **** SW Build 2258646 on Thu Jun 14 20:03:12 MDT 2018
  **** IP Build 2256618 on Thu Jun 14 22:10:49 MDT 2018
    ** Copyright 1986-2018 Xilinx, Inc. All Rights Reserved.

source system_mean_0_2.tcl -notrace
Command: synth_design -top system_mean_0_2 -part xc7z020clg400-1 -mode out_of_context
Starting synth_design
Attempting to get a license for feature 'Synthesis' and/or device 'xc7z020'
INFO: [Common 17-349] Got license for feature 'Synthesis' and/or device 'xc7z020'
INFO: Launching helper process for spawning children vivado processes
INFO: Helper process launched with PID 3788 
---------------------------------------------------------------------------------
Starting RTL Elaboration : Time (s): cpu = 00:00:07 ; elapsed = 00:00:08 . Memory (MB): peak = 450.488 ; gain = 96.816
---------------------------------------------------------------------------------
INFO: [Synth 8-6157] synthesizing module 'system_mean_0_2' [e:/MyPYNQ/PL_CONV/PL_CONV.srcs/sources_1/bd/system/ip/system_mean_0_2/synth/system_mean_0_2.v:58]
INFO: [Synth 8-6157] synthesizing module 'mean' [e:/MyPYNQ/PL_CONV/PL_CONV.srcs/sources_1/bd/system/ipshared/e41d/hdl/verilog/mean.v:12]
	Parameter ap_ST_fsm_state1 bound to: 5'b00001 
	Parameter ap_ST_fsm_state2 bound to: 5'b00010 
	Parameter ap_ST_fsm_state3 bound to: 5'b00100 
	Parameter ap_ST_fsm_state4 bound to: 5'b01000 
	Parameter ap_ST_fsm_state5 bound to: 5'b10000 
INFO: [Synth 8-5534] Detected attribute (* fsm_encoding = "none" *) [e:/MyPYNQ/PL_CONV/PL_CONV.srcs/sources_1/bd/system/ipshared/e41d/hdl/verilog/mean.v:260]
INFO: [Synth 8-6155] done synthesizing module 'mean' (1#1) [e:/MyPYNQ/PL_CONV/PL_CONV.srcs/sources_1/bd/system/ipshared/e41d/hdl/verilog/mean.v:12]
INFO: [Synth 8-6155] done synthesizing module 'system_mean_0_2' (2#1) [e:/MyPYNQ/PL_CONV/PL_CONV.srcs/sources_1/bd/system/ip/system_mean_0_2/synth/system_mean_0_2.v:58]
---------------------------------------------------------------------------------
Finished RTL Elaboration : Time (s): cpu = 00:00:09 ; elapsed = 00:00:11 . Memory (MB): peak = 504.801 ; gain = 151.129
---------------------------------------------------------------------------------

Report Check Netlist: 
+------+------------------+-------+---------+-------+------------------+
|      |Item              |Errors |Warnings |Status |Description       |
+------+------------------+-------+---------+-------+------------------+
|1     |multi_driven_nets |      0|        0|Passed |Multi driven nets |
+------+------------------+-------+---------+-------+------------------+
---------------------------------------------------------------------------------
Start Handling Custom Attributes
---------------------------------------------------------------------------------
---------------------------------------------------------------------------------
Finished Handling Custom Attributes : Time (s): cpu = 00:00:10 ; elapsed = 00:00:12 . Memory (MB): peak = 504.801 ; gain = 151.129
---------------------------------------------------------------------------------
---------------------------------------------------------------------------------
Finished RTL Optimization Phase 1 : Time (s): cpu = 00:00:10 ; elapsed = 00:00:12 . Memory (MB): peak = 504.801 ; gain = 151.129
---------------------------------------------------------------------------------
INFO: [Device 21-403] Loading part xc7z020clg400-1
INFO: [Project 1-570] Preparing netlist for logic optimization

Processing XDC Constraints
Initializing timing engine
Parsing XDC File [e:/MyPYNQ/PL_CONV/PL_CONV.srcs/sources_1/bd/system/ip/system_mean_0_2/constraints/mean_ooc.xdc] for cell 'inst'
Finished Parsing XDC File [e:/MyPYNQ/PL_CONV/PL_CONV.srcs/sources_1/bd/system/ip/system_mean_0_2/constraints/mean_ooc.xdc] for cell 'inst'
Parsing XDC File [E:/MyPYNQ/PL_CONV/PL_CONV.runs/system_mean_0_2_synth_1/dont_touch.xdc]
Finished Parsing XDC File [E:/MyPYNQ/PL_CONV/PL_CONV.runs/system_mean_0_2_synth_1/dont_touch.xdc]
Completed Processing XDC Constraints

INFO: [Project 1-111] Unisim Transformation Summary:
No Unisim elements were transformed.

Constraint Validation Runtime : Time (s): cpu = 00:00:00 ; elapsed = 00:00:00.105 . Memory (MB): peak = 871.188 ; gain = 1.566
---------------------------------------------------------------------------------
Finished Constraint Validation : Time (s): cpu = 00:00:33 ; elapsed = 00:00:41 . Memory (MB): peak = 871.188 ; gain = 517.516
---------------------------------------------------------------------------------
---------------------------------------------------------------------------------
Start Loading Part and Timing Information
---------------------------------------------------------------------------------
Loading part: xc7z020clg400-1
---------------------------------------------------------------------------------
Finished Loading Part and Timing Information : Time (s): cpu = 00:00:33 ; elapsed = 00:00:41 . Memory (MB): peak = 871.188 ; gain = 517.516
---------------------------------------------------------------------------------
---------------------------------------------------------------------------------
Start Applying 'set_property' XDC Constraints
---------------------------------------------------------------------------------
Applied set_property DONT_TOUCH = true for inst. (constraint file  E:/MyPYNQ/PL_CONV/PL_CONV.runs/system_mean_0_2_synth_1/dont_touch.xdc, line 9).
---------------------------------------------------------------------------------
Finished applying 'set_property' XDC Constraints : Time (s): cpu = 00:00:33 ; elapsed = 00:00:41 . Memory (MB): peak = 871.188 ; gain = 517.516
---------------------------------------------------------------------------------
INFO: [Synth 8-4490] FSM extraction disabled for register 'ap_CS_fsm_reg' through user attribute
INFO: [Synth 8-5546] ROM "exitcond1_fu_133_p2" won't be mapped to RAM because it is too sparse
INFO: [Synth 8-5546] ROM "exitcond_fu_149_p2" won't be mapped to RAM because it is too sparse
---------------------------------------------------------------------------------
Finished RTL Optimization Phase 2 : Time (s): cpu = 00:00:34 ; elapsed = 00:00:43 . Memory (MB): peak = 871.188 ; gain = 517.516
---------------------------------------------------------------------------------

Report RTL Partitions: 
+-+--------------+------------+----------+
| |RTL Partition |Replication |Instances |
+-+--------------+------------+----------+
+-+--------------+------------+----------+
---------------------------------------------------------------------------------
Start RTL Component Statistics 
---------------------------------------------------------------------------------
Detailed RTL Component Info : 
+---Adders : 
	   2 Input     32 Bit       Adders := 1     
	   2 Input     10 Bit       Adders := 2     
+---Registers : 
	               32 Bit    Registers := 4     
	               24 Bit    Registers := 1     
	               10 Bit    Registers := 4     
	                8 Bit    Registers := 1     
	                5 Bit    Registers := 1     
	                4 Bit    Registers := 8     
	                2 Bit    Registers := 14    
	                1 Bit    Registers := 44    
+---Muxes : 
	   2 Input     32 Bit        Muxes := 2     
	   2 Input      5 Bit        Muxes := 2     
	   2 Input      4 Bit        Muxes := 5     
	   3 Input      3 Bit        Muxes := 1     
	   2 Input      2 Bit        Muxes := 14    
	   4 Input      2 Bit        Muxes := 14    
	   2 Input      1 Bit        Muxes := 24    
---------------------------------------------------------------------------------
Finished RTL Component Statistics 
---------------------------------------------------------------------------------
---------------------------------------------------------------------------------
Start RTL Hierarchical Component Statistics 
---------------------------------------------------------------------------------
Hierarchical RTL Component report 
Module mean 
Detailed RTL Component Info : 
+---Adders : 
	   2 Input     32 Bit       Adders := 1     
	   2 Input     10 Bit       Adders := 2     
+---Registers : 
	               32 Bit    Registers := 4     
	               24 Bit    Registers := 1     
	               10 Bit    Registers := 4     
	                8 Bit    Registers := 1     
	                5 Bit    Registers := 1     
	                4 Bit    Registers := 8     
	                2 Bit    Registers := 14    
	                1 Bit    Registers := 44    
+---Muxes : 
	   2 Input     32 Bit        Muxes := 2     
	   2 Input      5 Bit        Muxes := 2     
	   2 Input      4 Bit        Muxes := 5     
	   3 Input      3 Bit        Muxes := 1     
	   2 Input      2 Bit        Muxes := 14    
	   4 Input      2 Bit        Muxes := 14    
	   2 Input      1 Bit        Muxes := 24    
---------------------------------------------------------------------------------
Finished RTL Hierarchical Component Statistics
---------------------------------------------------------------------------------
---------------------------------------------------------------------------------
Start Part Resource Summary
---------------------------------------------------------------------------------
Part Resources:
DSPs: 220 (col length:60)
BRAMs: 280 (col length: RAMB18 60 RAMB36 30)
---------------------------------------------------------------------------------
Finished Part Resource Summary
---------------------------------------------------------------------------------
---------------------------------------------------------------------------------
Start Cross Boundary and Area Optimization
---------------------------------------------------------------------------------
Warning: Parallel synthesis criteria is not met 
INFO: [Synth 8-5546] ROM "exitcond_fu_149_p2" won't be mapped to RAM because it is too sparse
INFO: [Synth 8-5546] ROM "exitcond1_fu_133_p2" won't be mapped to RAM because it is too sparse
INFO: [Synth 8-3886] merging instance 'inst/i_op_assign_cast_reg_209_reg[8]' (FD) to 'inst/i_op_assign_cast_reg_209_reg[9]'
INFO: [Synth 8-3886] merging instance 'inst/i_op_assign_cast_reg_209_reg[9]' (FD) to 'inst/i_op_assign_cast_reg_209_reg[10]'
INFO: [Synth 8-3886] merging instance 'inst/i_op_assign_cast_reg_209_reg[10]' (FD) to 'inst/i_op_assign_cast_reg_209_reg[11]'
INFO: [Synth 8-3886] merging instance 'inst/i_op_assign_cast_reg_209_reg[11]' (FD) to 'inst/i_op_assign_cast_reg_209_reg[12]'
INFO: [Synth 8-3886] merging instance 'inst/i_op_assign_cast_reg_209_reg[12]' (FD) to 'inst/i_op_assign_cast_reg_209_reg[13]'
INFO: [Synth 8-3886] merging instance 'inst/i_op_assign_cast_reg_209_reg[13]' (FD) to 'inst/i_op_assign_cast_reg_209_reg[14]'
INFO: [Synth 8-3886] merging instance 'inst/i_op_assign_cast_reg_209_reg[14]' (FD) to 'inst/i_op_assign_cast_reg_209_reg[15]'
INFO: [Synth 8-3886] merging instance 'inst/i_op_assign_cast_reg_209_reg[15]' (FD) to 'inst/i_op_assign_cast_reg_209_reg[16]'
INFO: [Synth 8-3886] merging instance 'inst/i_op_assign_cast_reg_209_reg[16]' (FD) to 'inst/i_op_assign_cast_reg_209_reg[17]'
INFO: [Synth 8-3886] merging instance 'inst/i_op_assign_cast_reg_209_reg[17]' (FD) to 'inst/i_op_assign_cast_reg_209_reg[18]'
INFO: [Synth 8-3886] merging instance 'inst/i_op_assign_cast_reg_209_reg[18]' (FD) to 'inst/i_op_assign_cast_reg_209_reg[19]'
INFO: [Synth 8-3886] merging instance 'inst/i_op_assign_cast_reg_209_reg[19]' (FD) to 'inst/i_op_assign_cast_reg_209_reg[20]'
INFO: [Synth 8-3886] merging instance 'inst/i_op_assign_cast_reg_209_reg[20]' (FD) to 'inst/i_op_assign_cast_reg_209_reg[21]'
INFO: [Synth 8-3886] merging instance 'inst/i_op_assign_cast_reg_209_reg[21]' (FD) to 'inst/i_op_assign_cast_reg_209_reg[22]'
INFO: [Synth 8-3886] merging instance 'inst/i_op_assign_cast_reg_209_reg[22]' (FD) to 'inst/i_op_assign_cast_reg_209_reg[23]'
INFO: [Synth 8-3886] merging instance 'inst/i_op_assign_cast_reg_209_reg[23]' (FD) to 'inst/i_op_assign_cast_reg_209_reg[24]'
INFO: [Synth 8-3886] merging instance 'inst/i_op_assign_cast_reg_209_reg[24]' (FD) to 'inst/i_op_assign_cast_reg_209_reg[25]'
INFO: [Synth 8-3886] merging instance 'inst/i_op_assign_cast_reg_209_reg[25]' (FD) to 'inst/i_op_assign_cast_reg_209_reg[26]'
INFO: [Synth 8-3886] merging instance 'inst/i_op_assign_cast_reg_209_reg[26]' (FD) to 'inst/i_op_assign_cast_reg_209_reg[27]'
INFO: [Synth 8-3886] merging instance 'inst/i_op_assign_cast_reg_209_reg[27]' (FD) to 'inst/i_op_assign_cast_reg_209_reg[28]'
INFO: [Synth 8-3886] merging instance 'inst/i_op_assign_cast_reg_209_reg[28]' (FD) to 'inst/i_op_assign_cast_reg_209_reg[29]'
INFO: [Synth 8-3886] merging instance 'inst/i_op_assign_cast_reg_209_reg[29]' (FD) to 'inst/i_op_assign_cast_reg_209_reg[30]'
INFO: [Synth 8-3886] merging instance 'inst/i_op_assign_cast_reg_209_reg[30]' (FD) to 'inst/i_op_assign_cast_reg_209_reg[31]'
INFO: [Synth 8-3333] propagating constant 0 across sequential element (inst/\i_op_assign_cast_reg_209_reg[31] )
---------------------------------------------------------------------------------
Finished Cross Boundary and Area Optimization : Time (s): cpu = 00:00:38 ; elapsed = 00:00:48 . Memory (MB): peak = 871.188 ; gain = 517.516
---------------------------------------------------------------------------------

Report RTL Partitions: 
+-+--------------+------------+----------+
| |RTL Partition |Replication |Instances |
+-+--------------+------------+----------+
+-+--------------+------------+----------+
---------------------------------------------------------------------------------
Start Applying XDC Timing Constraints
---------------------------------------------------------------------------------
---------------------------------------------------------------------------------
Finished Applying XDC Timing Constraints : Time (s): cpu = 00:01:00 ; elapsed = 00:01:14 . Memory (MB): peak = 871.188 ; gain = 517.516
---------------------------------------------------------------------------------
---------------------------------------------------------------------------------
Start Timing Optimization
---------------------------------------------------------------------------------
---------------------------------------------------------------------------------
Finished Timing Optimization : Time (s): cpu = 00:01:01 ; elapsed = 00:01:14 . Memory (MB): peak = 871.422 ; gain = 517.750
---------------------------------------------------------------------------------

Report RTL Partitions: 
+-+--------------+------------+----------+
| |RTL Partition |Replication |Instances |
+-+--------------+------------+----------+
+-+--------------+------------+----------+
---------------------------------------------------------------------------------
Start Technology Mapping
---------------------------------------------------------------------------------
---------------------------------------------------------------------------------
Finished Technology Mapping : Time (s): cpu = 00:01:01 ; elapsed = 00:01:14 . Memory (MB): peak = 875.531 ; gain = 521.859
---------------------------------------------------------------------------------

Report RTL Partitions: 
+-+--------------+------------+----------+
| |RTL Partition |Replication |Instances |
+-+--------------+------------+----------+
+-+--------------+------------+----------+
---------------------------------------------------------------------------------
Start IO Insertion
---------------------------------------------------------------------------------
---------------------------------------------------------------------------------
Start Flattening Before IO Insertion
---------------------------------------------------------------------------------
---------------------------------------------------------------------------------
Finished Flattening Before IO Insertion
---------------------------------------------------------------------------------
---------------------------------------------------------------------------------
Start Final Netlist Cleanup
---------------------------------------------------------------------------------
---------------------------------------------------------------------------------
Finished Final Netlist Cleanup
---------------------------------------------------------------------------------
---------------------------------------------------------------------------------
Finished IO Insertion : Time (s): cpu = 00:01:03 ; elapsed = 00:01:17 . Memory (MB): peak = 875.531 ; gain = 521.859
---------------------------------------------------------------------------------

Report Check Netlist: 
+------+------------------+-------+---------+-------+------------------+
|      |Item              |Errors |Warnings |Status |Description       |
+------+------------------+-------+---------+-------+------------------+
|1     |multi_driven_nets |      0|        0|Passed |Multi driven nets |
+------+------------------+-------+---------+-------+------------------+
---------------------------------------------------------------------------------
Start Renaming Generated Instances
---------------------------------------------------------------------------------
---------------------------------------------------------------------------------
Finished Renaming Generated Instances : Time (s): cpu = 00:01:03 ; elapsed = 00:01:17 . Memory (MB): peak = 875.531 ; gain = 521.859
---------------------------------------------------------------------------------

Report RTL Partitions: 
+-+--------------+------------+----------+
| |RTL Partition |Replication |Instances |
+-+--------------+------------+----------+
+-+--------------+------------+----------+
---------------------------------------------------------------------------------
Start Rebuilding User Hierarchy
---------------------------------------------------------------------------------
---------------------------------------------------------------------------------
Finished Rebuilding User Hierarchy : Time (s): cpu = 00:01:03 ; elapsed = 00:01:17 . Memory (MB): peak = 875.531 ; gain = 521.859
---------------------------------------------------------------------------------
---------------------------------------------------------------------------------
Start Renaming Generated Ports
---------------------------------------------------------------------------------
---------------------------------------------------------------------------------
Finished Renaming Generated Ports : Time (s): cpu = 00:01:03 ; elapsed = 00:01:17 . Memory (MB): peak = 875.531 ; gain = 521.859
---------------------------------------------------------------------------------
---------------------------------------------------------------------------------
Start Handling Custom Attributes
---------------------------------------------------------------------------------
---------------------------------------------------------------------------------
Finished Handling Custom Attributes : Time (s): cpu = 00:01:03 ; elapsed = 00:01:17 . Memory (MB): peak = 875.531 ; gain = 521.859
---------------------------------------------------------------------------------
---------------------------------------------------------------------------------
Start Renaming Generated Nets
---------------------------------------------------------------------------------
---------------------------------------------------------------------------------
Finished Renaming Generated Nets : Time (s): cpu = 00:01:03 ; elapsed = 00:01:17 . Memory (MB): peak = 875.531 ; gain = 521.859
---------------------------------------------------------------------------------
---------------------------------------------------------------------------------
Start Writing Synthesis Report
---------------------------------------------------------------------------------

Report BlackBoxes: 
+-+--------------+----------+
| |BlackBox name |Instances |
+-+--------------+----------+
+-+--------------+----------+

Report Cell Usage: 
+------+-------+------+
|      |Cell   |Count |
+------+-------+------+
|1     |CARRY4 |     8|
|2     |LUT1   |     3|
|3     |LUT2   |    11|
|4     |LUT3   |   131|
|5     |LUT4   |    18|
|6     |LUT5   |    44|
|7     |LUT6   |    27|
|8     |FDRE   |   284|
|9     |FDSE   |     1|
+------+-------+------+

Report Instance Areas: 
+------+---------+-------+------+
|      |Instance |Module |Cells |
+------+---------+-------+------+
|1     |top      |       |   527|
|2     |  inst   |mean   |   527|
+------+---------+-------+------+
---------------------------------------------------------------------------------
Finished Writing Synthesis Report : Time (s): cpu = 00:01:03 ; elapsed = 00:01:17 . Memory (MB): peak = 875.531 ; gain = 521.859
---------------------------------------------------------------------------------
Synthesis finished with 0 errors, 0 critical warnings and 0 warnings.
Synthesis Optimization Runtime : Time (s): cpu = 00:00:37 ; elapsed = 00:00:55 . Memory (MB): peak = 875.531 ; gain = 155.473
Synthesis Optimization Complete : Time (s): cpu = 00:01:04 ; elapsed = 00:01:17 . Memory (MB): peak = 875.531 ; gain = 521.859
INFO: [Project 1-571] Translating synthesized netlist
INFO: [Netlist 29-17] Analyzing 8 Unisim elements for replacement
INFO: [Netlist 29-28] Unisim Transformation completed in 0 CPU seconds
INFO: [Project 1-570] Preparing netlist for logic optimization
INFO: [Opt 31-138] Pushed 0 inverter(s) to 0 load pin(s).
INFO: [Project 1-111] Unisim Transformation Summary:
No Unisim elements were transformed.

INFO: [Common 17-83] Releasing license: Synthesis
45 Infos, 0 Warnings, 0 Critical Warnings and 0 Errors encountered.
synth_design completed successfully
synth_design: Time (s): cpu = 00:01:07 ; elapsed = 00:01:23 . Memory (MB): peak = 881.453 ; gain = 539.254
WARNING: [Constraints 18-5210] No constraint will be written out.
INFO: [Common 17-1381] The checkpoint 'E:/MyPYNQ/PL_CONV/PL_CONV.runs/system_mean_0_2_synth_1/system_mean_0_2.dcp' has been generated.
